0    0    0
0    1    0
0    2    0
0    3    0
0    4    0
0    5    0
0    6    0
0    7    0
0    8    0
0    9    0
0    10   0
0    11   0
0    12   0
1    0    0
1    1    0
1    2    0
1    3    0
1    4    0
1    5    0
1    6    0
1    7    0
1    8    0
1    9    0
1    10   0
1    11   0
1    12   0
2    0    0
2    1    0
2    2    0
2    3    0
2    4    0
2    5    0
2    6    0
2    7    0
2    8    0
2    9    0
2    10   0
2    11   0
2    12   0
3    0    0
3    1    0.627913
3    2    0.307649
3    3    0.608581
3    4    0.516651
3    5    0.210302
3    6    0.300419
3    7    0.496874
3    8    0.594253
3    9    0
3    10   0.603716
3    11   0.579791
3    12   0
4    0    0
4    1    0.782118
4    2    0.383202
4    3    0.758037
4    4    0.643531
4    5    0.261948
4    6    0.374197
4    7    0
4    8    0.74019
4    9    0
4    10   0
4    11   0
4    12   0
5    0    0
5    1    0
5    2    0
5    3    0
5    4    0
5    5    0
5    6    0
5    7    0
5    8    0
5    9    0
5    10   0
5    11   0
5    12   0
6    0    0
6    1    0
6    2    0
6    3    0
6    4    0
6    5    0
6    6    0
6    7    0
6    8    0
6    9    0
6    10   0
6    11   0
6    12   0
7    0    0
7    1    0.679464
7    2    0.332906
7    3    0.658544
7    4    0.559067
7    5    0.227567
7    6    0.325083
7    7    0.537667
7    8    0.64304
7    9    0
7    10   0.65328
7    11   0.627391
7    12   0
8    0    0
8    1    0.627913
8    2    0.307649
8    3    0.608581
8    4    0.516651
8    5    0.210302
8    6    0.300419
8    7    0.496874
8    8    0.594253
8    9    0
8    10   0.603716
8    11   0.579791
8    12   0
9    0    0
9    1    0.71823
9    2    0.3519
9    3    0.696117
9    4    0.590964
9    5    0.240551
9    6    0.343631
9    7    0
9    8    0.679728
9    9    0
9    10   0
9    11   0
9    12   0
10   0    0
10   1    0.851469
10   2    0.417181
10   3    0.825254
10   4    0.700594
10   5    0.285176
10   6    0.407378
10   7    0
10   8    0
10   9    0
10   10   0
10   11   0
10   12   0
11   0    0
11   1    0.871896
11   2    0.427189
11   3    0.845052
11   4    0.717402
11   5    0.292017
11   6    0.417151
11   7    0
11   8    0.502268
11   9    0
11   10   0
11   11   0
11   12   0
12   0    0.915736
12   1    0.709477
12   2    0.347611
12   3    0.687633
12   4    0.583762
12   5    0.237619
12   6    0.339443
12   7    0
12   8    0
12   9    0
12   10   0
12   11   0
12   12   0
13   0    0
13   1    0
13   2    0
13   3    0
13   4    0
13   5    0
13   6    0
13   7    0
13   8    0
13   9    0
13   10   0
13   11   0
13   12   0
