0    0    0
0    1    0
0    2    0
0    3    0
0    4    0
0    5    0
0    6    0
0    7    0
0    8    0
0    9    0
0    10   0
0    11   0
0    12   0
1    0    0
1    1    0
1    2    0
1    3    0
1    4    0
1    5    0
1    6    0
1    7    0
1    8    0
1    9    0
1    10   0
1    11   0
1    12   0
2    0    0
2    1    0
2    2    0
2    3    0
2    4    0
2    5    0
2    6    0
2    7    0
2    8    0
2    9    0
2    10   0
2    11   0
2    12   0
3    0    0
3    1    0.623068
3    2    0.228305
3    3    0.592446
3    4    0.456753
3    5    0.321206
3    6    0.216374
3    7    0.653423
3    8    0.661139
3    9    0
3    10   0.614969
3    11   0.545442
3    12   0
4    0    0
4    1    0.673712
4    2    0.246862
4    3    0.640601
4    4    0.493879
4    5    0.347314
4    6    0.233961
4    7    0
4    8    0.714878
4    9    0
4    10   0
4    11   0
4    12   0
5    0    0
5    1    0
5    2    0
5    3    0
5    4    0
5    5    0
5    6    0
5    7    0
5    8    0
5    9    0
5    10   0
5    11   0
5    12   0
6    0    0
6    1    0
6    2    0
6    3    0
6    4    0
6    5    0
6    6    0
6    7    0
6    8    0
6    9    0
6    10   0
6    11   0
6    12   0
7    0    0
7    1    0.510845
7    2    0.187184
7    3    0.485739
7    4    0.374486
7    5    0.263352
7    6    0.177402
7    7    0.535733
7    8    0.542059
7    9    0
7    10   0.504205
7    11   0.447201
7    12   0
8    0    0
8    1    0.623068
8    2    0.228305
8    3    0.592446
8    4    0.456753
8    5    0.321206
8    6    0.216374
8    7    0.653423
8    8    0.661139
8    9    0
8    10   0.614969
8    11   0.545442
8    12   0
9    0    0
9    1    0.504838
9    2    0.184983
9    3    0.480027
9    4    0.370083
9    5    0.260256
9    6    0.175316
9    7    0
9    8    0.535686
9    9    0
9    10   0
9    11   0
9    12   0
10   0    0
10   1    0.839043
10   2    0.307443
10   3    0.797806
10   4    0.615078
10   5    0.432546
10   6    0.291375
10   7    0
10   8    0
10   9    0
10   10   0
10   11   0
10   12   0
11   0    0
11   1    0.87115
11   2    0.319208
11   3    0.828336
11   4    0.638615
11   5    0.449098
11   6    0.302526
11   7    0
11   8    0.422493
11   9    0
11   10   0
11   11   0
11   12   0
12   0    0.876195
12   1    0.744417
12   2    0.27277
12   3    0.707832
12   4    0.545711
12   5    0.383764
12   6    0.258515
12   7    0
12   8    0
12   9    0
12   10   0
12   11   0
12   12   0
13   0    0
13   1    0
13   2    0
13   3    0
13   4    0
13   5    0
13   6    0
13   7    0
13   8    0
13   9    0
13   10   0
13   11   0
13   12   0
