0    0    0
0    1    0
0    2    0
0    3    0
0    4    0
0    5    0
0    6    0
0    7    0
0    8    0
0    9    0
0    10   0
0    11   0
0    12   0
1    0    0
1    1    0
1    2    0
1    3    0
1    4    0
1    5    0
1    6    0
1    7    0
1    8    0
1    9    0
1    10   0
1    11   0
1    12   0
2    0    0
2    1    0
2    2    0
2    3    0
2    4    0
2    5    0
2    6    0
2    7    0
2    8    0
2    9    0
2    10   0
2    11   0
2    12   0
3    0    0
3    1    0.615503
3    2    0.280451
3    3    0.628882
3    4    0.492009
3    5    0.217134
3    6    0.267984
3    7    0.57705
3    8    0.572505
3    9    0
3    10   0.561019
3    11   0.600859
3    12   0
4    0    0
4    1    0.693251
4    2    0.315876
4    3    0.708319
4    4    0.554158
4    5    0.244561
4    6    0.301835
4    7    0
4    8    0.644822
4    9    0
4    10   0
4    11   0
4    12   0
5    0    0
5    1    0
5    2    0
5    3    0
5    4    0
5    5    0
5    6    0
5    7    0
5    8    0
5    9    0
5    10   0
5    11   0
5    12   0
6    0    0
6    1    0
6    2    0
6    3    0
6    4    0
6    5    0
6    6    0
6    7    0
6    8    0
6    9    0
6    10   0
6    11   0
6    12   0
7    0    0
7    1    0.647265
7    2    0.294923
7    3    0.661334
7    4    0.517398
7    5    0.228339
7    6    0.281813
7    7    0.606827
7    8    0.602048
7    9    0
7    10   0.58997
7    11   0.631865
7    12   0
8    0    0
8    1    0.615503
8    2    0.280451
8    3    0.628882
8    4    0.492009
8    5    0.217134
8    6    0.267984
8    7    0.57705
8    8    0.572505
8    9    0
8    10   0.561019
8    11   0.600859
8    12   0
9    0    0
9    1    0.658999
9    2    0.30027
9    3    0.673323
9    4    0.526778
9    5    0.232478
9    6    0.286922
9    7    0
9    8    0.612963
9    9    0
9    10   0
9    11   0
9    12   0
10   0    0
10   1    0.827913
10   2    0.377234
10   3    0.845908
10   4    0.661801
10   5    0.292066
10   6    0.360465
10   7    0
10   8    0
10   9    0
10   10   0
10   11   0
10   12   0
11   0    0
11   1    0.871798
11   2    0.39723
11   3    0.890747
11   4    0.696881
11   5    0.307548
11   6    0.379572
11   7    0
11   8    0.431782
11   9    0
11   10   0
11   11   0
11   12   0
12   0    0.982127
12   1    0.85707
12   2    0.39052
12   3    0.875699
12   4    0.685108
12   5    0.302352
12   6    0.37316
12   7    0
12   8    0
12   9    0
12   10   0
12   11   0
12   12   0
13   0    0
13   1    0
13   2    0
13   3    0
13   4    0
13   5    0
13   6    0
13   7    0
13   8    0
13   9    0
13   10   0
13   11   0
13   12   0
