0    0    0
0    1    0
0    2    0
0    3    0
0    4    0
0    5    0
0    6    0
0    7    0
0    8    0
0    9    0
0    10   0
0    11   0
0    12   0
1    0    0
1    1    0
1    2    0
1    3    0
1    4    0
1    5    0
1    6    0
1    7    0
1    8    0
1    9    0
1    10   0
1    11   0
1    12   0
2    0    0
2    1    0
2    2    0
2    3    0
2    4    0
2    5    0
2    6    0
2    7    0
2    8    0
2    9    0
2    10   0
2    11   0
2    12   0
3    0    0
3    1    0.222985
3    2    0.170074
3    3    0.132181
3    4    0.162305
3    5    0.10773
3    6    0.0879956
3    7    0.363667
3    8    0.262325
3    9    0
3    10   0.420279
3    11   0.291617
3    12   0
4    0    0
4    1    0.492635
4    2    0.375741
4    3    0.292024
4    4    0.358577
4    5    0.238007
4    6    0.194407
4    7    0
4    8    0.579548
4    9    0
4    10   0
4    11   0
4    12   0
5    0    0
5    1    0
5    2    0
5    3    0
5    4    0
5    5    0
5    6    0
5    7    0
5    8    0
5    9    0
5    10   0
5    11   0
5    12   0
6    0    0
6    1    0
6    2    0
6    3    0
6    4    0
6    5    0
6    6    0
6    7    0
6    8    0
6    9    0
6    10   0
6    11   0
6    12   0
7    0    0
7    1    0.193278
7    2    0.147416
7    3    0.114571
7    4    0.140682
7    5    0.0933783
7    6    0.0762725
7    7    0.315218
7    8    0.227377
7    9    0
7    10   0.364288
7    11   0.252767
7    12   0
8    0    0
8    1    0.222985
8    2    0.170074
8    3    0.132181
8    4    0.162305
8    5    0.10773
8    6    0.0879956
8    7    0.363667
8    8    0.262325
8    9    0
8    10   0.420279
8    11   0.291617
8    12   0
9    0    0
9    1    0.448892
9    2    0.342377
9    3    0.266094
9    4    0.326737
9    5    0.216873
9    6    0.177144
9    7    0
9    8    0.528087
9    9    0
9    10   0
9    11   0
9    12   0
10   0    0
10   1    0.778347
10   2    0.593657
10   3    0.461387
10   4    0.566539
10   5    0.376042
10   6    0.307156
10   7    0
10   8    0
10   9    0
10   10   0
10   11   0
10   12   0
11   0    0
11   1    0.823854
11   2    0.628366
11   3    0.488363
11   4    0.599663
11   5    0.398028
11   6    0.325114
11   7    0
11   8    0.181004
11   9    0
11   10   0
11   11   0
11   12   0
12   0    0.688708
12   1    0.531317
12   2    0.405244
12   3    0.314953
12   4    0.386732
12   5    0.256695
12   6    0.209671
12   7    0
12   8    0
12   9    0
12   10   0
12   11   0
12   12   0
13   0    0
13   1    0
13   2    0
13   3    0
13   4    0
13   5    0
13   6    0
13   7    0
13   8    0
13   9    0
13   10   0
13   11   0
13   12   0
