0    0    0
0    1    0
0    2    0
0    3    0
0    4    0
0    5    0
0    6    0
0    7    0
0    8    0
0    9    0
0    10   0
0    11   0
0    12   0
1    0    0
1    1    0
1    2    0
1    3    0
1    4    0
1    5    0
1    6    0
1    7    0
1    8    0
1    9    0
1    10   0
1    11   0
1    12   0
2    0    0
2    1    0
2    2    0
2    3    0
2    4    0
2    5    0
2    6    0
2    7    0
2    8    0
2    9    0
2    10   0
2    11   0
2    12   0
3    0    0
3    1    0.329253
3    2    0.156917
3    3    0.252889
3    4    0.206206
3    5    0.180579
3    6    0.0854739
3    7    0.431862
3    8    0.505975
3    9    0
3    10   0.479537
3    11   0.368969
3    12   0
4    0    0
4    1    0.436005
4    2    0.207794
4    3    0.334882
4    4    0.273063
4    5    0.239128
4    6    0.113187
4    7    0
4    8    0.670024
4    9    0
4    10   0
4    11   0
4    12   0
5    0    0
5    1    0
5    2    0
5    3    0
5    4    0
5    5    0
5    6    0
5    7    0
5    8    0
5    9    0
5    10   0
5    11   0
5    12   0
6    0    0
6    1    0
6    2    0
6    3    0
6    4    0
6    5    0
6    6    0
6    7    0
6    8    0
6    9    0
6    10   0
6    11   0
6    12   0
7    0    0
7    1    0.281714
7    2    0.134261
7    3    0.216375
7    4    0.176433
7    5    0.154506
7    6    0.0731328
7    7    0.369508
7    8    0.432919
7    9    0
7    10   0.410299
7    11   0.315695
7    12   0
8    0    0
8    1    0.329253
8    2    0.156917
8    3    0.252889
8    4    0.206206
8    5    0.180579
8    6    0.0854739
8    7    0.431862
8    8    0.505975
8    9    0
8    10   0.479537
8    11   0.368969
8    12   0
9    0    0
9    1    0.424687
9    2    0.2024
9    3    0.326189
9    4    0.265975
9    5    0.23292
9    6    0.110249
9    7    0
9    8    0.652632
9    9    0
9    10   0
9    11   0
9    12   0
10   0    0
10   1    0.793845
10   2    0.378335
10   3    0.609727
10   4    0.497173
10   5    0.435386
10   6    0.206082
10   7    0
10   8    0
10   9    0
10   10   0
10   11   0
10   12   0
11   0    0
11   1    0.883858
11   2    0.421233
11   3    0.678863
11   4    0.553546
11   5    0.484753
11   6    0.229449
11   7    0
11   8    0.395295
11   9    0
11   10   0
11   11   0
11   12   0
12   0    0.884637
12   1    0.704985
12   2    0.335985
12   3    0.541476
12   4    0.441521
12   5    0.38665
12   6    0.183014
12   7    0
12   8    0
12   9    0
12   10   0
12   11   0
12   12   0
13   0    0
13   1    0
13   2    0
13   3    0
13   4    0
13   5    0
13   6    0
13   7    0
13   8    0
13   9    0
13   10   0
13   11   0
13   12   0
