0    0    0
0    1    0.781211
0    2    0.388712
0    3    0
0    4    0.624436
0    5    0.410993
0    6    0.371885
0    7    0
0    8    0
0    9    0
0    10   0
0    11   0
0    12   0
1    0    0
1    1    0.843921
1    2    0.419915
1    3    0
1    4    0.674561
1    5    0.443985
1    6    0.401737
1    7    0
1    8    0
1    9    0
1    10   0
1    11   0
1    12   0
2    0    0
2    1    0.691011
2    2    0.343831
2    3    0
2    4    0.552337
2    5    0.529198
2    6    0.328947
2    7    0
2    8    0
2    9    0
2    10   0
2    11   0
2    12   0
3    0    0
3    1    0
3    2    0
3    3    0
3    4    0
3    5    0
3    6    0
3    7    0
3    8    0.954167
3    9    0
3    10   0
3    11   0
3    12   0
4    0    0
4    1    0.608782
4    2    0.302916
4    3    0.72394
4    4    0.486611
4    5    0.320279
4    6    0.289803
4    7    0
4    8    0
4    9    0
4    10   0
4    11   0
4    12   0
5    0    0
5    1    0
5    2    0
5    3    0
5    4    0
5    5    0
5    6    0
5    7    0
5    8    0
5    9    0
5    10   0
5    11   0
5    12   0
6    0    0
6    1    0
6    2    0
6    3    0
6    4    0
6    5    0
6    6    0
6    7    0
6    8    0
6    9    0
6    10   0
6    11   0
6    12   0
7    0    0
7    1    0
7    2    0
7    3    0
7    4    0
7    5    0
7    6    0
7    7    0
7    8    0
7    9    0
7    10   0
7    11   0
7    12   0
8    0    0
8    1    0
8    2    0
8    3    0
8    4    0
8    5    0
8    6    0
8    7    0
8    8    0.954167
8    9    0
8    10   0
8    11   0
8    12   0
9    0    0
9    1    0.84981
9    2    0.422846
9    3    0
9    4    0.679268
9    5    0.447083
9    6    0.404541
9    7    0
9    8    0
9    9    0
9    10   0
9    11   0
9    12   0
10   0    0
10   1    0
10   2    0
10   3    0
10   4    0
10   5    0
10   6    0
10   7    0
10   8    0
10   9    0
10   10   0
10   11   0
10   12   0
11   0    0.9965
11   1    0.753994
11   2    0.37517
11   3    0
11   4    0.602681
11   5    0.396674
11   6    0.358929
11   7    0
11   8    0.857322
11   9    0
11   10   0.806667
11   11   0
11   12   0
12   0    0
12   1    0.701866
12   2    0.349232
12   3    0
12   4    0.561014
12   5    0.36925
12   6    0.334114
12   7    0
12   8    0
12   9    0
12   10   0
12   11   0
12   12   0
13   0    0
13   1    0
13   2    0
13   3    0.929071
13   4    0
13   5    0
13   6    0
13   7    0
13   8    0
13   9    0
13   10   0
13   11   0
13   12   0
