0    0    0
0    1    0
0    2    0
0    3    0
0    4    0
0    5    0
0    6    0
0    7    0
0    8    0
0    9    0
0    10   0
0    11   0
0    12   0
1    0    0
1    1    0
1    2    0
1    3    0
1    4    0
1    5    0
1    6    0
1    7    0
1    8    0
1    9    0
1    10   0
1    11   0
1    12   0
2    0    0
2    1    0
2    2    0
2    3    0
2    4    0
2    5    0
2    6    0
2    7    0
2    8    0
2    9    0
2    10   0
2    11   0
2    12   0
3    0    0
3    1    0.777889
3    2    0.387059
3    3    0.744616
3    4    0.621781
3    5    0
3    6    0.370304
3    7    0.562156
3    8    0.652373
3    9    0
3    10   0.608365
3    11   0.601951
3    12   0
4    0    0
4    1    0.902029
4    2    0.448829
4    3    0.863447
4    4    0.721008
4    5    0
4    6    0.429399
4    7    0
4    8    0.756482
4    9    0
4    10   0
4    11   0
4    12   0
5    0    0
5    1    0
5    2    0
5    3    0
5    4    0
5    5    0
5    6    0
5    7    0
5    8    0
5    9    0
5    10   0
5    11   0
5    12   0
6    0    0
6    1    0
6    2    0
6    3    0
6    4    0
6    5    0
6    6    0
6    7    0
6    8    0
6    9    0
6    10   0
6    11   0
6    12   0
7    0    0
7    1    0.81766
7    2    0.406849
7    3    0.782687
7    4    0.653571
7    5    0
7    6    0.389236
7    7    0.590897
7    8    0.685727
7    9    0
7    10   0.639469
7    11   0.632728
7    12   0
8    0    0
8    1    0.777889
8    2    0.387059
8    3    0.744616
8    4    0.621781
8    5    0
8    6    0.370304
8    7    0.562156
8    8    0.652373
8    9    0
8    10   0.608365
8    11   0.601951
8    12   0
9    0    0
9    1    0.82071
9    2    0.408366
9    3    0.785606
9    4    0.656008
9    5    0
9    6    0.390688
9    7    0
9    8    0.688284
9    9    0
9    10   0
9    11   0
9    12   0
10   0    0
10   1    0.925716
10   2    0.460615
10   3    0
10   4    0.739942
10   5    0
10   6    0.440675
10   7    0
10   8    0
10   9    0
10   10   0
10   11   0
10   12   0
11   0    0
11   1    0.921692
11   2    0.458613
11   3    0.616491
11   4    0.736725
11   5    0
11   6    0.438759
11   7    0
11   8    0.54012
11   9    0
11   10   0
11   11   0
11   12   0
12   0    0.94
12   1    0.798821
12   2    0.397475
12   3    0
12   4    0.638512
12   5    0
12   6    0.380268
12   7    0
12   8    0
12   9    0
12   10   0
12   11   0
12   12   0
13   0    0
13   1    0.849728
13   2    0.422805
13   3    0.813383
13   4    0.679203
13   5    0
13   6    0.404502
13   7    0
13   8    0.71262
13   9    0
13   10   0
13   11   0
13   12   0
