0    0    0
0    1    0.779648
0    2    0.387935
0    3    0.74425
0    4    0.623187
0    5    0
0    6    0.371141
0    7    0
0    8    0
0    9    0
0    10   0
0    11   0
0    12   0
1    0    0
1    1    0
1    2    0
1    3    0
1    4    0
1    5    0
1    6    0
1    7    0
1    8    0
1    9    0
1    10   0
1    11   0
1    12   0
2    0    0
2    1    0.737073
2    2    0.36675
2    3    0.703608
2    4    0.589156
2    5    0
2    6    0.350874
2    7    0
2    8    0
2    9    0
2    10   0
2    11   0
2    12   0
3    0    0
3    1    0
3    2    0
3    3    0
3    4    0
3    5    0
3    6    0
3    7    0
3    8    0
3    9    0
3    10   0
3    11   0
3    12   0
4    0    0
4    1    0.90228
4    2    0.448954
4    3    0.861315
4    4    0.721209
4    5    0
4    6    0.429519
4    7    0
4    8    0
4    9    0
4    10   0
4    11   0
4    12   0
5    0    0
5    1    0
5    2    0
5    3    0
5    4    0
5    5    0
5    6    0
5    7    0
5    8    0
5    9    0
5    10   0
5    11   0
5    12   0
6    0    0
6    1    0
6    2    0
6    3    0
6    4    0
6    5    0
6    6    0
6    7    0
6    8    0
6    9    0
6    10   0
6    11   0
6    12   0
7    0    0.767748
7    1    0.707774
7    2    0.352172
7    3    0.675639
7    4    0.565736
7    5    0.66239
7    6    0.336926
7    7    0.676974
7    8    0.748717
7    9    0
7    10   0
7    11   0
7    12   0
8    0    0
8    1    0
8    2    0
8    3    0
8    4    0
8    5    0
8    6    0
8    7    0
8    8    0
8    9    0
8    10   0
8    11   0
8    12   0
9    0    0
9    1    0.82297
9    2    0.409491
9    3    0.785606
9    4    0.657815
9    5    0
9    6    0.391764
9    7    0
9    8    0
9    9    0
9    10   0
9    11   0
9    12   0
10   0    0
10   1    0
10   2    0
10   3    0
10   4    0
10   5    0
10   6    0
10   7    0
10   8    0.895667
10   9    0
10   10   0
10   11   0
10   12   0
11   0    0
11   1    0
11   2    0
11   3    0
11   4    0
11   5    0
11   6    0
11   7    0
11   8    0
11   9    0
11   10   0
11   11   0
11   12   0
12   0    0
12   1    0.829541
12   2    0.41276
12   3    0.791878
12   4    0.663067
12   5    0
12   6    0.394892
12   7    0
12   8    0
12   9    0
12   10   0
12   11   0
12   12   0
13   0    0
13   1    0
13   2    0
13   3    0
13   4    0
13   5    0
13   6    0
13   7    0
13   8    0
13   9    0
13   10   0
13   11   0.949
13   12   0
