#s   t    P_ref      d=0.05                d=0.1                 d=0.15                d=0.2                 d=0.25                d=0.3                 d=0.35                d=0.4                 d=0.45                d=0.5                 
3    1    0.750733   0.0                   0.02715600000000007   -0.014351000000000003 0.06921100000000002   -0.07267999999999997  -0.750733             -0.750733             -0.750733             -0.750733             -0.750733             
3    2    0.373547   0.0                   0.013511999999999968  -0.00714100000000000850.03443799999999997   -0.036163             -0.373547             -0.373547             -0.373547             -0.373547             -0.373547             
3    3    0.716648   0.0                   0.027967999999999993  -0.011762999999999968 -0.716648             -0.06801799999999991  -0.716648             -0.716648             -0.716648             -0.716648             -0.716648             
3    4    0.600074   0.0                   0.021707000000000032  -0.011471000000000009 0.05532199999999998   -0.05809399999999998  -0.600074             -0.600074             -0.600074             -0.600074             -0.600074             
3    5    0.267898   0.0                   -0.267898             -0.267898             -0.267898             -0.267898             -0.267898             -0.267898             -0.267898             -0.267898             0.52406               
3    6    0.357376   0.0                   0.012927999999999995  -0.00683100000000003150.03294699999999995   -0.03459800000000002  -0.357376             -0.357376             -0.357376             -0.357376             -0.357376             
3    7    0.562156   0.0                   0.0                   0.0                   -0.562156             -0.562156             -0.562156             -0.562156             -0.562156             -0.562156             -0.562156             
3    8    0.652373   0.0                   0.0                   -0.03481000000000001  -0.652373             -0.17492399999999997  -0.652373             -0.652373             -0.652373             0.301794              0.14698               
3    10   0.608365   0.0                   0.0                   0.0                   -0.608365             -0.608365             -0.608365             -0.608365             -0.608365             -0.608365             0.16132899999999994   
3    11   0.601951   0.0                   0.0                   0.0                   0.0                   -0.601951             -0.601951             -0.601951             -0.601951             -0.601951             -0.601951             
4    1    0.87054    0.0                   0.03148899999999999   0.03148899999999999   0.03207400000000005   0.03207400000000005   0.03231200000000001   0.03173999999999999   -0.87054              -0.26175799999999994  -0.87054              
4    2    0.43316    0.0                   0.01566899999999999   0.01566899999999999   0.01596000000000003   0.01596000000000003   0.016078000000000037  0.01579400000000003   -0.43316              -0.13024399999999997  -0.43316              
4    3    0.831015   0.0                   0.032432000000000016  0.032432000000000016  0.032432000000000016  0.032432000000000016  0.03084600000000004   0.030300000000000105  -0.831015             -0.10707499999999992  -0.831015             
4    4    0.695838   0.0                   0.025170000000000026  0.025170000000000026  0.02563800000000005   0.02563800000000005   0.025828000000000073  0.025371000000000032  -0.695838             -0.20922699999999994  -0.695838             
4    5    0.31065    0.0                   -0.31065              -0.31065              -0.31065              -0.31065              -0.31065              -0.31065              -0.31065              0.009628999999999999  -0.31065              
4    6    0.414409   0.0                   0.014989999999999948  0.014989999999999948  0.015267999999999948  0.015267999999999948  0.015381999999999951  0.015109999999999957  -0.414409             -0.12460600000000005  -0.414409             
4    8    0.756482   0.0                   0.0                   0.0                   -0.756482             -0.12090899999999993  -0.12074099999999999  -0.756482             -0.756482             -0.756482             0.10084000000000004   
7    1    0.789116   0.0                   0.028544000000000014  -0.015085000000000015 0.07274899999999995   0.07933099999999993   0.07936199999999993   -0.08134200000000003  -0.789116             -0.789116             -0.789116             
7    2    0.392646   0.0                   0.014203000000000021  -0.007506000000000013 0.03619800000000001   0.03947299999999998   0.03948800000000002   -0.04047400000000001  -0.392646             -0.392646             -0.392646             
7    3    0.753288   0.0                   0.029399000000000064  -0.01236499999999996  -0.753288             0.03784799999999999   0.07575900000000002   -0.07764899999999997  0.20976800000000007   -0.753288             -0.753288             
7    4    0.630755   0.0                   0.02281600000000006   -0.012057999999999902 0.058149000000000006  0.06341000000000008   0.06343500000000002   -0.06501899999999994  -0.630755             -0.630755             -0.630755             
7    5    0.281594   0.0                   -0.281594             -0.281594             -0.281594             -0.281594             -0.281594             0.380796              -0.281594             -0.281594             -0.281594             
7    6    0.375648   0.0                   0.013588000000000044  -0.007180999999999993 0.03463100000000002   0.03776499999999999   0.03777900000000001   -0.03872199999999998  -0.375648             -0.375648             -0.375648             
7    7    0.590897   0.0                   0.0                   0.0                   -0.590897             -0.590897             0.23139299999999996   0.08607699999999996   -0.590897             -0.590897             -0.590897             
7    8    0.685727   0.0                   0.0                   -0.03659000000000001  -0.685727             -0.07421199999999994  -0.07419100000000001  0.06298999999999999   -0.685727             -0.685727             -0.685727             
7    10   0.639469   0.0                   0.0                   0.0                   -0.639469             -0.639469             -0.639469             -0.639469             -0.639469             -0.639469             -0.639469             
7    11   0.632728   0.0                   0.0                   0.0                   0.0                   -0.632728             -0.632728             -0.632728             -0.632728             -0.632728             -0.632728             
8    1    0.750733   0.0                   0.02715600000000007   -0.014351000000000003 0.06921100000000002   -0.07267999999999997  -0.750733             -0.750733             -0.750733             -0.750733             -0.750733             
8    2    0.373547   0.0                   0.013511999999999968  -0.00714100000000000850.03443799999999997   -0.036163             -0.373547             -0.373547             -0.373547             -0.373547             -0.373547             
8    3    0.716648   0.0                   0.027967999999999993  -0.011762999999999968 -0.716648             -0.06801799999999991  -0.716648             -0.716648             -0.716648             -0.716648             -0.716648             
8    4    0.600074   0.0                   0.021707000000000032  -0.011471000000000009 0.05532199999999998   -0.05809399999999998  -0.600074             -0.600074             -0.600074             -0.600074             -0.600074             
8    5    0.267898   0.0                   -0.267898             -0.267898             -0.267898             -0.267898             -0.267898             -0.267898             -0.267898             -0.267898             0.52406               
8    6    0.357376   0.0                   0.012927999999999995  -0.00683100000000003150.03294699999999995   -0.03459800000000002  -0.357376             -0.357376             -0.357376             -0.357376             -0.357376             
8    7    0.562156   0.0                   0.0                   0.0                   -0.562156             -0.562156             -0.562156             -0.562156             -0.562156             -0.562156             -0.562156             
8    8    0.652373   0.0                   0.0                   -0.03481000000000001  -0.652373             -0.17492399999999997  -0.652373             -0.652373             -0.652373             0.301794              0.14698               
8    10   0.608365   0.0                   0.0                   0.0                   -0.608365             -0.608365             -0.608365             -0.608365             -0.608365             -0.608365             0.16132899999999994   
8    11   0.601951   0.0                   0.0                   0.0                   0.0                   -0.601951             -0.601951             -0.601951             -0.601951             -0.601951             -0.601951             
9    1    0.792059   0.0                   0.028651000000000093  0.028651000000000093  0.02918300000000007   0.030911000000000022  0.030911000000000022  0.030911000000000022  -0.792059             0.057751              -0.09019299999999997  
9    2    0.39411    0.0                   0.014255999999999991  0.014255999999999991  0.014521000000000006  0.015380999999999978  0.015380999999999978  0.015380999999999978  -0.39411              0.028735999999999984  -0.04487800000000003  
9    3    0.756098   0.0                   0.02950799999999998   0.02950799999999998   0.02950799999999998   -0.07451800000000008  0.02950799999999998   0.02950799999999998   -0.756098             -0.756098             -0.16406700000000007  
9    4    0.633107   0.0                   0.02290100000000006   0.02290100000000006   0.023326999999999987  0.024708000000000063  0.024708000000000063  0.024708000000000063  -0.633107             0.04616100000000001   -0.13585599999999998  
9    5    0.282645   0.0                   -0.282645             -0.282645             -0.282645             -0.282645             -0.282645             -0.282645             -0.282645             0.16443800000000003   0.211806              
9    6    0.377049   0.0                   0.013638999999999957  0.013638999999999957  0.01389199999999996   0.014714999999999978  0.014714999999999978  0.014714999999999978  -0.377049             0.02749199999999996   -0.377049             
9    8    0.688284   0.0                   0.0                   0.0                   -0.688284             -0.108792             -0.108792             -0.688284             -0.688284             -0.688284             -0.189216             
10   1    0.925716   0.0                   0.0                   0.0                   -0.925716             -0.925716             -0.925716             -0.925716             -0.925716             -0.925716             -0.925716             
10   2    0.460615   0.0                   0.0                   0.0                   -0.460615             -0.460615             -0.460615             -0.460615             -0.460615             -0.460615             -0.460615             
10   3    0.883687   0.0                   -0.883687             -0.883687             -0.883687             -0.883687             -0.883687             -0.883687             -0.883687             -0.883687             -0.883687             
10   4    0.739942   0.0                   0.0                   0.0                   -0.739942             -0.739942             -0.739942             -0.739942             -0.739942             -0.739942             -0.739942             
10   5    0.33034    0.0                   -0.33034              -0.33034              -0.33034              -0.33034              -0.33034              -0.33034              -0.33034              -0.33034              -0.33034              
10   6    0.440675   0.0                   0.0                   0.0                   -0.440675             -0.440675             -0.440675             -0.440675             -0.440675             -0.440675             -0.440675             
11   1    0.921672   0.0                   1.999999999990898e-05 -0.023924000000000056 -0.02392100000000008  -0.02392100000000008  -0.1729440000000001   -0.921672             -0.07186200000000009  -0.167678             -0.167678             
11   2    0.458602   0.0                   1.0999999999983245e-05-0.011902999999999997 -0.011902000000000024 -0.011902000000000024 -0.08605299999999999  -0.458602             -0.03575600000000001  -0.083432             -0.083432             
11   3    0.879826   0.0                   -0.263335             -0.263335             -0.263335             -0.06118000000000001  -0.16509200000000002  -0.879826             -0.879826             -0.879826             -0.24382400000000004  
11   4    0.736709   0.0                   1.6000000000016e-05   -0.019123             -0.019120999999999944 -0.019120999999999944 -0.13823799999999997  -0.736709             -0.057440999999999964 -0.13402799999999992  -0.2025269999999999   
11   5    0.328897   0.0                   -0.328897             -0.328897             -0.328897             -0.328897             -0.328897             -0.328897             -0.328897             0.06777700000000003   0.49124199999999996   
11   6    0.438749   0.0                   1.0000000000010001e-05-0.01138800000000001  -0.01138699999999998  -0.01138699999999998  -0.08232699999999998  -0.438749             -0.034208000000000016 -0.07982              -0.438749             
11   8    0.54012    0.0                   0.0                   0.0                   -0.54012              0.09202899999999992   -0.012905000000000055 -0.54012              0.09055899999999995   0.317202              0.28767699999999996   
12   0    0.94       0.0                   0.0                   -0.94                 -0.94                 -0.94                 -0.94                 -0.94                 -0.94                 -0.94                 -0.94                 
12   1    0.798821   0.0                   0.0                   -0.798821             -0.798821             -0.798821             -0.798821             0.03071999999999997   -0.798821             -0.09695500000000001  0.05098899999999995   
12   2    0.397475   0.0                   0.0                   -0.397475             -0.397475             -0.397475             -0.397475             0.015284999999999993  -0.397475             -0.048243000000000036 0.025370999999999977  
12   3    0.762553   0.0                   -0.762553             -0.762553             -0.762553             -0.762553             -0.762553             0.029324999999999934  -0.762553             -0.762553             -0.04572900000000002  
12   4    0.638512   0.0                   0.0                   -0.638512             -0.638512             -0.638512             -0.638512             0.024554999999999993  -0.638512             -0.07749799999999996  -0.03644700000000001  
12   5    0.285058   0.0                   -0.285058             -0.285058             -0.285058             -0.285058             -0.285058             -0.285058             -0.285058             0.08419200000000004   0.313617              
12   6    0.380268   0.0                   0.0                   -0.380268             -0.380268             -0.380268             -0.380268             0.014624000000000026  -0.380268             -0.04615399999999997  -0.380268             
