93.000000     hsa_1956
48.000000     hsa_2885
48.000000     hsa_23533&hsa_5290&hsa_5291&hsa_5293&hsa_5294&hsa_5295&hsa_5296&hsa_8503
48.000000     hsa_10000&hsa_207&hsa_208
36.000000     hsa_2549
20.000000     hsa_6776&hsa_6777
18.000000     hsa_5609&hsa_6416
18.000000     hsa_2065
18.000000     hsa_4690&hsa_8440
18.000000     hsa_5599&hsa_5601&hsa_5602
18.000000     hsa_10298&hsa_5058&hsa_5062&hsa_5063&hsa_56924&hsa_57144
16.000000     hsa_2069
16.000000     hsa_374&hsa_727738
16.000000     hsa_7039
16.000000     hsa_1950
16.000000     hsa_685
16.000000     hsa_2475
16.000000     hsa_1839
16.000000     hsa_2002
12.000000     hsa_6654&hsa_6655
12.000000     hsa_5594&hsa_5595
12.000000     hsa_3265&hsa_3845&hsa_4893
12.000000     hsa_369&hsa_5894&hsa_673
12.000000     hsa_5335&hsa_5336
12.000000     hsa_5604&hsa_5605
11.000000     hsa_3084
11.000000     hsa_2066
11.000000     hsa_9542
8.000000      hsa_2932
8.000000      hsa_4609
8.000000      hsa_1026
8.000000      hsa_6198&hsa_6199
8.000000      hsa_1978
8.000000      hsa_1027
8.000000      hsa_572
7.000000      hsa_1398&hsa_1399
7.000000      hsa_25&hsa_27
6.000000      hsa_5578&hsa_5579&hsa_5582
6.000000      hsa_6714
6.000000      hsa_815&hsa_816&hsa_817&hsa_818
6.000000      hsa_3725
6.000000      hsa_5747
4.000000      hsa_145957
2.000000      hsa_10718
1.000000      hsa_23624&hsa_867&hsa_868
0.000000      hsa_25759&hsa_399694&hsa_53358&hsa_6464
