#POrder PRank  DOrder  DRank  reverse     nonconformity protein
1       1      1       1      0.000000    6.108696      hsa_1956
2       2      2       2      0.000000    6.108696      hsa_2885
3       3      3       2      0.000000    6.239130      hsa_23533&hsa_5290&hsa_5291&hsa_5293&hsa_5294&hsa_5295&hsa_5296&hsa_8503
4       3      4       2      0.000000    6.239130      hsa_10000&hsa_207&hsa_208
5       5      5       5      0.000000    6.108696      hsa_2549
6       6      6       6      0.000000    6.108696      hsa_6776&hsa_6777
7       7      8       7      0.000000    6.108696      hsa_2065
8       8      19      12     0.086957    7.456522      hsa_2002
9       9      20      20     0.239130    12.543478     hsa_6654&hsa_6655
10      9      25      20     0.239130    12.543478     hsa_5604&hsa_5605
11      9      21      20     0.239130    12.543478     hsa_5594&hsa_5595
12      9      23      20     0.239130    12.543478     hsa_369&hsa_5894&hsa_673
13      9      22      20     0.239130    12.543478     hsa_3265&hsa_3845&hsa_4893
14      14     12      12     0.195652    6.500000      hsa_2069
15      15     18      12     0.195652    6.847826      hsa_1839
16      16     14      12     0.195652    7.369565      hsa_7039
17      16     15      12     0.195652    7.369565      hsa_1950
18      18     16      12     0.195652    8.760870      hsa_685
19      19     17      12     0.195652    9.500000      hsa_2475
20      20     13      12     0.195652    10.282609     hsa_374&hsa_727738
21      21     28      26     0.108696    8.108696      hsa_9542
22      22     26      26     0.108696    7.456522      hsa_3084
23      23     24      20     0.130435    6.847826      hsa_5335&hsa_5336
24      24     27      26     0.086957    6.630435      hsa_2066
25      25     30      29     0.086957    7.456522      hsa_4609
26      26     33      29     0.086957    7.021739      hsa_1978
27      27     32      29     0.086957    6.630435      hsa_6198&hsa_6199
28      28     37      36     0.173913    10.195652     hsa_25&hsa_27
29      28     36      36     0.173913    10.195652     hsa_1398&hsa_1399
30      30     31      29     0.130435    6.239130      hsa_1026
31      31     29      29     0.130435    6.500000      hsa_2932
32      32     35      29     0.130435    6.847826      hsa_572
33      33     34      29     0.130435    7.369565      hsa_1027
34      34     39      38     0.086957    7.456522      hsa_6714
35      34     42      38     0.086957    7.456522      hsa_5747
36      36     38      38     0.086957    6.630435      hsa_5578&hsa_5579&hsa_5582
37      37     10      7      0.630435    28.456522     hsa_5599&hsa_5601&hsa_5602
38      37     7       7      0.630435    28.456522     hsa_5609&hsa_6416
39      37     11      7      0.630435    28.456522     hsa_10298&hsa_5058&hsa_5062&hsa_5063&hsa_56924&hsa_57144
40      37     9       7      0.630435    28.456522     hsa_4690&hsa_8440
41      41     40      38     0.000000    6.847826      hsa_815&hsa_816&hsa_817&hsa_818
42      42     41      38     0.000000    7.369565      hsa_3725
43      43     43      43     0.000000    6.108696      hsa_145957
44      44     44      44     0.000000    6.108696      hsa_10718
45      45     45      45     0.000000    6.108696      hsa_23624&hsa_867&hsa_868
46      46     46      46     0.000000    6.108696      hsa_25759&hsa_399694&hsa_53358&hsa_6464
