61.345556     hsa_1956
38.724071     hsa_2885
32.365795     hsa_23533&hsa_5290&hsa_5291&hsa_5293&hsa_5294&hsa_5295&hsa_5296&hsa_8503
32.365795     hsa_10000&hsa_207&hsa_208
25.668361     hsa_2549
17.021656     hsa_6776&hsa_6777
15.084128     hsa_2065
13.444050     hsa_2069
13.431943     hsa_1839
13.423690     hsa_7039
13.423690     hsa_1950
13.055710     hsa_6654&hsa_6655
13.055710     hsa_3265&hsa_3845&hsa_4893
13.055710     hsa_5594&hsa_5595
13.055710     hsa_5604&hsa_5605
13.055710     hsa_369&hsa_5894&hsa_673
12.867912     hsa_2002
12.817031     hsa_685
11.103000     hsa_2475
9.319502      hsa_9542
9.310598      hsa_3084
7.816374      hsa_5335&hsa_5336
7.243782      hsa_2066
6.056034      hsa_4609
5.564032      hsa_1978
5.538968      hsa_6198&hsa_6199
5.364949      hsa_1026
5.361124      hsa_2932
5.282707      hsa_572
5.281333      hsa_25&hsa_27
5.281333      hsa_1398&hsa_1399
5.254015      hsa_1027
4.930938      hsa_5747
4.930938      hsa_6714
4.129705      hsa_5578&hsa_5579&hsa_5582
4.029320      hsa_5599&hsa_5601&hsa_5602
4.029320      hsa_4690&hsa_8440
4.029320      hsa_10298&hsa_5058&hsa_5062&hsa_5063&hsa_56924&hsa_57144
4.029320      hsa_5609&hsa_6416
3.686669      hsa_815&hsa_816&hsa_817&hsa_818
3.633916      hsa_145957
3.297784      hsa_3725
1.779220      hsa_10718
0.945814      hsa_23624&hsa_867&hsa_868
0.065786      hsa_25759&hsa_399694&hsa_53358&hsa_6464
0.000000      hsa_374&hsa_727738
