3934      0.005882352941176469    3    4   11100010000000000
5482      0.0073529411764705925   2    2   11000000000000000
1021      0.0073529411764705925   2    2   11000000000000000
21444     0.0073529411764705925   2    2   11000000000000000
5008      0.0073529411764705925   2    2   11000000000000000
5009      0.0073529411764705925   2    2   11000000000000000
28673     0.0073529411764705925   2    2   11000000000000000
26626     0.0073529411764705925   2    2   11000000000000000
25526     0.0073529411764705925   2    2   11000000000000000
23698     0.0073529411764705925   2    2   11000000000000000
23697     0.0073529411764705925   2    2   11000000000000000
23608     0.0073529411764705925   2    2   11000000000000000
1362      0.0073529411764705925   2    2   11000000000000000
22839     0.0073529411764705925   2    2   11000000000000000
22831     0.0073529411764705925   2    2   11000000000000000
5011      0.0073529411764705925   2    2   11000000000000000
5013      0.0073529411764705925   2    2   11000000000000000
29043     0.0073529411764705925   2    2   11000000000000000
7481      0.0073529411764705925   2    2   11000000000000000
1692      0.0073529411764705925   2    2   11000000000000000
14239     0.0073529411764705925   2    2   11000000000000000
19959     0.0073529411764705925   2    2   11000000000000000
19955     0.0073529411764705925   2    2   11000000000000000
1953      0.0073529411764705925   2    2   11000000000000000
14875     0.0073529411764705925   2    2   11000000000000000
6360      0.0073529411764705925   2    2   11000000000000000
13292     0.0073529411764705925   2    2   11000000000000000
5458      0.0073529411764705925   2    2   11000000000000000
5815      0.0073529411764705925   2    2   11000000000000000
19185     0.0073529411764705925   2    2   11000000000000000
27089     0.0073529411764705925   2    2   11000000000000000
12645     0.0073529411764705925   2    2   11000000000000000
6654      0.0073529411764705925   2    2   11000000000000000
6402      0.0073529411764705925   2    2   11000000000000000
6377      0.0073529411764705925   2    2   11000000000000000
20012     0.0073529411764705925   2    2   11000000000000000
5256      0.013420403126285433    8    7   11001111000000001
2824      0.013420403126285433    8    7   11001111000000001
22074     0.022058823529411756    2    3   11000000001000000
1344      0.022058823529411756    2    3   11000000000000001
5261      0.022058823529411756    2    3   11000001000000000
22664     0.022058823529411756    2    3   11000000010000000
22770     0.022058823529411756    2    3   11000000000001000
22773     0.022058823529411756    2    3   11000000000001000
2193      0.022058823529411756    2    3   11000000000000001
22832     0.022058823529411756    2    3   11000000000000001
977       0.022058823529411756    2    3   11000010000000000
1458      0.022058823529411756    2    3   11000001000000000
14874     0.022058823529411756    2    3   11000000000000001
21407     0.022058823529411756    2    3   11000000000000001
1124      0.022058823529411756    2    3   11000000000001000
30659     0.022058823529411756    2    3   11000000000100000
21406     0.02779573367808661     6    5   11001100000000001
8101      0.032661456190867785    12   8   11100010111100000
27071     0.04411764705882349     2    4   11000000000101000
23799     0.04411764705882349     2    4   11000010001000000
23097     0.04411764705882349     2    4   11000000110000000
25633     0.04411764705882349     2    4   11000000010000001
1670      0.04411764705882349     2    4   11000000010000001
6729      0.04411764705882349     2    4   11000001000000100
15645     0.05252100840336131     4    5   11010000010000001
22086     0.05294117647058811     4    9   11110000111010010
26665     0.08088235294117652     4    2   00110000000000000
4786      0.08088235294117652     4    2   00110000000000000
15311     0.0846359522830108      10   7   11001101010000001
5664      0.08823529411764691     4    10  11110000011110110
27067     0.11029411764705874     2    6   11000010010010100
2939      0.12205882352941169     4    3   00110000001000000
5801      0.12205882352941169     4    3   00110000000010000
31298     0.12352941176470557     3    9   11100000111001110
18042     0.1544117647058821      2    7   11000000011001011
20961     0.20588235294117554     2    8   11000010010110101
4594      0.2928571428571413      16   13  11110010111111110
22310     0.30441176470588216     6    3   00001100000000001
22312     0.30441176470588216     6    3   00001100000000001
4128      0.3323529411764689      15   14  11011110111111101
10898     0.3382352941176472      3    2   00100000010000000
6229      0.3382352941176472      3    2   00100000000000001
990       0.3382352941176472      3    2   00100000000000001
10798     0.4117647058823529      3    1   00100000000000000
5787      0.4117647058823529      3    1   00100000000000000
14134     0.4117647058823529      3    1   00100000000000000
17579     0.4117647058823529      3    1   00100000000000000
6009      0.4117647058823529      3    1   00100000000000000
20127     0.4117647058823529      3    1   00100000000000000
4843      0.4117647058823529      3    1   00100000000000000
14280     0.4117647058823529      3    1   00100000000000000
248       0.4117647058823529      3    1   00100000000000000
19964     0.4117647058823529      3    1   00100000000000000
23771     0.4117647058823529      3    1   00100000000000000
1038      0.4117647058823529      3    1   00100000000000000
9078      0.4117647058823529      3    1   00100000000000000
9126      0.4117647058823529      3    1   00100000000000000
27760     0.4117647058823529      3    1   00100000000000000
1040      0.4117647058823529      3    1   00100000000000000
3713      0.4205882352941188      4    14  11110010111111111
13279     0.44537815126050384     4    6   00110010001011000
182       0.44537815126050384     4    6   00110000011010010
4476      0.44537815126050384     4    6   00110000011010010
1685      0.44831932773109207     6    4   00001100001000001
2196      0.44831932773109207     6    4   00001100001000001
5259      0.4544117647058821      7    3   00010010001000000
11460     0.4632352941176472      4    2   00010010000000000
14153     0.4647058823529409      3    3   00100000010000010
3327      0.4647058823529409      3    3   00100000001001000
10804     0.4852941176470572      2    12  11010010011111111
22193     0.4852941176470572      2    12  11010011011110111
4073      0.5601163542340009      11   5   00010010011000010
27161     0.5710084033613441      7    4   00010010000100100
16233     0.5756478815302308      12   8   00010010111100101
11166     0.5794117647058821      3    4   00100000010010010
2920      0.5808823529411763      4    3   00010000010001000
5831      0.5808823529411763      4    3   00010000000100100
15646     0.5808823529411763      4    3   00010000000100001
25458     0.5808823529411763      4    3   00010000011000000
2802      0.5808823529411763      4    3   00010001000000001
10782     0.664705882352938       4    8   00110000011110110
11167     0.664705882352938       4    8   00110000011110110
6003      0.6691176470588213      3    15  11101110111111111
66        0.676470588235293       3    5   00100010001010010
21105     0.8823529411764591      2    16  11011111111111111
14229     0.8823529411764706      4    1   00010000000000000
6475      0.8823529411764706      4    1   00010000000000000
20604     0.8823529411764706      4    1   00010000000000000
26988     0.8823529411764706      4    1   00010000000000000
3499      0.8823529411764706      4    1   00010000000000000
27166     0.8823529411764706      4    1   00010000000000000
318       0.8823529411764706      4    1   00010000000000000
3935      0.8823529411764706      4    1   00010000000000000
140       0.8823529411764706      4    1   00010000000000000
2918      0.8823529411764706      4    1   00010000000000000
30067     0.8823529411764706      4    1   00010000000000000
20960     0.9117647058823517      4    7   00010000001101111
12647     0.9117647058823517      4    7   00010010001101101
20133     0.9239495798319325      7    4   00000010001010100
7701      0.986134453781512       8    4   00000001010100001
9437      0.9999999999999986      1    5   00000000010101101
104       0.9999999999999986      1    5   00000000110100110
3925      0.9999999999999993      1    3   00000000001100100
7797      0.9999999999999993      1    3   00000000000000111
309       0.9999999999999993      1    3   00000000001100100
5898      0.9999999999999993      1    3   00000000010100100
23949     0.9999999999999993      1    3   00000000001110000
5899      0.9999999999999993      1    3   00000001000100100
22195     0.9999999999999993      1    3   00000000001010010
6730      0.9999999999999993      1    3   00000000000100101
33290     0.9999999999999993      1    3   00000000000100110
5743      0.9999999999999993      1    3   00000001000001001
27158     0.9999999999999993      1    3   00000000000011001
27048     0.9999999999999993      1    3   00000000001110000
5839      0.9999999999999999      1    1   00000000000010000
16169     0.9999999999999999      1    1   00000001000000000
10560     0.9999999999999999      1    1   00000000000001000
28339     0.9999999999999999      1    1   00000000000001000
5511      0.9999999999999999      1    1   00000000000001000
10922     0.9999999999999999      1    1   00000000000001000
4493      0.9999999999999999      1    1   00000000000001000
6728      0.9999999999999999      1    1   00000001000000000
28570     0.9999999999999999      1    1   00000001000000000
15990     0.9999999999999999      1    1   00000000000001000
21108     0.9999999999999999      1    1   00000000100000000
1502      0.9999999999999999      1    1   00000001000000000
19695     0.9999999999999999      1    1   00000000000001000
20522     0.9999999999999999      1    1   00000000000001000
22160     0.9999999999999999      1    1   00000000000001000
23188     0.9999999999999999      1    1   00000000000001000
23190     0.9999999999999999      1    1   00000000000001000
24014     0.9999999999999999      1    1   00000000000001000
9873      0.9999999999999999      1    1   00000000000001000
24077     0.9999999999999999      1    1   00000000000001000
25724     0.9999999999999999      1    1   00000001000000000
2936      0.9999999999999999      1    1   00000000000001000
14094     0.9999999999999999      1    1   00000000000001000
21152     0.9999999999999999      1    1   00000000000001000
17940     0.9999999999999999      1    1   00000000000001000
31441     0.9999999999999999      1    1   00000000000001000
9077      0.9999999999999999      1    1   00000000000001000
829       0.9999999999999999      1    1   00000000000010000
1292      0.9999999999999999      1    1   00000000000010000
1401      0.9999999999999999      1    1   00000000000010000
9167      0.9999999999999999      1    1   00000000000010000
1488      0.9999999999999999      1    1   00000000000010000
4890      0.9999999999999999      1    1   00000000000010000
30408     0.9999999999999999      1    1   00000000000000001
23325     0.9999999999999999      1    1   00000000000001000
18910     0.9999999999999999      1    1   00000000000010000
6105      0.9999999999999999      1    1   00000000000010000
6220      0.9999999999999999      1    1   00000000000010000
29010     0.9999999999999999      1    1   00000000000000001
6464      0.9999999999999999      1    1   00000000000010000
13651     0.9999999999999999      1    1   00000000000010000
14238     0.9999999999999999      1    1   00000000000010000
14893     0.9999999999999999      1    1   00000000000010000
15317     0.9999999999999999      1    1   00000000000010000
2871      0.9999999999999999      1    1   00000000000000001
16057     0.9999999999999999      1    1   00000000000010000
27403     0.9999999999999999      1    1   00000000000000001
16839     0.9999999999999999      1    1   00000000000010000
18685     0.9999999999999999      1    1   00000000000010000
8823      0.9999999999999999      1    1   00000000100000000
26933     0.9999999999999999      1    1   00000000000000001
6642      0.9999999999999999      1    1   00000000100000000
4517      0.9999999999999999      1    1   00000000010000000
26912     0.9999999999999999      1    1   00000000000010000
31099     0.9999999999999999      1    1   00000000000010000
21754     0.9999999999999999      1    1   00000000000000001
21238     0.9999999999999999      1    1   00000000000000001
20711     0.9999999999999999      1    1   00000000000000001
25607     0.9999999999999999      1    1   00000000010000000
23777     0.9999999999999999      1    1   00000000010000000
333       0.9999999999999999      1    1   00000000000000001
4133      0.9999999999999999      1    1   00000000000000100
23485     0.9999999999999999      1    1   00000000010000000
25650     0.9999999999999999      1    1   00000000000000001
6418      0.9999999999999999      1    1   00000000000000100
20225     0.9999999999999999      1    1   00000000010000000
15113     0.9999999999999999      1    1   00000000000000001
15121     0.9999999999999999      1    1   00000000000000100
16238     0.9999999999999999      1    1   00000000000000100
8350      0.9999999999999999      1    1   00000000000000001
7699      0.9999999999999999      1    1   00000000000000001
6390      0.9999999999999999      1    1   00000000000000100
25808     0.9999999999999999      1    1   00000000000000100
27088     0.9999999999999999      1    1   00000000000000100
26578     0.9999999999999999      1    1   00000000000000100
29382     0.9999999999999999      1    1   00000000000000100
31225     0.9999999999999999      1    1   00000000000000100
6584      0.9999999999999999      1    1   00000000000000001
6437      0.9999999999999999      1    1   00000000000000001
338       0.9999999999999999      1    1   00000000000100000
6166      0.9999999999999999      1    1   00000000000100000
7801      0.9999999999999999      1    1   00000000000100000
8983      0.9999999999999999      1    1   00000000000100000
14372     0.9999999999999999      1    1   00000000000100000
14410     0.9999999999999999      1    1   00000000000100000
15111     0.9999999999999999      1    1   00000000000100000
6426      0.9999999999999999      1    1   00000000000000001
22952     0.9999999999999999      1    1   00000000000100000
11476     0.9999999999999999      1    1   00000000000100000
4165      0.9999999999999999      1    1   00000000000000001
2830      0.9999999999999999      1    1   00000000000000001
28583     0.9999999999999999      1    1   00000000000100000
8574      0.9999999999999999      1    1   00000000000100000
33620     0.9999999999999999      1    1   00000000000100000
34030     0.9999999999999999      1    1   00000000000100000
9025      0.9999999999999999      1    1   00000000000100000
6037      0.9999999999999999      1    1   00000000001000000
2513      0.9999999999999999      1    1   00000000000000001
19180     0.9999999999999999      1    1   00000000000000010
10574     0.9999999999999999      1    1   00000000001000000
10575     0.9999999999999999      1    1   00000000001000000
11472     0.9999999999999999      1    1   00000000001000000
14251     0.9999999999999999      1    1   00000000001000000
19334     0.9999999999999999      1    1   00000000001000000
6480      0.9999999999999999      1    1   00000000001000000
1164      0.9999999999999999      1    1   00000000001000000
3772      0.9999999999999999      1    1   00000000001000000
4868      0.9999999999999999      1    1   00000000001000000
4889      0.9999999999999999      1    1   00000000001000000
5509      0.9999999999999999      1    1   00000000001000000
5703      0.9999999999999999      1    1   00000000001000000
10551     0.9999999999999999      1    1   00000000001000000
21299     0.9999999999999999      1    1   00000000001000000
27259     0.9999999999999999      1    1   00000000001000000
27763     0.9999999999999999      1    1   00000000001000000
28575     0.9999999999999999      1    1   00000000001000000
2806      0.9999999999999999      1    1   00000000001000000
9566      0.9999999999999999      1    1   00000000010000000
10978     0.9999999999999999      1    1   00000000001000000
1386      0.9999999999999999      1    1   00000000000000001
18280     0.9999999999999999      1    1   00000000001000000
2881      0.9999999999999999      1    1   00000000001000000
20853     0.9999999999999999      1    1   00000000001000000
1291      0.9999999999999999      1    1   00000000000000001
21003     0.9999999999999999      1    1   00000000001000000
26579     0.9999999999999999      1    1   00000000001000000
9475      0.9999999999999999      1    1   00000000010000000
8349      0.9999999999999999      1    1   00000000010000000
6425      0.9999999999999999      1    1   00000000001000000
6671      0.9999999999999999      1    1   00000000001000000
16385     0.9999999999999999      1    1   00000000001000000
22925     0.9999999999999999      1    1   00000000001000000
22506     0.9999999999999999      1    1   00000010000000000
11267     0.9999999999999999      1    1   00000010000000000
30843     0.9999999999999999      1    1   00000010000000000
20031     0.9999999999999999      1    1   00000010000000000
16187     0.9999999999999999      1    1   00000000000000010
8125      0.9999999999999999      1    1   00000000010000000
14092     0.9999999999999999      1    1   00000010000000000
233       0.9999999999999999      1    1   00000010000000000
4502      0.9999999999999999      1    1   00000010000000000
11005     0.9999999999999999      1    1   00000010000000000
11260     0.9999999999999999      1    1   00000010000000000
14196     0.9999999999999999      1    1   00000010000000000
2101      0.9999999999999999      1    1   00000010000000000
5816      0.9999999999999999      1    1   00000010000000000
8008      0.9999999999999999      1    1   00000010000000000
22341     0.9999999999999999      1    1   00000010000000000
20095     0.9999999999999999      1    1   00000010000000000
23786     0.9999999999999999      1    1   00000010000000000
26731     0.9999999999999999      1    1   00000010000000000
27594     0.9999999999999999      1    1   00000010000000000
1229      0.9999999999999999      1    1   00000000000000001
604       0.9999999999999999      1    1   00000000000000001
24038     0.9999999999999999      1    1   00000000000000010
25202     0.9999999999999999      1    1   00000000000000010
4469      0.9999999999999999      1    1   00000000000000010
7994      0.9999999999999999      1    1   00000000010000000
7792      0.9999999999999999      1    1   00000000010000000
6427      0.9999999999999999      1    1   00000000010000000
4870      0.9999999999999999      1    1   00000000000000010
9363      0.9999999999999999      1    1   00000000000000010
22198     0.9999999999999999      1    1   00000000000000010
20645     0.9999999999999999      1    1   00000000000000010
2366      0.9999999999999999      1    1   00000000010000000
16893     0.9999999999999999      1    1   00000000000000010
2222      0.9999999999999999      1    1   00000000000000010
20508     0.9999999999999999      1    1   00000000000000010
28665     0.9999999999999999      1    1   00000000000000010
26934     0.9999999999999999      1    1   00000000000000010
14391     0.9999999999999999      1    1   00000000000000010
1028      0.9999999999999999      1    1   00000000000000010
19961     0.9999999999999999      1    1   00000000000000010
26751     0.9999999999999999      1    1   00000000000000010
25203     0.9999999999999999      1    1   00000000000000010
34024     0.9999999999999999      1    1   00000010000000000
231       1.0                     1    17  11111111111111111
31230     1.0000000000000002      2    2   00000000000000101
4575      1.0000000000000002      2    2   00000000011000000
15937     1.0000000000000002      2    2   00000000010001000
22194     1.0000000000000002      2    2   00000000010001000
6098      1.0000000000000002      2    2   00000000001000010
15573     1.0000000000000002      2    2   00000000001000010
6380      1.0000000000000002      2    2   00000000010000001
5808      1.0000000000000002      2    2   00000000010000001
7785      1.0000000000000002      2    2   00000000010100000
27008     1.0000000000000002      2    2   00000010000000001
11384     1.0000000000000002      2    2   00000010000000001
5756      1.0000000000000002      2    2   00000010000000001
8330      1.0000000000000002      2    2   00000010001000000
2839      1.0000000000000002      2    2   00000000001000001
6716      1.0000000000000002      2    2   00000010001000000
14411     1.0000000000000002      2    2   00000000011000000
25184     1.0000000000000002      2    2   00000000000100001
4461      1.0000000000000002      2    2   00000000001100000
33899     1.0000000000000002      2    2   00000000011000000
108       1.0000000000000002      2    2   00000000001100000
22415     1.0000000000000002      2    2   00000000010000010
10975     1.0000000000000002      2    2   00000000000000101
4574      1.0000000000000002      2    2   00000000011000000
14384     1.0000000000000002      2    2   00000000000100100
8603      1.0000000000000002      2    2   00000000010100000
10949     1.0000000000000002      2    2   00000000000100100
106       1.0000000000000002      2    2   00000000000100100
103       1.0000000000000002      2    2   00000000000100100
31146     1.0000000000000002      2    2   00000000000100100
720       1.0000000000000002      2    2   00000001000000001
5683      1.0000000000000002      2    2   00000000000000110
16353     1.0000000000000002      2    2   00000000001010000
20974     1.0000000000000002      2    2   00000000000010001
15604     1.0000000000000002      2    2   00000000001010000
15316     1.0000000000000002      2    2   00000000100010000
10501     1.0000000000000002      2    2   00000000001010000
26577     1.0000000000000002      2    2   00000000000001001
27160     1.0000000000000002      2    2   00000000001001000
13281     1.0000000000000002      2    2   00000000000001100
27068     1.0000000000000002      2    2   00000000101000000
22081     1.0000000000000002      2    2   00000000001001000
