27067     0.015737874097007228    4    4   1011000000000001000
13279     0.015737874097007228    4    4   1011000000100000000
7801      0.023391812865497092    3    2   1010000000000000000
24571     0.023391812865497092    3    2   1010000000000000000
22184     0.023391812865497092    3    2   1010000000000000000
21108     0.023391812865497092    3    2   1010000000000000000
2828      0.035087719298245584    2    4   1100000000001000100
16233     0.037409700722394225    4    5   1011001000000001000
20961     0.037409700722394225    4    5   1011001000100000000
2802      0.03989045010716822     7    10  1110111001010010100
5256      0.03989045010716822     7    10  1110111000110010001
2806      0.043343653250773995    6    3   1010010000000000000
5259      0.04953560371517018     6    9   1110110100011010000
15604     0.05056759545923631     3    3   1010000100000000000
21407     0.05056759545923631     3    3   1010001000000000000
18910     0.05056759545923631     3    3   0110000000010000000
10975     0.05056759545923631     3    3   1010001000000000000
146       0.05056759545923631     3    3   1010000000100000000
27068     0.05263157894736843     1    1   1000000000000000000
23777     0.05263157894736843     1    1   1000000000000000000
27167     0.05263157894736843     1    1   1000000000000000000
12645     0.05263157894736843     1    1   1000000000000000000
23007     0.05263157894736843     1    1   1000000000000000000
31520     0.05263157894736843     1    1   1000000000000000000
5391      0.05263157894736843     1    1   1000000000000000000
5825      0.05263157894736843     1    1   1000000000000000000
26624     0.05263157894736843     1    1   1000000000000000000
16340     0.05263157894736843     1    1   1000000000000000000
17210     0.05263157894736843     1    1   1000000000000000000
21151     0.05263157894736843     1    1   1000000000000000000
20133     0.05263157894736843     1    1   1000000000000000000
17211     0.05263157894736843     1    1   1000000000000000000
16297     0.05263157894736843     1    1   1000000000000000000
14094     0.05263157894736843     1    1   1000000000000000000
8330      0.05263157894736843     1    1   1000000000000000000
8392      0.05263157894736843     1    1   1000000000000000000
30487     0.05263157894736843     1    1   1000000000000000000
8394      0.05263157894736843     1    1   1000000000000000000
6217      0.05263157894736843     1    1   1000000000000000000
11422     0.05263157894736843     1    1   1000000000000000000
2924      0.05263157894736843     1    1   1000000000000000000
25521     0.05263157894736843     1    1   1000000000000000000
5024      0.05263157894736843     1    1   1000000000000000000
14280     0.05263157894736843     1    1   1000000000000000000
26912     0.05263157894736843     1    1   1000000000000000000
30427     0.05263157894736843     1    1   1000000000000000000
1700      0.05263157894736843     1    1   1000000000000000000
1892      0.05263157894736843     1    1   1000000000000000000
6970      0.05263157894736843     1    1   1000000000000000000
20247     0.05263157894736843     1    1   1000000000000000000
15311     0.05417956656346731     4    10  1111001000110011001
20012     0.06432748538011698     4    2   1001000000000000000
4576      0.06432748538011698     4    2   0011000000000000000
21003     0.06432748538011698     4    2   1001000000000000000
6584      0.07421740626074991     8    5   1010001100010000000
22193     0.07989997618480563     7    11  1110111001101010010
10804     0.08385594453705895     12   8   1011001001110001000
21105     0.08771929824561431     13   17  1111111111111011101
21406     0.09470508851313826     13   12  1100111011111010001
7069      0.09803921568627448     4    3   1001000000000000010
2936      0.09803921568627448     4    3   1001000000000100000
26934     0.10526315789473688     1    2   1000000000000001000
6729      0.10526315789473688     1    2   1000000000000001000
5808      0.10526315789473688     1    2   1000001000000000000
7998      0.10526315789473688     1    2   1000000000000001000
5835      0.10526315789473688     1    2   1000000000010000000
9077      0.10526315789473688     1    2   1000000000000000010
26665     0.10526315789473688     1    2   1000000000000000010
9437      0.10526315789473688     1    2   1000001000000000000
29442     0.10526315789473688     1    2   1000000000010000000
9101      0.10526315789473688     1    2   1000000000000001000
9242      0.10526315789473688     1    2   1000000000000001000
24002     0.10526315789473688     1    2   1000000000000001000
2830      0.10526315789473688     1    2   1000001000000000000
17564     0.10526315789473688     1    2   1000000000100000000
2840      0.10526315789473688     1    2   1000000000010000000
1344      0.10526315789473688     1    2   1000001000000000000
4594      0.11068111455108365     5    13  1111100100011111110
12647     0.12487100103199168     7    4   0011001000000001000
720       0.1277949776401789      11   5   1010001010100000000
2824      0.15144478844169276     13   14  1110111011111010101
3327      0.15479876160990702     3    5   1010000000101000010
1670      0.1578947368421052      1    3   1000001000000001000
27403     0.1578947368421052      1    3   1000001000000001000
8101      0.1578947368421052      1    3   1000000000001001000
18042     0.1578947368421052      1    3   1000001000000001000
5815      0.1578947368421052      1    3   1000000000000001100
22081     0.1578947368421053      2    1   0100000000000000000
5814      0.1578947368421053      2    1   0100000000000000000
5403      0.1578947368421053      2    1   0100000000000000000
231       0.17698658410732515     11   15  1111011111101110011
3713      0.17698658410732715     4    8   1011001000000111010
6003      0.2091503267973851      11   8   1000011101100010001
4073      0.21052631578947376     1    4   1000000001000101000
7797      0.21052631578947376     1    4   1000001010000001000
7701      0.21052631578947376     1    4   1000001000010010000
333       0.21052631578947376     1    4   1000001000010001000
8603      0.21052631578947376     1    4   1000000000011001000
20711     0.21052631578947376     1    4   1000001001001000000
6380      0.21052631578947376     1    4   1000001000010001000
15645     0.22187822497420018     3    6   1010001000011001000
22310     0.23727210182318528     7    5   1000011000100000001
2839      0.23727210182318528     7    5   1000011000001000100
22312     0.23727210182318528     7    5   1000011000100000001
6716      0.24458204334365322     6    3   0010010001000000000
31298     0.2631578947368424      1    5   1001000000011001000
66        0.27218782249742013     4    5   0101000000000011010
27159     0.304093567251462       3    2   0010000001000000000
11472     0.304093567251462       3    2   0010000000000000010
28339     0.304093567251462       3    2   0010000001000000000
4476      0.304093567251462       3    2   0010000100000000000
27158     0.304093567251462       3    2   0010001000000000000
6730      0.304093567251462       3    2   0010001000000000000
599       0.304093567251462       3    2   0010000010000000000
5341      0.304093567251462       3    2   0010000000001000000
2939      0.304093567251462       3    2   0010000000000001000
5898      0.304093567251462       3    2   0010000000010000000
5839      0.304093567251462       3    2   0010000000010000000
5899      0.304093567251462       3    2   0010000000010000000
24078     0.3152734778121774      9    4   0100010010010000000
1685      0.31578947368421156     1    6   1000011000100010001
2196      0.31578947368421156     1    6   1000011000100010001
15646     0.3622291021671824      7    3   0010001000001000000
604       0.3622291021671824      7    3   0010001000100000000
2513      0.3622291021671824      7    3   0000011000100000000
14384     0.36842105263157904     3    1   0010000000000000000
6728      0.36842105263157904     3    1   0010000000000000000
4605      0.36842105263157904     3    1   0010000000000000000
6778      0.36842105263157904     3    1   0010000000000000000
549       0.36842105263157904     3    1   0010000000000000000
4142      0.36842105263157904     3    1   0010000000000000000
4463      0.36842105263157904     3    1   0010000000000000000
8574      0.36842105263157904     3    1   0010000000000000000
2809      0.36842105263157904     3    1   0010000000000000000
33290     0.36842105263157904     3    1   0010000000000000000
829       0.36842105263157904     3    1   0010000000000000000
18552     0.36842105263157904     3    1   0010000000000000000
18965     0.36842105263157904     3    1   0010000000000000000
19611     0.36842105263157904     3    1   0010000000000000000
6381      0.36842105263157904     3    1   0010000000000000000
11478     0.36842105263157904     3    1   0010000000000000000
9025      0.36842105263157904     3    1   0010000000000000000
24014     0.36842105263157904     3    1   0010000000000000000
31146     0.36842105263157904     3    1   0010000000000000000
18539     0.36842105263157904     3    1   0010000000000000000
2886      0.36842105263157904     3    1   0010000000000000000
1469      0.36842105263157904     3    1   0010000000000000000
26920     0.36842105263157904     3    1   0010000000000000000
13281     0.36842105263157904     3    1   0010000000000000000
30244     0.36842105263157904     3    1   0010000000000000000
1124      0.36842105263157904     3    1   0010000000000000000
31441     0.36842105263157904     3    1   0010000000000000000
33620     0.36842105263157904     3    1   0010000000000000000
1488      0.36842105263157904     3    1   0010000000000000000
4461      0.37461300309597495     6    4   0010010001000001000
287       0.37461300309597495     6    4   0001010000000101000
4128      0.3951048951048942      11   9   0010011101100101001
8349      0.4152046783625732      4    2   0001000000000001000
10898     0.4152046783625732      4    2   0001000000000001000
990       0.4152046783625732      4    2   0001001000000000000
27594     0.4152046783625732      4    2   0001000000010000000
5801      0.4152046783625732      4    2   0001000000000001000
14238     0.42208462332301333     3    3   0010000000000100100
6105      0.42208462332301333     3    3   0010000000100100000
5831      0.42208462332301333     3    3   0010000000010010000
24077     0.5304437564499482      3    4   0010000001101000000
6671      0.5314757481940143      4    3   0001000000000001010
2838      0.5614035087719299      5    2   0000100000001000000
20960     0.5819573443412455      12   5   0010001001010001000
22195     0.6478328173374615      4    4   0001000000000101010
4786      0.6478328173374615      4    4   0001000000000101010
26933     0.7017543859649127      7    2   0000011000000000000
4574      0.7275541795665634      6    3   0000010000000101000
2897      0.7894736842105265      4    1   0001000000000000000
10574     0.7894736842105265      4    1   0001000000000000000
5794      0.7894736842105265      4    1   0001000000000000000
21010     0.7894736842105265      4    1   0001000000000000000
16688     0.7894736842105265      4    1   0001000000000000000
14127     0.7894736842105265      4    1   0001000000000000000
3925      0.7894736842105265      4    1   0001000000000000000
27161     0.7894736842105265      4    1   0001000000000000000
10575     0.7894736842105265      4    1   0001000000000000000
4575      0.7894736842105265      4    1   0001000000000000000
727       0.7894736842105265      6    2   0000010001000000000
512       0.7894736842105265      4    1   0001000000000000000
30840     0.7894736842105265      4    1   0001000000000000000
5509      1.0                     1    1   0000000000000001000
1423      1.0                     1    1   0000000000100000000
2573      1.0                     1    1   0000000000100000000
29151     1.0                     1    1   0000000000100000000
6334      1.0                     1    1   0000000000100000000
18981     1.0                     1    1   0000000000100000000
20732     1.0                     1    1   0000000000100000000
33295     1.0                     1    1   0000000000100000000
1407      1.0                     1    1   0000000000100000000
1108      1.0                     1    1   0000000000100000000
1038      1.0                     1    1   0000000000100000000
28642     1.0                     1    1   0000000000100000000
26988     1.0                     1    1   0000000000100000000
25638     1.0                     1    1   0000000000100000000
22845     1.0                     1    1   0000000000100000000
20604     1.0                     1    1   0000000000100000000
23799     1.0                     1    1   0000000000100000000
14264     1.0                     1    1   0000000000100000000
6425      1.0                     1    1   0000000000100000000
6330      1.0                     1    1   0000000000100000000
6220      1.0                     2    2   0000000000100100000
2066      1.0                     1    1   0000000000100000000
28658     1.0                     1    1   0000000000001000000
25650     1.0                     2    2   0000001000001000000
16365     1.0                     1    1   0000000000001000000
14494     1.0                     1    1   0000000000001000000
8983      1.0                     1    1   0000000000001000000
5036      1.0                     1    1   0000000000010000000
21461     1.0                     1    1   0000000000010000000
20698     1.0                     1    1   0000000000010000000
22197     1.0                     2    2   0000000000010001000
33768     1.0                     1    1   0000000000010000000
182       1.0                     1    1   0000000100000000000
318       1.0                     1    1   0000000100000000000
10782     1.0                     1    1   0000000100000000000
11167     1.0                     1    1   0000000100000000000
5664      1.0                     2    2   0000000100000001000
22086     1.0                     2    2   0000000100000001000
20127     1.0                     1    1   0000000100000000000
14261     1.0                     2    2   0000000100010000000
2832      1.0                     1    1   0000000001000000000
3942      1.0                     1    1   0000000001000000000
8823      1.0                     1    1   0000000001000000000
14573     1.0                     1    1   0000000001000000000
18280     1.0                     1    1   0000000001000000000
248       1.0                     1    1   0000000000000000010
4266      1.0                     1    1   0000000000000000010
5787      1.0                     1    1   0000000000000000010
15121     1.0                     2    2   0000000000000100010
10172     1.0                     2    2   0000000000000100010
8861      1.0                     1    1   0000000000000000010
11460     1.0                     1    1   0000000000000000010
14493     1.0                     1    1   0000000000000000010
14495     1.0                     1    1   0000000000000000010
16238     1.0                     1    1   0000000000000000010
18131     1.0                     1    1   0000000000000000010
20892     1.0                     1    1   0000000000000000010
9126      1.0                     1    1   0000000000000000010
13892     1.0                     1    1   0000000000000000010
6493      1.0                     1    1   0000000000000000010
3934      1.0                     1    1   0000000000000100000
15120     1.0                     1    1   0000000000000100000
5900      1.0                     1    1   0000000000000100000
25549     1.0                     1    1   0000000000010000000
6229      1.0                     2    2   0000001000000100000
16237     1.0                     1    1   0000000000000100000
27089     1.0                     1    1   0000000000000100000
10777     1.0                     1    1   0000000000000001000
977       1.0                     1    1   0000000000000001000
4494      1.0                     1    1   0000000000000001000
3709      1.0                     1    1   0000000000000001000
6379      1.0                     1    1   0000000000000001000
1026      1.0                     1    1   0000000000000001000
2920      1.0                     1    1   0000000000000001000
10551     1.0                     1    1   0000000000000001000
11178     1.0                     1    1   0000000000000001000
22074     1.0                     1    1   0000000000000001000
8368      1.0                     1    1   0000000000000001000
22194     1.0                     1    1   0000000000000001000
4707      1.0                     1    1   0000000000000001000
4567      1.0                     1    1   0000000000000001000
4753      1.0                     1    1   0000000000000001000
14136     1.0                     1    1   0000000000000001000
28886     1.0                     1    1   0000000000000001000
27160     1.0                     1    1   0000000000000001000
1878      1.0                     1    1   0000000000000001000
3498      1.0                     1    1   0000000000000001000
7031      1.0                     1    1   0000000000000001000
5869      1.0                     1    1   0000000000000001000
21143     1.0                     1    1   0000000000000001000
10287     1.0                     1    1   0000000000000001000
15390     1.0                     1    1   0000000000000001000
16018     1.0                     1    1   0000000000000001000
16393     1.0                     1    1   0000000000000001000
16594     1.0                     1    1   0000000000000001000
21339     1.0                     1    1   0000000000000001000
20380     1.0                     1    1   0000000000000001000
25184     1.0                     2    2   0000001000000001000
10430     1.0                     1    1   0000000000000001000
23847     1.0                     1    1   0000000000000001000
26900     1.0                     1    1   0000000000000001000
27048     1.0                     1    1   0000000000000001000
26676     1.0                     1    1   0000000000000001000
4493      1.0                     1    1   0000000000000001000
18315     1.0                     1    1   0000000000000001000
26626     1.0                     1    1   0000000000000001000
1010      1.0                     1    1   0000000000000001000
1022      1.0                     1    1   0000000000000001000
5568      1.0                     1    1   0000000000000001000
7792      1.0                     1    1   0000000000000001000
14251     1.0                     1    1   0000000000000001000
14553     1.0                     1    1   0000000000000001000
15321     1.0                     1    1   0000000000000001000
12644     1.0                     1    1   0000000000000001000
23008     1.0                     1    1   0000000000000001000
21009     1.0                     1    1   0000000000000001000
23829     1.0                     1    1   0000000000000001000
25458     1.0                     1    1   0000000000000001000
27409     1.0                     1    1   0000000000000001000
31225     1.0                     1    1   0000000000000001000
4489      1.0                     1    1   0000000000000001000
6601      1.0                     1    1   0000000000000001000
1511      1.0                     1    1   0000000000100000000
16273     1.0                     1    1   0000000000000001000
28582     1.0                     1    1   0000000000000001000
20925     1.0                     1    1   0000000000000001000
27774     1.0                     1    1   0000000000000001000
33460     1.0                     1    1   0000000000000001000
33592     1.0                     1    1   0000000000000001000
1271      1.0                     1    1   0000000000000010000
10170     1.0                     1    1   0000000000000010000
27071     1.0                     1    1   0000000000000010000
30659     1.0                     1    1   0000000000000010000
22333     1.0                     1    1   0000000000000000100
1229      1.0                     1    1   0000001000000000000
1291      1.0                     1    1   0000001000000000000
1386      1.0                     1    1   0000001000000000000
26577     1.0                     1    1   0000001000000000000
4165      1.0                     1    1   0000001000000000000
5756      1.0                     1    1   0000001000000000000
11384     1.0                     1    1   0000001000000000000
27008     1.0                     1    1   0000001000000000000
6426      1.0                     1    1   0000001000000000000
6437      1.0                     1    1   0000001000000000000
7699      1.0                     1    1   0000001000000000000
8350      1.0                     1    1   0000001000000000000
15113     1.0                     1    1   0000001000000000000
20974     1.0                     1    1   0000001000000000000
14874     1.0                     1    1   0000001000000000000
21238     1.0                     1    1   0000001000000000000
21754     1.0                     1    1   0000001000000000000
2193      1.0                     1    1   0000001000000000000
22832     1.0                     1    1   0000001000000000000
25633     1.0                     1    1   0000001000000000000
21278     1.0                     2    2   0000000000010001000
2871      1.0                     1    1   0000001000000000000
5743      1.0                     1    1   0000001000000000000
29010     1.0                     1    1   0000001000000000000
30408     1.0                     1    1   0000001000000000000
31230     1.0                     2    2   0000001010000000000
1524      1.0                     1    1   0000000010000000000
5261      1.0                     1    1   0000000010000000000
22862     1.0                     1    1   0000000010000000000
16868     1.0                     1    1   0000010000000000000
22641     1.0                     1    1   0000010000000000000
29226     1.0                     1    1   0000010000000000000
2801      1.0                     1    1   0000010000000000000
