231       0.07692307692307644     9    11  1111111110011
318       0.07692307692307693     1    1   1000000000000
14261     0.07692307692307693     1    1   1000000000000
20127     0.07692307692307693     1    1   1000000000000
10782     0.07808857808857807     7    6   1001111000010
11167     0.07808857808857807     7    6   1001111000010
22193     0.1196581196581191      9    8   0101111110100
6729      0.12027972027972014     5    4   0110100000100
15604     0.15384615384615385     1    2   1000001000000
6584      0.15384615384615385     1    2   1000000010000
182       0.18570318570318545     7    5   1001011000010
4476      0.18570318570318545     7    5   1001011000010
20960     0.18570318570318545     7    5   0011011010000
7797      0.1989121989121986      9    5   0001110110000
5261      0.20279720279720254     3    4   0110000100100
6003      0.22261072261072234     9    7   1001011110001
7701      0.2249417249417245      10   6   0110100111000
28570     0.23076923076923078     2    1   0100000000000
16169     0.23076923076923078     2    1   0100000000000
1502      0.23076923076923078     2    1   0100000000000
5899      0.23076923076923078     2    1   0100000000000
4594      0.24941724941724794     8    8   1001111100011
5743      0.29487179487179493     2    2   0100000010000
6728      0.29487179487179493     2    2   0100000000100
21105     0.30769230769230677     9    12  1111111110111
5259      0.3076923076923073      1    4   1000001100100
2824      0.31468531468531435     3    5   0110000110100
2802      0.31468531468531435     3    5   0110000110100
7801      0.3333333333333333      5    2   0001100000000
27403     0.33566433566433557     5    3   0010100010000
66        0.34421134421134364     8    5   0001011100010
3713      0.35384615384615253     9    9   0011111110011
4128      0.3694638694638691      9    6   1001001110010
10804     0.3694638694638691      9    6   0011011010010
18042     0.3832167832167828      7    4   0010011010000
8101      0.3832167832167828      7    4   0010101000100
5664      0.3840326340326336      7    6   1001011000011
22086     0.3840326340326336      7    6   1001011000011
4073      0.41317016317016253     8    7   0001111100011
720       0.42307692307692335     2    3   0100000110000
25724     0.42307692307692335     2    3   0100000100001
1458      0.42307692307692335     2    3   0100000100001
2828      0.4358974358974361      3    2   0010000100000
20645     0.4358974358974361      3    2   0010010000000
5801      0.4358974358974361      3    2   0010000000010
15646     0.4358974358974361      3    2   0010000010000
5808      0.4358974358974361      3    2   0010000010000
6426      0.4358974358974361      3    2   0010000010000
4574      0.4358974358974361      3    2   0010001000000
333       0.4358974358974361      3    2   0010000010000
6730      0.4358974358974361      3    2   0010000010000
15311     0.4370629370629367      3    6   0110000110101
9437      0.5118881118881112      5    4   0010100010001
11166     0.5139860139860141      6    3   0001010000010
104       0.5139860139860141      6    3   0000110100000
2196      0.5342657342657339      9    4   0001001110000
1685      0.5342657342657339      9    4   0001001110000
5825      0.5384615384615384      3    1   0010000000000
8008      0.5384615384615384      3    1   0010000000000
5256      0.5384615384615384      2    4   0100000110100
6377      0.5384615384615384      3    1   0010000000000
22971     0.5384615384615384      3    1   0010000000000
2936      0.5384615384615384      3    1   0010000000000
24078     0.5384615384615384      3    1   0010000000000
16233     0.5905205905205902      9    5   0001101010001
31298     0.5936285936285929      7    5   0000111000101
27158     0.6025641025641025      4    2   0001000010000
26933     0.6025641025641025      4    2   0001000010000
22310     0.6025641025641025      4    2   0001000010000
22312     0.6025641025641025      4    2   0001000010000
21406     0.7062937062937061      3    4   0010000110100
20961     0.70979020979021        4    3   0001000010010
309       0.7867132867132864      7    3   0000101000001
12647     0.7867132867132864      7    3   0000101010000
22195     0.7867132867132864      7    3   0000011000001
3327      0.8237762237762228      7    4   0001001000110
2871      0.8251748251748252      5    3   0000100010001
13279     0.8461538461538458      5    2   0000101000000
27067     0.8461538461538458      5    2   0000100000001
5898      0.8461538461538458      5    2   0000100000001
26577     0.8461538461538458      5    2   0000100010000
1344      0.8461538461538458      5    2   0000100010000
15645     0.8461538461538458      5    2   0000100010000
287       0.8461538461538458      5    2   0000100100000
27160     0.8461538461538458      5    2   0000101000000
2920      0.8461538461538458      5    2   0000100000010
23799     0.8461538461538458      5    2   0000101000000
11472     0.8461538461538458      5    2   0000101000000
5831      0.8461538461538458      5    2   0000100100000
4461      0.9999999999999991      1    4   0000001001110
10501     0.9999999999999998      1    2   0000001100000
14238     0.9999999999999998      1    2   0000000100100
5683      0.9999999999999998      1    2   0000010100000
6098      0.9999999999999998      1    2   0000011000000
2806      0.9999999999999998      1    2   0000001100000
23949     0.9999999999999998      1    2   0000001000001
31230     0.9999999999999998      1    2   0000000110000
2839      0.9999999999999998      1    3   0000001110000
18280     0.9999999999999998      1    2   0000001000100
15573     0.9999999999999998      1    2   0000011000000
2222      0.9999999999999998      1    2   0000010001000
10898     0.9999999999999998      1    2   0000000000110
8330      0.9999999999999998      1    2   0000001000100
21003     0.9999999999999998      1    2   0000001000001
6716      0.9999999999999998      1    3   0000001001100
27048     0.9999999999999998      1    2   0000001000001
22074     0.9999999999999998      1    2   0000001000100
22081     0.9999999999999998      1    2   0000001000100
5509      0.9999999999999998      1    2   0000001000100
10975     0.9999999999999998      1    3   0000000010101
5391      0.9999999999999998      1    2   0000000001001
20133     0.9999999999999998      1    2   0000001000001
10551     0.9999999999999998      1    2   0000001000100
27071     1.0                     1    1   0000000100000
228       1.0                     1    1   0000000000001
11267     1.0                     1    1   0000000000001
27068     1.0                     1    1   0000001000000
4502      1.0                     1    1   0000000000001
8208      1.0                     1    1   0000000000001
22925     1.0                     1    1   0000001000000
15626     1.0                     1    1   0000000000001
16352     1.0                     1    1   0000000000001
18701     1.0                     1    1   0000000000001
20663     1.0                     1    1   0000000000001
14245     1.0                     1    1   0000000000001
5703      1.0                     1    1   0000001000000
16385     1.0                     1    1   0000001000000
6671      1.0                     1    1   0000001000000
25497     1.0                     1    1   0000000000001
6464      1.0                     1    1   0000000000001
14246     1.0                     1    1   0000000000001
17549     1.0                     1    1   0000000000001
22506     1.0                     1    1   0000000000001
6425      1.0                     1    1   0000001000000
4889      1.0                     1    1   0000001000000
4868      1.0                     1    1   0000001000000
4575      1.0                     1    1   0000001000000
7790      1.0                     1    1   0000000000001
11260     1.0                     1    1   0000000000001
22184     1.0                     1    1   0000000000001
27164     1.0                     1    1   0000000000001
3925      1.0                     1    1   0000001000000
3772      1.0                     1    1   0000001000000
1164      1.0                     1    1   0000001000000
108       1.0                     1    1   0000001000000
6480      1.0                     1    1   0000001000000
21299     1.0                     1    1   0000001000000
33899     1.0                     1    1   0000001000000
14411     1.0                     1    1   0000001000000
19334     1.0                     1    1   0000001000000
14251     1.0                     1    1   0000001000000
10575     1.0                     1    1   0000001000000
10574     1.0                     1    1   0000001000000
26579     1.0                     1    1   0000001000000
604       1.0                     1    1   0000000010000
990       1.0                     1    1   0000000010000
1229      1.0                     1    1   0000000010000
1291      1.0                     1    1   0000000010000
2939      1.0                     1    1   0000001000000
1386      1.0                     1    1   0000000010000
6037      1.0                     1    1   0000001000000
20853     1.0                     1    1   0000001000000
2513      1.0                     1    1   0000000010000
21407     1.0                     1    1   0000000010000
2830      1.0                     1    1   0000000010000
4165      1.0                     1    1   0000000010000
5756      1.0                     1    1   0000000010000
11384     1.0                     1    1   0000000010000
27008     1.0                     1    1   0000000010000
6380      1.0                     1    1   0000000010000
16893     1.0                     1    1   0000010000000
6437      1.0                     1    1   0000000010000
2881      1.0                     1    1   0000001000000
7699      1.0                     1    1   0000000010000
20508     1.0                     1    1   0000010000000
8350      1.0                     1    1   0000000010000
6229      1.0                     1    1   0000000010000
15113     1.0                     1    1   0000000010000
25650     1.0                     1    1   0000000010000
20974     1.0                     1    1   0000000010000
28665     1.0                     1    1   0000010000000
1670      1.0                     1    1   0000000010000
14874     1.0                     1    1   0000000010000
16353     1.0                     1    1   0000001000000
20711     1.0                     1    1   0000000010000
21238     1.0                     1    1   0000000010000
14391     1.0                     1    1   0000010000000
1028      1.0                     1    1   0000010000000
21754     1.0                     1    1   0000000010000
33290     1.0                     1    1   0000010000000
2193      1.0                     1    1   0000000010000
22832     1.0                     1    1   0000000010000
25184     1.0                     1    1   0000000010000
25633     1.0                     1    1   0000000010000
19961     1.0                     1    1   0000010000000
26751     1.0                     1    1   0000010000000
25203     1.0                     1    1   0000010000000
16187     1.0                     1    1   0000010000000
29010     1.0                     1    1   0000000010000
30408     1.0                     1    1   0000000010000
10978     1.0                     1    1   0000001000000
26934     1.0                     1    1   0000010000000
22415     1.0                     1    1   0000010000000
22198     1.0                     1    1   0000010000000
9363      1.0                     1    1   0000010000000
14153     1.0                     1    1   0000010000000
25458     1.0                     1    1   0000001000000
4870      1.0                     1    1   0000010000000
4469      1.0                     1    1   0000010000000
8574      1.0                     1    1   0000100000000
8603      1.0                     1    1   0000100000000
15111     1.0                     1    1   0000100000000
17280     1.0                     1    1   0000100000000
22664     1.0                     1    1   0000100000000
27114     1.0                     1    1   0000100000000
103       1.0                     1    1   0000100000000
106       1.0                     1    1   0000100000000
338       1.0                     1    1   0000100000000
25202     1.0                     1    1   0000010000000
24038     1.0                     1    1   0000010000000
19180     1.0                     1    1   0000010000000
31146     1.0                     1    1   0000100000000
28575     1.0                     1    1   0000001000000
1009      1.0                     1    1   0000100000000
25261     1.0                     1    1   0000100000000
26665     1.0                     1    1   0000100000000
146       1.0                     1    1   0000000000100
1345      1.0                     1    1   0000000000100
2832      1.0                     1    1   0000000000100
3942      1.0                     1    1   0000000000100
4459      1.0                     1    1   0000000000100
5001      1.0                     1    1   0000000000100
6378      1.0                     1    1   0000000000100
6592      1.0                     1    1   0000000000100
6654      1.0                     1    1   0000000000100
5511      1.0                     1    1   0000000000100
6805      1.0                     1    1   0000000000100
8823      1.0                     1    1   0000000000100
10287     1.0                     1    1   0000000000100
10430     1.0                     1    1   0000000000100
27763     1.0                     1    1   0000001000000
14573     1.0                     1    1   0000000000100
15568     1.0                     1    1   0000000000100
20032     1.0                     1    1   0000000000100
20557     1.0                     1    1   0000000000100
21457     1.0                     1    1   0000000000100
22793     1.0                     1    1   0000000000100
23829     1.0                     1    1   0000000000100
26578     1.0                     1    1   0000000000100
27259     1.0                     1    1   0000001000000
29226     1.0                     1    1   0000000000100
30533     1.0                     1    1   0000000000100
3352      1.0                     1    1   0000000001000
3709      1.0                     1    1   0000000001000
4530      1.0                     1    1   0000000001000
4567      1.0                     1    1   0000000001000
1026      1.0                     1    1   0000000001000
3409      1.0                     1    1   0000000001000
16916     1.0                     1    1   0000000001000
20092     1.0                     1    1   0000000001000
7998      1.0                     1    1   0000000001000
1271      1.0                     1    1   0000000100000
6401      1.0                     1    1   0000000100000
1292      1.0                     1    1   0000000100000
6319      1.0                     1    1   0000000100000
4479      1.0                     1    1   0000000100000
10170     1.0                     1    1   0000000100000
170       1.0                     1    1   0000000000001
30659     1.0                     1    1   0000000100000
5815      1.0                     1    1   0000000100000
20604     1.0                     1    1   0000000100000
28489     1.0                     1    1   0000000100000
22333     1.0                     1    1   0000000100000
964       1.0                     1    1   0001000000000
5814      1.0                     1    1   0001000000000
16057     1.0                     1    1   0001000000000
16833     1.0                     1    1   0001000000000
18963     1.0                     1    1   0001000000000
20732     1.0                     1    1   0001000000000
14094     1.0                     1    1   0001000000000
33769     1.0                     1    1   0001000000000
8982      1.0                     1    1   0001000000000
9101      1.0                     1    1   0001000000000
22196     1.0                     1    1   0000000000010
661       1.0                     1    1   0000000000010
4753      1.0                     1    1   0000000000010
4786      1.0                     1    1   0000000000010
5787      1.0                     1    1   0000000000010
5997      1.0                     1    1   0000000000010
26873     1.0                     1    1   0000000000010
13954     1.0                     1    1   0000000000010
2918      1.0                     1    1   0000000000010
16026     1.0                     1    1   0000000000010
7069      1.0                     1    1   0000000000010
4264      1.0                     1    1   0000000000010
