0    0    0
0    1    0.834999
0    2    0
0    3    0.988511
0    4    0.997003
0    5    0.88192
0    6    0.705821
0    7    0.627986
0    8    0
0    9    0.627986
0    10   0.988511
0    11   0.865224
0    12   0.869139
0    13   0
0    14   0
0    15   0
0    16   0.931686
1    0    0.634604
1    1    0
1    2    0
1    3    0.714239
1    4    0
1    5    0
1    6    0
1    7    0
1    8    0
1    9    0
1    10   0.714239
1    11   0
1    12   0
1    13   0.74364
1    14   0.754679
1    15   0.739602
1    16   0
2    0    0
2    1    0
2    2    0
2    3    0
2    4    0
2    5    0
2    6    0
2    7    0
2    8    0
2    9    0
2    10   0
2    11   0
2    12   0
2    13   0
2    14   0
2    15   0
2    16   0
3    0    0
3    1    0.790545
3    2    0
3    3    0.989885
3    4    0.943924
3    5    0.834968
3    6    0.668244
3    7    0.594553
3    8    0
3    9    0.594553
3    10   0.989885
3    11   0.81916
3    12   0.822867
3    13   0
3    14   0
3    15   0
3    16   0.882084
4    0    0
4    1    0.834163
4    2    0
4    3    0.998367
4    4    0.996005
4    5    0.881037
4    6    0.705115
4    7    0.627358
4    8    0
4    9    0.627358
4    10   0.998367
4    11   0.864357
4    12   0.868269
4    13   0
4    14   0
4    15   0
4    16   0.930753
5    0    0
5    1    0.834999
5    2    0
5    3    0.998691
5    4    0.997003
5    5    0.88192
5    6    0.705821
5    7    0.627986
5    8    0
5    9    0.627986
5    10   0.998691
5    11   0.865224
5    12   0.869139
5    13   0
5    14   0
5    15   0
5    16   0.931686
6    0    0.466432
6    1    0.831374
6    2    0
6    3    0.998228
6    4    0.992675
6    5    0.878092
6    6    0.702757
6    7    0.62526
6    8    0
6    9    0.62526
6    10   0.998228
6    11   0.861467
6    12   0.865365
6    13   0.546573
6    14   0.554687
6    15   0.543605
6    16   0.928684
7    0    0.466432
7    1    0.831374
7    2    0
7    3    0.998259
7    4    0.992675
7    5    0.878092
7    6    0.702757
7    7    0.62526
7    8    0
7    9    0.62526
7    10   0.998259
7    11   0.861467
7    12   0.865365
7    13   0.546573
7    14   0.554687
7    15   0.543605
7    16   0.928684
8    0    0
8    1    0
8    2    0
8    3    0.88961
8    4    0
8    5    0
8    6    0
8    7    0
8    8    0
8    9    0
8    10   0.88961
8    11   0
8    12   0
8    13   0
8    14   0
8    15   0
8    16   0
9    0    0
9    1    0
9    2    0.945814
9    3    0
9    4    0
9    5    0.919568
9    6    0
9    7    0.877576
9    8    0.875818
9    9    0.877576
9    10   0
9    11   0
9    12   0
9    13   0
9    14   0
9    15   0
9    16   0
