0    0    0.74542
0    1    0.834999
0    2    0
0    3    0.994755
0    4    0
0    5    0.88192
0    6    0.754399
0    7    0.886538
0    8    0
0    9    0.886538
0    10   0.994755
0    11   0.778869
0    12   0.782394
0    13   0.742835
0    14   0.753861
0    15   0.7388
0    16   0
1    0    0.74542
1    1    0.834999
1    2    0
1    3    0.994755
1    4    0
1    5    0.88192
1    6    0.754399
1    7    0.886538
1    8    0
1    9    0.886538
1    10   0.994755
1    11   0.778869
1    12   0.782394
1    13   0.742835
1    14   0.753861
1    15   0.7388
1    16   0
2    0    0
2    1    0
2    2    0
2    3    0
2    4    0
2    5    0
2    6    0
2    7    0
2    8    0
2    9    0
2    10   0
2    11   0
2    12   0
2    13   0
2    14   0
2    15   0
2    16   0
3    0    0.705735
3    1    0.790545
3    2    0
3    3    0.941795
3    4    0
3    5    0.834968
3    6    0.714236
3    7    0.972501
3    8    0.82718
3    9    0.972501
3    10   0.941795
3    11   0.737403
3    12   0.74074
3    13   0.703287
3    14   0.713727
3    15   0.699467
3    16   0
4    0    0
4    1    0
4    2    0
4    3    0
4    4    0.998
4    5    0
4    6    0
4    7    0.855293
4    8    0.853579
4    9    0.855293
4    10   0
4    11   0
4    12   0
4    13   0
4    14   0
4    15   0
4    16   0
5    0    0.74542
5    1    0.834999
5    2    0
5    3    0.994755
5    4    0
5    5    0.88192
5    6    0.754399
5    7    0.98547
5    8    0.870196
5    9    0.98547
5    10   0.994755
5    11   0.778869
5    12   0.782394
5    13   0.742835
5    14   0.753861
5    15   0.7388
5    16   0
6    0    0
6    1    0
6    2    0
6    3    0
6    4    0
6    5    0
6    6    0
6    7    0.87019
6    8    0.868447
6    9    0.87019
6    10   0
6    11   0
6    12   0
6    13   0
6    14   0
6    15   0
6    16   0.9975
7    0    0
7    1    0
7    2    0
7    3    0
7    4    0
7    5    0
7    6    0.815785
7    7    0.984888
7    8    0.87282
7    9    0.984888
7    10   0
7    11   0.842246
7    12   0.846057
7    13   0.803279
7    14   0.815203
7    15   0.798917
7    16   0
8    0    0
8    1    0
8    2    0
8    3    0
8    4    0
8    5    0
8    6    0
8    7    0.875448
8    8    0.873695
8    9    0.875448
8    10   0
8    11   0
8    12   0
8    13   0
8    14   0
8    15   0
8    16   0
9    0    0
9    1    0
9    2    0.945814
9    3    0
9    4    0
9    5    0.919568
9    6    0
9    7    0.87019
9    8    0.868447
9    9    0.87019
9    10   0
9    11   0
9    12   0
9    13   0
9    14   0
9    15   0
9    16   0
