0    0    0
0    1    0
0    2    0
0    3    0
0    4    0.954
0    5    0.856203
0    6    0
0    7    0
0    8    0
0    9    0
0    10   0
0    11   0.937657
0    12   0
0    13   0
0    14   0
0    15   0.940485
0    16   0.926437
1    0    0
1    1    0
1    2    0
1    3    0
1    4    0
1    5    0
1    6    0
1    7    0
1    8    0
1    9    0
1    10   0
1    11   0
1    12   0.999
1    13   0
1    14   0
1    15   0
1    16   0
2    0    0
2    1    0
2    2    0
2    3    0
2    4    0
2    5    0
2    6    0
2    7    0
2    8    0
2    9    0
2    10   0
2    11   0
2    12   0
2    13   0
2    14   0
2    15   0
2    16   0
3    0    0
3    1    0
3    2    0
3    3    0
3    4    0.900275
3    5    0.807986
3    6    0.809417
3    7    0
3    8    0
3    9    0
3    10   0
3    11   0.884853
3    12   0
3    13   0
3    14   0
3    15   0.887522
3    16   0.874265
4    0    0
4    1    0
4    2    0.766685
4    3    0
4    4    0.936841
4    5    0.840803
4    6    0
4    7    0.804934
4    8    0.802097
4    9    0.804934
4    10   0
4    11   0.920792
4    12   0
4    13   0.7463
4    14   0.757378
4    15   0.92357
4    16   0.909774
5    0    0
5    1    0
5    2    0
5    3    0
5    4    0.950103
5    5    0.852706
5    6    0
5    7    0.969211
5    8    0
5    9    0.969211
5    10   0
5    11   0.933827
5    12   0
5    13   0
5    14   0
5    15   0.936644
5    16   0.922653
6    0    0
6    1    0
6    2    0
6    3    0.8905
6    4    0.90753
6    5    0.814497
6    6    0
6    7    0
6    8    0
6    9    0
6    10   0.8905
6    11   0.891983
6    12   0
6    13   0
6    14   0
6    15   0.894674
6    16   0.88131
7    0    0
7    1    0
7    2    0
7    3    0.995503
7    4    0.959523
7    5    0.861159
7    6    0
7    7    0
7    8    0
7    9    0
7    10   0.995503
7    11   0.943085
7    12   0
7    13   0
7    14   0
7    15   0.94593
7    16   0.9318
8    0    0
8    1    0.400736
8    2    0
8    3    0.438389
8    4    0
8    5    0
8    6    0
8    7    0
8    8    0
8    9    0
8    10   0.438389
8    11   0
8    12   0
8    13   0
8    14   0
8    15   0
8    16   0
9    0    0.780736
9    1    0
9    2    0
9    3    0
9    4    0.96034
9    5    0.96627
9    6    0
9    7    0
9    8    0
9    9    0
9    10   0
9    11   0.943888
9    12   0
9    13   0
9    14   0
9    15   0.946736
9    16   0.932594
