0    0    0
0    1    0.834164
0    2    0.896019
0    3    0.997073
0    4    0.920637
0    5    0
0    6    0.94593
0    7    0.987796
0    8    0
0    9    0.987796
0    10   0.997073
0    11   0.853377
0    12   0.857238
0    13   0
0    14   0
0    15   0
0    16   0.9318
1    0    0
1    1    0
1    2    0
1    3    0
1    4    0
1    5    0
1    6    0
1    7    0.8875
1    8    0
1    9    0.8875
1    10   0
1    11   0
1    12   0
1    13   0
1    14   0
1    15   0
1    16   0
2    0    0
2    1    0
2    2    0
2    3    0
2    4    0
2    5    0
2    6    0
2    7    0
2    8    0
2    9    0
2    10   0
2    11   0
2    12   0
2    13   0
2    14   0
2    15   0
2    16   0
3    0    0
3    1    0.789754
3    2    0.848316
3    3    0.990325
3    4    0.871623
3    5    0
3    6    0.89557
3    7    0.935207
3    8    0
3    9    0.935207
3    10   0.990325
3    11   0.807944
3    12   0.8116
3    13   0
3    14   0
3    15   0
3    16   0.882192
4    0    0
4    1    0.733053
4    2    0
4    3    0.886327
4    4    0.74687
4    5    0
4    6    0
4    7    0
4    8    0
4    9    0
4    10   0.886327
4    11   0
4    12   0
4    13   0
4    14   0
4    15   0
4    16   0
5    0    0
5    1    0.833329
5    2    0.895123
5    3    0.998621
5    4    0.919716
5    5    0
5    6    0.944983
5    7    0.986807
5    8    0
5    9    0.986807
5    10   0.998621
5    11   0.852523
5    12   0.85638
5    13   0
5    14   0
5    15   0
5    16   0.930868
6    0    0
6    1    0.834164
6    2    0.896019
6    3    0.99873
6    4    0.920637
6    5    0
6    6    0.94593
6    7    0.987796
6    8    0
6    9    0.987796
6    10   0.99873
6    11   0.853377
6    12   0.857238
6    13   0
6    14   0
6    15   0
6    16   0.9318
7    0    0
7    1    0.834164
7    2    0.896019
7    3    0.998739
7    4    0.920637
7    5    0
7    6    0.94593
7    7    0.987796
7    8    0
7    9    0.987796
7    10   0.998739
7    11   0.853377
7    12   0.857238
7    13   0
7    14   0
7    15   0
7    16   0.9318
8    0    0
8    1    0
8    2    0
8    3    0
8    4    0
8    5    0
8    6    0
8    7    0
8    8    0
8    9    0
8    10   0
8    11   0
8    12   0
8    13   0
8    14   0
8    15   0.737636
8    16   0
9    0    0.729105
9    1    0.832378
9    2    0
9    3    0.88419
9    4    0.848066
9    5    0.967759
9    6    0
9    7    0
9    8    0.995503
9    9    0
9    10   0.88419
9    11   0
9    12   0
9    13   0.854379
9    14   0.867061
9    15   0
9    16   0
