0    0    0
0    1    0
0    2    0
0    3    0
0    4    0
0    5    0
0    6    0
0    7    0
0    8    0
0    9    0
0    10   0
0    11   0.9945
0    12   0
0    13   0
0    14   0
0    15   0
0    16   0
1    0    0
1    1    0
1    2    0
1    3    0.645002
1    4    0
1    5    0
1    6    0
1    7    0.99176
1    8    0
1    9    0.99176
1    10   0.645002
1    11   0
1    12   0
1    13   0
1    14   0
1    15   0
1    16   0
2    0    0
2    1    0
2    2    0
2    3    0
2    4    0
2    5    0
2    6    0
2    7    0
2    8    0
2    9    0
2    10   0
2    11   0
2    12   0
2    13   0
2    14   0
2    15   0
2    16   0
3    0    0
3    1    0
3    2    0
3    3    0.842248
3    4    0
3    5    0
3    6    0.809417
3    7    0
3    8    0
3    9    0
3    10   0.842248
3    11   0
3    12   0
3    13   0
3    14   0
3    15   0
3    16   0
4    0    0.762403
4    1    0.733053
4    2    0.607037
4    3    0.949549
4    4    0
4    5    0
4    6    0
4    7    0.71245
4    8    0.796722
4    9    0.71245
4    10   0.949549
4    11   0
4    12   0.690919
4    13   0.590897
4    14   0.599669
4    15   0
4    16   0.751015
5    0    0.944983
5    1    0.833789
5    2    0.752411
5    3    0.967379
5    4    0
5    5    0
5    6    0
5    7    0.883068
5    8    0.987521
5    9    0.883068
5    10   0.967379
5    11   0
5    12   0.85638
5    13   0.732405
5    14   0.743277
5    15   0
5    16   0.930868
6    0    0.94593
6    1    0.834625
6    2    0.753165
6    3    0.967429
6    4    0
6    5    0
6    6    0
6    7    0.883953
6    8    0.988511
6    9    0.883953
6    10   0.967429
6    11   0
6    12   0.857238
6    13   0.733139
6    14   0.744022
6    15   0
6    16   0.9318
7    0    0.94593
7    1    0.834625
7    2    0.753165
7    3    0.967508
7    4    0
7    5    0
7    6    0
7    7    0.883953
7    8    0.988511
7    9    0.883953
7    10   0.967508
7    11   0
7    12   0.857238
7    13   0.733139
7    14   0.744022
7    15   0
7    16   0.9318
8    0    0
8    1    0
8    2    0
8    3    0
8    4    0
8    5    0
8    6    0
8    7    0
8    8    0
8    9    0
8    10   0
8    11   0
8    12   0
8    13   0
8    14   0
8    15   0.737636
8    16   0
9    0    0.946791
9    1    0.835824
9    2    0.753851
9    3    0.952658
9    4    0.959523
9    5    0.967759
9    6    0
9    7    0.884758
9    8    0.989411
9    9    0.884758
9    10   0.952658
9    11   0
9    12   0.858019
9    13   0.733807
9    14   0.7447
9    15   0
9    16   0.932649
