0    0    0.74542
0    1    0.834999
0    2    0
0    3    0.996002
0    4    0.997003
0    5    0.88192
0    6    0.600217
0    7    0.940979
0    8    0.872713
0    9    0.940979
0    10   0.996002
0    11   0.865224
0    12   0.869139
0    13   0.742806
0    14   0.753832
0    15   0.738771
0    16   0
1    0    0.74542
1    1    0.834999
1    2    0
1    3    0.996002
1    4    0.997003
1    5    0.88192
1    6    0.600217
1    7    0.940979
1    8    0.872713
1    9    0.940979
1    10   0.996002
1    11   0.865224
1    12   0.869139
1    13   0.742806
1    14   0.753832
1    15   0.738771
1    16   0
2    0    0
2    1    0
2    2    0
2    3    0
2    4    0
2    5    0
2    6    0
2    7    0
2    8    0
2    9    0
2    10   0
2    11   0
2    12   0
2    13   0
2    14   0
2    15   0
2    16   0
3    0    0.705735
3    1    0.790545
3    2    0
3    3    0.99027
3    4    0.943924
3    5    0.834968
3    6    0.568262
3    7    0.890882
3    8    0.826251
3    9    0.890882
3    10   0.99027
3    11   0.81916
3    12   0.822867
3    13   0.703259
3    14   0.713699
3    15   0.69944
3    16   0
4    0    0.744674
4    1    0.834163
4    2    0
4    3    0.998546
4    4    0.996005
4    5    0.881037
4    6    0.599616
4    7    0.940037
4    8    0.87184
4    9    0.940037
4    10   0.998546
4    11   0.864357
4    12   0.868269
4    13   0.742062
4    14   0.753077
4    15   0.738032
4    16   0
5    0    0.74542
5    1    0.834999
5    2    0
5    3    0.998728
5    4    0.997003
5    5    0.88192
5    6    0.600217
5    7    0.940979
5    8    0.872713
5    9    0.940979
5    10   0.998728
5    11   0.865224
5    12   0.869139
5    13   0.742806
5    14   0.753832
5    15   0.738771
5    16   0
6    0    0
6    1    0
6    2    0
6    3    0.889675
6    4    0
6    5    0
6    6    0.650056
6    7    0.944835
6    8    0.869902
6    9    0.944835
6    10   0.889675
6    11   0
6    12   0
6    13   0.804484
6    14   0.816426
6    15   0.800115
6    16   0
7    0    0
7    1    0
7    2    0
7    3    0.890264
7    4    0
7    5    0
7    6    0.650056
7    7    0.944835
7    8    0.869902
7    9    0.944835
7    10   0.890264
7    11   0
7    12   0
7    13   0.804484
7    14   0.816426
7    15   0.800115
7    16   0
8    0    0
8    1    0
8    2    0
8    3    0.88961
8    4    0
8    5    0
8    6    0
8    7    0
8    8    0
8    9    0
8    10   0.88961
8    11   0
8    12   0
8    13   0
8    14   0
8    15   0
8    16   0
9    0    0
9    1    0
9    2    0.945814
9    3    0
9    4    0
9    5    0.919568
9    6    0
9    7    0
9    8    0
9    9    0
9    10   0
9    11   0
9    12   0
9    13   0
9    14   0
9    15   0
9    16   0.935
