0    0    0.74542
0    1    0
0    2    0
0    3    0.988511
0    4    0
0    5    0.88192
0    6    0
0    7    0.886503
0    8    0
0    9    0.886503
0    10   0.988511
0    11   0.664785
0    12   0.667793
0    13   0
0    14   0.780201
0    15   0
0    16   0
1    0    0.74542
1    1    0
1    2    0
1    3    0.988511
1    4    0
1    5    0.88192
1    6    0
1    7    0.886503
1    8    0
1    9    0.886503
1    10   0.988511
1    11   0.664785
1    12   0.667793
1    13   0
1    14   0.780201
1    15   0
1    16   0
2    0    0
2    1    0
2    2    0
2    3    0
2    4    0
2    5    0
2    6    0
2    7    0
2    8    0
2    9    0
2    10   0
2    11   0
2    12   0
2    13   0
2    14   0
2    15   0
2    16   0
3    0    0.705735
3    1    0
3    2    0
3    3    0.935883
3    4    0
3    5    0.834968
3    6    0
3    7    0.839307
3    8    0
3    9    0.839307
3    10   0.935883
3    11   0.629392
3    12   0.63224
3    13   0
3    14   0.875751
3    15   0
3    16   0
4    0    0
4    1    0.91
4    2    0
4    3    0
4    4    0
4    5    0
4    6    0
4    7    0
4    8    0
4    9    0
4    10   0
4    11   0
4    12   0
4    13   0
4    14   0.862399
4    15   0
4    16   0
5    0    0.74542
5    1    0
5    2    0
5    3    0.988511
5    4    0
5    5    0.88192
5    6    0
5    7    0.886503
5    8    0
5    9    0.886503
5    10   0.988511
5    11   0.664785
5    12   0.667793
5    13   0
5    14   0.883088
5    15   0
5    16   0
6    0    0
6    1    0
6    2    0
6    3    0.9975
6    4    0
6    5    0
6    6    0
6    7    0
6    8    0
6    9    0
6    10   0.9975
6    11   0
6    12   0
6    13   0
6    14   0.87742
6    15   0
6    16   0
7    0    0
7    1    0
7    2    0
7    3    0
7    4    0
7    5    0
7    6    0.852642
7    7    0.989223
7    8    0.843321
7    9    0.989223
7    10   0
7    11   0
7    12   0
7    13   0.839571
7    14   0.876484
7    15   0.835012
7    16   0
8    0    0
8    1    0
8    2    0
8    3    0
8    4    0
8    5    0
8    6    0
8    7    0
8    8    0
8    9    0
8    10   0
8    11   0
8    12   0
8    13   0
8    14   0.882722
8    15   0
8    16   0
9    0    0
9    1    0
9    2    0.945814
9    3    0
9    4    0
9    5    0.919568
9    6    0
9    7    0.512844
9    8    0
9    9    0.512844
9    10   0
9    11   0
9    12   0
9    13   0
9    14   0.451348
9    15   0
9    16   0.883382
