0    0    0
0    1    0.834999
0    2    0
0    3    0.988511
0    4    0.997003
0    5    0.658059
0    6    0.94593
0    7    0.841617
0    8    0
0    9    0.841617
0    10   0.988511
0    11   0.865224
0    12   0.869139
0    13   0
0    14   0
0    15   0
0    16   0.930868
1    0    0.634604
1    1    0.392477
1    2    0
1    3    0.768013
1    4    0.468624
1    5    0.309309
1    6    0.444618
1    7    0.395588
1    8    0
1    9    0.395588
1    10   0.768013
1    11   0.406683
1    12   0.408524
1    13   0.74364
1    14   0.754679
1    15   0
1    16   0.438415
2    0    0
2    1    0
2    2    0
2    3    0
2    4    0
2    5    0
2    6    0
2    7    0
2    8    0
2    9    0
2    10   0
2    11   0
2    12   0
2    13   0
2    14   0
2    15   0
2    16   0
3    0    0
3    1    0.790545
3    2    0
3    3    0.989885
3    4    0.943924
3    5    0.623025
3    6    0.89557
3    7    0.79681
3    8    0
3    9    0.79681
3    10   0.989885
3    11   0.81916
3    12   0.822867
3    13   0
3    14   0
3    15   0
3    16   0.88131
4    0    0
4    1    0.834163
4    2    0
4    3    0.998367
4    4    0.996005
4    5    0.657401
4    6    0.944983
4    7    0.840774
4    8    0
4    9    0.840774
4    10   0.998367
4    11   0.864357
4    12   0.868269
4    13   0
4    14   0
4    15   0
4    16   0.929937
5    0    0
5    1    0.73232
5    2    0
5    3    0.984839
5    4    0.874403
5    5    0.577139
5    6    0.82961
5    7    0.738124
5    8    0
5    9    0.738124
5    10   0.984839
5    11   0.758828
5    12   0.762262
5    13   0
5    14   0
5    15   0
5    16   0.818036
6    0    0
6    1    0.834999
6    2    0
6    3    0.99867
6    4    0.997003
6    5    0.658059
6    6    0.94593
6    7    0.841617
6    8    0
6    9    0.841617
6    10   0.99867
6    11   0.865224
6    12   0.869139
6    13   0
6    14   0
6    15   0
6    16   0.930868
7    0    0
7    1    0.827491
7    2    0
7    3    0.997732
7    4    0.988038
7    5    0.652142
7    6    0.937424
7    7    0.834049
7    8    0.995503
7    9    0.834049
7    10   0.997732
7    11   0.857443
7    12   0.861323
7    13   0
7    14   0
7    15   0.914751
7    16   0.924346
8    0    0
8    1    0
8    2    0
8    3    0.88961
8    4    0
8    5    0
8    6    0
8    7    0
8    8    0
8    9    0
8    10   0.88961
8    11   0
8    12   0
8    13   0
8    14   0
8    15   0
8    16   0
9    0    0.410355
9    1    0.253788
9    2    0.945814
9    3    0.496621
9    4    0.303027
9    5    0.930406
9    6    0.287504
9    7    0.87796
9    8    0
9    9    0.87796
9    10   0.496621
9    11   0.262974
9    12   0.264164
9    13   0.480861
9    14   0.487999
9    15   0
9    16   0.283493
