#s   t    P_ref      d=0.05                d=0.1                 d=0.15                d=0.2                 d=0.25                d=0.3                 d=0.35                d=0.4                 d=0.45                d=0.5                 
0    0    0.74542    0.0                   0.0                   -0.038647             -0.038647             -0.038647             -0.74542              -0.74542              -0.74542              -0.74542              -0.74542              
0    1    0.834999   0.0                   0.0                   -0.0432910000000001   -0.0432910000000001   -0.0432910000000001   -0.834999             -0.834999             -0.834999             -0.834999             -0.834999             
0    3    0.988511   0.0                   0.0                   0.0                   0.00607999999999997   0.00607999999999997   0.010489              0.010489              0.010489              0.010489              0.010489              
0    4    0.997003   0.0                   0.0                   0.0                   0.0                   -0.117035             -0.997003             -0.997003             -0.997003             -0.997003             -0.997003             
0    5    0.88192    0.0                   0.068257              0.068257              0.0                   0.0                   -0.88192              -0.88192              -0.88192              -0.88192              -0.88192              
0    6    0.66679    0.0                   0.0                   0.036461              0.036461              0.036461              -0.66679              -0.66679              -0.66679              -0.66679              -0.66679              
0    7    0.948421   0.0200020000000001    0.0200020000000001    0.0200020000000001    -0.0739559999999999   0.042347              -0.948421             -0.948421             -0.948421             -0.948421             -0.948421             
0    8    0.872713   0.0                   0.0                   0.0                   0.0                   0.116071              -0.872713             -0.872713             -0.872713             -0.872713             -0.872713             
0    9    0.948421   0.0200020000000001    0.0200020000000001    0.0200020000000001    -0.0739559999999999   0.042347              -0.948421             -0.948421             -0.948421             -0.948421             -0.948421             
0    10   0.988511   0.0                   0.0                   0.0                   0.00607999999999997   0.00607999999999997   0.010489              0.010489              0.010489              0.010489              0.010489              
0    11   0.778839   0.0                   0.0                   -0.778839             -0.778839             -0.778839             -0.778839             -0.778839             -0.778839             -0.778839             -0.778839             
0    12   0.782363   0.0                   0.0                   0.0                   -0.782363             -0.782363             -0.782363             -0.782363             -0.782363             -0.782363             -0.782363             
0    13   0.742806   0.0                   -0.742806             -0.0217889999999999   -0.742806             -0.742806             -0.742806             -0.742806             -0.742806             -0.742806             -0.742806             
0    14   0.753832   0.0                   0.0                   0.0                   -0.753832             -0.753832             -0.753832             -0.753832             -0.753832             -0.753832             -0.753832             
0    15   0.738771   0.0                   0.0                   0.0                   -0.738771             -0.738771             -0.738771             -0.738771             -0.738771             -0.738771             -0.738771             
0    16   0.75437    -0.161111             -0.161111             -0.128671             -0.128671             -0.128671             -0.75437              -0.75437              -0.75437              -0.75437              -0.75437              
1    0    0.74542    0.0                   0.0                   -0.038647             -0.038647             -0.038647             -0.038647             0.063708              0.063708              0.063708              0.063708              
1    1    0.834999   0.0                   0.0                   -0.0432910000000001   -0.0432910000000001   -0.0432910000000001   -0.0432910000000001   -0.834999             -0.834999             -0.0944160000000001   -0.0944010000000001   
1    3    0.988511   0.0                   0.0                   0.0                   0.00607999999999997   0.00607999999999997   -0.409433             -0.409433             -0.409433             -0.409433             -0.4669               
1    4    0.997003   0.0                   0.0                   0.0                   0.0                   -0.117035             -0.117035             -0.117035             -0.053457             -0.053457             -0.053457             
1    5    0.88192    0.0                   0.068257              0.068257              0.0                   0.0                   0.0                   0.0                   -0.0594250000000001   -0.163471             -0.163457             
1    6    0.66679    0.0                   0.0                   0.036461              0.036461              0.036461              0.036461              0.036461              0.036461              0.036461              0.036461              
1    7    0.948421   0.0200020000000001    0.0200020000000001    0.0200020000000001    -0.0739559999999999   0.042347              0.042347              0.042347              0.042347              0.042347              0.042347              
1    8    0.872713   0.0                   0.0                   0.0                   0.0                   0.116071              0.116071              0.116071              0.116071              0.116071              0.116071              
1    9    0.948421   0.0200020000000001    0.0200020000000001    0.0200020000000001    -0.0739559999999999   0.042347              0.042347              0.042347              0.042347              0.042347              0.042347              
1    10   0.988511   0.0                   0.0                   0.0                   0.00607999999999997   0.00607999999999997   -0.409433             -0.409433             -0.409433             -0.409433             -0.4669               
1    11   0.778839   0.0                   0.0                   -0.778839             -0.778839             -0.778839             -0.778839             -0.778839             -0.778839             -0.778839             -0.778839             
1    12   0.782363   0.0                   0.0                   0.0                   -0.782363             -0.782363             -0.782363             -0.782363             -0.782363             -0.782363             -0.782363             
1    13   0.742806   0.0                   -0.742806             -0.0217889999999999   -0.742806             -0.742806             -0.742806             -0.742806             -0.742806             -0.742806             -0.742806             
1    14   0.753832   0.0                   0.0                   0.0                   -0.753832             -0.753832             -0.753832             -0.753832             -0.753832             -0.753832             -0.753832             
1    15   0.738771   0.0                   0.0                   0.0                   -0.738771             -0.738771             -0.738771             -0.738771             -0.738771             -0.738771             -0.738771             
1    16   0.75437    -0.161111             -0.161111             -0.128671             -0.128671             -0.128671             -0.128671             -0.128671             -0.128671             -0.128671             -0.128671             
3    0    0.705735   0.0                   0.0                   -0.03659              -0.03659              -0.03659              -0.03659              0.060316              0.060316              0.060316              0.060316              
3    1    0.790545   0.0                   0.0                   -0.0409870000000001   -0.0409870000000001   -0.0409870000000001   -0.0409870000000001   -0.790545             -0.790545             -0.0893900000000001   -0.089376             
3    3    0.989885   0.0                   0.0                   0.0                   0.000311999999999979  0.000311999999999979  -0.11793              -0.11793              -0.11793              -0.11793              -0.120878             
3    4    0.943924   0.0                   0.0                   0.0                   0.0                   -0.110805             -0.110805             -0.110805             -0.050612             -0.050612             -0.050612             
3    5    0.834968   0.0                   0.064622              0.064622              0.0                   0.0                   0.0                   0.0                   -0.056262             -0.154768             -0.154755             
3    6    0.631291   0.0                   0.0                   0.03452               0.03452               0.03452               0.03452               0.03452               0.03452               0.03452               0.03452               
3    7    0.897928   0.0189370000000001    0.0189370000000001    0.0189370000000001    -0.0700189999999999   0.040093              0.040093              0.040093              0.040093              0.040093              0.040093              
3    8    0.826251   0.0                   0.0                   0.0                   0.0                   0.109891              0.109891              0.109891              0.109891              0.109891              0.109891              
3    9    0.897928   0.0189370000000001    0.0189370000000001    0.0189370000000001    -0.0700189999999999   0.040093              0.040093              0.040093              0.040093              0.040093              0.040093              
3    10   0.989885   0.0                   0.0                   0.0                   0.000311999999999979  0.000311999999999979  -0.11793              -0.11793              -0.11793              -0.11793              -0.120878             
3    11   0.737374   0.0                   0.0                   -0.737374             -0.737374             -0.737374             -0.737374             -0.737374             -0.737374             -0.737374             -0.737374             
3    12   0.740711   0.0                   0.0                   0.0                   -0.740711             -0.740711             -0.740711             -0.740711             -0.740711             -0.740711             -0.740711             
3    13   0.703259   0.0                   -0.703259             -0.020629             -0.703259             -0.703259             -0.703259             -0.703259             -0.703259             -0.703259             -0.703259             
3    14   0.713699   0.0                   0.0                   0.0                   -0.713699             -0.713699             -0.713699             -0.713699             -0.713699             -0.713699             -0.713699             
3    15   0.69944    0.0                   0.0                   0.0                   -0.69944              -0.69944              -0.69944              -0.69944              -0.69944              -0.69944              -0.69944              
3    16   0.714208   -0.152533             -0.152533             -0.12182              -0.12182              -0.12182              -0.12182              -0.12182              -0.12182              -0.12182              -0.12182              
4    0    0.744674   0.0                   0.0                   -0.038608             -0.038608             -0.038608             -0.038608             0.063644              0.063644              0.063644              0.063644              
4    1    0.834163   0.0                   0.0                   -0.043248             -0.043248             -0.043248             -0.043248             -0.834163             -0.834163             -0.094321             -0.094307             
4    3    0.998367   0.0                   0.0                   0.0                   0.000145999999999979  0.000145999999999979  -0.115355             -0.115355             -0.115355             -0.115355             -0.116733             
4    4    0.996005   0.0                   0.0                   0.0                   0.0                   -0.116918             -0.116918             -0.116918             -0.053404             -0.053404             -0.053404             
4    5    0.881037   0.0                   0.0681890000000001    0.0681890000000001    0.0                   0.0                   0.0                   0.0                   -0.059365             -0.163307             -0.163293             
4    6    0.666123   0.0                   0.0                   0.036424              0.036424              0.036424              0.036424              0.036424              0.036424              0.036424              0.036424              
4    7    0.947471   0.0199830000000001    0.0199830000000001    0.0199830000000001    -0.073881             0.0423060000000001    0.0423060000000001    0.0423060000000001    0.0423060000000001    0.0423060000000001    0.0423060000000001    
4    8    0.87184    0.0                   0.0                   0.0                   0.0                   0.115954              0.115954              0.115954              0.115954              0.115954              0.115954              
4    9    0.947471   0.0199830000000001    0.0199830000000001    0.0199830000000001    -0.073881             0.0423060000000001    0.0423060000000001    0.0423060000000001    0.0423060000000001    0.0423060000000001    0.0423060000000001    
4    10   0.998367   0.0                   0.0                   0.0                   0.000145999999999979  0.000145999999999979  -0.115355             -0.115355             -0.115355             -0.115355             -0.116733             
4    11   0.778059   0.0                   0.0                   -0.778059             -0.778059             -0.778059             -0.778059             -0.778059             -0.778059             -0.778059             -0.778059             
4    12   0.78158    0.0                   0.0                   0.0                   -0.78158              -0.78158              -0.78158              -0.78158              -0.78158              -0.78158              -0.78158              
4    13   0.742062   0.0                   -0.742062             -0.021767             -0.742062             -0.742062             -0.742062             -0.742062             -0.742062             -0.742062             -0.742062             
4    14   0.753077   0.0                   0.0                   0.0                   -0.753077             -0.753077             -0.753077             -0.753077             -0.753077             -0.753077             -0.753077             
4    15   0.738032   0.0                   0.0                   0.0                   -0.738032             -0.738032             -0.738032             -0.738032             -0.738032             -0.738032             -0.738032             
4    16   0.753615   -0.160949             -0.160949             -0.128542             -0.128542             -0.128542             -0.128542             -0.128542             -0.128542             -0.128542             -0.128542             
5    0    0.74542    0.0                   0.0                   -0.038647             -0.038647             -0.038647             -0.038647             0.063708              0.063708              0.063708              0.063708              
5    1    0.834999   0.0                   0.0                   -0.0432910000000001   -0.0432910000000001   -0.0432910000000001   -0.0432910000000001   -0.834999             -0.834999             -0.093712             -0.093712             
5    3    0.998691   -0.01018              -0.01018              -0.01018              -0.00409999999999999  -0.00409999999999999  -0.419613             -0.419613             -0.419613             -0.418569             -0.427282             
5    4    0.997003   0.0                   0.0                   0.0                   0.0                   -0.117035             -0.117035             -0.117035             -0.053457             -0.053457             -0.053457             
5    5    0.88192    0.0                   0.077862              0.077862              0.0775199999999999    0.0775199999999999    0.0775199999999999    0.0775199999999999    0.069093              0.054376              0.054377              
5    6    0.66679    0.0                   0.0                   0.036461              0.036461              0.036461              0.036461              0.036461              0.036461              0.036461              0.036461              
5    7    0.948421   0.033015              0.033015              0.033015              0.032545              0.0501790000000001    0.0501790000000001    0.0501790000000001    0.0501790000000001    0.042347              0.042347              
5    8    0.872713   0.0                   0.0                   0.0                   0.0                   0.116071              0.116071              0.116071              0.116071              0.116071              0.116071              
5    9    0.948421   0.033015              0.033015              0.033015              0.032545              0.0501790000000001    0.0501790000000001    0.0501790000000001    0.0501790000000001    0.042347              0.042347              
5    10   0.998691   -0.01018              -0.01018              -0.01018              -0.00409999999999999  -0.00409999999999999  -0.419613             -0.419613             -0.419613             -0.418569             -0.427282             
5    11   0.778839   0.100952              0.100952              -0.778839             -0.778839             -0.778839             -0.778839             -0.778839             -0.778839             -0.778839             -0.778839             
5    12   0.782363   0.101409              0.101409              0.101409              0.097498              0.097498              0.097498              0.097498              0.097498              0.097498              0.097498              
5    13   0.742806   0.0962810000000001    -0.742806             0.0716680000000001    0.068063              0.068063              0.068063              0.068063              0.068063              0.068063              0.068063              
5    14   0.753832   0.0977110000000001    0.0977110000000001    0.0977110000000001    0.0939420000000001    0.0939420000000001    0.0939420000000001    0.0939420000000001    0.0939420000000001    0.0939420000000001    0.0939420000000001    
5    15   0.738771   0.095759              0.095759              0.095759              0.0920660000000001    0.0920660000000001    0.0920660000000001    0.0920660000000001    0.0920660000000001    0.0920660000000001    0.0920660000000001    
5    16   0.75437    -0.161111             -0.161111             -0.128671             -0.128671             -0.128671             -0.128671             -0.128671             -0.128671             -0.128671             -0.128671             
6    3    0.884267   0.00405800000000001   0.00405800000000001   0.00405800000000001   0.00405800000000001   0.00405800000000001   0.00405800000000001   0.00405800000000001   0.00405800000000001   0.0                   0.0                   
6    4    0.0        0.0                   0.0                   0.0                   0.0                   0.877133              0.877133              0.877133              0.0                   0.0                   0.0                   
6    5    0.0        0.0                   0.739529              0.739529              0.0                   0.0                   0.0                   0.0                   0.819845              0.0                   0.0                   
6    7    0.871647   0.0936560000000001    0.0936560000000001    0.0936560000000001    0.0                   -0.871647             -0.871647             -0.871647             -0.871647             0.127353              0.127353              
6    8    0.869902   0.0                   0.0                   0.0                   0.0                   -0.869902             -0.869902             -0.869902             -0.869902             -0.869902             -0.869902             
6    9    0.871647   0.0936560000000001    0.0936560000000001    0.0936560000000001    0.0                   -0.871647             -0.871647             -0.871647             -0.871647             0.127353              0.127353              
6    10   0.884267   0.00405800000000001   0.00405800000000001   0.00405800000000001   0.00405800000000001   0.00405800000000001   0.00405800000000001   0.00405800000000001   0.00405800000000001   0.0                   0.0                   
6    11   0.843509   -0.0671799999999999   -0.0671799999999999   -0.843509             -0.843509             -0.843509             -0.843509             -0.843509             -0.843509             -0.843509             -0.843509             
6    12   0.847326   -0.067484             -0.067484             -0.067484             -0.847326             -0.847326             -0.847326             -0.847326             -0.847326             -0.847326             -0.847326             
6    13   0.804484   -0.064072             -0.804484             -0.085791             -0.804484             -0.804484             -0.804484             -0.804484             -0.804484             -0.804484             -0.804484             
6    14   0.816426   -0.0650229999999999   -0.0650229999999999   -0.0650229999999999   -0.816426             -0.816426             -0.816426             -0.816426             -0.816426             -0.816426             -0.816426             
6    15   0.800115   -0.063724             -0.063724             -0.063724             -0.800115             -0.800115             -0.800115             -0.800115             -0.800115             -0.800115             -0.800115             
6    16   0.817008   -0.817008             -0.817008             -0.817008             -0.817008             -0.817008             -0.817008             -0.817008             -0.817008             -0.817008             -0.817008             
7    0    0.0        0.0                   0.0                   0.0                   0.0                   0.0                   0.706773              0.809128              0.809128              0.809128              0.809128              
7    1    0.0        0.0                   0.0                   0.0                   0.0                   0.0                   0.791708              0.0                   0.0                   0.740583              0.740598              
7    3    0.888719   0.00115899999999991   0.00115899999999991   0.00115899999999991   0.0                   0.0                   0.00115799999999999   0.00115799999999999   0.00115799999999999   0.00115799999999999   0.00104300000000002   
7    4    0.0        0.0                   0.0                   0.0                   0.0                   0.0                   0.879968              0.879968              0.943546              0.943546              0.943546              
7    5    0.0        0.0                   0.739529              0.739529              0.742753              0.742753              0.88192               0.88192               0.822495              0.718449              0.718463              
7    6    0.0        0.0                   0.0                   0.0                   0.0                   0.0                   0.703251              0.703251              0.703251              0.703251              0.703251              
7    7    0.871647   0.0936560000000001    0.0936560000000001    0.0936560000000001    -0.116429             -0.116429             0.119121              0.119121              0.119121              0.119121              0.119121              
7    8    0.869902   0.0                   0.0                   0.0                   -0.869902             -0.869902             0.118882              0.118882              0.118882              0.118882              0.118882              
7    9    0.871647   0.0936560000000001    0.0936560000000001    0.0936560000000001    -0.116429             -0.116429             0.119121              0.119121              0.119121              0.119121              0.119121              
7    10   0.888719   0.00115899999999991   0.00115899999999991   0.00115899999999991   0.0                   0.0                   0.00115799999999999   0.00115799999999999   0.00115799999999999   0.00115799999999999   0.00104300000000002   
7    11   0.843509   -0.0671799999999999   -0.0671799999999999   -0.843509             -0.843509             -0.843509             -0.843509             -0.843509             -0.843509             -0.843509             -0.843509             
7    12   0.847326   -0.067484             -0.067484             -0.067484             -0.064084             -0.064084             -0.847326             -0.847326             -0.847326             -0.847326             -0.847326             
7    13   0.804484   -0.064072             -0.804484             -0.085791             -0.082657             -0.082657             -0.804484             -0.804484             -0.804484             -0.804484             -0.804484             
7    14   0.816426   -0.0650229999999999   -0.0650229999999999   -0.0650229999999999   -0.061747             -0.061747             -0.816426             -0.816426             -0.816426             -0.816426             -0.816426             
7    15   0.800115   -0.063724             -0.063724             -0.063724             -0.060513             -0.060513             -0.800115             -0.800115             -0.800115             -0.800115             -0.800115             
7    16   0.817008   -0.817008             -0.817008             -0.817008             -0.817008             -0.817008             -0.191309             -0.191309             -0.191309             -0.191309             -0.191309             
8    3    0.88961    0.0                   0.0                   0.0                   0.0                   0.0                   0.0                   0.0                   0.0                   0.0                   0.0                   
8    10   0.88961    0.0                   0.0                   0.0                   0.0                   0.0                   0.0                   0.0                   0.0                   0.0                   0.0                   
9    2    0.945814   0.0                   0.0                   0.0                   0.0                   0.0                   0.0                   0.0                   0.0                   0.0                   0.0                   
9    3    0.884267   0.0                   0.0                   0.0                   0.0                   0.0                   0.0                   0.0                   0.0                   0.0                   0.0                   
9    5    0.919568   0.0                   -0.919568             -0.919568             -0.919568             -0.919568             -0.919568             -0.919568             -0.919568             -0.919568             -0.919568             
9    10   0.884267   0.0                   0.0                   0.0                   0.0                   0.0                   0.0                   0.0                   0.0                   0.0                   0.0                   
9    11   0.0        0.0                   0.0                   0.9945                0.9945                0.9945                0.9945                0.9945                0.9945                0.9945                0.9945                
9    13   0.0        0.0                   0.920667              0.0                   0.0                   0.0                   0.0                   0.0                   0.0                   0.0                   0.0                   
