#s   t    P_ref      d=0.05                d=0.1                 d=0.15                d=0.2                 d=0.25                d=0.3                 d=0.35                d=0.4                 d=0.45                d=0.5                 
0    0    0.74542    0.0                   -0.74542              -0.74542              -0.058674000000000004 -0.74542              -0.74542              -0.74542              -0.74542              -0.74542              -0.74542              
0    1    0.834999   0.0                   0.0                   0.0                   0.0                   -0.0008350000000000302-0.834999             -0.834999             -0.834999             0.123286              0.06371499999999997   
0    3    0.988511   0.007491000000000025  0.0                   0.0                   0.008114999999999983  0.008561999999999959  -0.988511             -0.988511             -0.988511             -0.988511             -0.172778             
0    4    0.997003   0.0                   0.0                   0.0                   -0.997003             -0.07636599999999993  -0.997003             -0.997003             -0.04300300000000001  -0.997003             -0.997003             
0    5    0.88192    0.0                   0.0                   -0.2238610000000001   -0.2238610000000001   -0.88192              -0.88192              -0.88192              -0.02571699999999999  -0.02571699999999999  -0.02571699999999999  
0    6    0.66679    -0.066573             0.03903100000000004   0.27914000000000005   0.27914000000000005   0.27914000000000005   -0.66679              -0.66679              -0.66679              -0.66679              -0.66679              
0    7    0.948421   -0.007441999999999949 -0.3204349999999999   -0.10680400000000001  0.03937500000000005   0.03937500000000005   -0.948421             -0.948421             -0.948421             0.041849000000000025  0.04414000000000007   
0    8    0.872713   0.0                   -0.872713             -0.872713             -0.872713             -0.872713             -0.872713             -0.872713             -0.872713             -0.872713             -0.872713             
0    9    0.948421   -0.007441999999999949 -0.3204349999999999   -0.10680400000000001  0.03937500000000005   0.03937500000000005   -0.948421             -0.948421             -0.948421             0.041849000000000025  0.04414000000000007   
0    10   0.988511   0.007491000000000025  0.0                   0.0                   0.008114999999999983  0.008561999999999959  -0.988511             -0.988511             -0.988511             -0.988511             -0.172778             
0    11   0.778839   0.08638500000000005   0.08638500000000005   0.08638500000000005   0.0745380000000001    0.0745380000000001    0.2156610000000001    0.2156610000000001    0.15881800000000001   0.15881800000000001   -0.778839             
0    12   0.782363   0.08677599999999996   0.08677599999999996   0.08677599999999996   0.07487499999999991   0.07487499999999991   -0.782363             -0.782363             -0.782363             -0.782363             -0.782363             
0    13   0.742806   0.0                   -0.742806             -0.742806             0.06193599999999999   -0.742806             -0.742806             -0.742806             -0.742806             -0.742806             -0.742806             
0    14   0.753832   0.0                   -0.753832             -0.753832             0.0628550000000001    -0.753832             -0.753832             -0.753832             -0.753832             0.15874200000000005   -0.753832             
0    15   0.738771   0.0                   -0.738771             -0.738771             -0.738771             -0.738771             -0.738771             -0.738771             0.20171400000000006   0.20171400000000006   0.20171400000000006   
0    16   0.75437    -0.75437              0.17731600000000003   0.17649800000000004   0.17681800000000003   0.17742999999999998   -0.75437              -0.75437              0.17206699999999997   -0.75437              -0.75437              
1    0    0.74542    0.0                   -0.11081600000000003  -0.11081600000000003  -0.74542              -0.74542              -0.74542              -0.74542              -0.74542              -0.74542              -0.74542              
1    1    0.834999   0.0                   -0.834999             -0.442522             -0.834999             -0.834999             -0.834999             -0.834999             -0.834999             -0.834999             -0.834999             
1    3    0.988511   0.007491000000000025  -0.27427200000000007  -0.22049800000000008  -0.988511             -0.988511             -0.34350900000000006  -0.988511             -0.988511             -0.988511             -0.988511             
1    4    0.997003   0.0                   -0.997003             -0.5283789999999999   -0.997003             -0.997003             -0.997003             -0.997003             -0.997003             -0.997003             -0.997003             
1    5    0.88192    0.0                   -0.88192              -0.572611             -0.88192              -0.88192              -0.88192              -0.88192              -0.88192              -0.88192              -0.88192              
1    6    0.66679    -0.066573             -0.66679              -0.22217199999999998  -0.66679              -0.66679              -0.66679              -0.66679              -0.66679              -0.66679              -0.66679              
1    7    0.948421   -0.007441999999999949 -0.948421             -0.5528329999999999   -0.060921             -0.060921             0.043339000000000016  -0.948421             -0.948421             -0.948421             -0.02964499999999992  
1    8    0.872713   0.0                   -0.872713             -0.872713             -0.872713             -0.872713             -0.872713             -0.872713             -0.872713             -0.872713             -0.872713             
1    9    0.948421   -0.007441999999999949 -0.948421             -0.5528329999999999   -0.060921             -0.060921             0.043339000000000016  -0.948421             -0.948421             -0.948421             -0.02964499999999992  
1    10   0.988511   0.007491000000000025  -0.27427200000000007  -0.22049800000000008  -0.988511             -0.988511             -0.34350900000000006  -0.988511             -0.988511             -0.988511             -0.988511             
1    11   0.778839   0.08638500000000005   -0.778839             -0.37215599999999993  -0.778839             -0.778839             -0.778839             -0.778839             -0.778839             -0.778839             -0.778839             
1    12   0.782363   0.08677599999999996   -0.782363             -0.37383900000000003  -0.782363             -0.782363             -0.782363             0.21663699999999997   0.21663699999999997   0.21663699999999997   -0.782363             
1    13   0.742806   0.0                   0.0008340000000000014 0.0008340000000000014 -0.742806             -0.742806             -0.742806             -0.742806             -0.742806             -0.742806             -0.742806             
1    14   0.753832   0.0                   0.0008470000000000422 0.0008470000000000422 -0.753832             -0.753832             -0.753832             -0.753832             -0.753832             -0.753832             -0.753832             
1    15   0.738771   0.0                   0.0008310000000000262 -0.738771             -0.738771             -0.738771             -0.738771             -0.738771             -0.738771             -0.738771             -0.738771             
1    16   0.75437    -0.75437              -0.75437              -0.315955             -0.75437              -0.75437              -0.75437              -0.75437              -0.75437              -0.75437              -0.75437              
3    0    0.705735   0.0                   -0.705735             -0.705735             -0.05554999999999999  -0.705735             -0.705735             -0.705735             -0.705735             -0.705735             -0.705735             
3    1    0.790545   0.0                   0.0                   0.0                   0.0                   -0.0007910000000000972-0.790545             -0.790545             -0.790545             0.14536099999999996   -0.790545             
3    3    0.989885   0.0003849999999999687 0.0                   0.0                   0.0004170000000000007 0.00043999999999999595-0.14763700000000002  -0.14763700000000002  -0.989885             -0.989885             -0.989885             
3    4    0.943924   0.0                   0.0                   0.0                   -0.943924             -0.07230099999999995  -0.943924             -0.943924             -0.04364899999999994  -0.943924             -0.943924             
3    5    0.834968   0.0                   0.0                   -0.211943             -0.211943             -0.834968             -0.834968             -0.834968             -0.02698200000000006  -0.834968             -0.834968             
3    6    0.631291   -0.063029             0.0369529999999999    0.26427899999999993   0.26427899999999993   0.26427899999999993   0.178126              0.178126              0.178126              0.178126              0.178126              
3    7    0.897928   -0.007045999999999997 -0.30337499999999995  -0.10111799999999993  0.03727900000000006   0.03727900000000006   -0.897928             -0.897928             -0.897928             -0.897928             -0.034155999999999964 
3    8    0.826251   0.0                   -0.826251             -0.826251             -0.826251             -0.826251             -0.826251             -0.826251             -0.826251             -0.826251             -0.826251             
3    9    0.897928   -0.007045999999999997 -0.30337499999999995  -0.10111799999999993  0.03727900000000006   0.03727900000000006   -0.897928             -0.897928             -0.897928             -0.897928             -0.034155999999999964 
3    10   0.989885   0.0003849999999999687 0.0                   0.0                   0.0004170000000000007 0.00043999999999999595-0.14763700000000002  -0.14763700000000002  -0.989885             -0.989885             -0.989885             
3    11   0.737374   0.08178600000000003   0.08178600000000003   0.08178600000000003   0.07057000000000002   0.07057000000000002   -0.737374             -0.737374             0.14747900000000003   -0.737374             -0.737374             
3    12   0.740711   0.082156              0.082156              0.082156              0.07088899999999998   0.07088899999999998   -0.740711             -0.740711             -0.740711             -0.740711             -0.740711             
3    13   0.703259   0.0                   -0.703259             -0.703259             0.058639              -0.703259             -0.703259             -0.703259             -0.703259             -0.703259             -0.703259             
3    14   0.713699   0.0                   -0.713699             -0.713699             0.059509000000000034  -0.713699             -0.713699             -0.713699             -0.713699             -0.713699             -0.713699             
3    15   0.69944    0.0                   -0.69944              -0.69944              -0.69944              -0.69944              -0.69944              -0.69944              0.18808200000000008   -0.69944              -0.69944              
3    16   0.714208   -0.714208             0.16787600000000003   0.16710200000000008   0.167404              0.16798400000000002   -0.714208             -0.714208             0.160057              -0.714208             -0.714208             
4    0    0.744674   0.0                   -0.744674             -0.744674             -0.05861499999999997  -0.744674             0.017729000000000106  -0.744674             -0.744674             -0.744674             -0.744674             
4    1    0.834163   0.0                   0.0                   0.0                   0.0                   -0.10111000000000003  -0.10111000000000003  -0.834163             -0.834163             0.142988              -0.04060600000000003  
4    3    0.998367   0.000179000000000040240.0                   0.0                   0.00019400000000002748-0.11204000000000003  -0.04881800000000003  -0.11049500000000001  -0.998367             -0.998367             -0.27808200000000005  
4    4    0.996005   0.0                   0.0                   0.0                   -0.996005             -0.249135             -0.996005             -0.996005             -0.059163999999999994 -0.996005             0.00299499999999997   
4    5    0.881037   0.0                   0.0                   -0.22363599999999995  -0.22363599999999995  -0.881037             -0.881037             -0.881037             -0.04023399999999999  -0.18367299999999998  -0.12501699999999993  
4    6    0.666123   -0.06650699999999998  0.03899200000000003   0.27886               0.27886               -0.666123             -0.666123             -0.666123             -0.666123             -0.666123             -0.666123             
4    7    0.947471   -0.007433999999999941 -0.320113             -0.10669699999999993  0.03933600000000004   -0.947471             -0.23502099999999992  -0.947471             -0.1425369999999999   -0.1409109999999999   -0.071048             
4    8    0.87184    0.0                   -0.87184              -0.87184              -0.87184              -0.87184              -0.07511799999999991  -0.87184              -0.069743             -0.87184              -0.87184              
4    9    0.947471   -0.007433999999999941 -0.320113             -0.10669699999999993  0.03933600000000004   -0.947471             -0.23502099999999992  -0.947471             -0.1425369999999999   -0.1409109999999999   -0.071048             
4    10   0.998367   0.000179000000000040240.0                   0.0                   0.00019400000000002748-0.11204000000000003  -0.04881800000000003  -0.11049500000000001  -0.998367             -0.998367             -0.27808200000000005  
4    11   0.778059   0.0862980000000001    0.0862980000000001    0.0862980000000001    0.07446400000000009   -0.778059             -0.778059             -0.778059             0.1427330000000001    -0.01435199999999992  -0.778059             
4    12   0.78158    0.0866889999999999    0.0866889999999999    0.0866889999999999    0.07479999999999998   -0.78158              -0.0906610000000001   -0.78158              -0.78158              -0.78158              -0.78158              
4    13   0.742062   0.0                   -0.742062             -0.742062             0.061873999999999985  -0.742062             -0.151165             -0.742062             0.004237999999999964  -0.742062             -0.742062             
4    14   0.753077   0.0                   -0.753077             -0.753077             0.06279299999999999   -0.753077             -0.153408             -0.753077             0.004300999999999999  -0.009800000000000031 -0.753077             
4    15   0.738032   0.0                   -0.738032             -0.738032             -0.738032             -0.738032             -0.738032             -0.738032             0.18553799999999998   0.027978999999999976  0.09240899999999996   
4    16   0.753615   -0.753615             0.17713800000000002   0.17632199999999998   0.17664000000000002   -0.753615             -0.0026000000000000467-0.753615             0.15615899999999994   -0.753615             -0.753615             
5    0    0.74542    0.0                   -0.74542              -0.74542              -0.188295             -0.74542              0.19956300000000005   -0.74542              -0.74542              -0.74542              -0.74542              
5    1    0.834999   0.0                   0.0                   -0.10267900000000008  -0.834999             -0.0016700000000000603-0.0012100000000000444-0.834999             -0.834999             0.15270799999999995   -0.834999             
5    3    0.998691   3.6999999999953737e-050.0                   -0.013851999999999975 -0.10950800000000005  -7.00000000000145e-05 -0.031312000000000006 -0.019708999999999977 -0.998691             -0.998691             -0.998691             
5    4    0.997003   0.0                   0.0                   -0.12259999999999993  -0.997003             -0.077287             -0.997003             -0.997003             -0.04689999999999994  -0.997003             -0.997003             
5    5    0.88192    0.0                   0.0                   -0.3047810000000001   -0.88192              -0.88192              -0.88192              -0.88192              -0.029214000000000073 -0.88192              -0.88192              
5    6    0.66679    -0.066573             0.03903100000000004   0.16281999999999996   -0.66679              0.278193              -0.66679              -0.66679              -0.66679              -0.66679              -0.66679              
5    7    0.948421   -0.007441999999999949 -0.3204349999999999   -0.21029699999999996  -0.948421             0.03838600000000003   -0.065353             -0.04156099999999996  0.020790000000000086  0.020790000000000086  -0.03972999999999993  
5    8    0.872713   0.0                   -0.872713             -0.872713             -0.872713             -0.872713             0.11480800000000002   0.03571800000000003   -0.872713             -0.872713             -0.872713             
5    9    0.948421   -0.007441999999999949 -0.3204349999999999   -0.21029699999999996  -0.948421             0.03838600000000003   -0.065353             -0.04156099999999996  0.020790000000000086  0.020790000000000086  -0.03972999999999993  
5    10   0.998691   3.6999999999953737e-050.0                   -0.013851999999999975 -0.10950800000000005  -7.00000000000145e-05 -0.031312000000000006 -0.019708999999999977 -0.998691             -0.998691             -0.998691             
5    11   0.778839   0.08638500000000005   0.08638500000000005   -0.020011             -0.778839             0.07368400000000008   -0.778839             -0.778839             0.15498800000000001   -0.778839             -0.778839             
5    12   0.782363   0.08677599999999996   0.08677599999999996   -0.020101000000000036 -0.782363             0.074017              0.074017              -0.782363             -0.782363             -0.782363             -0.782363             
5    13   0.742806   0.0                   -0.742806             -0.742806             -0.08995699999999995  -0.742806             -0.010400999999999994 -0.06905899999999998  -0.742806             -0.742806             -0.742806             
5    14   0.753832   0.0                   -0.753832             -0.753832             -0.09129199999999993  -0.753832             -0.010554999999999981 -0.0700829999999999   -0.753832             -0.753832             0.2153790000000001    
5    15   0.738771   0.0                   -0.738771             -0.738771             -0.738771             -0.738771             -0.738771             0.130529              0.19787300000000008   -0.738771             -0.738771             
5    16   0.75437    -0.75437              0.17731600000000003   0.063666              0.063666              0.17649800000000004   0.17649800000000004   0.10194500000000006   0.16828299999999996   -0.75437              -0.75437              
6    3    0.884267   0.005407999999999968  0.11396099999999998   0.11440299999999992   0.11446               0.11446299999999998   0.08316199999999996   0.10241499999999992   0.006232999999999933  0.04846600000000001   -0.884267             
6    7    0.871647   0.07318800000000003   -0.2463869999999999   -0.03003              0.11614900000000006   0.11614900000000006   0.012306000000000039  0.11613400000000007   -0.871647             -0.871647             -0.277103             
6    8    0.869902   0.0                   -0.869902             -0.869902             -0.869902             -0.869902             0.11860900000000008   0.11958900000000006   -0.869902             -0.869902             -0.869902             
6    9    0.871647   0.07318800000000003   -0.2463869999999999   -0.03003              0.11614900000000006   0.11614900000000006   0.012306000000000039  0.11613400000000007   -0.871647             -0.871647             -0.277103             
6    10   0.884267   0.005407999999999968  0.11396099999999998   0.11440299999999992   0.11446               0.11446299999999998   0.08316199999999996   0.10241499999999992   0.006232999999999933  0.04846600000000001   -0.884267             
6    11   0.843509   -0.843509             0.01795800000000003   0.02171500000000004   0.009868000000000099  0.009868000000000099  -0.843509             -0.843509             0.04847400000000002   -0.843509             -0.843509             
6    12   0.847326   -0.847326             0.018039000000000027  0.02181299999999997   0.009911999999999921  0.009911999999999921  0.009911999999999921  -0.847326             -0.847326             -0.847326             -0.847326             
6    13   0.804484   0.0                   -0.257911             -0.804484             0.00025799999999998047-0.804484             -0.07134499999999999  -0.07061699999999993  -0.804484             -0.804484             -0.804484             
6    14   0.816426   0.0                   -0.26173899999999994  -0.816426             0.00026100000000006673-0.816426             -0.07240400000000002  -0.07166600000000001  -0.816426             -0.816426             -0.816426             
6    15   0.800115   0.0                   -0.25651              -0.800115             -0.800115             -0.800115             -0.800115             0.14675300000000002   0.09455899999999995   -0.800115             -0.800115             
6    16   0.817008   -0.817008             0.111676              0.11386000000000007   0.11418000000000006   0.114792              0.114792              0.11571700000000007   0.06430200000000008   0.073492              0.073492              
7    3    0.888719   0.0015450000000000186 0.10953999999999997   0.10901299999999992   0.11001899999999998   0.11002               0.078789              0.09697899999999993   0.10678399999999999   -0.888719             -0.06826399999999999  
7    7    0.871647   0.07318800000000003   -0.2463869999999999   -0.03759799999999991  0.11614900000000006   0.11614900000000006   0.012306000000000039  0.11515500000000001   -0.871647             0.12534900000000004   0.12788500000000003   
7    8    0.869902   0.0                   -0.869902             0.12560100000000007   -0.869902             -0.869902             0.11860900000000008   0.11860900000000008   -0.869902             -0.869902             -0.869902             
7    9    0.871647   0.07318800000000003   -0.2463869999999999   -0.03759799999999991  0.11614900000000006   0.11614900000000006   0.012306000000000039  0.11515500000000001   -0.871647             0.12534900000000004   0.12788500000000003   
7    10   0.888719   0.0015450000000000186 0.10953999999999997   0.10901299999999992   0.11001899999999998   0.11002               0.078789              0.09697899999999993   0.10678399999999999   -0.888719             -0.06826399999999999  
7    11   0.843509   -0.843509             0.01795800000000003   0.013934000000000002  0.009868000000000099  0.009868000000000099  -0.843509             -0.843509             0.099576              0.10051600000000005   -0.843509             
7    12   0.847326   -0.847326             0.018039000000000027  0.013996999999999926  0.009911999999999921  0.009911999999999921  0.009911999999999921  -0.847326             -0.847326             -0.847326             -0.847326             
7    13   0.804484   0.0                   -0.257911             -0.804484             0.00025799999999998047-0.804484             -0.07134499999999999  -0.07134499999999999  -0.804484             -0.804484             -0.804484             
7    14   0.816426   0.0                   -0.26173899999999994  -0.816426             0.00026100000000006673-0.816426             -0.07240400000000002  -0.07240400000000002  -0.816426             0.10234600000000005   -0.816426             
7    15   0.800115   0.0                   -0.25651              0.11463599999999996   -0.800115             -0.800115             -0.800115             0.14581500000000003   0.14581500000000003   0.14675799999999994   0.14581500000000003   
7    16   0.817008   -0.817008             0.111676              0.10733800000000004   0.11418000000000006   0.114792              0.114792              0.114792              0.114792              -0.817008             -0.817008             
8    3    0.88961    0.0                   0.0                   0.0                   0.0                   -0.88961              -0.88961              -0.88961              -0.45122100000000004  -0.12202199999999996  -0.88961              
8    10   0.88961    0.0                   0.0                   0.0                   0.0                   -0.88961              -0.88961              -0.88961              -0.45122100000000004  -0.12202199999999996  -0.88961              
9    2    0.945814   0.0                   0.0                   0.0                   -0.945814             -0.945814             -0.191963             -0.192013             -0.945814             -0.945814             -0.945814             
9    3    0.884267   -0.884267             -0.884267             -0.38764600000000005  -0.17574200000000006  -7.699999999999374e-050.06839099999999998   0.10254699999999994   -0.884267             -0.884267             -0.14583600000000008  
9    5    0.919568   0.0                   0.0                   0.010837999999999903  0.0                   0.048190999999999984  0.048190999999999984  0.0                   0.04670199999999991   0.03970699999999994   0.03970699999999994   
9    10   0.884267   -0.884267             -0.884267             -0.38764600000000005  -0.17574200000000006  -7.699999999999374e-050.06839099999999998   0.10254699999999994   -0.884267             -0.884267             -0.14583600000000008  
