#s   t    P_ref      d=0.05                d=0.1                 d=0.15                d=0.2                 d=0.25                d=0.3                 d=0.35                d=0.4                 d=0.45                d=0.5                 
0    0    0.74542    0.0                   0.0                   0.0                   0.0                   0.065331              -0.74542              -0.74542              -0.74542              -0.74542              0.165585              
0    1    0.834999   0.0                   0.0                   0.0                   0.0                   0.0                   0.0                   0.0                   0.0                   0.0                   0.0                   
0    3    0.988511   0.0                   0.00933099999999998   0.00933099999999998   0.010323              0.010277              0.010446              0.010446              0.010446              0.010446              0.010123              
0    4    0.997003   0.0                   -0.997003             -0.997003             -0.997003             -0.997003             -0.997003             -0.997003             -0.997003             -0.997003             -0.997003             
0    5    0.88192    0.0                   0.0                   0.0                   0.0                   0.0                   0.0                   0.0                   0.0                   0.0                   0.0                   
0    6    0.66679    -0.66679              -0.66679              0.109946              0.15585               0.152151              0.165638              0.165638              0.165638              -0.66679              -0.66679              
0    7    0.948421   -0.181393             -0.181393             -0.25734              -0.216498             -0.219789             -0.207789             -0.207789             -0.207789             -0.065415             -0.0927049999999999   
0    8    0.872713   -0.107222             -0.107222             -0.872713             -0.872713             -0.872713             -0.872713             -0.872713             -0.872713             -0.872713             -0.872713             
0    9    0.948421   -0.181393             -0.181393             -0.25734              -0.216498             -0.219789             -0.207789             -0.207789             -0.207789             -0.065415             -0.0927049999999999   
0    10   0.988511   0.0                   0.00933099999999998   0.00933099999999998   0.010323              0.010277              0.010446              0.010446              0.010446              0.010446              0.010123              
0    11   0.778839   0.100579              0.100579              0.100579              0.100579              0.100579              -0.778839             -0.778839             -0.778839             -0.778839             -0.778839             
0    12   0.782363   0.101035              0.101035              0.101035              0.101035              0.101035              -0.782363             -0.782363             -0.782363             -0.782363             -0.782363             
0    13   0.742806   0.0959260000000001    0.0959260000000001    0.0959260000000001    0.0959260000000001    0.0959260000000001    -0.742806             -0.742806             -0.742806             -0.742806             -0.742806             
0    14   0.753832   0.09735               0.09735               0.09735               0.09735               0.09735               -0.753832             -0.753832             -0.753832             -0.753832             -0.753832             
0    15   0.738771   0.095406              0.095406              0.095406              0.095406              0.095406              -0.738771             -0.738771             -0.738771             -0.738771             -0.738771             
0    16   0.75437    0.097419              0.097419              -0.75437              -0.75437              -0.75437              0.097419              0.097419              0.097419              0.097419              -0.75437              
1    0    0.74542    -0.74542              -0.74542              -0.74542              -0.74542              -0.74542              -0.74542              -0.74542              -0.74542              -0.74542              -0.74542              
1    1    0.834999   -0.834999             -0.834999             -0.834999             -0.834999             -0.834999             -0.834999             -0.834999             -0.834999             -0.834999             -0.834999             
1    3    0.988511   -0.988511             -0.988511             -0.988511             -0.988511             -0.988511             -0.988511             -0.988511             -0.988511             -0.988511             -0.988511             
1    4    0.997003   -0.997003             -0.997003             -0.997003             -0.997003             -0.997003             -0.997003             -0.997003             -0.997003             -0.997003             -0.997003             
1    5    0.88192    -0.88192              -0.88192              -0.88192              -0.88192              -0.88192              -0.88192              -0.88192              -0.88192              -0.88192              -0.88192              
1    6    0.66679    0.00267600000000001   0.00267600000000001   -0.66679              -0.66679              -0.66679              -0.66679              -0.66679              -0.66679              -0.66679              -0.66679              
1    7    0.948421   -0.352781             -0.352781             -0.247221             -0.247221             -0.247221             -0.247221             -0.247221             -0.247221             -0.247221             -0.247221             
1    8    0.872713   -0.872713             -0.872713             -0.172918             -0.172918             -0.172918             -0.172918             -0.172918             -0.172918             -0.172918             -0.172918             
1    9    0.948421   -0.352781             -0.352781             -0.247221             -0.247221             -0.247221             -0.247221             -0.247221             -0.247221             -0.247221             -0.247221             
1    10   0.988511   -0.988511             -0.988511             -0.988511             -0.988511             -0.988511             -0.988511             -0.988511             -0.988511             -0.988511             -0.988511             
1    11   0.778839   -0.778839             -0.778839             -0.778839             -0.778839             -0.778839             -0.778839             -0.778839             -0.778839             -0.778839             -0.778839             
1    12   0.782363   -0.782363             -0.782363             -0.782363             -0.782363             -0.782363             -0.782363             -0.782363             -0.782363             -0.782363             -0.782363             
1    13   0.742806   -0.742806             -0.742806             -0.742806             -0.742806             -0.742806             -0.742806             -0.742806             -0.742806             -0.742806             -0.742806             
1    14   0.753832   -0.753832             -0.753832             -0.753832             -0.753832             -0.753832             -0.753832             -0.753832             -0.753832             -0.753832             -0.753832             
1    15   0.738771   -0.738771             -0.738771             -0.738771             -0.738771             -0.738771             -0.738771             -0.738771             -0.738771             -0.738771             -0.738771             
1    16   0.75437    -0.75437              -0.75437              -0.75437              -0.75437              -0.75437              -0.75437              -0.75437              -0.75437              -0.75437              -0.75437              
3    0    0.705735   0.0                   0.0                   0.0                   0.0                   0.104213              0.10664               0.10664               0.10664               0.10664               0.110033              
3    1    0.790545   0.0                   0.0                   0.0                   0.0                   0.0                   -0.042837             -0.042837             -0.042837             -0.042837             -0.042837             
3    3    0.989885   0.0                   0.000479000000000007  0.000479000000000007  -0.00384400000000007  -0.0442710000000001   -0.095359             -0.095359             -0.095359             -0.095359             -0.010062             
3    4    0.943924   0.0                   -0.943924             -0.943924             -0.943924             -0.943924             -0.943924             -0.943924             -0.943924             -0.943924             -0.943924             
3    5    0.834968   0.0                   0.0                   0.0                   0.0                   0.0                   -0.0452440000000001   -0.0452440000000001   -0.0452440000000001   -0.0452440000000001   -0.0452440000000001   
3    6    0.631291   -0.631291             -0.631291             0.104092              0.181381              0.144051              0.114115              0.114115              0.114115              -0.631291             -0.631291             
3    7    0.897928   -0.171736             -0.171736             -0.24364              -0.174874             -0.208088             -0.234722             -0.234722             -0.234722             -0.107232             -0.0341699999999999   
3    8    0.826251   -0.101514             -0.101514             -0.826251             -0.826251             -0.826251             -0.826251             -0.826251             -0.826251             -0.826251             -0.826251             
3    9    0.897928   -0.171736             -0.171736             -0.24364              -0.174874             -0.208088             -0.234722             -0.234722             -0.234722             -0.107232             -0.0341699999999999   
3    10   0.989885   0.0                   0.000479000000000007  0.000479000000000007  -0.00384400000000007  -0.0442710000000001   -0.095359             -0.095359             -0.095359             -0.095359             -0.010062             
3    11   0.737374   0.095225              0.095225              0.095225              0.095225              0.095225              -0.737374             -0.737374             -0.737374             -0.737374             -0.737374             
3    12   0.740711   0.095655              0.095655              0.095655              0.095655              0.095655              -0.740711             -0.740711             -0.740711             -0.740711             -0.740711             
3    13   0.703259   0.090819              0.090819              0.090819              0.090819              0.090819              -0.703259             -0.703259             -0.703259             -0.703259             -0.703259             
3    14   0.713699   0.092167              0.092167              0.092167              0.092167              0.092167              -0.713699             -0.713699             -0.713699             -0.713699             -0.713699             
3    15   0.69944    0.090326              0.090326              0.090326              0.090326              0.090326              -0.69944              -0.69944              -0.69944              -0.69944              -0.69944              
3    16   0.714208   0.092233              0.092233              -0.714208             -0.714208             -0.714208             0.048535              0.048535              0.048535              0.048535              0.045363              
4    0    0.744674   0.0                   0.0                   0.0                   0.0                   0.067643              -0.744674             -0.744674             -0.744674             -0.744674             0.167102              
4    1    0.834163   0.0                   0.0                   0.0                   0.0                   0.0                   0.00154299999999996   0.00154299999999996   0.00154299999999996   0.00154299999999996   0.00154299999999996   
4    3    0.998367   0.0                   0.000224000000000002  0.000224000000000002  0.00100599999999995   -0.000578999999999996 0.00143700000000002   0.00143700000000002   0.00143700000000002   0.00143700000000002   0.00111300000000003   
4    4    0.996005   0.0                   -0.996005             -0.996005             -0.996005             -0.996005             -0.996005             -0.996005             -0.996005             -0.996005             -0.996005             
4    5    0.881037   0.0                   0.0                   0.0                   0.0                   0.0                   0.00163000000000002   0.00163000000000002   0.00163000000000002   0.00163000000000002   0.00163000000000002   
4    6    0.666123   -0.666123             -0.666123             0.109835              0.157025              0.151998              0.167011              0.167011              0.167011              -0.666123             -0.666123             
4    7    0.947471   -0.181211             -0.181211             -0.257082             -0.215096             -0.219569             -0.206212             -0.206212             -0.206212             -0.0637169999999999   -0.0910299999999999   
4    8    0.87184    -0.107115             -0.107115             -0.87184              -0.87184              -0.87184              -0.87184              -0.87184              -0.87184              -0.87184              -0.87184              
4    9    0.947471   -0.181211             -0.181211             -0.257082             -0.215096             -0.219569             -0.206212             -0.206212             -0.206212             -0.0637169999999999   -0.0910299999999999   
4    10   0.998367   0.0                   0.000224000000000002  0.000224000000000002  0.00100599999999995   -0.000578999999999996 0.00143700000000002   0.00143700000000002   0.00143700000000002   0.00143700000000002   0.00111300000000003   
4    11   0.778059   0.100479              0.100479              0.100479              0.100479              0.100479              -0.778059             -0.778059             -0.778059             -0.778059             -0.778059             
4    12   0.78158    0.100933              0.100933              0.100933              0.100933              0.100933              -0.78158              -0.78158              -0.78158              -0.78158              -0.78158              
4    13   0.742062   0.09583               0.09583               0.09583               0.09583               0.09583               -0.742062             -0.742062             -0.742062             -0.742062             -0.742062             
4    14   0.753077   0.097253              0.097253              0.097253              0.097253              0.097253              -0.753077             -0.753077             -0.753077             -0.753077             -0.753077             
4    15   0.738032   0.09531               0.09531               0.09531               0.09531               0.09531               -0.738032             -0.738032             -0.738032             -0.738032             -0.738032             
4    16   0.753615   0.097322              0.097322              -0.753615             -0.753615             -0.753615             0.098896              0.098896              0.098896              0.098896              -0.753615             
5    0    0.74542    0.0                   0.0                   0.0                   0.0                   0.066947              -0.74542              -0.74542              -0.74542              -0.74542              0.166443              
5    1    0.834999   0.0                   0.0                   0.0                   0.0                   0.0                   0.000786999999999982  0.000786999999999982  0.000786999999999982  0.000786999999999982  0.000786999999999982  
5    3    0.998691   0.0                   4.59999999999905e-05  4.59999999999905e-05  0.00092800000000004   9.70000000000137e-05  0.00120699999999996   0.00120699999999996   0.00120699999999996   0.00120699999999996   0.000883999999999996  
5    4    0.997003   0.0                   -0.997003             -0.997003             -0.997003             -0.997003             -0.997003             -0.997003             -0.997003             -0.997003             -0.997003             
5    5    0.88192    0.0                   0.0                   0.0                   0.0                   0.0                   0.000830999999999915  0.000830999999999915  0.000830999999999915  0.000830999999999915  0.000830999999999915  
5    6    0.66679    -0.66679              -0.66679              0.109946              0.156552              0.152151              0.166423              0.166423              0.166423              -0.66679              -0.66679              
5    7    0.948421   -0.181393             -0.181393             -0.25734              -0.215874             -0.219789             -0.207091             -0.207091             -0.207091             -0.0645829999999999   -0.091899             
5    8    0.872713   -0.107222             -0.107222             -0.872713             -0.872713             -0.872713             -0.872713             -0.872713             -0.872713             -0.872713             -0.872713             
5    9    0.948421   -0.181393             -0.181393             -0.25734              -0.215874             -0.219789             -0.207091             -0.207091             -0.207091             -0.0645829999999999   -0.091899             
5    10   0.998691   0.0                   4.59999999999905e-05  4.59999999999905e-05  0.00092800000000004   9.70000000000137e-05  0.00120699999999996   0.00120699999999996   0.00120699999999996   0.00120699999999996   0.000883999999999996  
5    11   0.778839   0.100579              0.100579              0.100579              0.100579              0.100579              -0.778839             -0.778839             -0.778839             -0.778839             -0.778839             
5    12   0.782363   0.101035              0.101035              0.101035              0.101035              0.101035              -0.782363             -0.782363             -0.782363             -0.782363             -0.782363             
5    13   0.742806   0.0959260000000001    0.0959260000000001    0.0959260000000001    0.0959260000000001    0.0959260000000001    -0.742806             -0.742806             -0.742806             -0.742806             -0.742806             
5    14   0.753832   0.09735               0.09735               0.09735               0.09735               0.09735               -0.753832             -0.753832             -0.753832             -0.753832             -0.753832             
5    15   0.738771   0.095406              0.095406              0.095406              0.095406              0.095406              -0.738771             -0.738771             -0.738771             -0.738771             -0.738771             
5    16   0.75437    0.097419              0.097419              -0.75437              -0.75437              -0.75437              0.098222              0.098222              0.098222              0.098222              -0.75437              
6    3    0.884267   0.0                   -0.884267             -0.884267             0.110948              0.110948              0.110948              0.110948              0.110948              0.110948              0.110948              
6    4    0.0        0.0                   0.992007              0.992007              0.992007              0.992007              0.992007              0.0                   0.0                   0.0                   0.0                   
6    6    0.0        0.0                   0.0                   0.832662              0.832662              0.832662              0.832662              0.832662              0.832662              0.0                   0.0                   
6    7    0.871647   0.00190500000000005   0.00190500000000005   -0.130808             -0.130808             -0.130808             -0.130808             -0.130808             -0.130808             0.011606              0.011606              
6    8    0.869902   0.00190000000000001   0.00190000000000001   -0.869902             -0.869902             -0.869902             -0.869902             -0.869902             -0.869902             -0.869902             -0.869902             
6    9    0.871647   0.00190500000000005   0.00190500000000005   -0.130808             -0.130808             -0.130808             -0.130808             -0.130808             -0.130808             0.011606              0.011606              
6    10   0.884267   0.0                   -0.884267             -0.884267             0.110948              0.110948              0.110948              0.110948              0.110948              0.110948              0.110948              
6    11   0.843509   -0.843509             -0.843509             -0.843509             -0.843509             -0.843509             -0.843509             -0.843509             -0.843509             -0.843509             -0.843509             
6    12   0.847326   -0.847326             -0.847326             -0.847326             -0.847326             -0.847326             -0.847326             -0.847326             -0.847326             -0.847326             -0.847326             
6    13   0.804484   -0.804484             -0.804484             -0.804484             -0.804484             -0.804484             -0.804484             -0.804484             -0.804484             -0.804484             -0.804484             
6    14   0.816426   -0.816426             -0.816426             -0.816426             -0.816426             -0.816426             -0.816426             -0.816426             -0.816426             -0.816426             -0.816426             
6    15   0.800115   -0.800115             -0.800115             -0.800115             -0.800115             -0.800115             -0.800115             0.109142              0.109142              0.109142              0.109142              
6    16   0.817008   -0.817008             -0.817008             0.117057              0.117057              0.117057              0.117057              0.117057              0.117057              0.117057              0.117057              
7    0    0.0        0.0                   0.0                   0.0                   0.0                   0.81075               0.0                   0.0                   0.0                   0.0                   0.860779              
7    1    0.0        0.0                   0.0                   0.0                   0.0                   0.0                   0.788964              0.788964              0.788964              0.788964              0.788964              
7    3    0.888719   0.0                   0.0                   0.0                   0.109471              0.106496              0.087745              0.087745              0.055163              0.055163              0.054858              
7    4    0.0        0.0                   0.0                   0.0                   0.0                   0.0                   0.0                   0.998001              0.0                   0.0                   0.0                   
7    5    0.0        0.0                   0.0                   0.0                   0.0                   0.0                   0.833298              0.833298              0.972111              0.972111              0.972111              
7    6    0.0        0.0                   0.0                   0.832662              0.835151              0.832662              0.814931              0.814931              0.786535              0.0                   0.0                   
7    7    0.871647   0.00190500000000005   0.00190500000000005   -0.130808             -0.128593             -0.130808             -0.146583             -0.146583             -0.171848             -0.0373239999999999   -0.063109             
7    8    0.869902   0.00190000000000001   0.00190000000000001   -0.869902             -0.869902             -0.869902             -0.869902             -0.869902             -0.869902             -0.869902             -0.869902             
7    9    0.871647   0.00190500000000005   0.00190500000000005   -0.130808             -0.128593             -0.130808             -0.146583             -0.146583             -0.171848             -0.0373239999999999   -0.063109             
7    10   0.888719   0.0                   0.0                   0.0                   0.109471              0.106496              0.087745              0.087745              0.055163              0.055163              0.054858              
7    11   0.843509   -0.843509             -0.843509             -0.843509             -0.843509             -0.843509             0.120854              0.120854              -0.843509             -0.843509             -0.843509             
7    12   0.847326   -0.847326             -0.847326             -0.847326             -0.847326             -0.847326             0.1214                0.1214                -0.847326             -0.847326             -0.847326             
7    13   0.804484   -0.804484             -0.804484             -0.804484             -0.804484             -0.804484             0.115262              0.115262              -0.804484             -0.804484             -0.804484             
7    14   0.816426   -0.816426             -0.816426             -0.816426             -0.816426             -0.816426             0.116973              0.116973              -0.816426             -0.816426             -0.816426             
7    15   0.800115   -0.800115             -0.800115             -0.800115             -0.800115             -0.800115             0.114636              -0.800115             -0.800115             -0.800115             -0.800115             
7    16   0.817008   -0.817008             -0.817008             0.117057              0.117057              0.117057              -0.01218              -0.01218              -0.01218              -0.01218              -0.817008             
8    0    0.0        0.0                   0.0                   0.0                   0.0                   0.811563              0.0                   0.0                   0.0                   0.0                   0.861641              
8    1    0.0        0.0                   0.0                   0.0                   0.0                   0.0                   0.789754              0.789754              0.789754              0.789754              0.789754              
8    3    0.88961    0.0                   0.0                   0.0                   -0.102437             -0.88961              0.055218              0.055218              0.055218              0.055218              0.054913              
8    5    0.0        0.0                   0.0                   0.0                   0.0                   0.0                   0.834133              0.834133              0.834133              0.834133              0.834133              
8    6    0.0        0.0                   0.0                   0.0                   0.658601              0.0                   0.787323              0.787323              0.787323              0.0                   0.0                   
8    7    0.0        0.0                   0.0                   0.0                   0.585973              0.0                   0.7005                0.7005                0.7005                0.835159              0.809348              
8    9    0.0        0.0                   0.0                   0.0                   0.585973              0.0                   0.7005                0.7005                0.7005                0.835159              0.809348              
8    10   0.88961    0.0                   0.0                   0.0                   -0.102437             -0.88961              0.055218              0.055218              0.055218              0.055218              0.054913              
8    16   0.0        0.0                   0.0                   0.0                   0.0                   0.0                   0.805635              0.805635              0.805635              0.805635              0.0                   
9    0    0.0        0.0                   0.0                   0.0                   0.0                   0.806688              0.0                   0.0                   0.0                   0.0                   0.856466              
9    1    0.0        0.0                   0.0                   0.0                   0.0                   0.0                   0.785011              0.785011              0.785011              0.785011              0.785011              
9    2    0.945814   0.0                   0.0                   0.0                   0.0                   0.0                   0.0                   0.0                   0.0                   0.0                   0.0                   
9    3    0.884267   0.0                   0.0                   0.0                   -0.101821             -0.884267             0.054886              0.054886              0.088334              0.088334              0.088167              
9    4    0.0        0.0                   0.0                   0.0                   0.0                   0.0                   0.0                   0.0                   0.944868              0.79252               0.79252               
9    5    0.919568   0.0                   0.0                   0.0                   0.0                   0.0                   0.0449269999999999    0.0449269999999999    -0.090445             -0.090445             -0.090445             
9    6    0.0        0.0                   0.0                   0.0                   0.654645              0.0                   0.782594              0.782594              0.811649              0.894674              0.894674              
9    7    0.0        0.0                   0.0                   0.0                   0.582454              0.0                   0.696293              0.696293              0.722144              0.860964              0.84682               
9    9    0.0        0.0                   0.0                   0.0                   0.582454              0.0                   0.696293              0.696293              0.722144              0.860964              0.84682               
9    10   0.884267   0.0                   0.0                   0.0                   -0.101821             -0.884267             0.054886              0.054886              0.088334              0.088334              0.088167              
9    11   0.0        0.0                   0.0                   0.0                   0.0                   0.0                   0.0                   0.0                   0.913021              0.913021              0.913021              
9    12   0.0        0.0                   0.0                   0.0                   0.0                   0.0                   0.0                   0.0                   0.917152              0.917152              0.917152              
9    13   0.0        0.0                   0.0                   0.0                   0.0                   0.0                   0.0                   0.0                   0.87078               0.87078               0.87078               
9    14   0.0        0.0                   0.0                   0.0                   0.0                   0.0                   0.0                   0.0                   0.883706              0.883706              0.883706              
9    16   0.0        0.0                   0.0                   0.0                   0.0                   0.0                   0.800796              0.800796              0.800796              0.800796              0.0                   
