#s   t    P_ref      d=0.05                d=0.1                 d=0.15                d=0.2                 d=0.25                d=0.3                 d=0.35                d=0.4                 d=0.45                d=0.5                 
0    0    0.74542    0.0                   0.0                   0.0                   0.0                   0.0660430000000001    0.0660430000000001    0.0660430000000001    0.0660430000000001    0.0661240000000001    0.0661240000000001    
0    1    0.834999   0.0                   0.0                   0.0                   0.0                   0.0                   0.0                   0.0740909999999999    0.0740909999999999    0.0740909999999999    0.0740909999999999    
0    2    0.0        0.0                   0.0                   0.0                   0.0                   0.0                   0.0                   0.0                   0.0                   0.491932              0.491932              
0    3    0.988511   0.00933399999999995   0.00933399999999995   0.00933399999999995   0.00933399999999995   0.00923699999999994   0.00923699999999994   0.00857399999999997   0.00857399999999997   0.00924599999999998   0.00924599999999998   
0    4    0.997003   0.0                   0.0                   0.0                   0.0                   0.0                   0.0                   0.0                   0.0                   0.0                   0.0                   
0    5    0.88192    0.0                   0.0                   0.0                   0.0                   0.0                   0.0                   0.0                   0.0                   -0.88192              -0.88192              
0    6    0.66679    -0.66679              0.074753              -0.66679              -0.66679              -0.66679              -0.66679              -0.66679              -0.66679              -0.66679              -0.66679              
0    7    0.948421   -0.948421             -0.288652             -0.063677             -0.063677             -0.063677             -0.063677             -0.063677             -0.063677             -0.063588             -0.063588             
0    8    0.872713   -0.872713             -0.872713             -0.872713             -0.872713             -0.872713             -0.872713             -0.872713             -0.872713             -0.872713             -0.872713             
0    9    0.948421   -0.948421             -0.288652             -0.063677             -0.063677             -0.063677             -0.063677             -0.063677             -0.063677             -0.063588             -0.063588             
0    10   0.988511   0.00933399999999995   0.00933399999999995   0.00933399999999995   0.00933399999999995   0.00923699999999994   0.00923699999999994   0.00857399999999997   0.00857399999999997   0.00924599999999998   0.00924599999999998   
0    11   0.778839   0.0                   -0.778839             -0.778839             -0.778839             -0.778839             -0.778839             -0.778839             -0.778839             -0.778839             -0.778839             
0    12   0.782363   0.0                   -0.782363             -0.782363             -0.782363             -0.782363             -0.782363             -0.782363             -0.782363             -0.782363             -0.782363             
0    13   0.742806   0.0                   0.0                   -0.742806             -0.742806             -0.742806             -0.742806             -0.742806             -0.742806             -0.742806             -0.742806             
0    14   0.753832   0.0                   0.0                   -0.753832             -0.753832             -0.753832             -0.753832             -0.753832             -0.753832             -0.753832             -0.753832             
0    15   0.738771   0.0                   0.0                   -0.738771             -0.738771             -0.738771             -0.738771             -0.738771             -0.738771             0.068774              0.068774              
0    16   0.75437    0.0                   0.0                   -0.75437              -0.75437              -0.75437              -0.75437              -0.75437              -0.75437              0.070225              0.070225              
1    0    0.74542    0.0                   0.0                   0.0                   0.0                   0.0660430000000001    0.0660430000000001    0.0660430000000001    0.0660430000000001    -0.74542              -0.74542              
1    1    0.834999   0.0                   0.0                   0.0                   0.0                   0.0                   0.0                   0.0740909999999999    0.0740909999999999    -0.834999             -0.834999             
1    3    0.988511   0.00933399999999995   0.00933399999999995   0.00933399999999995   0.00933399999999995   0.00923699999999994   0.00923699999999994   0.00857399999999997   0.00857399999999997   -0.988511             -0.988511             
1    4    0.997003   0.0                   0.0                   0.0                   0.0                   0.0                   0.0                   0.0                   0.0                   -0.997003             -0.997003             
1    5    0.88192    0.0                   0.0                   0.0                   0.0                   0.0                   0.0                   0.0                   0.0                   0.11708               0.11708               
1    6    0.66679    -0.66679              0.074753              -0.66679              -0.66679              -0.66679              -0.66679              -0.66679              -0.66679              -0.66679              -0.66679              
1    7    0.948421   -0.948421             -0.288652             -0.063677             -0.063677             -0.063677             -0.063677             -0.063677             -0.063677             -0.948421             -0.948421             
1    8    0.872713   -0.872713             -0.872713             -0.872713             -0.872713             -0.872713             -0.872713             -0.872713             -0.872713             -0.872713             -0.872713             
1    9    0.948421   -0.948421             -0.288652             -0.063677             -0.063677             -0.063677             -0.063677             -0.063677             -0.063677             -0.948421             -0.948421             
1    10   0.988511   0.00933399999999995   0.00933399999999995   0.00933399999999995   0.00933399999999995   0.00923699999999994   0.00923699999999994   0.00857399999999997   0.00857399999999997   -0.988511             -0.988511             
1    11   0.778839   0.0                   -0.778839             -0.778839             -0.778839             -0.778839             -0.778839             -0.778839             -0.778839             -0.778839             -0.778839             
1    12   0.782363   0.0                   -0.782363             -0.782363             -0.782363             -0.782363             -0.782363             -0.782363             -0.782363             -0.782363             -0.782363             
1    13   0.742806   0.0                   0.0                   -0.742806             -0.742806             -0.742806             -0.742806             -0.742806             -0.742806             -0.742806             -0.742806             
1    14   0.753832   0.0                   0.0                   -0.753832             -0.753832             -0.753832             -0.753832             -0.753832             -0.753832             -0.753832             -0.753832             
1    15   0.738771   0.0                   0.0                   -0.738771             -0.738771             -0.738771             -0.738771             -0.738771             -0.738771             -0.738771             -0.738771             
1    16   0.75437    0.0                   0.0                   -0.75437              -0.75437              -0.75437              -0.75437              -0.75437              -0.75437              -0.75437              -0.75437              
3    0    0.705735   0.0                   0.0                   0.0                   0.0                   0.062526              0.062526              0.062526              0.062526              0.062604              0.062604              
3    1    0.790545   0.0                   0.0                   0.0                   0.0                   0.0                   0.0                   0.0701459999999999    0.0701459999999999    0.0701459999999999    0.0701459999999999    
3    2    0.0        0.0                   0.0                   0.0                   0.0                   0.0                   0.0                   0.0                   0.0                   0.465742              0.465742              
3    3    0.989885   0.000479000000000007  0.000479000000000007  0.000479000000000007  0.000479000000000007  0.000473999999999974  0.000473999999999974  0.000439999999999996  0.000439999999999996  0.000475000000000003  0.000475000000000003  
3    4    0.943924   0.0                   0.0                   0.0                   0.0                   0.0                   0.0                   0.0                   0.0                   0.0                   0.0                   
3    5    0.834968   0.0                   0.0                   0.0                   0.0                   0.0                   0.0                   0.0                   0.0                   -0.834968             -0.834968             
3    6    0.631291   -0.631291             0.070773              -0.631291             -0.631291             -0.631291             -0.631291             -0.631291             -0.631291             -0.631291             -0.631291             
3    7    0.897928   -0.897928             -0.273285             -0.060287             -0.060287             -0.060287             -0.060287             -0.060287             -0.060287             -0.0602029999999999   -0.0602029999999999   
3    8    0.826251   -0.826251             -0.826251             -0.826251             -0.826251             -0.826251             -0.826251             -0.826251             -0.826251             -0.826251             -0.826251             
3    9    0.897928   -0.897928             -0.273285             -0.060287             -0.060287             -0.060287             -0.060287             -0.060287             -0.060287             -0.0602029999999999   -0.0602029999999999   
3    10   0.989885   0.000479000000000007  0.000479000000000007  0.000479000000000007  0.000479000000000007  0.000473999999999974  0.000473999999999974  0.000439999999999996  0.000439999999999996  0.000475000000000003  0.000475000000000003  
3    11   0.737374   0.0                   -0.737374             -0.737374             -0.737374             -0.737374             -0.737374             -0.737374             -0.737374             -0.737374             -0.737374             
3    12   0.740711   0.0                   -0.740711             -0.740711             -0.740711             -0.740711             -0.740711             -0.740711             -0.740711             -0.740711             -0.740711             
3    13   0.703259   0.0                   0.0                   -0.703259             -0.703259             -0.703259             -0.703259             -0.703259             -0.703259             -0.703259             -0.703259             
3    14   0.713699   0.0                   0.0                   -0.713699             -0.713699             -0.713699             -0.713699             -0.713699             -0.713699             -0.713699             -0.713699             
3    15   0.69944    0.0                   0.0                   -0.69944              -0.69944              -0.69944              -0.69944              -0.69944              -0.69944              0.0651120000000001    0.0651120000000001    
3    16   0.714208   0.0                   0.0                   -0.714208             -0.714208             -0.714208             -0.714208             -0.714208             -0.714208             0.0664870000000001    0.0664870000000001    
4    0    0.744674   0.0                   0.0                   0.0                   0.0                   0.0659770000000001    -0.744674             -0.744674             -0.744674             -0.744674             -0.744674             
4    1    0.834163   0.0                   0.0                   0.0                   0.0                   0.0                   -0.834163             -0.834163             -0.834163             -0.834163             -0.834163             
4    3    0.998367   0.000224000000000002  0.000224000000000002  0.000224000000000002  0.000224000000000002  0.000221000000000027  -0.129239             -0.129239             -0.129239             -0.129239             -0.129239             
4    4    0.996005   0.0                   0.0                   0.0                   0.0                   0.0                   -0.996005             -0.996005             -0.996005             -0.996005             -0.996005             
4    5    0.881037   0.0                   0.0                   0.0                   0.0                   0.0                   -0.881037             -0.881037             -0.881037             -0.881037             -0.881037             
4    6    0.666123   -0.666123             0.074678              -0.666123             -0.666123             -0.666123             -0.666123             -0.666123             -0.666123             -0.666123             -0.666123             
4    7    0.947471   -0.947471             -0.288363             -0.0636129999999999   -0.0636129999999999   -0.0636129999999999   -0.947471             -0.947471             -0.947471             -0.947471             -0.947471             
4    8    0.87184    -0.87184              -0.87184              -0.87184              -0.87184              -0.87184              -0.87184              -0.87184              -0.87184              -0.87184              -0.87184              
4    9    0.947471   -0.947471             -0.288363             -0.0636129999999999   -0.0636129999999999   -0.0636129999999999   -0.947471             -0.947471             -0.947471             -0.947471             -0.947471             
4    10   0.998367   0.000224000000000002  0.000224000000000002  0.000224000000000002  0.000224000000000002  0.000221000000000027  -0.129239             -0.129239             -0.129239             -0.129239             -0.129239             
4    11   0.778059   0.0                   -0.778059             -0.778059             -0.778059             -0.778059             -0.778059             -0.778059             -0.778059             -0.778059             -0.778059             
4    12   0.78158    0.0                   -0.78158              -0.78158              -0.78158              -0.78158              -0.78158              -0.78158              -0.78158              -0.78158              -0.78158              
4    13   0.742062   0.0                   0.0                   -0.742062             -0.742062             -0.742062             0.178605              0.178605              0.178605              0.178605              0.178605              
4    14   0.753077   0.0                   0.0                   -0.753077             -0.753077             -0.753077             -0.753077             -0.753077             -0.753077             -0.753077             -0.753077             
4    15   0.738032   0.0                   0.0                   -0.738032             -0.738032             -0.738032             -0.738032             -0.738032             -0.738032             -0.738032             -0.738032             
4    16   0.753615   0.0                   0.0                   -0.753615             -0.753615             -0.753615             -0.753615             -0.753615             -0.753615             -0.753615             -0.753615             
5    0    0.74542    0.0                   0.0                   0.0                   0.0                   0.0667180000000001    0.06686               0.06686               0.06686               0.066858              0.0661240000000001    
5    1    0.834999   0.0                   0.0                   0.0                   0.0                   0.0                   0.000753999999999921  0.074912              0.074912              0.074913              0.0740909999999999    
5    2    0.0        0.0                   0.0                   0.0                   0.445309              0.445309              0.503969              0.503969              0.503969              0.492377              0.491932              
5    3    0.998691   -0.000846000000000013 -0.000846000000000013 -0.000187000000000048 -0.000190000000000023 -0.000943000000000027 -4.30000000000152e-05 -0.000705999999999984 -1.6000000000016e-05  -3.2000000000032e-05  -0.00093399999999999  
5    4    0.997003   0.0                   0.0                   0.0                   0.0                   0.0                   0.000900000000000012  0.000900000000000012  0.000900000000000012  0.000902000000000069  0.0                   
5    5    0.88192    0.0                   0.0                   0.0                   0.0                   0.0                   0.000795999999999908  0.000795999999999908  0.000795999999999908  -0.88192              -0.88192              
5    6    0.66679    -0.66679              0.074753              0.066962              0.066962              0.066962              0.163617              0.163617              -0.66679              -0.66679              -0.66679              
5    7    0.948421   -0.072973             0.00920300000000007   0.0117010000000001    0.0117                0.0117                0.02164               0.02164               -0.062786             -0.062788             -0.063588             
5    8    0.872713   0.000982000000000038  0.000982000000000038  0.000982000000000038  0.000982000000000038  0.000982000000000038  0.116071              0.116071              0.116071              0.116071              -0.872713             
5    9    0.948421   -0.072973             0.00920300000000007   0.0117010000000001    0.0117                0.0117                0.02164               0.02164               -0.062786             -0.062788             -0.063588             
5    10   0.998691   -0.000846000000000013 -0.000846000000000013 -0.000187000000000048 -0.000190000000000023 -0.000943000000000027 -4.30000000000152e-05 -0.000705999999999984 -1.6000000000016e-05  -3.2000000000032e-05  -0.00093399999999999  
5    11   0.778839   0.0                   -0.778839             -0.778839             -0.778839             -0.778839             -0.778839             -0.778839             -0.778839             -0.778839             -0.778839             
5    12   0.782363   0.0                   -0.782363             -0.782363             -0.782363             -0.782363             -0.782363             -0.782363             -0.782363             -0.782363             -0.782363             
5    13   0.742806   0.0                   0.0                   -0.00780499999999995  -0.00780499999999995  -0.00780499999999995  -0.742806             -0.742806             -0.742806             -0.742806             -0.742806             
5    14   0.753832   0.0                   0.0                   -0.753832             -0.753832             -0.753832             -0.753832             -0.753832             -0.753832             -0.753832             0.238425              
5    15   0.738771   0.0                   0.0                   -0.00776199999999994  -0.00776199999999994  -0.00776199999999994  0.0885320000000001    0.0885320000000001    0.0885320000000001    0.069504              0.068774              
5    16   0.75437    0.0                   0.0                   -0.00792599999999999  -0.00792599999999999  -0.00792599999999999  0.0904010000000001    0.0904010000000001    0.0904010000000001    0.070971              0.070225              
6    0    0.0        0.0                   0.0                   0.0                   0.0                   0.80507               0.80892               0.80892               0.80892               0.808928              0.808928              
6    1    0.0        0.0                   0.0                   0.0                   0.0                   0.0                   0.495219              0.539161              0.539161              0.540241              0.540241              
6    2    0.0        0.0                   0.0                   0.0                   0.596403              0.596403              0.596403              0.596403              0.596403              0.596403              0.596403              
6    3    0.884267   0.00617499999999993   0.00617499999999993   0.00617499999999993   0.00614599999999998   0.0                   0.0678879999999999    0.067885              -0.291417             -0.291334             -0.291334             
6    4    0.0        0.0                   0.0                   0.0                   0.0                   0.0                   0.5913                0.5913                0.5913                0.592485              0.592485              
6    5    0.0        0.0                   0.0                   0.0                   0.0                   0.0                   0.523047              0.523047              0.523047              0.0                   0.0                   
6    6    0.0        0.0                   0.803116              0.545644              0.545644              0.545644              0.545644              0.545644              0.919102              0.919102              0.919102              
6    7    0.871647   -0.871647             -0.157095             0.0671550000000001    0.065038              0.065038              0.0658030000000001    0.0658030000000001    0.106842              0.106844              0.106844              
6    8    0.869902   -0.869902             -0.869902             -0.869902             -0.869902             -0.869902             -0.869902             -0.869902             -0.869902             -0.869902             -0.869902             
6    9    0.871647   -0.871647             -0.157095             0.0671550000000001    0.065038              0.065038              0.0658030000000001    0.0658030000000001    0.106842              0.106844              0.106844              
6    10   0.884267   0.00617499999999993   0.00617499999999993   0.00617499999999993   0.00614599999999998   0.0                   0.0678879999999999    0.067885              -0.291417             -0.291334             -0.291334             
6    11   0.843509   0.0                   -0.843509             -0.843509             -0.843509             -0.843509             -0.843509             -0.843509             -0.843509             -0.843509             -0.843509             
6    12   0.847326   0.0                   -0.847326             -0.847326             -0.847326             -0.847326             -0.847326             -0.847326             -0.847326             -0.847326             -0.847326             
6    13   0.804484   0.0                   0.0                   -0.257911             -0.257911             -0.257911             -0.804484             -0.804484             -0.804484             -0.804484             -0.804484             
6    14   0.816426   0.0                   0.0                   -0.816426             -0.816426             -0.816426             -0.816426             -0.816426             -0.816426             -0.816426             -0.816426             
6    15   0.800115   0.0                   0.0                   -0.25651              -0.25651              -0.25651              -0.25651              -0.25651              -0.25651              -0.320219             -0.320219             
6    16   0.817008   0.0                   0.0                   -0.261925             -0.261925             -0.261925             -0.261925             -0.261925             -0.261925             -0.326979             -0.326979             
7    0    0.0        0.0                   0.0                   0.0                   0.0                   0.0                   0.0                   0.0                   0.0                   0.0                   0.738951              
7    1    0.0        0.0                   0.0                   0.0                   0.0                   0.0                   0.0                   0.0                   0.0                   0.0                   0.827771              
7    2    0.0        0.0                   0.0                   0.0                   0.0                   0.0                   0.0                   0.0                   0.0                   0.0                   0.447928              
7    3    0.888719   0.00176399999999999   0.00176399999999999   0.0                   0.0                   0.0                   0.0                   0.0                   0.0                   0.0                   0.100179              
7    4    0.0        0.0                   0.0                   0.0                   0.0                   0.0                   0.0                   0.0                   0.0                   0.0                   0.90782               
7    6    0.0        0.0                   0.803116              0.0                   0.0                   0.0                   0.0                   0.0                   0.0                   0.0                   0.0                   
7    7    0.871647   -0.871647             -0.157095             -0.871647             -0.871647             -0.871647             -0.871647             -0.871647             -0.871647             -0.871647             -0.0659639999999999   
7    8    0.869902   -0.869902             -0.869902             -0.869902             -0.869902             -0.869902             -0.869902             -0.869902             -0.869902             -0.869902             0.125601              
7    9    0.871647   -0.871647             -0.157095             -0.871647             -0.871647             -0.871647             -0.871647             -0.871647             -0.871647             -0.871647             -0.0659639999999999   
7    10   0.888719   0.00176399999999999   0.00176399999999999   0.0                   0.0                   0.0                   0.0                   0.0                   0.0                   0.0                   0.100179              
7    11   0.843509   0.0                   -0.843509             -0.843509             -0.843509             -0.843509             -0.843509             -0.843509             -0.843509             -0.843509             -0.843509             
7    12   0.847326   0.0                   -0.847326             -0.847326             -0.847326             -0.847326             -0.847326             -0.847326             -0.847326             -0.847326             -0.847326             
7    13   0.804484   0.0                   0.0                   -0.804484             -0.804484             -0.804484             -0.804484             -0.804484             -0.804484             -0.804484             -0.804484             
7    14   0.816426   0.0                   0.0                   0.182574              0.182574              0.182574              0.182574              0.182574              0.182574              0.182574              -0.816426             
7    15   0.800115   0.0                   0.0                   -0.800115             -0.800115             -0.800115             -0.800115             -0.800115             -0.800115             -0.800115             -0.064806             
7    16   0.817008   0.0                   0.0                   -0.817008             -0.817008             -0.817008             -0.817008             -0.817008             -0.817008             -0.817008             -0.066174             
8    3    0.88961    0.0                   0.0                   0.0                   0.0                   0.0                   0.0                   0.0                   0.0                   0.0                   0.0                   
8    10   0.88961    0.0                   0.0                   0.0                   0.0                   0.0                   0.0                   0.0                   0.0                   0.0                   0.0                   
9    0    0.0        0.0                   0.0                   0.0                   0.0                   0.748955              0.748955              0.748955              0.748955              0.807264              0.807264              
9    1    0.0        0.0                   0.0                   0.0                   0.0                   0.0                   0.0                   0.0                   0.0                   0.836062              0.836062              
9    2    0.945814   0.0                   0.0                   0.0                   -0.945814             -0.945814             -0.945814             -0.945814             -0.945814             -0.432882             -0.432882             
9    3    0.884267   -0.884267             -0.884267             -0.884267             -0.067391             -0.884267             -0.884267             -0.884267             -0.884267             0.034145              0.034145              
9    4    0.0        0.0                   0.0                   0.0                   0.0                   0.0                   0.0                   0.0                   0.0                   0.916913              0.916913              
9    5    0.919568   0.0                   0.0                   0.0                   0.0                   0.0                   0.0                   0.0                   0.0                   -0.919568             -0.919568             
9    6    0.0        0.761053              0.0                   0.0                   0.0                   0.0                   0.0                   0.0                   0.0                   0.0                   0.0                   
9    7    0.0        0.677127              0.0                   0.0                   0.816591              0.816591              0.816591              0.816591              0.816591              0.880166              0.880166              
9    9    0.0        0.677127              0.0                   0.0                   0.816591              0.816591              0.816591              0.816591              0.816591              0.880166              0.880166              
9    10   0.884267   -0.884267             -0.884267             -0.884267             -0.067391             -0.884267             -0.884267             -0.884267             -0.884267             0.034145              0.034145              
9    11   0.0        0.0                   0.79933               0.79933               0.79933               0.79933               0.79933               0.79933               0.79933               0.79933               0.79933               
9    12   0.0        0.0                   0.802947              0.802947              0.802947              0.802947              0.802947              0.802947              0.802947              0.802947              0.802947              
9    15   0.0        0.0                   0.0                   0.0                   0.0                   0.0                   0.0                   0.0                   0.0                   0.842018              0.842018              
9    16   0.0        0.0                   0.0                   0.0                   0.0                   0.0                   0.0                   0.0                   0.0                   0.859796              0.859796              
