#POrder PRank  DOrder  DRank  reverse     nonconformity protein
1       1      1       1      0.000000    1.232143      hsa_51176&hsa_6932&hsa_6934&hsa_83439
2       2      2       2      0.000000    1.232143      hsa_1499
3       3      3       3      0.000000    1.232143      hsa_1855&hsa_1856&hsa_1857
4       4      4       4      0.000000    1.232143      hsa_2932
5       5      5       5      0.000000    1.232143      hsa_11211&hsa_2535&hsa_7855&hsa_7976&hsa_8321&hsa_8322&hsa_8323&hsa_8324&hsa_8325...
6       6      6       6      0.000000    1.232143      hsa_4040&hsa_4041
7       6      7       6      0.000000    1.232143      hsa_22943&hsa_27121&hsa_27123
8       8      13      10     0.035714    2.732143      hsa_4609
9       9      15      10     0.035714    1.910714      hsa_8061
10      10     8       8      0.035714    2.553571      hsa_7474&hsa_81029
11      11     9       9      0.035714    2.553571      hsa_23236&hsa_5330&hsa_5331&hsa_5332
12      12     14      10     0.000000    2.553571      hsa_595&hsa_894&hsa_896
13      13     16      16     0.053571    3.625000      hsa_85407&hsa_85409
14      14     20      16     0.053571    2.732143      hsa_5566&hsa_5567&hsa_5568&hsa_5613
15      15     17      16     0.053571    1.910714      hsa_6885
16      15     19      16     0.053571    1.910714      hsa_51701
17      17     21      21     0.071429    4.553571      hsa_5599&hsa_5601&hsa_5602
18      17     23      21     0.071429    4.553571      hsa_5879&hsa_5880&hsa_5881
19      19     18      16     0.089286    3.410714      hsa_80319
20      20     22      21     0.053571    1.910714      hsa_5663
21      21     12      10     0.142857    10.553571     hsa_3725
22      22     11      10     0.142857    11.482143     hsa_4316
23      23     10      10     0.142857    12.446429     hsa_5467
24      24     25      24     0.000000    1.232143      hsa_815&hsa_816&hsa_817&hsa_818
25      25     27      24     0.000000    1.875000      hsa_5578&hsa_5579&hsa_5582
26      26     24      24     0.000000    2.553571      hsa_10725&hsa_4772&hsa_4773&hsa_4775&hsa_4776
27      26     26      24     0.000000    2.553571      hsa_11261&hsa_5530&hsa_5532&hsa_5533&hsa_5534&hsa_5535&hsa_63928
28      28     28      28     0.000000    1.232143      hsa_10023&hsa_23401
29      29     54      29     0.000000    1.232143      hsa_9350
30      29     49      29     0.000000    1.232143      hsa_387
31      29     36      29     0.000000    1.232143      hsa_8607
32      29     34      29     0.000000    1.232143      hsa_122011&hsa_1452
33      29     38      29     0.000000    1.232143      hsa_23291&hsa_8945
34      29     32      29     0.000000    1.232143      hsa_5515&hsa_5516&hsa_5518&hsa_5519&hsa_5525&hsa_5526&hsa_5527&hsa_5528&hsa_5529
35      29     48      29     0.000000    1.232143      hsa_144165&hsa_166336
36      29     50      29     0.000000    1.232143      hsa_56998
37      29     53      29     0.000000    1.232143      hsa_4089
38      29     51      29     0.000000    1.232143      hsa_6477
39      29     55      29     0.000000    1.232143      hsa_51384&hsa_54361&hsa_7471&hsa_7472&hsa_7473&hsa_7474&hsa_7475&hsa_7476&hsa_747...
40      29     41      29     0.000000    1.232143      hsa_23002&hsa_23500
41      29     30      29     0.000000    1.232143      hsa_8312&hsa_8313
42      29     39      29     0.000000    1.232143      hsa_6422&hsa_6423&hsa_6424&hsa_6425
43      29     40      29     0.000000    1.232143      hsa_7481
44      29     52      29     0.000000    1.232143      hsa_7157
45      29     56      29     0.000000    1.232143      hsa_64840
46      29     33      29     0.000000    1.232143      hsa_10297&hsa_324
47      29     46      29     0.000000    1.232143      hsa_64321
48      29     44      29     0.000000    1.232143      hsa_1487&hsa_1488
49      29     45      29     0.000000    1.232143      hsa_57680
50      29     47      29     0.000000    1.232143      hsa_57216&hsa_81839
51      29     43      29     0.000000    1.232143      hsa_1387&hsa_2033
52      29     37      29     0.000000    1.232143      hsa_6907&hsa_79718&hsa_90665
53      29     42      29     0.000000    1.232143      hsa_6093&hsa_9475
54      29     29      29     0.000000    1.232143      hsa_59343
55      29     31      29     0.000000    1.232143      hsa_1454
56      29     35      29     0.000000    1.232143      hsa_1457&hsa_1459&hsa_1460
