26.954396     hsa_51176&hsa_6932&hsa_6934&hsa_83439
23.691709     hsa_1499
20.121638     hsa_1855&hsa_1856&hsa_1857
16.790596     hsa_2932
16.754110     hsa_11211&hsa_2535&hsa_7855&hsa_7976&hsa_8321&hsa_8322&hsa_8323&hsa_8324&hsa_8325...
10.982242     hsa_4040&hsa_4041
10.982242     hsa_22943&hsa_27121&hsa_27123
6.599390      hsa_4609
6.299763      hsa_8061
5.771868      hsa_7474&hsa_81029
5.408038      hsa_23236&hsa_5330&hsa_5331&hsa_5332
5.275011      hsa_595&hsa_894&hsa_896
4.312094      hsa_85407&hsa_85409
4.304575      hsa_5566&hsa_5567&hsa_5568&hsa_5613
4.202687      hsa_6885
4.202687      hsa_51701
3.975359      hsa_5599&hsa_5601&hsa_5602
3.975359      hsa_5879&hsa_5880&hsa_5881
3.923352      hsa_80319
3.879184      hsa_5663
3.283702      hsa_3725
3.141550      hsa_4316
2.354980      hsa_5467
1.856199      hsa_815&hsa_816&hsa_817&hsa_818
1.836630      hsa_5578&hsa_5579&hsa_5582
1.715209      hsa_10725&hsa_4772&hsa_4773&hsa_4775&hsa_4776
1.715209      hsa_11261&hsa_5530&hsa_5532&hsa_5533&hsa_5534&hsa_5535&hsa_63928
0.540120      hsa_10023&hsa_23401
0.000000      hsa_9350
0.000000      hsa_387
0.000000      hsa_8607
0.000000      hsa_122011&hsa_1452
0.000000      hsa_23291&hsa_8945
0.000000      hsa_5515&hsa_5516&hsa_5518&hsa_5519&hsa_5525&hsa_5526&hsa_5527&hsa_5528&hsa_5529
0.000000      hsa_144165&hsa_166336
0.000000      hsa_56998
0.000000      hsa_4089
0.000000      hsa_6477
0.000000      hsa_51384&hsa_54361&hsa_7471&hsa_7472&hsa_7473&hsa_7474&hsa_7475&hsa_7476&hsa_747...
0.000000      hsa_23002&hsa_23500
0.000000      hsa_8312&hsa_8313
0.000000      hsa_6422&hsa_6423&hsa_6424&hsa_6425
0.000000      hsa_7481
0.000000      hsa_7157
0.000000      hsa_64840
0.000000      hsa_10297&hsa_324
0.000000      hsa_64321
0.000000      hsa_1487&hsa_1488
0.000000      hsa_57680
0.000000      hsa_57216&hsa_81839
0.000000      hsa_1387&hsa_2033
0.000000      hsa_6907&hsa_79718&hsa_90665
0.000000      hsa_6093&hsa_9475
0.000000      hsa_59343
0.000000      hsa_1454
0.000000      hsa_1457&hsa_1459&hsa_1460
