0    0    0
0    1    0
0    2    0.65154
0    3    0
0    4    0
0    5    0
0    6    0
0    7    0
0    8    0
0    9    0
0    10   0
0    11   0
0    12   0
0    13   0
0    14   0
0    15   0.877343
0    16   0
0    17   0
0    18   0
1    0    0
1    1    0
1    2    0
1    3    0
1    4    0
1    5    0
1    6    0
1    7    0
1    8    0
1    9    0
1    10   0
1    11   0
1    12   0
1    13   0
1    14   0
1    15   0
1    16   0
1    17   0
1    18   0
2    0    0
2    1    0
2    2    0
2    3    0
2    4    0
2    5    0
2    6    0
2    7    0
2    8    0
2    9    0
2    10   0
2    11   0
2    12   0
2    13   0
2    14   0
2    15   0
2    16   0
2    17   0
2    18   0
3    0    0
3    1    0
3    2    0
3    3    0
3    4    0
3    5    0
3    6    0
3    7    0
3    8    0
3    9    0
3    10   0
3    11   0
3    12   0
3    13   0
3    14   0
3    15   0
3    16   0
3    17   0
3    18   0
4    0    0
4    1    0
4    2    0
4    3    0
4    4    0
4    5    0
4    6    0
4    7    0
4    8    0
4    9    0
4    10   0
4    11   0
4    12   0
4    13   0
4    14   0
4    15   0
4    16   0
4    17   0
4    18   0
5    0    0
5    1    0
5    2    0
5    3    0
5    4    0
5    5    0
5    6    0
5    7    0
5    8    0
5    9    0
5    10   0
5    11   0
5    12   0
5    13   0
5    14   0
5    15   0
5    16   0
5    17   0
5    18   0.88819
6    0    0
6    1    0
6    2    0
6    3    0
6    4    0
6    5    0
6    6    0
6    7    0
6    8    0
6    9    0
6    10   0
6    11   0
6    12   0
6    13   0
6    14   0
6    15   0
6    16   0
6    17   0
6    18   0.925052
7    0    0.912878
7    1    0.279062
7    2    0.629174
7    3    0
7    4    0.77569
7    5    0.913883
7    6    0.889881
7    7    0.837692
7    8    0
7    9    0.92345
7    10   0.918477
7    11   0.585794
7    12   0
7    13   0.776828
7    14   0.80419
7    15   0.847225
7    16   0.818971
7    17   0
7    18   0.806844
8    0    0.902929
8    1    0.194269
8    2    0.60622
8    3    0
8    4    0.764674
8    5    0.90385
8    6    0.877242
8    7    0.825795
8    8    0
8    9    0.90983
8    10   0.908179
8    11   0.407801
8    12   0
8    13   0.768214
8    14   0.795273
8    15   0.816315
8    16   0.80989
8    17   0
8    18   0.774195
9    0    0.979139
9    1    0.220363
9    2    0.687235
9    3    0
9    4    0.867381
9    5    0.973182
9    6    0.995069
9    7    0.936712
9    8    0
9    9    0.996364
9    10   0.992757
9    11   0.462575
9    12   0
9    13   0.763779
9    14   0.790682
9    15   0.925408
9    16   0.805214
9    17   0
9    18   0.777606
10   0    0
10   1    0
10   2    0
10   3    0
10   4    0
10   5    0
10   6    0
10   7    0
10   8    0
10   9    0
10   10   0
10   11   0
10   12   0
10   13   0
10   14   0
10   15   0
10   16   0
10   17   0
10   18   0
11   0    0.798356
11   1    0.176409
11   2    0.550485
11   3    0
11   4    0.694371
11   5    0.779069
11   6    0.796591
11   7    0.749873
11   8    0
11   9    0.798145
11   10   0.794739
11   11   0.709885
11   12   0
11   13   0.611434
11   14   0.632971
11   15   0.757109
11   16   0.778998
11   17   0
11   18   0.622503
12   0    0
12   1    0
12   2    0
12   3    0
12   4    0
12   5    0
12   6    0
12   7    0
12   8    0
12   9    0
12   10   0
12   11   0
12   12   0
12   13   0
12   14   0
12   15   0
12   16   0
12   17   0
12   18   0
13   0    0.949985
13   1    0.401933
13   2    0.668653
13   3    0
13   4    0.69128
13   5    0.950396
13   6    0.793044
13   7    0.746534
13   8    0
13   9    0.971981
13   10   0.943442
13   11   0.843719
13   12   0
13   13   0.81476
13   14   0.843459
13   15   0.900386
13   16   0.858961
13   17   0
13   18   0.878381
14   0    0
14   1    0
14   2    0.426225
14   3    0
14   4    0
14   5    0
14   6    0
14   7    0
14   8    0
14   9    0
14   10   0
14   11   0
14   12   0
14   13   0
14   14   0
14   15   0.573941
14   16   0
14   17   0
14   18   0.577714
15   0    0
15   1    0
15   2    0.734593
15   3    0
15   4    0
15   5    0
15   6    0
15   7    0
15   8    0
15   9    0.8875
15   10   0
15   11   0
15   12   0
15   13   0
15   14   0
15   15   0.524933
15   16   0
15   17   0
15   18   0
16   0    0.892151
16   1    0.200654
16   2    0.626142
16   3    0
16   4    0.789803
16   5    0.886141
16   6    0.906071
16   7    0.852933
16   8    0
16   9    0.907839
16   10   0.903965
16   11   0.421203
16   12   0
16   13   0.695467
16   14   0.719964
16   15   0.843142
16   16   0.733196
16   17   0
16   18   0.708058
17   0    0.94629
17   1    0.21283
17   2    0.664139
17   3    0
17   4    0.837732
17   5    0.939916
17   6    0.961055
17   7    0.904693
17   8    0
17   9    0.962931
17   10   0.958822
17   11   0.446763
17   12   0
17   13   0.737671
17   14   0.763654
17   15   0.894307
17   16   0.77769
17   17   0
17   18   0.751026
