0    0    0.607509
0    1    0.26061
0    2    0.541387
0    3    0.519486
0    4    0
0    5    0
0    6    0
0    7    0
0    8    0.465779
0    9    0.921011
0    10   0.427935
0    11   0.625143
0    12   0.427815
0    13   0.419526
0    14   0.434303
0    15   0.477297
0    16   0.621477
0    17   0.511434
0    18   0
1    0    0
1    1    0
1    2    0
1    3    0
1    4    0
1    5    0
1    6    0
1    7    0
1    8    0
1    9    0
1    10   0
1    11   0
1    12   0
1    13   0
1    14   0
1    15   0
1    16   0
1    17   0
1    18   0
2    0    0
2    1    0
2    2    0
2    3    0
2    4    0
2    5    0
2    6    0
2    7    0
2    8    0
2    9    0
2    10   0
2    11   0
2    12   0
2    13   0
2    14   0
2    15   0
2    16   0
2    17   0
2    18   0
3    0    0
3    1    0
3    2    0
3    3    0
3    4    0
3    5    0
3    6    0
3    7    0
3    8    0
3    9    0
3    10   0
3    11   0
3    12   0
3    13   0
3    14   0
3    15   0
3    16   0
3    17   0
3    18   0
4    0    0
4    1    0
4    2    0
4    3    0
4    4    0
4    5    0
4    6    0
4    7    0
4    8    0
4    9    0
4    10   0
4    11   0
4    12   0
4    13   0
4    14   0
4    15   0
4    16   0
4    17   0
4    18   0
5    0    0
5    1    0
5    2    0
5    3    0
5    4    0
5    5    0
5    6    0
5    7    0
5    8    0
5    9    0
5    10   0
5    11   0
5    12   0
5    13   0
5    14   0
5    15   0
5    16   0
5    17   0
5    18   0
6    0    0
6    1    0
6    2    0
6    3    0
6    4    0
6    5    0
6    6    0
6    7    0
6    8    0
6    9    0
6    10   0
6    11   0
6    12   0
6    13   0
6    14   0
6    15   0
6    16   0
6    17   0
6    18   0
7    0    0.911558
7    1    0.383979
7    2    0.797673
7    3    0.765403
7    4    0.806668
7    5    0.776517
7    6    0.925419
7    7    0.871146
7    8    0.686272
7    9    0.874296
7    10   0.921799
7    11   0.921076
7    12   0.630337
7    13   0.618123
7    14   0.639895
7    15   0.703242
7    16   0.915676
7    17   0.75354
7    18   0
8    0    0.905926
8    1    0.381984
8    2    0.793529
8    3    0.761428
8    4    0.803314
8    5    0.773288
8    6    0.921571
8    7    0.867524
8    8    0.883137
8    9    0.925406
8    10   0.97344
8    11   0.971419
8    12   0.811155
8    13   0.795438
8    14   0.823456
8    15   0.904975
8    16   0.972296
8    17   0.749626
8    18   0
9    0    0.979585
9    1    0.413043
9    2    0.85805
9    3    0.823338
9    4    0.868631
9    5    0.836163
9    6    0.996503
9    7    0.938061
9    8    0.738218
9    9    0.906547
9    10   0.991943
9    11   0.990794
9    12   0.678048
9    13   0.66491
9    14   0.68833
9    15   0.756472
9    16   0.984985
9    17   0.810577
9    18   0
10   0    0
10   1    0
10   2    0
10   3    0
10   4    0
10   5    0
10   6    0
10   7    0
10   8    0.485143
10   9    0.43509
10   10   0.445726
10   11   0.433588
10   12   0.445601
10   13   0.436967
10   14   0.452358
10   15   0.49714
10   16   0.460672
10   17   0
10   18   0
11   0    0.790771
11   1    0.292132
11   2    0.606871
11   3    0.58232
11   4    0
11   5    0
11   6    0
11   7    0
11   8    0.684185
11   9    0.732686
11   10   0.628596
11   11   0.773775
11   12   0.628419
11   13   0.616243
11   14   0.637949
11   15   0.701103
11   16   0.775682
11   17   0.751248
11   18   0
12   0    0.950912
12   1    0.407923
12   2    0.847414
12   3    0.813133
12   4    0
12   5    0
12   6    0
12   7    0
12   8    0.729067
12   9    0.89531
12   10   0.669832
12   11   0.978513
12   12   0.669644
12   13   0.656668
12   14   0.679798
12   15   0.747095
12   16   0.972776
12   17   0.80053
12   18   0
13   0    0
13   1    0
13   2    0
13   3    0
13   4    0
13   5    0
13   6    0
13   7    0
13   8    0
13   9    0
13   10   0
13   11   0
13   12   0
13   13   0
13   14   0
13   15   0
13   16   0
13   17   0
13   18   0.903917
14   0    0
14   1    0
14   2    0
14   3    0
14   4    0
14   5    0
14   6    0
14   7    0
14   8    0
14   9    0
14   10   0
14   11   0
14   12   0
14   13   0
14   14   0
14   15   0
14   16   0
14   17   0
14   18   0
15   0    0.978546
15   1    0.411573
15   2    0.854998
15   3    0.82041
15   4    0
15   5    0
15   6    0
15   7    0
15   8    0.911331
15   9    0.947505
15   10   0.837286
15   11   0.992647
15   12   0.837051
15   13   0.820832
15   14   0.849745
15   15   0.933866
15   16   0.990626
15   17   0.807694
15   18   0
16   0    0.892093
16   1    0.375212
16   2    0.779461
16   3    0.747928
16   4    0
16   5    0
16   6    0
16   7    0
16   8    0.670604
16   9    0.823515
16   10   0.616118
16   11   0.900047
16   12   0.615945
16   13   0.60401
16   14   0.625286
16   15   0.687186
16   16   0.89477
16   17   0.736336
16   18   0
17   0    0.946229
17   1    0.397981
17   2    0.826762
17   3    0.793316
17   4    0
17   5    0
17   6    0
17   7    0
17   8    0.711299
17   9    0.87349
17   10   0.653507
17   11   0.954666
17   12   0.653324
17   13   0.640665
17   14   0.663231
17   15   0.728888
17   16   0.949069
17   17   0.78102
17   18   0
