0    0    0.624611
0    1    0.258681
0    2    0.537381
0    3    0.515642
0    4    0.428641
0    5    0.41262
0    6    0.491742
0    7    0.462903
0    8    0.450086
0    9    0.921961
0    10   0.527125
0    11   0.622271
0    12   0.474198
0    13   0
0    14   0
0    15   0.5713
0    16   0.618278
0    17   0.546049
0    18   0
1    0    0
1    1    0
1    2    0
1    3    0
1    4    0
1    5    0
1    6    0
1    7    0
1    8    0
1    9    0
1    10   0
1    11   0
1    12   0
1    13   0
1    14   0
1    15   0
1    16   0
1    17   0
1    18   0
2    0    0
2    1    0
2    2    0
2    3    0
2    4    0
2    5    0
2    6    0
2    7    0
2    8    0
2    9    0
2    10   0
2    11   0
2    12   0
2    13   0
2    14   0
2    15   0
2    16   0
2    17   0
2    18   0
3    0    0
3    1    0
3    2    0
3    3    0
3    4    0
3    5    0
3    6    0
3    7    0
3    8    0
3    9    0
3    10   0
3    11   0
3    12   0
3    13   0
3    14   0
3    15   0
3    16   0
3    17   0
3    18   0
4    0    0
4    1    0
4    2    0
4    3    0
4    4    0
4    5    0
4    6    0
4    7    0
4    8    0
4    9    0
4    10   0
4    11   0
4    12   0
4    13   0
4    14   0
4    15   0
4    16   0
4    17   0
4    18   0
5    0    0
5    1    0
5    2    0
5    3    0
5    4    0
5    5    0
5    6    0
5    7    0
5    8    0
5    9    0
5    10   0
5    11   0
5    12   0
5    13   0
5    14   0
5    15   0
5    16   0
5    17   0
5    18   0
6    0    0
6    1    0
6    2    0
6    3    0
6    4    0
6    5    0
6    6    0
6    7    0
6    8    0
6    9    0
6    10   0
6    11   0
6    12   0
6    13   0
6    14   0
6    15   0
6    16   0
6    17   0
6    18   0
7    0    0.920576
7    1    0.383636
7    2    0.796961
7    3    0.764721
7    4    0.807287
7    5    0.777112
7    6    0.926128
7    7    0.871814
7    8    0.847674
7    9    0.902292
7    10   0.924141
7    11   0.923588
7    12   0.730145
7    13   0
7    14   0.839283
7    15   0.853316
7    16   0.918659
7    17   0.809817
7    18   0
8    0    0.880718
8    1    0.371111
8    2    0.770941
8    3    0.739753
8    4    0.6023
8    5    0.579787
8    6    0.690965
8    7    0.650442
8    8    0.632432
8    9    0.846496
8    10   0.740683
8    11   0.892011
8    12   0.666314
8    13   0
8    14   0
8    15   0.81356
8    16   0.885759
8    17   0.783377
8    18   0
9    0    0.988379
9    1    0.411365
9    2    0.854564
9    3    0.819993
9    4    0.868631
9    5    0.836163
9    6    0.996503
9    7    0.938061
9    8    0.912087
9    9    0.964215
9    10   0.994307
9    11   0.991554
9    12   0.785473
9    13   0
9    14   0
9    15   0.916413
9    16   0.986391
9    17   0.868349
9    18   0
10   0    0
10   1    0
10   2    0
10   3    0
10   4    0
10   5    0
10   6    0
10   7    0
10   8    0
10   9    0
10   10   0
10   11   0
10   12   0
10   13   0
10   14   0
10   15   0
10   16   0
10   17   0
10   18   0
11   0    0
11   1    0
11   2    0
11   3    0
11   4    0
11   5    0
11   6    0
11   7    0
11   8    0
11   9    0
11   10   0
11   11   0
11   12   0
11   13   0
11   14   0
11   15   0
11   16   0.64
11   17   0
11   18   0
12   0    0.968081
12   1    0.407923
12   2    0.847414
12   3    0.813133
12   4    0.662045
12   5    0.637299
12   6    0.759505
12   7    0.714963
12   8    0.695166
12   9    0.930464
12   10   0.814154
12   11   0.980494
12   12   0.732409
12   13   0
12   14   0
12   15   0.894261
12   16   0.973622
12   17   0.861084
12   18   0
13   0    0.893503
13   1    0.360775
13   2    0.749469
13   3    0.71915
13   4    0.585525
13   5    0.563639
13   6    0.671721
13   7    0.632326
13   8    0.614818
13   9    0.82292
13   10   0.720053
13   11   0.867167
13   12   0.647756
13   13   0
13   14   0
13   15   0.899397
13   16   0.861089
13   17   0.761558
13   18   0
14   0    0
14   1    0
14   2    0
14   3    0
14   4    0
14   5    0
14   6    0
14   7    0
14   8    0
14   9    0
14   10   0
14   11   0
14   12   0
14   13   0
14   14   0
14   15   0
14   16   0
14   17   0
14   18   0
15   0    0.990102
15   1    0.412357
15   2    0.856625
15   3    0.821971
15   4    0.760597
15   5    0.732167
15   6    0.872565
15   7    0.821392
15   8    0.798649
15   9    0.974071
15   10   0.935349
15   11   0.994443
15   12   0.841435
15   13   0
15   14   0
15   15   0.917901
15   16   0.991237
15   17   0.870443
15   18   0
16   0    0.900501
16   1    0.373326
16   2    0.775543
16   3    0.744169
16   4    0.610447
16   5    0.58763
16   6    0.700312
16   7    0.659241
16   8    0.640987
16   9    0.860163
16   10   0.750702
16   11   0.897745
16   12   0.675327
16   13   0
16   14   0
16   15   0.835274
16   16   0.891648
16   17   0.788053
16   18   0
17   0    0.955147
17   1    0.395981
17   2    0.822606
17   3    0.789328
17   4    0.647492
17   5    0.62329
17   6    0.74281
17   7    0.699247
17   8    0.679885
17   9    0.912362
17   10   0.796258
17   11   0.952224
17   12   0.716309
17   13   0
17   14   0
17   15   0.885963
17   16   0.945758
17   17   0.835875
17   18   0
