0    0    0.957561
0    1    0.385224
0    2    0.80026
0    3    0.767886
0    4    0
0    5    0.640107
0    6    0.762852
0    7    0
0    8    0.698229
0    9    0
0    10   0.817742
0    11   0.94973
0    12   0.735636
0    13   0
0    14   0
0    15   0.886516
0    16   0.932854
0    17   0.813168
0    18   0
1    0    0
1    1    0
1    2    0
1    3    0
1    4    0
1    5    0
1    6    0
1    7    0
1    8    0
1    9    0
1    10   0
1    11   0
1    12   0
1    13   0
1    14   0
1    15   0
1    16   0
1    17   0
1    18   0
2    0    0
2    1    0
2    2    0
2    3    0
2    4    0
2    5    0
2    6    0
2    7    0
2    8    0
2    9    0
2    10   0
2    11   0
2    12   0
2    13   0
2    14   0
2    15   0
2    16   0
2    17   0
2    18   0
3    0    0
3    1    0
3    2    0
3    3    0
3    4    0
3    5    0
3    6    0
3    7    0
3    8    0
3    9    0
3    10   0
3    11   0
3    12   0
3    13   0
3    14   0
3    15   0
3    16   0
3    17   0
3    18   0
4    0    0
4    1    0
4    2    0
4    3    0
4    4    0
4    5    0
4    6    0
4    7    0
4    8    0
4    9    0
4    10   0
4    11   0
4    12   0
4    13   0
4    14   0
4    15   0
4    16   0
4    17   0
4    18   0
5    0    0
5    1    0
5    2    0
5    3    0
5    4    0
5    5    0
5    6    0
5    7    0
5    8    0
5    9    0.956071
5    10   0
5    11   0
5    12   0
5    13   0
5    14   0
5    15   0
5    16   0
5    17   0
5    18   0
6    0    0
6    1    0
6    2    0
6    3    0
6    4    0
6    5    0
6    6    0
6    7    0
6    8    0
6    9    0
6    10   0
6    11   0
6    12   0
6    13   0
6    14   0
6    15   0
6    16   0
6    17   0
6    18   0
7    0    0.892901
7    1    0.359932
7    2    0.747719
7    3    0.71747
7    4    0
7    5    0.777144
7    6    0.926166
7    7    0
7    8    0.847709
7    9    0
7    10   0.924182
7    11   0.901014
7    12   0.730209
7    13   0
7    14   0.839283
7    15   0.828311
7    16   0.884246
7    17   0.75978
7    18   0
8    0    0
8    1    0
8    2    0
8    3    0
8    4    0
8    5    0
8    6    0
8    7    0
8    8    0
8    9    0
8    10   0
8    11   0.889761
8    12   0
8    13   0
8    14   0
8    15   0
8    16   0.628922
8    17   0
8    18   0
9    0    0.960495
9    1    0.38718
9    2    0.804322
9    3    0.771784
9    4    0
9    5    0.836163
9    6    0.996503
9    7    0
9    8    0.912087
9    9    0
9    10   0.994305
9    11   0.969199
9    12   0.785361
9    13   0
9    14   0
9    15   0.891016
9    16   0.951162
9    17   0.817296
9    18   0
10   0    0.896811
10   1    0.351249
10   2    0.729681
10   3    0.700162
10   4    0
10   5    0.596283
10   6    0.710624
10   7    0
10   8    0.650426
10   9    0
10   10   0.761756
10   11   0.869162
10   12   0.685272
10   13   0
10   14   0
10   15   0.80833
10   16   0.853717
10   17   0.741451
10   18   0
11   0    0
11   1    0
11   2    0
11   3    0
11   4    0
11   5    0
11   6    0
11   7    0
11   8    0
11   9    0
11   10   0
11   11   0
11   12   0
11   13   0
11   14   0
11   15   0
11   16   0.64
11   17   0
11   18   0
12   0    0
12   1    0
12   2    0
12   3    0
12   4    0
12   5    0
12   6    0
12   7    0
12   8    0
12   9    0
12   10   0
12   11   0
12   12   0
12   13   0
12   14   0
12   15   0
12   16   0.8105
12   17   0
12   18   0
13   0    0.893502
13   1    0.360775
13   2    0.749469
13   3    0.71915
13   4    0
13   5    0.572332
13   6    0.68208
13   7    0
13   8    0.6243
13   9    0
13   10   0.731158
13   11   0.867466
13   12   0.657745
13   13   0
13   14   0
13   15   0.899397
13   16   0.853397
13   17   0.761558
13   18   0
14   0    0
14   1    0
14   2    0
14   3    0
14   4    0
14   5    0
14   6    0
14   7    0
14   8    0
14   9    0
14   10   0
14   11   0
14   12   0
14   13   0
14   14   0
14   15   0
14   16   0
14   17   0
14   18   0
15   0    0.986516
15   1    0.397089
15   2    0.824908
15   3    0.791537
15   4    0
15   5    0.661696
15   6    0.78858
15   7    0
15   8    0.721778
15   9    0
15   10   0.845321
15   11   0.980018
15   12   0.760446
15   13   0
15   14   0
15   15   0.91382
15   16   0.962561
15   17   0.838214
15   18   0
16   0    0
16   1    0
16   2    0
16   3    0
16   4    0
16   5    0
16   6    0
16   7    0
16   8    0
16   9    0.8
16   10   0
16   11   0
16   12   0
16   13   0
16   14   0
16   15   0
16   16   0
16   17   0
16   18   0
17   0    0.955047
17   1    0.384984
17   2    0.79976
17   3    0.767407
17   4    0
17   5    0.631805
17   6    0.752958
17   7    0
17   8    0.689174
17   9    0
17   10   0.807136
17   11   0.946077
17   12   0.726095
17   13   0
17   14   0
17   15   0.885963
17   16   0.929332
17   17   0.812661
17   18   0
