0    0    0
0    1    0.361584
0    2    0.75115
0    3    0.720763
0    4    0
0    5    0
0    6    0
0    7    0
0    8    0
0    9    0.873136
0    10   0
0    11   0.75902
0    12   0
0    13   0
0    14   0
0    15   0
0    16   0.833621
0    17   0
0    18   0
1    0    0
1    1    0
1    2    0
1    3    0
1    4    0
1    5    0
1    6    0
1    7    0
1    8    0
1    9    0
1    10   0
1    11   0
1    12   0
1    13   0
1    14   0
1    15   0
1    16   0
1    17   0
1    18   0
2    0    0
2    1    0
2    2    0
2    3    0
2    4    0
2    5    0
2    6    0
2    7    0
2    8    0
2    9    0
2    10   0
2    11   0
2    12   0
2    13   0
2    14   0
2    15   0
2    16   0
2    17   0
2    18   0
3    0    0
3    1    0
3    2    0
3    3    0
3    4    0
3    5    0
3    6    0
3    7    0
3    8    0
3    9    0
3    10   0
3    11   0
3    12   0
3    13   0
3    14   0
3    15   0
3    16   0
3    17   0
3    18   0
4    0    0
4    1    0
4    2    0
4    3    0
4    4    0
4    5    0
4    6    0
4    7    0
4    8    0
4    9    0
4    10   0
4    11   0
4    12   0
4    13   0
4    14   0
4    15   0
4    16   0
4    17   0
4    18   0
5    0    0
5    1    0
5    2    0
5    3    0
5    4    0
5    5    0
5    6    0
5    7    0
5    8    0
5    9    0
5    10   0
5    11   0
5    12   0
5    13   0
5    14   0
5    15   0
5    16   0
5    17   0
5    18   0
6    0    0
6    1    0
6    2    0
6    3    0
6    4    0
6    5    0
6    6    0
6    7    0
6    8    0
6    9    0
6    10   0
6    11   0
6    12   0
6    13   0
6    14   0
6    15   0
6    16   0
6    17   0
6    18   0
7    0    0.854848
7    1    0.383767
7    2    0.797234
7    3    0.764983
7    4    0
7    5    0
7    6    0
7    7    0
7    8    0.894751
7    9    0.928379
7    10   0.822054
7    11   0.911552
7    12   0.821823
7    13   0.805899
7    14   0.834285
7    15   0.916876
7    16   0.924908
7    17   0
7    18   0
8    0    0.904308
8    1    0.406674
8    2    0.84482
8    3    0.810643
8    4    0.803314
8    5    0.773288
8    6    0.921571
8    7    0.867524
8    8    0
8    9    0.985322
8    10   0.903555
8    11   0.853671
8    12   0
8    13   0
8    14   0
8    15   0
8    16   0.937575
8    17   0
8    18   0
9    0    0.909593
9    1    0.407904
9    2    0.847375
9    3    0.813095
9    4    0.868631
9    5    0.836163
9    6    0.996503
9    7    0.938061
9    8    0
9    9    0.997424
9    10   0.977022
9    11   0.856253
9    12   0
9    13   0
9    14   0
9    15   0
9    16   0.940411
9    17   0
9    18   0
10   0    0
10   1    0
10   2    0
10   3    0
10   4    0
10   5    0
10   6    0
10   7    0
10   8    0.516509
10   9    0.463219
10   10   0.474543
10   11   0.46162
10   12   0.47441
10   13   0.465217
10   14   0.481604
10   15   0.529281
10   16   0.490456
10   17   0
10   18   0
11   0    0.79054
11   1    0.292132
11   2    0.606871
11   3    0.58232
11   4    0
11   5    0
11   6    0
11   7    0
11   8    0.770837
11   9    0.78654
11   10   0.708207
11   11   0.773539
11   12   0.708009
11   13   0.69429
11   14   0.718745
11   15   0.789898
11   16   0.788624
11   17   0.751248
11   18   0
12   0    0
12   1    0
12   2    0
12   3    0
12   4    0
12   5    0
12   6    0
12   7    0
12   8    0
12   9    0
12   10   0
12   11   0
12   12   0
12   13   0
12   14   0
12   15   0
12   16   0
12   17   0
12   18   0
13   0    0
13   1    0
13   2    0
13   3    0
13   4    0
13   5    0
13   6    0
13   7    0
13   8    0
13   9    0
13   10   0
13   11   0
13   12   0
13   13   0
13   14   0
13   15   0
13   16   0
13   17   0
13   18   0.903917
14   0    0
14   1    0
14   2    0
14   3    0
14   4    0
14   5    0
14   6    0
14   7    0
14   8    0
14   9    0
14   10   0
14   11   0
14   12   0
14   13   0
14   14   0
14   15   0
14   16   0
14   17   0
14   18   0
15   0    0.916792
15   1    0.411133
15   2    0.854082
15   3    0.819531
15   4    0.846024
15   5    0.814401
15   6    0.970568
15   7    0.913647
15   8    0
15   9    0.996486
15   10   0.951594
15   11   0.863031
15   12   0
15   13   0
15   14   0
15   15   0
15   16   0.947855
15   17   0
15   18   0
16   0    0.836692
16   1    0.375212
16   2    0.779461
16   3    0.747928
16   4    0
16   5    0
16   6    0
16   7    0
16   8    0
16   9    0.906044
16   10   0
16   11   0.787627
16   12   0
16   13   0
16   14   0
16   15   0
16   16   0.86504
16   17   0
16   18   0
17   0    0.887466
17   1    0.397981
17   2    0.826762
17   3    0.793316
17   4    0
17   5    0
17   6    0
17   7    0
17   8    0
17   9    0.961027
17   10   0
17   11   0.835424
17   12   0
17   13   0
17   14   0
17   15   0
17   16   0.917535
17   17   0
17   18   0
