0    0    0.808872
0    1    0.320977
0    2    0
0    3    0.63982
0    4    0.501889
0    5    0.48313
0    6    0.575773
0    7    0
0    8    0.7525
0    9    0.776305
0    10   0.798469
0    11   0.762652
0    12   0.561332
0    13   0.677774
0    14   0.701648
0    15   0.807905
0    16   0.765107
0    17   0.701995
0    18   0
1    0    0
1    1    0
1    2    0
1    3    0
1    4    0
1    5    0
1    6    0
1    7    0
1    8    0
1    9    0
1    10   0
1    11   0
1    12   0
1    13   0
1    14   0
1    15   0
1    16   0
1    17   0
1    18   0
2    0    0
2    1    0
2    2    0
2    3    0
2    4    0
2    5    0
2    6    0
2    7    0
2    8    0
2    9    0
2    10   0
2    11   0
2    12   0
2    13   0
2    14   0
2    15   0
2    16   0
2    17   0
2    18   0
3    0    0
3    1    0
3    2    0
3    3    0
3    4    0
3    5    0
3    6    0
3    7    0
3    8    0
3    9    0
3    10   0
3    11   0
3    12   0
3    13   0
3    14   0
3    15   0
3    16   0
3    17   0
3    18   0
4    0    0
4    1    0
4    2    0
4    3    0
4    4    0
4    5    0
4    6    0
4    7    0
4    8    0
4    9    0
4    10   0
4    11   0
4    12   0
4    13   0
4    14   0
4    15   0
4    16   0
4    17   0
4    18   0
5    0    0.970547
5    1    0.407923
5    2    0
5    3    0.813133
5    4    0.63784
5    5    0.613999
5    6    0.731737
5    7    0
5    8    0.872145
5    9    0.986345
5    10   0.758487
5    11   0.959182
5    12   0
5    13   0.785538
5    14   0.813208
5    15   0.915718
5    16   0.957677
5    17   0.729016
5    18   0
6    0    0
6    1    0
6    2    0
6    3    0
6    4    0
6    5    0
6    6    0
6    7    0
6    8    0
6    9    0
6    10   0
6    11   0
6    12   0
6    13   0
6    14   0
6    15   0
6    16   0
6    17   0
6    18   0
7    0    0.926644
7    1    0.383503
7    2    0
7    3    0.764456
7    4    0.599656
7    5    0.577243
7    6    0.687932
7    7    0
7    8    0.885806
7    9    0.927448
7    10   0.713082
7    11   0.909593
7    12   0
7    13   0.797843
7    14   0.825945
7    15   0.911496
7    16   0.911796
7    17   0.685375
7    18   0
8    0    0.972826
8    1    0.408881
8    2    0
8    3    0.815042
8    4    0.639337
8    5    0.61544
8    6    0.733455
8    7    0
8    8    0.874193
8    9    0.988661
8    10   0.760268
8    11   0.961434
8    12   0
8    13   0.787383
8    14   0.815117
8    15   0.917868
8    16   0.959926
8    17   0.730728
8    18   0
9    0    0.589515
9    1    0.245216
9    2    0
9    3    0.488801
9    4    0.383427
9    5    0.369095
9    6    0.439871
9    7    0
9    8    0.574886
9    9    0.593072
9    10   0.455952
9    11   0.582641
9    12   0
9    13   0.517797
9    14   0.536036
9    15   0.584939
9    16   0.584516
9    17   0.438236
9    18   0
10   0    0.501024
10   1    0.208407
10   2    0
10   3    0.415428
10   4    0.325871
10   5    0.313691
10   6    0.373843
10   7    0
10   8    0.488591
10   9    0.504047
10   10   0.38751
10   11   0.495182
10   12   0
10   13   0.440072
10   14   0.455573
10   15   0.497135
10   16   0.496776
10   17   0.372454
10   18   0
11   0    0
11   1    0
11   2    0
11   3    0
11   4    0
11   5    0
11   6    0
11   7    0
11   8    0
11   9    0
11   10   0
11   11   0
11   12   0
11   13   0
11   14   0
11   15   0
11   16   0
11   17   0
11   18   0
12   0    0
12   1    0
12   2    0
12   3    0
12   4    0
12   5    0
12   6    0
12   7    0
12   8    0
12   9    0
12   10   0
12   11   0
12   12   0
12   13   0
12   14   0
12   15   0
12   16   0
12   17   0
12   18   0
13   0    0
13   1    0
13   2    0
13   3    0
13   4    0
13   5    0
13   6    0
13   7    0
13   8    0
13   9    0
13   10   0
13   11   0
13   12   0
13   13   0
13   14   0
13   15   0
13   16   0
13   17   0
13   18   0
14   0    0.619157
14   1    0.257341
14   2    0
14   3    0.51297
14   4    0.541254
14   5    0.521023
14   6    0.620932
14   7    0
14   8    0.59554
14   9    0.622459
14   10   0.478496
14   11   0.610467
14   12   0
14   13   0.5364
14   14   0.555294
14   15   0.608548
14   16   0.612008
14   17   0.459904
14   18   0
15   0    0.910119
15   1    0.378575
15   2    0.89
15   3    0.754633
15   4    0.591951
15   5    0.569825
15   6    0.679093
15   7    0
15   8    0.887534
15   9    0.91561
15   10   0.703919
15   11   0.899507
15   12   0
15   13   0.799398
15   14   0.827556
15   15   0.903054
15   16   0.902402
15   17   0.676568
15   18   0
16   0    0.899544
16   1    0.368675
16   2    0
16   3    0.734897
16   4    0.57647
16   5    0.554923
16   6    0.661333
16   7    0
16   8    0.788232
16   9    0.891444
16   10   0.68551
16   11   0.866895
16   12   0
16   13   0.709958
16   14   0.734965
16   15   0.827612
16   16   0.865534
16   17   0.658874
16   18   0
17   0    0.954132
17   1    0.391048
17   2    0
17   3    0.779494
17   4    0.611453
17   5    0.588598
17   6    0.701465
17   7    0
17   8    0.836066
17   9    0.94554
17   10   0.727109
17   11   0.919502
17   12   0
17   13   0.753041
17   14   0.779566
17   15   0.877835
17   16   0.918059
17   17   0.698858
17   18   0
