0    0    0
0    1    0.660436
0    2    0.537371
0    3    0.515632
0    4    0
0    5    0
0    6    0
0    7    0.587417
0    8    0
0    9    0.625452
0    10   0
0    11   0.543001
0    12   0
0    13   0
0    14   0.565365
0    15   0
0    16   0.511666
0    17   0
0    18   0.56995
1    0    0
1    1    0
1    2    0
1    3    0
1    4    0
1    5    0
1    6    0
1    7    0
1    8    0
1    9    0
1    10   0
1    11   0
1    12   0
1    13   0
1    14   0
1    15   0
1    16   0
1    17   0
1    18   0
2    0    0
2    1    0
2    2    0
2    3    0
2    4    0
2    5    0
2    6    0
2    7    0
2    8    0
2    9    0
2    10   0
2    11   0
2    12   0
2    13   0
2    14   0
2    15   0
2    16   0
2    17   0
2    18   0
3    0    0
3    1    0
3    2    0
3    3    0
3    4    0
3    5    0
3    6    0
3    7    0
3    8    0
3    9    0
3    10   0
3    11   0
3    12   0
3    13   0
3    14   0
3    15   0
3    16   0
3    17   0
3    18   0
4    0    0
4    1    0
4    2    0
4    3    0
4    4    0
4    5    0
4    6    0
4    7    0
4    8    0
4    9    0
4    10   0
4    11   0
4    12   0
4    13   0
4    14   0
4    15   0
4    16   0
4    17   0
4    18   0
5    0    0
5    1    0
5    2    0.750547
5    3    0.720184
5    4    0
5    5    0
5    6    0
5    7    0.820446
5    8    0
5    9    0.873569
5    10   0
5    11   0.75841
5    12   0
5    13   0
5    14   0.789647
5    15   0
5    16   0.714645
5    17   0
5    18   0.79605
6    0    0
6    1    0
6    2    0
6    3    0
6    4    0
6    5    0
6    6    0
6    7    0
6    8    0
6    9    0
6    10   0
6    11   0
6    12   0
6    13   0
6    14   0
6    15   0
6    16   0
6    17   0
6    18   0
7    0    0.905674
7    1    0
7    2    0.797703
7    3    0.765433
7    4    0
7    5    0.773215
7    6    0.921484
7    7    0.871995
7    8    0
7    9    0.928638
7    10   0.90347
7    11   0.905466
7    12   0.773838
7    13   0.758844
7    14   0.83926
7    15   0.773961
7    16   0.923696
7    17   0
7    18   0.347098
8    0    0.932731
8    1    0
8    2    0.85008
8    3    0.81569
8    4    0
8    5    0.811401
8    6    0.966992
8    7    0.929249
8    8    0
8    9    0.9899
8    10   0.948089
8    11   0.971976
8    12   0.874503
8    13   0.857558
8    14   0.894365
8    15   0.874642
8    16   0.986734
8    17   0
8    18   0.369888
9    0    0
9    1    0
9    2    0
9    3    0
9    4    0
9    5    0
9    6    0
9    7    0
9    8    0
9    9    0
9    10   0
9    11   0
9    12   0
9    13   0
9    14   0
9    15   0
9    16   0.503104
9    17   0
9    18   0
10   0    0
10   1    0
10   2    0.769142
10   3    0.738027
10   4    0
10   5    0
10   6    0
10   7    0.840773
10   8    0
10   9    0.895213
10   10   0
10   11   0.777201
10   12   0
10   13   0
10   14   0.809211
10   15   0
10   16   0.732351
10   17   0
10   18   0.334671
11   0    0.719093
11   1    0
11   2    0.662362
11   3    0.635567
11   4    0
11   5    0.625554
11   6    0.745508
11   7    0.724049
11   8    0
11   9    0.771153
11   10   0.730934
11   11   0.738917
11   12   0.54178
11   13   0.531283
11   14   0.696869
11   15   0.541866
11   16   0.761962
11   17   0
11   18   0.288208
12   0    0
12   1    0
12   2    0
12   3    0
12   4    0
12   5    0
12   6    0
12   7    0
12   8    0
12   9    0
12   10   0
12   11   0
12   12   0
12   13   0
12   14   0
12   15   0
12   16   0
12   17   0
12   18   0
13   0    0
13   1    0
13   2    0.793361
13   3    0.761266
13   4    0
13   5    0
13   6    0
13   7    0.867248
13   8    0
13   9    0.923401
13   10   0
13   11   0.801673
13   12   0
13   13   0
13   14   0.834691
13   15   0
13   16   0.755411
13   17   0
13   18   0.345209
14   0    0
14   1    0
14   2    0.530515
14   3    0.509053
14   4    0
14   5    0
14   6    0
14   7    0.579923
14   8    0
14   9    0.617472
14   10   0
14   11   0.536073
14   12   0
14   13   0
14   14   0.558152
14   15   0
14   16   0.505138
14   17   0
14   18   0.562678
15   0    0.949026
15   1    0
15   2    0.764396
15   3    0.733474
15   4    0
15   5    0.721918
15   6    0.86035
15   7    0.835586
15   8    0
15   9    0.889945
15   10   0.843531
15   11   0.852744
15   12   0.625239
15   13   0.613124
15   14   0.804218
15   15   0.625339
15   16   0.947549
15   17   0
15   18   0.332606
16   0    0.84744
16   1    0
16   2    0.780584
16   3    0.749006
16   4    0
16   5    0.737205
16   6    0.878569
16   7    0.853281
16   8    0
16   9    0.908791
16   10   0.861394
16   11   0.870802
16   12   0.63848
16   13   0.626108
16   14   0.821249
16   15   0.638581
16   16   0.89796
16   17   0
16   18   0.339649
17   0    0.958691
17   1    0
17   2    0.856024
17   3    0.821395
17   4    0
17   5    0.833985
17   6    0.993906
17   7    0.935747
17   8    0
17   9    0.998531
17   10   0.974477
17   11   0.980576
17   12   0.887115
17   13   0.869926
17   14   0.900619
17   15   0.887256
17   16   0.993817
17   17   0.93906
17   18   0.372475
