0    0    0.61267
0    1    0.26061
0    2    0.541387
0    3    0.519486
0    4    0.386714
0    5    0.37226
0    6    0.443643
0    7    0.417625
0    8    0.465779
0    9    0.921011
0    10   0.475565
0    11   0.625143
0    12   0.427815
0    13   0.419526
0    14   0.434303
0    15   0.427883
0    16   0.621477
0    17   0.511434
0    18   0
1    0    0
1    1    0
1    2    0
1    3    0
1    4    0
1    5    0
1    6    0
1    7    0
1    8    0
1    9    0
1    10   0
1    11   0
1    12   0
1    13   0
1    14   0
1    15   0
1    16   0
1    17   0
1    18   0
2    0    0
2    1    0
2    2    0
2    3    0
2    4    0
2    5    0
2    6    0
2    7    0
2    8    0
2    9    0
2    10   0
2    11   0
2    12   0
2    13   0
2    14   0
2    15   0
2    16   0
2    17   0
2    18   0
3    0    0
3    1    0
3    2    0
3    3    0
3    4    0
3    5    0
3    6    0
3    7    0
3    8    0
3    9    0
3    10   0
3    11   0
3    12   0
3    13   0
3    14   0
3    15   0
3    16   0
3    17   0
3    18   0
4    0    0
4    1    0
4    2    0
4    3    0
4    4    0
4    5    0
4    6    0
4    7    0
4    8    0
4    9    0
4    10   0
4    11   0
4    12   0
4    13   0
4    14   0
4    15   0
4    16   0
4    17   0
4    18   0
5    0    0
5    1    0
5    2    0
5    3    0
5    4    0
5    5    0
5    6    0
5    7    0
5    8    0
5    9    0
5    10   0
5    11   0
5    12   0
5    13   0
5    14   0
5    15   0
5    16   0
5    17   0
5    18   0
6    0    0
6    1    0
6    2    0
6    3    0
6    4    0
6    5    0
6    6    0
6    7    0
6    8    0
6    9    0
6    10   0
6    11   0
6    12   0
6    13   0
6    14   0
6    15   0
6    16   0
6    17   0
6    18   0
7    0    0.920211
7    1    0.383982
7    2    0.79768
7    3    0.765411
7    4    0.807209
7    5    0.777037
7    6    0.926039
7    7    0.87173
7    8    0.686279
7    9    0.883181
7    10   0.921851
7    11   0.921085
7    12   0.630343
7    13   0.618129
7    14   0.639901
7    15   0.630443
7    16   0.915685
7    17   0.753547
7    18   0
8    0    0.890792
8    1    0.370122
8    2    0.768888
8    3    0.737783
8    4    0.549218
8    5    0.528689
8    6    0.630069
8    7    0.593118
8    8    0.661507
8    9    0.836872
8    10   0.675405
8    11   0.887838
8    12   0.60759
8    13   0.595817
8    14   0.616804
8    15   0.607687
8    16   0.882633
8    17   0.726348
8    18   0
9    0    0.988802
9    1    0.413074
9    2    0.858115
9    3    0.823401
9    4    0.868631
9    5    0.836163
9    6    0.996503
9    7    0.938061
9    8    0.738274
9    9    0.933989
9    10   0.991944
9    11   0.99087
9    12   0.6781
9    13   0.66496
9    14   0.688382
9    15   0.678207
9    16   0.98506
9    17   0.810639
9    18   0
10   0    0
10   1    0
10   2    0
10   3    0
10   4    0
10   5    0
10   6    0
10   7    0
10   8    0
10   9    0
10   10   0
10   11   0
10   12   0
10   13   0
10   14   0
10   15   0
10   16   0
10   17   0
10   18   0
11   0    0.792153
11   1    0.330273
11   2    0.686104
11   3    0.658349
11   4    0.568046
11   5    0.546814
11   6    0.651669
11   7    0.613451
11   8    0.684185
11   9    0.773447
11   10   0.698559
11   11   0.794755
11   12   0.628419
11   13   0.616243
11   14   0.637949
11   15   0.628519
11   16   0.791917
11   17   0.751248
11   18   0
12   0    0.95899
12   1    0.407923
12   2    0.847414
12   3    0.813133
12   4    0.60531
12   5    0.582685
12   6    0.694418
12   7    0.653693
12   8    0.729067
12   9    0.922342
12   10   0.744384
12   11   0.978513
12   12   0.669644
12   13   0.656668
12   14   0.679798
12   15   0.66975
12   16   0.972776
12   17   0.80053
12   18   0
13   0    0.878623
13   1    0.373737
13   2    0.776397
13   3    0.744989
13   4    0.554582
13   5    0.533853
13   6    0.636223
13   7    0.598911
13   8    0.667968
13   9    0.845046
13   10   0.682001
13   11   0.89651
13   12   0.613525
13   13   0.601637
13   14   0.622828
13   15   0.613622
13   16   0.891253
13   17   0.733442
13   18   0
14   0    0
14   1    0
14   2    0
14   3    0
14   4    0
14   5    0
14   6    0
14   7    0
14   8    0
14   9    0
14   10   0
14   11   0
14   12   0
14   13   0
14   14   0
14   15   0
14   16   0
14   17   0
14   18   0
15   0    0.984795
15   1    0.41059
15   2    0.852955
15   3    0.81845
15   4    0.613454
15   5    0.590524
15   6    0.703761
15   7    0.662488
15   8    0.738876
15   9    0.929806
15   10   0.754399
15   11   0.991678
15   12   0.678653
15   13   0.665503
15   14   0.688944
15   15   0.678761
15   16   0.979369
15   17   0.8113
15   18   0
16   0    0.900678
16   1    0.37423
16   2    0.77742
16   3    0.745971
16   4    0.555313
16   5    0.534557
16   6    0.637061
16   7    0.5997
16   8    0.668848
16   9    0.846159
16   10   0.6829
16   11   0.897691
16   12   0.614333
16   13   0.602429
16   14   0.623649
16   15   0.614431
16   16   0.892428
16   17   0.734409
16   18   0
17   0    0.955335
17   1    0.39694
17   2    0.824598
17   3    0.79124
17   4    0.589012
17   5    0.566996
17   6    0.675721
17   7    0.636092
17   8    0.709437
17   9    0.897508
17   10   0.724342
17   11   0.952167
17   12   0.651614
17   13   0.638988
17   14   0.661495
17   15   0.651717
17   16   0.946584
17   17   0.778976
17   18   0
