0    0    0.645977
0    1    0
0    2    0.560197
0    3    0.537535
0    4    0.563183
0    5    0.890625
0    6    0.64609
0    7    0.608199
0    8    0
0    9    0.652293
0    10   0.633459
0    11   0.60036
0    12   0.595263
0    13   0
0    14   0.560154
0    15   0
0    16   0.658977
0    17   0.562753
0    18   0.550623
1    0    0.939395
1    1    0
1    2    0.814152
1    3    0.781216
1    4    0.741179
1    5    0.713475
1    6    0.850288
1    7    0.800422
1    8    0
1    9    0.948673
1    10   0.833666
1    11   0.895544
1    12   0.865113
1    13   0
1    14   0.857522
1    15   0
1    16   0.689117
1    17   0.817867
1    18   0.800237
2    0    0
2    1    0
2    2    0
2    3    0
2    4    0
2    5    0
2    6    0
2    7    0
2    8    0
2    9    0
2    10   0
2    11   0
2    12   0
2    13   0
2    14   0
2    15   0
2    16   0
2    17   0
2    18   0
3    0    0
3    1    0
3    2    0
3    3    0
3    4    0
3    5    0
3    6    0
3    7    0
3    8    0
3    9    0
3    10   0
3    11   0
3    12   0
3    13   0
3    14   0
3    15   0
3    16   0
3    17   0
3    18   0
4    0    0.938493
4    1    0
4    2    0.81293
4    3    0.780044
4    4    0.743554
4    5    0.715762
4    6    0.853013
4    7    0.802987
4    8    0
4    9    0.946392
4    10   0.836338
4    11   0.871213
4    12   0.863816
4    13   0
4    14   0.812867
4    15   0
4    16   0.7888
4    17   0.81664
4    18   0.799037
5    0    0
5    1    0
5    2    0
5    3    0
5    4    0
5    5    0
5    6    0
5    7    0
5    8    0
5    9    0
5    10   0
5    11   0
5    12   0
5    13   0
5    14   0
5    15   0
5    16   0
5    17   0
5    18   0
6    0    0.865632
6    1    0
6    2    0.750684
6    3    0.720316
6    4    0.679121
6    5    0.653737
6    6    0.779095
6    7    0.733404
6    8    0
6    9    0.873852
6    10   0.763865
6    11   0.804504
6    12   0.797673
6    13   0
6    14   0.750626
6    15   0.890391
6    16   0.635397
6    17   0.75411
6    18   0.737854
7    0    0
7    1    0
7    2    0
7    3    0
7    4    0
7    5    0
7    6    0
7    7    0
7    8    0
7    9    0
7    10   0
7    11   0
7    12   0
7    13   0
7    14   0
7    15   0.998
7    16   0
7    17   0
7    18   0
8    0    0
8    1    0
8    2    0
8    3    0
8    4    0
8    5    0
8    6    0
8    7    0
8    8    0
8    9    0
8    10   0
8    11   0
8    12   0
8    13   0
8    14   0
8    15   0
8    16   0.99825
8    17   0
8    18   0
9    0    0.593546
9    1    0
9    2    0.514412
9    3    0.493602
9    4    0.468305
9    5    0.450801
9    6    0.537245
9    7    0.505737
9    8    0
9    9    0.599407
9    10   0.526742
9    11   0.565839
9    12   0.546612
9    13   0
9    14   0.541815
9    15   0
9    16   0.60289
9    17   0.516759
9    18   0.50562
10   0    0.33524
10   1    0
10   2    0.290723
10   3    0.278962
10   4    0.297841
10   5    0.286708
10   6    0.341686
10   7    0.321647
10   8    0
10   9    0.342071
10   10   0.335007
10   11   0.311567
10   12   0.308921
10   13   0.673748
10   14   0.290701
10   15   0
10   16   0.246075
10   17   0.29205
10   18   0.285755
11   0    0.76038
11   1    0
11   2    0.659003
11   3    0.632344
11   4    0.599936
11   5    0.577512
11   6    0.688253
11   7    0.64789
11   8    0
11   9    0.767889
11   10   0.674799
11   11   0.724885
11   12   0.700253
11   13   0
11   14   0.694108
11   15   0
11   16   0.557795
11   17   0.66201
11   18   0.64774
12   0    0
12   1    0
12   2    0
12   3    0
12   4    0
12   5    0
12   6    0
12   7    0
12   8    0
12   9    0.803696
12   10   0
12   11   0
12   12   0
12   13   0
12   14   0
12   15   0
12   16   0
12   17   0
12   18   0
13   0    0.864988
13   1    0
13   2    0.750125
13   3    0.71978
13   4    0.678616
13   5    0.653251
13   6    0.778515
13   7    0.732858
13   8    0
13   9    0.873202
13   10   0.763296
13   11   0.803905
13   12   0.797079
13   13   0
13   14   0.750067
13   15   0
13   16   0.634924
13   17   0.753549
13   18   0.737305
14   0    0.60886
14   1    0
14   2    0.528009
14   3    0.506649
14   4    0.530823
14   5    0.510982
14   6    0.608966
14   7    0.573253
14   8    0
14   9    0.614813
14   10   0.597062
14   11   0.565864
14   12   0.56106
14   13   0
14   14   0.527968
14   15   0
14   16   0.621113
14   17   0.530418
14   18   0.518985
15   0    0.882415
15   1    0
15   2    0.764355
15   3    0.733434
15   4    0.699124
15   5    0.672992
15   6    0.802043
15   7    0.755006
15   8    0
15   9    0.889842
15   10   0.786364
15   11   0.819155
15   12   0.8122
15   13   0
15   14   0.764296
15   15   0
15   16   0.646968
15   17   0.767843
15   18   0.751292
16   0    0.901102
16   1    0
16   2    0.780542
16   3    0.748966
16   4    0.713929
16   5    0.687244
16   6    0.819027
16   7    0.770994
16   8    0
16   9    0.908686
16   10   0.803016
16   11   0.836502
16   12   0.8294
16   13   0
16   14   0.780481
16   15   0
16   16   0.660669
16   17   0.784104
16   18   0.767201
17   0    0.953858
17   1    0
17   2    0.827194
17   3    0.793731
17   4    0.838011
17   5    0.806688
17   6    0.961375
17   7    0.904994
17   8    0
17   9    0.963846
17   10   0.942582
17   11   0.8865
17   12   0.878972
17   13   0
17   14   0.82713
17   15   0
17   16   0.700157
17   17   0.830969
17   18   0.813057
