0    0    0.609068
0    1    0
0    2    0.75113
0    3    0
0    4    0.579999
0    5    0.655909
0    6    0.771922
0    7    0.626358
0    8    0.843238
0    9    0.874092
0    10   0.848716
0    11   0.858551
0    12   0.689616
0    13   0.759501
0    14   0.786253
0    15   0.699568
0    16   0.869885
0    17   0
0    18   0
1    0    0
1    1    0
1    2    0
1    3    0
1    4    0
1    5    0
1    6    0
1    7    0
1    8    0
1    9    0
1    10   0
1    11   0
1    12   0
1    13   0
1    14   0
1    15   0
1    16   0
1    17   0
1    18   0
2    0    0
2    1    0
2    2    0
2    3    0
2    4    0
2    5    0
2    6    0
2    7    0
2    8    0
2    9    0
2    10   0
2    11   0
2    12   0
2    13   0
2    14   0
2    15   0
2    16   0
2    17   0
2    18   0
3    0    0
3    1    0
3    2    0
3    3    0
3    4    0
3    5    0
3    6    0
3    7    0
3    8    0
3    9    0
3    10   0
3    11   0
3    12   0
3    13   0
3    14   0
3    15   0
3    16   0
3    17   0
3    18   0
4    0    0.597212
4    1    0
4    2    0.736509
4    3    0
4    4    0.568709
4    5    0.650807
4    6    0.765917
4    7    0.614166
4    8    0.836678
4    9    0.988712
4    10   0.838744
4    11   0.847306
4    12   0.684251
4    13   0.753593
4    14   0.780137
4    15   0.995004
4    16   0.857117
4    17   0
4    18   0
5    0    0
5    1    0
5    2    0
5    3    0
5    4    0
5    5    0
5    6    0
5    7    0
5    8    0
5    9    0
5    10   0
5    11   0
5    12   0
5    13   0
5    14   0
5    15   0
5    16   0
5    17   0
5    18   0
6    0    0
6    1    0
6    2    0
6    3    0
6    4    0
6    5    0
6    6    0
6    7    0
6    8    0
6    9    0
6    10   0
6    11   0
6    12   0
6    13   0
6    14   0
6    15   0
6    16   0
6    17   0
6    18   0
7    0    0.554056
7    1    0
7    2    0.683287
7    3    0
7    4    0.527613
7    5    0.603779
7    6    0.710571
7    7    0.569785
7    8    0.776218
7    9    0.917266
7    10   0.778134
7    11   0.786078
7    12   0.634806
7    13   0.699137
7    14   0.723763
7    15   0.923103
7    16   0.79518
7    17   0
7    18   0.87993
8    0    0.5162
8    1    0
8    2    0.636602
8    3    0.959668
8    4    0.491564
8    5    0.562526
8    6    0.662021
8    7    0.530855
8    8    0.723183
8    9    0.854594
8    10   0.724969
8    11   0.73237
8    12   0.591433
8    13   0.651369
8    14   0.674312
8    15   0.860032
8    16   0.740849
8    17   0
8    18   0.80978
9    0    0
9    1    0
9    2    0
9    3    0
9    4    0
9    5    0
9    6    0
9    7    0
9    8    0
9    9    0.999
9    10   0
9    11   0
9    12   0
9    13   0
9    14   0
9    15   0
9    16   0
9    17   0
9    18   0
10   0    0
10   1    0
10   2    0
10   3    0
10   4    0
10   5    0
10   6    0
10   7    0
10   8    0
10   9    0
10   10   0
10   11   0
10   12   0
10   13   0
10   14   0
10   15   0
10   16   0
10   17   0
10   18   0
11   0    0
11   1    0
11   2    0
11   3    0
11   4    0
11   5    0
11   6    0
11   7    0
11   8    0
11   9    0
11   10   0
11   11   0
11   12   0
11   13   0
11   14   0
11   15   0
11   16   0
11   17   0
11   18   0
12   0    0.688409
12   1    0
12   2    0.848977
12   3    0
12   4    0.655553
12   5    0.750189
12   6    0.882877
12   7    0.707952
12   8    0.964443
12   9    0.988007
12   10   0.966824
12   11   0.976694
12   12   0.78874
12   13   0.868671
12   14   0.899268
12   15   0.800123
12   16   0.988003
12   17   0
12   18   0
13   0    0.964729
13   1    0
13   2    0
13   3    0
13   4    0
13   5    0
13   6    0
13   7    0
13   8    0
13   9    0
13   10   0
13   11   0
13   12   0
13   13   0
13   14   0
13   15   0
13   16   0
13   17   0
13   18   0
14   0    0.763158
14   1    0
14   2    0.650317
14   3    0
14   4    0.726734
14   5    0.574645
14   6    0.676284
14   7    0.784823
14   8    0.738764
14   9    0.756814
14   10   0.832352
14   11   0.748148
14   12   0.604175
14   13   0.665402
14   14   0.68884
14   15   0.612895
14   16   0.818778
14   17   0
14   18   0
15   0    0
15   1    0
15   2    0
15   3    0
15   4    0
15   5    0
15   6    0
15   7    0
15   8    0
15   9    0
15   10   0
15   11   0
15   12   0
15   13   0
15   14   0
15   15   0
15   16   0
15   17   0
15   18   0
16   0    0.829849
16   1    0
16   2    0.707147
16   3    0
16   4    0.790243
16   5    0.624862
16   6    0.735384
16   7    0.853407
16   8    0.803324
16   9    0.822951
16   10   0.90509
16   11   0.813528
16   12   0.656973
16   13   0.723551
16   14   0.749037
16   15   0.666455
16   16   0.89033
16   17   0
16   18   0
17   0    0.576289
17   1    0
17   2    0.710705
17   3    0
17   4    0.548784
17   5    0.628006
17   6    0.739084
17   7    0.592649
17   8    0.807365
17   9    0.954073
17   10   0.809358
17   11   0.817621
17   12   0.660278
17   13   0.727191
17   14   0.752805
17   15   0.960144
17   16   0.827087
17   17   0
17   18   0
