#s   t    P_ref      d=0.05                d=0.1                 d=0.15                d=0.2                 d=0.25                d=0.3                 d=0.35                d=0.4                 d=0.45                d=0.5                 
0    1    0.361584   0.0                   -0.10097400000000001  -0.10097400000000001  -0.10290300000000002  0.023639999999999994  0.298852              -0.040607000000000004 -0.361584             -0.361584             -0.361584             
0    2    0.75115    0.0                   -0.20976300000000003  -0.20976300000000003  -0.213769             0.04910999999999999   -0.21377899999999994  -0.75115              -2.0000000000020002e-05-0.09960999999999998  -0.19095300000000004  
0    3    0.720763   0.0                   -0.20127700000000004  -0.20127700000000004  -0.205121             0.047122999999999915  -0.20513100000000006  -0.08094299999999999  -0.720763             -0.720763             -0.18322800000000006  
0    9    0.873136   0.0                   0.047875              0.047875              0.04882500000000001   -0.873136             -0.24768400000000002  -0.096831             0.0009559999999999569 -0.873136             -0.220843             
0    11   0.75902    0.0                   -0.13387700000000002  -0.13387700000000002  -0.136749             0.19070999999999994   -0.21601900000000007  0.0036319999999999686 0.09953099999999993   -0.75902              -0.15866000000000002  
0    16   0.833621   0.0                   -0.212144             -0.212144             -0.21534299999999995  0.09923300000000002   -0.321955             -0.06851399999999996  0.036264000000000074  -0.833621             -0.1746439999999999   
7    0    0.854848   0.0                   0.05670999999999993   0.06536299999999995   0.0657279999999999    0.03805299999999989   0.05082599999999993   0.07179599999999997   -0.30079200000000006  0.058029999999999915  -0.854848             
7    1    0.383354   0.0004130000000000522 0.0006250000000000422 0.0006280000000000174 0.00028200000000000447-0.023422             -0.383354             0.00014900000000001024-0.383354             -0.104292             -0.383354             
7    2    0.796375   0.0008589999999999431 0.0012979999999999103 0.0013049999999998896 0.0005859999999999754 -0.04865600000000003  0.0013279999999999959 -0.796375             -0.11308800000000008  -0.16720100000000004  -0.796375             
7    3    0.764159   0.0008239999999999359 0.0012440000000000229 0.0012519999999999198 0.0005619999999999514 -0.04668899999999998  0.0012739999999999974 0.0002969999999999917 -0.764159             -0.764159             -0.764159             
7    4    0.782449   -0.782449             0.0242190000000001    0.024760000000000004  0.024838000000000027  -0.782449             -0.782449             -0.18279299999999998  -0.25483599999999995  -0.0067589999999999595-0.782449             
7    5    0.753203   -0.753203             0.023314000000000057  0.023834000000000022  0.02390900000000007   0.02394099999999999   0.02001200000000003   -0.17596              -0.149424             0.16068000000000005   -0.753203             
7    6    0.897634   -0.897634             0.02778499999999995   0.028404999999999903  0.02849399999999991   0.028532000000000002  0.023849999999999927  -0.20970200000000006  -0.1870630000000001   -0.00775300000000001  -0.897634             
7    7    0.844991   -0.844991             0.02615499999999993   0.026738999999999957  0.02682299999999993   -0.844991             0.027003999999999917  -0.844991             -0.27520600000000006  -0.0072990000000000554-0.844991             
7    8    0.894751   0.0                   -0.20847899999999997  -0.208472             -0.047076999999999924 -0.04704199999999992  -0.894751             -0.00894499999999998  -0.118533             -0.894751             -0.894751             
7    9    0.928557   -0.00017800000000001148-0.054261000000000004 -0.04537599999999997  -0.026264999999999983 -0.928557             8.099999999999774e-05 -0.0011089999999999156-0.01129099999999994  -0.005106999999999973 -0.928557             
7    10   0.923049   -0.10099500000000006  -0.0012499999999999734-0.00119800000000003240.0010919999999999819 0.0011329999999999396 -0.019579000000000013 -0.20996700000000001  -0.14491500000000002  -0.0045720000000000205-0.923049             
7    11   0.911413   0.000139000000000000230.009662999999999977  0.009672000000000014  0.012174999999999936  -0.010399000000000047 -0.005947000000000036 -0.0018200000000000438-0.12533499999999997  -0.325619             -0.911413             
7    12   0.821823   0.0                   -0.19148599999999993  -0.19147999999999998  -0.09167799999999993  -0.09161399999999997  -0.047984999999999944 -0.821823             -0.187017             -0.821823             -0.821823             
7    13   0.805899   0.0                   -0.18777600000000005  -0.18777              -0.805899             -0.805899             -0.04705500000000007  -0.008056000000000063 -0.10676200000000002  -0.02907100000000007  -0.805899             
7    14   0.834285   0.0                   -0.19439000000000006  -0.194384             0.004997999999999947  0.004997999999999947  0.004974999999999952  -0.008340000000000014 -0.11052200000000001  -0.030095000000000094 -0.834285             
7    15   0.916876   0.0                   -0.213634             -0.28643300000000005  -0.06356000000000006  -0.088565             -0.14291500000000001  -0.005380000000000051 0.0062269999999999825 -0.06965100000000002  0.08112399999999997   
7    16   0.924806   0.00010199999999993548-0.009129999999999971 -0.009121000000000046 -0.0061470000000000136-0.04056000000000004  -0.0011100000000000554-0.013009999999999966 -0.12962600000000002  -0.10583500000000001  -0.924806             
8    0    0.962601   -0.05829300000000004  -0.05667500000000003  -0.07180900000000001  -0.08188300000000004  -0.962601             -0.029870000000000063 0.010224999999999929  -0.44640100000000005  -0.05967200000000006  -0.962601             
8    1    0.334313   0.07236099999999995   0.04767099999999996   0.03580899999999998   0.036798              -0.334313             -0.334313             0.07456799999999997   -0.334313             -0.14004400000000003  -0.334313             
8    2    0.694498   0.15032200000000007   0.09903100000000009   0.07439000000000007   0.07644300000000004   -0.694498             0.155582              -0.694498             -0.05789599999999995  -0.08827799999999997  -0.694498             
8    3    0.666402   0.14424099999999995   0.09502599999999994   0.07138099999999992   0.07335099999999994   -0.666402             0.14928799999999998   0.14864               0.2932659999999999    -0.666402             -0.666402             
8    4    0.682353   0.12096099999999999   0.12096099999999999   -0.133135             -0.08005300000000004  -0.682353             -0.682353             -0.04301599999999994  -0.190789             0.08232099999999998   -0.682353             
8    5    0.656848   0.11643999999999999   0.11643999999999999   -0.12815900000000002  -0.07706099999999994  -0.656848             0.15455300000000005   -0.041408             -0.09432200000000002  0.24700200000000005   -0.656848             
8    6    0.782803   0.138768              0.138768              -0.15273400000000004  -0.09183799999999998  -0.782803             0.18418899999999994   -0.04934800000000006  -0.12078200000000006  0.09443899999999994   -0.782803             
8    7    0.736894   0.1306299999999999    0.1306299999999999    -0.14377600000000001  -0.08645200000000008  -0.736894             0.19235499999999994   -0.736894             -0.20603900000000008  0.0889009999999999    -0.736894             
8    8    0.832009   -0.832009             0.05112799999999995   -0.17050200000000004  -0.199577             -0.832009             -0.832009             0.042184              -0.10882599999999998  -0.832009             -0.832009             
8    9    0.950569   0.034753000000000034  -0.025163000000000046 -0.11369700000000005  -0.10407299999999997  -0.950569             0.039331000000000005  0.038092000000000015  -0.09597500000000003  -0.04073899999999997  -0.950569             
8    10   0.944197   -0.040641999999999956 0.02924300000000002   -0.2687919999999999   -0.20351399999999997  -0.944197             0.0038920000000000066 -0.1839289999999999   -0.21922799999999998  -0.036017999999999994 -0.944197             
8    11   0.922618   -0.06894700000000009  0.04880099999999998   -0.03478000000000003  -0.03060700000000005  -0.032857000000000025 0.0493579999999999    0.03881599999999996   -0.19024800000000008  -0.5148170000000001   -0.922618             
8    12   0.764195   -0.764195             0.04696               -0.156605             -0.097881             -0.764195             0.11030800000000007   -0.764195             -0.17276199999999997  -0.764195             -0.764195             
8    13   0.749387   -0.749387             0.04605099999999995   -0.15356999999999998  -0.749387             -0.749387             0.10817100000000002   0.03799600000000003   -0.09801800000000005  0.018826999999999927  -0.749387             
8    14   0.775783   -0.775783             0.047672999999999965  -0.15897899999999998  -0.775783             -0.775783             0.11858199999999997   0.03933399999999998   -0.10147099999999998  0.019490000000000007  -0.775783             
8    15   0.852582   -0.852582             0.05239300000000002   -0.24489499999999997  -0.039022             -0.852582             0.02206000000000008   0.06528600000000007   0.007450000000000068  -0.03626699999999994  -0.852582             
8    16   0.950799   -0.013223999999999902 0.0214970000000001    -0.06816599999999995  -0.06503999999999999  -0.32187699999999997  0.03593500000000005   0.009126999999999996  -0.20994999999999997  -0.14090899999999995  0.04745100000000002   
8    17   0.810865   -0.810865             -0.06123899999999993  -0.08451699999999995  -0.027487999999999957 -0.810865             -0.810865             -0.0801369999999999   -0.810865             -0.810865             -0.810865             
9    8    0.607734   -0.607734             0.13048400000000004   0.13054               0.304353              0.304353              -0.607734             -0.03284799999999999  -0.607734             -0.607734             -0.607734             
9    9    0.545033   0.452391              0.361514              0.38895599999999997   0.41918200000000005   -0.545033             -0.545033             0.048039000000000054  0.453967              0.45133100000000004   0.05437400000000003   
9    10   0.558357   0.41866499999999995   0.433586              0.43358700000000006   0.43595000000000006   0.435948              -0.558357             -0.10240499999999997  -0.558357             0.4344                -0.03161499999999995  
9    11   0.543152   0.3131010000000001    0.447642              0.44771800000000006   0.4484020000000001    0.42604700000000006   -0.543152             0.039488999999999996  -0.543152             -0.08057699999999995  0.022687000000000013  
9    12   0.5582     -0.5582               0.11984799999999995   0.1199                0.22727299999999995   0.22716099999999995   -0.5582               -0.5582               -0.5582               -0.5582               -0.011588000000000043 
9    13   0.547384   -0.547384             0.11752600000000002   0.11757600000000001   -0.547384             -0.547384             -0.547384             -0.02958700000000003  -0.547384             0.216395              -0.547384             
9    14   0.566665   -0.566665             0.12166500000000002   0.12171700000000008   -0.566665             -0.566665             -0.566665             -0.030629000000000017 -0.566665             0.22401700000000002   -0.024849999999999928 
9    15   0.622762   -0.622762             0.13371               0.05544499999999997   0.293651              0.268254              -0.622762             -0.03782300000000005  -0.622762             0.30264599999999997   -0.622762             
9    16   0.57708    0.36333099999999996   0.40790499999999996   0.40798               0.409311              0.3740819999999999    -0.07397600000000004  0.007435999999999998  -0.57708              0.22813399999999995   0.02581               
10   8    0.516509   0.0                   -0.031366000000000005 -0.516509             -0.516509             0.13391699999999995   -0.516509             -0.027918             -0.516509             -0.516509             -0.516509             
10   9    0.463219   0.0                   -0.028129000000000015 -0.463219             -0.463219             -0.463219             0.43199400000000004   0.04082800000000003   -0.463219             -0.463219             -0.12114799999999998  
10   10   0.474543   0.0                   -0.02881699999999998  -0.474543             -0.474543             0.287213              -0.474543             -0.08703299999999997  -0.474543             -0.474543             -0.139536             
10   11   0.46162    0.0                   -0.028032             -0.46162              -0.46162              0.407542              0.31558100000000006   0.033562000000000036  -0.46162              -0.46162              -0.150053             
10   12   0.47441    0.0                   -0.028808999999999974 -0.47441              -0.47441              0.210862              -0.47441              -0.47441              -0.47441              -0.47441              -0.165489             
10   13   0.465217   0.0                   -0.028249999999999997 -0.465217             -0.465217             -0.465217             -0.465217             -0.025144999999999973 -0.465217             -0.465217             0.20853100000000002   
10   14   0.481604   0.0                   -0.029245999999999994 -0.481604             -0.481604             -0.481604             0.32760700000000004   -0.02603099999999997  -0.481604             -0.481604             -0.190903             
10   15   0.529281   0.0                   -0.032140999999999975 -0.529281             -0.529281             0.279049              -0.529281             -0.03214600000000001  -0.529281             -0.529281             -0.529281             
10   16   0.490456   0.0                   -0.029783999999999977 -0.490456             -0.490456             0.36326099999999995   0.24189499999999997   0.006319999999999992  -0.490456             -0.490456             -0.24438100000000001  
11   0    0.796799   -0.0062590000000000146-0.006028000000000033 -0.004646000000000039 -0.796799             -0.796799             -0.07770600000000005  -0.796799             -0.796799             0.0015569999999999196 -0.03641900000000009  
11   8    0.770837   0.0                   -0.08665199999999995  -0.08665199999999995  -0.770837             -0.770837             -0.770837             -0.770837             -0.770837             -0.770837             -0.770837             
11   9    0.691308   0.09523199999999998   0.041377999999999915  0.08213899999999996   -0.691308             -0.691308             0.07984499999999994   -0.691308             -0.691308             0.10683699999999996   0.07658100000000001   
11   10   0.708207   0.0                   -0.07961099999999999  -0.00964799999999999  -0.708207             -0.708207             0.02272699999999994   -0.708207             -0.708207             0.08653199999999994   -0.03340799999999999  
11   11   0.688922   0.08461699999999994   0.08485299999999996   0.10583299999999995   -0.688922             -0.688922             0.04999500000000001   -0.688922             -0.688922             0.020962999999999954  0.03596299999999997   
11   12   0.708009   0.0                   -0.07959000000000005  -0.07959000000000005  -0.708009             -0.708009             -0.16622899999999996  -0.708009             -0.708009             -0.708009             -0.007755999999999985 
11   13   0.69429    0.0                   -0.07804699999999998  -0.07804699999999998  -0.69429              -0.69429              -0.163007             -0.69429              -0.69429              -0.08285599999999993  -0.69429              
11   14   0.718745   0.0                   -0.08079599999999998  -0.08079599999999998  -0.718745             -0.718745             -0.021876000000000007 -0.718745             -0.718745             -0.08577400000000002  -0.02463700000000002  
11   15   0.789898   0.0                   -0.08879499999999996  -0.16137899999999994  -0.789898             -0.789898             -0.24803200000000003  -0.789898             -0.789898             -0.03278899999999996  -0.789898             
11   16   0.731955   0.05666899999999997   0.04372699999999996   0.05996199999999996   -0.09195500000000001  -0.09195500000000001  0.030007000000000006  -0.731955             -0.731955             0.047042999999999946  -0.17415999999999998  
11   17   0.751248   0.0                   0.0                   0.0                   -0.751248             -0.751248             -0.751248             -0.751248             -0.751248             -0.751248             -0.08923800000000004  
13   18   0.903917   0.0                   0.0                   -0.903917             -0.903917             -0.903917             -0.558708             -0.903917             -0.903917             -0.025536000000000003 -0.16661199999999998  
14   1    0.257371   -0.257371             -0.257371             -0.257371             -0.257371             -0.257371             -0.257371             -3.0000000000030003e-05-0.257371             -0.257371             -0.257371             
14   2    0.534659   -0.534659             -0.534659             -0.534659             -0.534659             -0.534659             -0.0041440000000000365-0.534659             0.11565800000000004   -0.10843399999999997  -0.006650000000000045 
14   3    0.51303    -0.51303              -0.51303              -0.51303              -0.51303              -0.51303              -0.003977000000000008 -5.999999999994898e-05-0.51303              -0.51303              -0.00638099999999997  
14   9    0.621487   -0.621487             -0.621487             -0.621487             -0.621487             -0.621487             -0.004014999999999991 0.0009719999999999729 0.13532699999999998   -0.621487             -0.006673999999999958 
14   11   0.540261   -0.540261             -0.540261             -0.540261             -0.540261             -0.540261             -0.00418799999999996950.07020599999999999   0.20788700000000004   -0.540261             0.025603000000000042  
14   16   0.593361   -0.593361             -0.593361             -0.593361             -0.593361             -0.593361             -0.08822300000000005  0.01864699999999997   0.22541699999999998   -0.593361             0.027752              
15   0    0.819341   0.09745100000000007   0.15920500000000004   0.165454              0.17076100000000005   0.16717499999999996   0.12968500000000005   0.09077800000000003   -0.819341             -0.819341             0.06307399999999996   
15   1    0.367431   0.04370200000000002   0.044142000000000015  0.043159              0.044925999999999966  0.029658000000000018  -0.367431             0.011143999999999987  -0.367431             -0.367431             -0.367431             
15   2    0.763297   0.090785              0.09170100000000003   0.08965800000000002   0.09332799999999997   0.06161099999999997   0.0010989999999999611 0.126703              -0.763297             -0.028703999999999952 0.0010580000000000034 
15   3    0.732418   0.087113              0.08799199999999996   0.086032              0.089553              0.05911900000000003   0.0010559999999999459 0.022214999999999985  -0.732418             -0.732418             0.0010160000000000169 
15   4    0.749949   0.09607500000000002   -0.749949             -0.13649499999999992  0.01064799999999999   -0.749949             -0.749949             -0.15799799999999997  -0.749949             -0.749949             -0.05082500000000001  
15   5    0.721918   0.09248300000000009   -0.721918             -0.1313939999999999   0.010249000000000064  -0.060222             0.0                   -0.15209299999999992  -0.721918             -0.721918             -0.048925999999999914 
15   6    0.86035    0.11021800000000004   -0.86035              -0.15658899999999998  0.012215000000000087  -0.07177              0.0                   -0.181257             -0.86035              -0.86035              -0.058307             
15   7    0.809893   0.10375400000000001   -0.809893             -0.147405             0.011499000000000037  -0.809893             0.025693000000000077  -0.809893             -0.809893             -0.809893             -0.05488700000000002  
15   9    0.889616   0.10687000000000002   0.05788900000000008   0.04019000000000006   0.08445500000000006   -0.889616             0.0003290000000000237 0.025994000000000073  -0.889616             -0.00211600000000000680.0002260000000000595 
15   10   0.843531   0.10806300000000002   -0.006245000000000056 -0.08913199999999999  0.09181799999999996   0.0017899999999999583 0.0                   -0.13961200000000007  -0.843531             -0.843531             -0.05716700000000008  
15   11   0.771294   0.09173699999999996   0.2213529999999999    0.2203839999999999    0.22314899999999993   0.2087239999999999    0.08144999999999991   0.1282129999999999    -0.771294             -0.771294             0.04786099999999993   
15   16   0.847102   0.10075299999999998   0.14352399999999998   0.13226700000000002   0.144135              0.11545899999999998   0.10044699999999995   0.055300000000000016  -0.847102             -0.847102             -0.20013400000000003  
16   0    0.836692   0.0                   0.055401000000000034  0.06398599999999999   0.063809              -0.836692             0.01074799999999998   0.06285200000000002   -0.00684300000000004350.055459000000000036  0.06440999999999997   
16   1    0.375212   0.0                   0.0                   -0.0009819999999999829-0.0018859999999999988-0.375212             -0.375212             -0.006537000000000015 -0.375212             -0.174558             -0.375212             
16   2    0.779461   0.0                   0.0                   -0.0020409999999999595-0.003917999999999977 -0.779461             0.0011229999999999851 -0.779461             -0.07231399999999999  -0.15331899999999998  0.0010809999999999986 
16   3    0.747928   0.0                   0.0                   -0.0019569999999999865-0.003759000000000068 -0.747928             0.0010779999999999124 -0.013031000000000015 -0.747928             -0.747928             0.0010379999999999834 
16   4    0.76583    -0.76583              -0.76583              -0.21051700000000007  -0.15538300000000005  -0.76583              -0.76583              -0.18935999999999997  0.024413000000000018  0.023973000000000022  -0.051900999999999975 
16   5    0.737205   -0.737205             -0.737205             -0.20264800000000005  -0.149575             -0.737205             0.0                   -0.18228199999999994  -0.11234299999999997  0.14893599999999996   -0.04996100000000003  
16   6    0.878569   -0.878569             -0.878569             -0.24150800000000006  -0.178257             -0.878569             0.0                   -0.2172360000000001   -0.143185             0.027501999999999915  -0.059542000000000095 
16   7    0.827044   -0.827044             -0.827044             -0.227344             -0.16780300000000004  -0.827044             0.026236999999999955  -0.827044             0.026363000000000025  0.02588900000000005   -0.056050000000000044 
16   9    0.908455   -0.002411000000000052 -0.08494000000000002  -0.06229600000000002  -0.048292             -0.10845499999999997  0.00033600000000000296-0.017011             -0.08550400000000002  -0.00061600000000006090.00023099999999998122
16   10   0.861394   -0.861394             -0.24527599999999994  -0.17849400000000004  -0.11069200000000001  -0.861394             0.0                   -0.17588400000000004  0.04369599999999996   0.042571000000000025  -0.05837800000000004  
16   11   0.787627   0.0                   0.11242000000000008   0.11006400000000005   0.11011800000000005   -0.787627             0.083175              0.079268              0.025901000000000063  -0.36642399999999997  0.048875              
16   16   0.86504    0.0                   0.029729999999999923  0.027387999999999968  0.026607999999999965  -0.86504              0.03291999999999995   0.0004939999999999944 0.025289999999999924  -0.13184400000000007  -0.20437100000000008  
17   0    0.887466   0.0                   0.05876300000000001   0.06786900000000007   0.06768099999999999   0.067581              0.07122499999999998   0.066666              -0.3111769999999999   0.05882399999999999   0.066392              
17   1    0.397981   0.0                   0.0                   -0.0010409999999999586-0.0019999999999999463-0.01299699999999998  -0.397981             -0.006932999999999967 -0.397981             -0.18515099999999998  -0.397981             
17   2    0.826762   0.0                   0.0                   -0.0021639999999999437-0.0041560000000000485-0.02700199999999997  0.02926200000000001   -0.826762             -0.11605699999999997  -0.16262299999999996  0.00043199999999998795
17   3    0.793316   0.0                   0.0                   -0.0020759999999999668-0.0039879999999999916-0.02590900000000007  0.028078999999999965  -0.013822000000000001 -0.793316             -0.793316             0.0004149999999999432 
17   4    0.812304   -0.812304             -0.812304             -0.22329200000000005  -0.16481200000000007  -0.812304             -0.812304             -0.200851             -0.26352              0.025428000000000006  0.025706999999999924  
17   5    0.781942   -0.781942             -0.781942             -0.21494599999999997  -0.15865200000000002  -0.15013700000000008  0.05204299999999995   -0.19334400000000007  -0.15393600000000007  0.15797399999999995   0.024745999999999935  
17   6    0.931885   -0.931885             -0.931885             -0.25616399999999995  -0.189075             -0.17892699999999995  0.06202099999999999   -0.23041999999999996  -0.192801             0.02917000000000003   0.029490000000000016  
17   7    0.877233   -0.877233             -0.877233             -0.24114100000000005  -0.1779860000000001   -0.877233             0.058513999999999955  -0.877233             -0.28458400000000006  0.02745999999999993   0.027760999999999925  
17   9    0.963584   -0.0025570000000000315-0.09009400000000001  -0.06607600000000002  -0.05122199999999999  -0.963584             0.03494699999999995   -0.01804399999999995  -0.009511000000000047 -0.00065300000000001470.00026199999999998447
17   10   0.913667   -0.913667             -0.26016000000000006  -0.18932499999999997  -0.11740899999999999  -0.10653100000000004  0.06081000000000003   -0.186558             -0.10430899999999999  0.045154999999999945  0.028915000000000024  
17   11   0.835424   0.0                   0.11924199999999996   0.11674299999999993   0.1167999999999999    0.11065299999999989   0.14515199999999995   0.08407799999999999   -0.017803000000000013 -0.38866100000000003  0.0510759999999999    
17   16   0.917535   0.0                   0.03153400000000006   0.02904899999999999   0.028222999999999998  0.011797000000000057  0.07628199999999996   0.0005239999999999689 -0.09044799999999997  -0.139845             -0.21737799999999996  
