0    0    0.575325
0    1    0.260173
0    2    0.54048
0    3    0.518616
0    4    0.547576
0    5    0.527108
0    6    0.628185
0    7    0.591344
0    8    0
0    9    0.629809
0    10   0.615904
0    11   0.546143
0    12   0
0    13   0
0    14   0
0    15   0
0    16   0
0    17   0
0    18   0
1    0    0
1    1    0
1    2    0
1    3    0
1    4    0
1    5    0
1    6    0
1    7    0
1    8    0
1    9    0
1    10   0
1    11   0
1    12   0
1    13   0
1    14   0
1    15   0
1    16   0
1    17   0
1    18   0
2    0    0
2    1    0
2    2    0
2    3    0
2    4    0
2    5    0
2    6    0
2    7    0
2    8    0
2    9    0
2    10   0
2    11   0
2    12   0
2    13   0
2    14   0
2    15   0
2    16   0
2    17   0
2    18   0
3    0    0
3    1    0
3    2    0
3    3    0
3    4    0
3    5    0
3    6    0
3    7    0
3    8    0
3    9    0
3    10   0
3    11   0
3    12   0
3    13   0
3    14   0
3    15   0
3    16   0
3    17   0
3    18   0
4    0    0
4    1    0
4    2    0
4    3    0
4    4    0
4    5    0
4    6    0
4    7    0
4    8    0
4    9    0
4    10   0
4    11   0
4    12   0
4    13   0
4    14   0
4    15   0
4    16   0
4    17   0
4    18   0
5    0    0
5    1    0
5    2    0
5    3    0
5    4    0
5    5    0
5    6    0
5    7    0
5    8    0
5    9    0
5    10   0
5    11   0
5    12   0
5    13   0
5    14   0
5    15   0
5    16   0
5    17   0
5    18   0
6    0    0
6    1    0
6    2    0
6    3    0
6    4    0
6    5    0
6    6    0
6    7    0
6    8    0
6    9    0
6    10   0
6    11   0
6    12   0
6    13   0
6    14   0
6    15   0
6    16   0
6    17   0
6    18   0
7    0    0.853976
7    1    0.382713
7    2    0.795043
7    3    0.76288
7    4    0.806857
7    5    0.776699
7    6    0.925636
7    7    0.87135
7    8    0
7    9    0.927552
7    10   0.90754
7    11   0.803373
7    12   0
7    13   0
7    14   0
7    15   0
7    16   0.671034
7    17   0
7    18   0
8    0    0.916486
8    1    0.411115
8    2    0.854046
8    3    0.819497
8    4    0.865626
8    5    0.833271
8    6    0.993055
8    7    0.934816
8    8    0
8    9    0.995512
8    10   0.973642
8    11   0.862994
8    12   0
8    13   0
8    14   0
8    15   0
8    16   0.617538
8    17   0
8    18   0
9    0    0
9    1    0
9    2    0
9    3    0
9    4    0
9    5    0
9    6    0
9    7    0
9    8    0.607734
9    9    0.545033
9    10   0.558357
9    11   0.543152
9    12   0.5582
9    13   0.547384
9    14   0.566665
9    15   0.622762
9    16   0.448292
9    17   0
9    18   0
10   0    0
10   1    0
10   2    0
10   3    0
10   4    0
10   5    0
10   6    0
10   7    0
10   8    0.516509
10   9    0.463219
10   10   0.474543
10   11   0.46162
10   12   0.47441
10   13   0.465217
10   14   0.481604
10   15   0.529281
10   16   0.381
10   17   0
10   18   0
11   0    0.73575
11   1    0.324196
11   2    0.673481
11   3    0.646236
11   4    0.694371
11   5    0.668417
11   6    0.79659
11   7    0.749872
11   8    0
11   9    0.796945
11   10   0.781017
11   11   0.680538
11   12   0
11   13   0
11   14   0
11   15   0
11   16   0
11   17   0
11   18   0
12   0    0
12   1    0
12   2    0
12   3    0
12   4    0
12   5    0
12   6    0
12   7    0
12   8    0
12   9    0
12   10   0
12   11   0
12   12   0
12   13   0
12   14   0
12   15   0
12   16   0
12   17   0
12   18   0
13   0    0
13   1    0
13   2    0
13   3    0
13   4    0
13   5    0
13   6    0
13   7    0
13   8    0
13   9    0
13   10   0
13   11   0
13   12   0
13   13   0
13   14   0
13   15   0
13   16   0
13   17   0
13   18   0
14   0    0.567985
14   1    0.256854
14   2    0.533585
14   3    0.511999
14   4    0.540589
14   5    0.520383
14   6    0.62017
14   7    0.583799
14   8    0
14   9    0.621773
14   10   0.608046
14   11   0.539175
14   12   0
14   13   0
14   14   0
14   15   0
14   16   0
14   17   0
14   18   0
15   0    0.809866
15   1    0.36761
15   2    0.763668
15   3    0.732775
15   4    0.773395
15   5    0.744487
15   6    0.887247
15   7    0.835213
15   8    0
15   9    0.889622
15   10   0.869902
15   11   0.771669
15   12   0
15   13   0
15   14   0
15   15   0
15   16   0.774834
15   17   0
15   18   0
16   0    0.906117
16   1    0
16   2    0
16   3    0
16   4    0
16   5    0
16   6    0
16   7    0
16   8    0.876592
16   9    0.786152
16   10   0.805371
16   11   0.783439
16   12   0.805145
16   13   0.789544
16   14   0.817354
16   15   0.898269
16   16   0.646614
16   17   0.854316
16   18   0
17   0    0.887466
17   1    0.391048
17   2    0.812357
17   3    0.779494
17   4    0.837554
17   5    0.806248
17   6    0.960851
17   7    0.904501
17   8    0
17   9    0.96128
17   10   0.942068
17   11   0.820869
17   12   0
17   13   0
17   14   0
17   15   0
17   16   0
17   17   0
17   18   0
