0    0    0.629522
0    1    0.259444
0    2    0.538967
0    3    0
0    4    0.407183
0    5    0.391964
0    6    0.467125
0    7    0.43973
0    8    0.45213
0    9    0.62729
0    10   0.7124
0    11   0.544614
0    12   0
0    13   0
0    14   0
0    15   0.62618
0    16   0.492782
0    17   0.589199
0    18   0
1    0    0
1    1    0
1    2    0
1    3    0
1    4    0
1    5    0
1    6    0
1    7    0
1    8    0
1    9    0
1    10   0
1    11   0
1    12   0
1    13   0
1    14   0
1    15   0
1    16   0
1    17   0
1    18   0
2    0    0
2    1    0
2    2    0
2    3    0
2    4    0
2    5    0
2    6    0
2    7    0
2    8    0
2    9    0
2    10   0
2    11   0
2    12   0
2    13   0
2    14   0
2    15   0
2    16   0
2    17   0
2    18   0
3    0    0
3    1    0
3    2    0
3    3    0
3    4    0
3    5    0
3    6    0
3    7    0
3    8    0
3    9    0
3    10   0
3    11   0
3    12   0
3    13   0
3    14   0
3    15   0
3    16   0
3    17   0
3    18   0
4    0    0
4    1    0
4    2    0
4    3    0
4    4    0
4    5    0
4    6    0
4    7    0
4    8    0
4    9    0
4    10   0
4    11   0
4    12   0
4    13   0
4    14   0
4    15   0
4    16   0
4    17   0
4    18   0
5    0    0.94605
5    1    0.39494
5    2    0.820444
5    3    0
5    4    0
5    5    0
5    6    0
5    7    0
5    8    0.688256
5    9    0.953683
5    10   0
5    11   0.82904
5    12   0
5    13   0
5    14   0
5    15   0.953205
5    16   0.737586
5    17   0.896911
5    18   0
6    0    0.898624
6    1    0.375142
6    2    0.779315
6    3    0
6    4    0.813029
6    5    0.782639
6    6    0.932715
6    7    0.878015
6    8    0.653754
6    9    0.93177
6    10   0
6    11   0.78748
6    12   0
6    13   0
6    14   0
6    15   0.905421
6    16   0.729488
6    17   0.851949
6    18   0
7    0    0.902342
7    1    0.376694
7    2    0.78254
7    3    0
7    4    0.783318
7    5    0.75404
7    6    0.898631
7    7    0.84593
7    8    0.656459
7    9    0.925976
7    10   0
7    11   0.790738
7    12   0
7    13   0
7    14   0
7    15   0.909167
7    16   0.732506
7    17   0.855473
7    18   0
8    0    0.85529
8    1    0.331369
8    2    0.688382
8    3    0
8    4    0
8    5    0
8    6    0
8    7    0
8    8    0.577472
8    9    0.967548
8    10   0
8    11   0.695595
8    12   0
8    13   0
8    14   0
8    15   0.995968
8    16   0.666826
8    17   0.810865
8    18   0
9    0    0.872566
9    1    0.364263
9    2    0.756717
9    3    0
9    4    0.789452
9    5    0.759944
9    6    0.905668
9    7    0.852554
9    8    0.634796
9    9    0.904751
9    10   0
9    11   0.764645
9    12   0
9    13   0
9    14   0
9    15   0.879166
9    16   0.708334
9    17   0.827244
9    18   0
10   0    0
10   1    0
10   2    0
10   3    0
10   4    0
10   5    0
10   6    0
10   7    0
10   8    0
10   9    0
10   10   0.978
10   11   0
10   12   0
10   13   0
10   14   0
10   15   0
10   16   0
10   17   0
10   18   0
11   0    0
11   1    0
11   2    0
11   3    0
11   4    0
11   5    0
11   6    0
11   7    0
11   8    0
11   9    0
11   10   0
11   11   0.8
11   12   0
11   13   0
11   14   0
11   15   0
11   16   0
11   17   0
11   18   0
12   0    0.992732
12   1    0.411365
12   2    0.854565
12   3    0.707457
12   4    0.5266
12   5    0.506917
12   6    0.604122
12   7    0.568692
12   8    0.71688
12   9    0.995271
12   10   0
12   11   0.968423
12   12   0
12   13   0
12   14   0.825205
12   15   0.992848
12   16   0.978339
12   17   0.935165
12   18   0
13   0    0
13   1    0
13   2    0
13   3    0
13   4    0
13   5    0
13   6    0
13   7    0
13   8    0
13   9    0
13   10   0
13   11   0
13   12   0
13   13   0
13   14   0
13   15   0
13   16   0
13   17   0
13   18   0.903917
14   0    0.621491
14   1    0.256134
14   2    0.53209
14   3    0
14   4    0.401988
14   5    0.386963
14   6    0.461165
14   7    0.434119
14   8    0.446361
14   9    0.619287
14   10   0
14   11   0.537665
14   12   0
14   13   0
14   14   0
14   15   0.618191
14   16   0.486495
14   17   0.581682
14   18   0
15   0    0.864819
15   1    0.361029
15   2    0.749998
15   3    0
15   4    0
15   5    0
15   6    0
15   7    0
15   8    0.62916
15   9    0.871796
15   10   0
15   11   0.757856
15   12   0
15   13   0
15   14   0
15   15   0.87136
15   16   0.702045
15   17   0.819899
15   18   0
16   0    0.889444
16   1    0.371309
16   2    0.771353
16   3    0
16   4    0.804722
16   5    0.774643
16   6    0.923186
16   7    0.869044
16   8    0.647075
16   9    0.922251
16   10   0
16   11   0.779435
16   12   0
16   13   0
16   14   0
16   15   0.896171
16   16   0.722035
16   17   0.843245
16   18   0
17   0    0.936725
17   1    0.391048
17   2    0.812357
17   3    0
17   4    0
17   5    0
17   6    0
17   7    0
17   8    0.681472
17   9    0.944283
17   10   0
17   11   0.820869
17   12   0
17   13   0
17   14   0
17   15   0.94381
17   16   0.760417
17   17   0.88807
17   18   0
