0    0    0
0    1    0.25504
0    2    0.529816
0    3    0.508383
0    4    0.477715
0    5    0.459859
0    6    0
0    7    0.5159
0    8    0.559848
0    9    0.502087
0    10   0.603571
0    11   0.497624
0    12   0.514217
0    13   0.504253
0    14   0.522015
0    15   0.573692
0    16   0.594381
0    17   0
0    18   0
1    0    0
1    1    0
1    2    0
1    3    0
1    4    0
1    5    0
1    6    0
1    7    0
1    8    0
1    9    0
1    10   0
1    11   0
1    12   0
1    13   0
1    14   0
1    15   0
1    16   0
1    17   0
1    18   0
2    0    0
2    1    0
2    2    0
2    3    0
2    4    0
2    5    0
2    6    0
2    7    0
2    8    0
2    9    0
2    10   0
2    11   0
2    12   0
2    13   0
2    14   0
2    15   0
2    16   0
2    17   0
2    18   0
3    0    0
3    1    0
3    2    0
3    3    0
3    4    0
3    5    0
3    6    0
3    7    0
3    8    0
3    9    0
3    10   0
3    11   0
3    12   0
3    13   0
3    14   0
3    15   0
3    16   0
3    17   0
3    18   0
4    0    0
4    1    0
4    2    0
4    3    0
4    4    0
4    5    0
4    6    0
4    7    0
4    8    0
4    9    0
4    10   0
4    11   0
4    12   0
4    13   0
4    14   0
4    15   0
4    16   0
4    17   0
4    18   0
5    0    0
5    1    0
5    2    0
5    3    0
5    4    0
5    5    0
5    6    0
5    7    0
5    8    0
5    9    0
5    10   0
5    11   0
5    12   0
5    13   0
5    14   0
5    15   0
5    16   0
5    17   0
5    18   0
6    0    0
6    1    0
6    2    0
6    3    0
6    4    0
6    5    0
6    6    0
6    7    0
6    8    0
6    9    0
6    10   0
6    11   0
6    12   0
6    13   0
6    14   0
6    15   0
6    16   0
6    17   0
6    18   0
7    0    0
7    1    0.375629
7    2    0.780328
7    3    0.74876
7    4    0.703592
7    5    0.677293
7    6    0
7    7    0.759831
7    8    0.82456
7    9    0.739488
7    10   0.888956
7    11   0.732914
7    12   0.757353
7    13   0.742678
7    14   0.768838
7    15   0.84495
7    16   0.87542
7    17   0
7    18   0
8    0    0
8    1    0
8    2    0
8    3    0
8    4    0
8    5    0
8    6    0
8    7    0
8    8    0
8    9    0.9985
8    10   0
8    11   0
8    12   0
8    13   0
8    14   0
8    15   0
8    16   0
8    17   0
8    18   0
9    0    0
9    1    0.259911
9    2    0.539935
9    3    0.518093
9    4    0.487136
9    5    0.468928
9    6    0
9    7    0.526073
9    8    0.570541
9    9    0.511677
9    10   0.615352
9    11   0.507128
9    12   0.524038
9    13   0.513884
9    14   0.531985
9    15   0.584649
9    16   0.606008
9    17   0
9    18   0
10   0    0
10   1    0.411711
10   2    0.855283
10   3    0.820683
10   4    0.771176
10   5    0.742351
10   6    0
10   7    0.832817
10   8    0.903764
10   9    0.81052
10   10   0.974345
10   11   0.803314
10   12   0.830101
10   13   0.814017
10   14   0.842689
10   15   0.926112
10   16   0.959509
10   17   0
10   18   0
11   0    0
11   1    0.300346
11   2    0.623935
11   3    0.598694
11   4    0.562579
11   5    0.541551
11   6    0
11   7    0.607546
11   8    0.659302
11   9    0.59128
11   10   0.710792
11   11   0.586024
11   12   0.605565
11   13   0.593831
11   14   0.614748
11   15   0.675605
11   16   0.699969
11   17   0
11   18   0
12   0    0
12   1    0.357759
12   2    0.743205
12   3    0.713139
12   4    0.868631
12   5    0.836163
12   6    0
12   7    0.938061
12   8    0.785333
12   9    0.704308
12   10   0.992896
12   11   0.698047
12   12   0.721323
12   13   0.707346
12   14   0.732261
12   15   0.804752
12   16   0.998709
12   17   0
12   18   0
13   0    0
13   1    0.402133
13   2    0.835386
13   3    0.801591
13   4    0.753694
13   5    0.725523
13   6    0
13   7    0.813938
13   8    0.882739
13   9    0.791664
13   10   0.952071
13   11   0.784626
13   12   0.81079
13   13   0.79508
13   14   0.823085
13   15   0.904567
13   16   0.937613
13   17   0
13   18   0
14   0    0
14   1    0.251786
14   2    0.523057
14   3    0.501897
14   4    0.47162
14   5    0.453992
14   6    0
14   7    0.509317
14   8    0.552706
14   9    0.495682
14   10   0.59587
14   11   0.491275
14   12   0.507657
14   13   0.49782
14   14   0.515355
14   15   0.566373
14   16   0.586797
14   17   0
14   18   0
15   0    0
15   1    0.367279
15   2    0.762982
15   3    0.732116
15   4    0.687952
15   5    0.662238
15   6    0
15   7    0.742941
15   8    0.806231
15   9    0.72305
15   10   0.869195
15   11   0.716622
15   12   0.740518
15   13   0.726169
15   14   0.751747
15   15   0.826167
15   16   0.967478
15   17   0
15   18   0
16   0    0.906117
16   1    0.375494
16   2    0.780046
16   3    0.74849
16   4    0.787834
16   5    0.758386
16   6    0
16   7    0.850806
16   8    0.836403
16   9    0.75011
16   10   0.905292
16   11   0.73265
16   12   0.768231
16   13   0.753346
16   14   0.779881
16   15   0.857086
16   16   0.907716
16   17   0
16   18   0
17   0    0
17   1    0.357095
17   2    0.741825
17   3    0.711816
17   4    0.772141
17   5    0.74328
17   6    0
17   7    0.833859
17   8    0.783875
17   9    0.703001
17   10   0.96105
17   11   0.696751
17   12   0.719984
17   13   0.706034
17   14   0.730902
17   15   0.803259
17   16   0.950748
17   17   0
17   18   0
