0    0    0.788074
0    1    0.359645
0    2    0
0    3    0.716898
0    4    0
0    5    0
0    6    0.680077
0    7    0
0    8    0
0    9    0.871042
0    10   0.679717
0    11   0.75495
0    12   0.58777
0    13   0.576381
0    14   0.596683
0    15   0.6646
0    16   0.793902
0    17   0.640875
0    18   0.596793
1    0    0
1    1    0
1    2    0
1    3    0
1    4    0
1    5    0
1    6    0
1    7    0
1    8    0
1    9    0
1    10   0
1    11   0
1    12   0
1    13   0
1    14   0
1    15   0
1    16   0
1    17   0
1    18   0
2    0    0
2    1    0
2    2    0
2    3    0
2    4    0
2    5    0
2    6    0
2    7    0
2    8    0
2    9    0
2    10   0
2    11   0
2    12   0
2    13   0
2    14   0
2    15   0
2    16   0
2    17   0
2    18   0
3    0    0
3    1    0
3    2    0
3    3    0
3    4    0
3    5    0
3    6    0
3    7    0
3    8    0
3    9    0
3    10   0
3    11   0
3    12   0
3    13   0
3    14   0
3    15   0
3    16   0
3    17   0
3    18   0
4    0    0
4    1    0
4    2    0
4    3    0
4    4    0
4    5    0.999
4    6    0
4    7    0
4    8    0
4    9    0
4    10   0
4    11   0
4    12   0
4    13   0
4    14   0
4    15   0
4    16   0
4    17   0
4    18   0
5    0    0.788673
5    1    0.337554
5    2    0
5    3    0.672862
5    4    0
5    5    0
5    6    0.638303
5    7    0
5    8    0
5    9    0.821453
5    10   0.637965
5    11   0.708577
5    12   0.551666
5    13   0.540976
5    14   0.560031
5    15   0.623776
5    16   0.745136
5    17   0.601508
5    18   0.560135
6    0    0
6    1    0
6    2    0
6    3    0
6    4    0
6    5    0
6    6    0
6    7    0
6    8    0
6    9    0
6    10   0
6    11   0
6    12   0
6    13   0
6    14   0
6    15   0
6    16   0
6    17   0
6    18   0
7    0    0.879078
7    1    0.383548
7    2    0
7    3    0.764545
7    4    0
7    5    0
7    6    0.834222
7    7    0
7    8    0
7    9    0.927481
7    10   0.894741
7    11   0.805126
7    12   0.802619
7    13   0.787067
7    14   0.81479
7    15   0.8912
7    16   0.916204
7    17   0.786134
7    18   0.81494
8    0    0.940671
8    1    0.391092
8    2    0
8    3    0.779583
8    4    0.75005
8    5    0
8    6    0.835574
8    7    0
8    8    0
8    9    0.946216
8    10   0.888832
8    11   0.913445
8    12   0.794077
8    13   0.77869
8    14   0.806118
8    15   0.88348
8    16   0.949413
8    17   0.787408
8    18   0.806267
9    0    0.756359
9    1    0.411021
9    2    0
9    3    0.819309
9    4    0
9    5    0
9    6    0.777227
9    7    0
9    8    0
9    9    0.99373
9    10   0.776816
9    11   0.862796
9    12   0.671734
9    13   0.658718
9    14   0.68192
9    15   0.759539
9    16   0.907312
9    17   0.732425
9    18   0.682046
10   0    0.683436
10   1    0.371393
10   2    0
10   3    0.740316
10   4    0
10   5    0
10   6    0.702292
10   7    0
10   8    0
10   9    0.897921
10   10   0.70192
10   11   0.779611
10   12   0.60697
10   13   0.595209
10   14   0.616174
10   15   0.686309
10   16   0.819834
10   17   0.661809
10   18   0.616288
11   0    0.794821
11   1    0.33042
11   2    0
11   3    0.658642
11   4    0.694904
11   5    0
11   6    0.713806
11   7    0
11   8    0
11   9    0.79886
11   10   0.763182
11   11   0.779327
11   12   0.683551
11   13   0.670306
11   14   0.693916
11   15   0.759565
11   16   0.765362
11   17   0.67266
11   18   0.694044
12   0    0
12   1    0
12   2    0
12   3    0
12   4    0
12   5    0
12   6    0
12   7    0
12   8    0
12   9    0
12   10   0
12   11   0
12   12   0
12   13   0
12   14   0
12   15   0
12   16   0
12   17   0
12   18   0
13   0    0
13   1    0
13   2    0
13   3    0
13   4    0
13   5    0
13   6    0
13   7    0
13   8    0.96925
13   9    0
13   10   0
13   11   0
13   12   0
13   13   0
13   14   0
13   15   0
13   16   0
13   17   0
13   18   0
14   0    0.59667
14   1    0.255376
14   2    0
14   3    0.509053
14   4    0
14   5    0
14   6    0.482907
14   7    0
14   8    0
14   9    0.62147
14   10   0.482652
14   11   0.536073
14   12   0.417362
14   13   0.409275
14   14   0.423691
14   15   0.471918
14   16   0.563732
14   17   0.455071
14   18   0.42377
15   0    0.895515
15   1    0.402843
15   2    0
15   3    0.803006
15   4    0
15   5    0
15   6    0.761762
15   7    0
15   8    0
15   9    0.974677
15   10   0.761359
15   11   0.845629
15   12   0.658368
15   13   0.645611
15   14   0.668352
15   15   0.744426
15   16   0.889258
15   17   0.717851
15   18   0.668475
16   0    0.690463
16   1    0.375212
16   2    0
16   3    0.747928
16   4    0
16   5    0
16   6    0.709513
16   7    0
16   8    0
16   9    0.907154
16   10   0.709137
16   11   0.787627
16   12   0.613211
16   13   0.601329
16   14   0.62251
16   15   0.693366
16   16   0.828265
16   17   0.668614
16   18   0.622625
17   0    0.732364
17   1    0.397981
17   2    0
17   3    0.793316
17   4    0
17   5    0
17   6    0.75257
17   7    0
17   8    0
17   9    0.962204
17   10   0.752171
17   11   0.835424
17   12   0.650423
17   13   0.63782
17   14   0.660287
17   15   0.735443
17   16   0.878528
17   17   0.709188
17   18   0.660409
