0    0    0.605621
0    1    0
0    2    0.505845
0    3    0.485381
0    4    0.556619
0    5    0.535814
0    6    0.63856
0    7    0.60111
0    8    0.610344
0    9    0.645276
0    10   0.651219
0    11   0.644015
0    12   0.560597
0    13   0.481835
0    14   0.569098
0    15   0.590741
0    16   0.641832
0    17   0.567631
0    18   0
1    0    0
1    1    0
1    2    0
1    3    0
1    4    0
1    5    0
1    6    0
1    7    0
1    8    0
1    9    0
1    10   0
1    11   0
1    12   0
1    13   0
1    14   0
1    15   0
1    16   0
1    17   0
1    18   0
2    0    0
2    1    0
2    2    0
2    3    0
2    4    0
2    5    0
2    6    0
2    7    0
2    8    0
2    9    0
2    10   0
2    11   0
2    12   0
2    13   0
2    14   0
2    15   0
2    16   0
2    17   0
2    18   0
3    0    0
3    1    0
3    2    0
3    3    0
3    4    0
3    5    0
3    6    0
3    7    0
3    8    0
3    9    0
3    10   0
3    11   0
3    12   0
3    13   0
3    14   0
3    15   0
3    16   0
3    17   0
3    18   0
4    0    0
4    1    0
4    2    0
4    3    0
4    4    0
4    5    0
4    6    0
4    7    0
4    8    0
4    9    0
4    10   0
4    11   0
4    12   0
4    13   0
4    14   0
4    15   0
4    16   0
4    17   0
4    18   0
5    0    0
5    1    0
5    2    0
5    3    0
5    4    0
5    5    0
5    6    0
5    7    0
5    8    0
5    9    0
5    10   0
5    11   0
5    12   0
5    13   0
5    14   0
5    15   0
5    16   0
5    17   0
5    18   0
6    0    0
6    1    0
6    2    0
6    3    0
6    4    0.794892
6    5    0.76518
6    6    0.911909
6    7    0.858428
6    8    0
6    9    0.94901
6    10   0.894082
6    11   0.857391
6    12   0
6    13   0.761536
6    14   0
6    15   0
6    16   0.952426
6    17   0.897136
6    18   0
7    0    0
7    1    0
7    2    0
7    3    0
7    4    0.807376
7    5    0.777198
7    6    0.926231
7    7    0.871911
7    8    0
7    9    0.901373
7    10   0.908124
7    11   0.763774
7    12   0
7    13   0.678386
7    14   0
7    15   0
7    16   0.848433
7    17   0.799179
7    18   0
8    0    0.791685
8    1    0
8    2    0
8    3    0
8    4    0.623595
8    5    0.600287
8    6    0.715395
8    7    0.67344
8    8    0.797859
8    9    0.830849
8    10   0.809839
8    11   0.960359
8    12   0.732829
8    13   0
8    14   0.743942
8    15   0.772234
8    16   0.588537
8    17   0
8    18   0
9    0    0.576587
9    1    0
9    2    0
9    3    0
9    4    0.454166
9    5    0.437191
9    6    0.521025
9    7    0.490468
9    8    0.581083
9    9    0.60511
9    10   0.589808
9    11   0.519333
9    12   0.533721
9    13   0
9    14   0.541815
9    15   0.56242
9    16   0.428633
9    17   0
9    18   0
10   0    0.490037
10   1    0
10   2    0
10   3    0
10   4    0.385992
10   5    0.371565
10   6    0.442815
10   7    0.416845
10   8    0.493858
10   9    0.514278
10   10   0.501273
10   11   0.441377
10   12   0.453606
10   13   0
10   14   0.460484
10   15   0.477997
10   16   0.364292
10   17   0
10   18   0
11   0    0
11   1    0
11   2    0
11   3    0
11   4    0
11   5    0
11   6    0
11   7    0
11   8    0
11   9    0.645381
11   10   0
11   11   0.617342
11   12   0
11   13   0.637699
11   14   0
11   15   0
11   16   0.63936
11   17   0.751248
11   18   0
12   0    0
12   1    0
12   2    0
12   3    0
12   4    0
12   5    0
12   6    0
12   7    0
12   8    0
12   9    0
12   10   0
12   11   0
12   12   0
12   13   0
12   14   0
12   15   0
12   16   0
12   17   0
12   18   0
13   0    0
13   1    0
13   2    0
13   3    0
13   4    0
13   5    0
13   6    0
13   7    0
13   8    0
13   9    0
13   10   0
13   11   0
13   12   0
13   13   0
13   14   0
13   15   0
13   16   0
13   17   0
13   18   0.903917
14   0    0.570823
14   1    0
14   2    0.476779
14   3    0.457492
14   4    0.524637
14   5    0.505027
14   6    0.601869
14   7    0.566571
14   8    0.575275
14   9    0.608199
14   10   0.613801
14   11   0.607011
14   12   0.528386
14   13   0.45415
14   14   0.536399
14   15   0.556798
14   16   0.604953
14   17   0.535016
14   18   0
15   0    0
15   1    0
15   2    0
15   3    0
15   4    0.716203
15   5    0.689433
15   6    0.821636
15   7    0.77345
15   8    0
15   9    0.855065
15   10   0.805574
15   11   0.772515
15   12   0
15   13   0.686149
15   14   0
15   15   0
15   16   0.858142
15   17   0.808325
15   18   0
16   0    0
16   1    0
16   2    0
16   3    0
16   4    0.731369
16   5    0.704032
16   6    0.839035
16   7    0.789829
16   8    0
16   9    0.873172
16   10   0.822633
16   11   0.788874
16   12   0
16   13   0.70068
16   14   0
16   15   0
16   16   0.876314
16   17   0.825443
16   18   0
17   0    0
17   1    0
17   2    0
17   3    0
17   4    0.775752
17   5    0.746756
17   6    0.889952
17   7    0.837759
17   8    0
17   9    0.92616
17   10   0.872554
17   11   0.836746
17   12   0
17   13   0.7432
17   14   0
17   15   0
17   16   0.929493
17   17   0.875534
17   18   0
