0    0    0.809957
0    1    0.38328
0    2    0
0    3    0.764011
0    4    0.713327
0    5    0.686664
0    6    0
0    7    0.770344
0    8    0.737212
0    9    0.661152
0    10   0.936218
0    11   0.747842
0    12   0.677124
0    13   0.664004
0    14   0.687392
0    15   0.755441
0    16   0.818336
0    17   0.347971
0    18   0
1    0    0
1    1    0
1    2    0
1    3    0
1    4    0
1    5    0
1    6    0
1    7    0
1    8    0
1    9    0
1    10   0
1    11   0
1    12   0
1    13   0
1    14   0
1    15   0
1    16   0
1    17   0
1    18   0
2    0    0
2    1    0
2    2    0
2    3    0
2    4    0
2    5    0
2    6    0
2    7    0
2    8    0
2    9    0
2    10   0
2    11   0
2    12   0
2    13   0
2    14   0
2    15   0
2    16   0
2    17   0
2    18   0
3    0    0
3    1    0
3    2    0
3    3    0
3    4    0
3    5    0
3    6    0
3    7    0
3    8    0
3    9    0
3    10   0
3    11   0
3    12   0
3    13   0
3    14   0
3    15   0
3    16   0
3    17   0
3    18   0
4    0    0.594475
4    1    0.281312
4    2    0
4    3    0.560753
4    4    0.523553
4    5    0.503983
4    6    0
4    7    0.565401
4    8    0
4    9    0
4    10   0.588884
4    11   0.548885
4    12   0
4    13   0
4    14   0
4    15   0
4    16   0.600625
4    17   0
4    18   0
5    0    0
5    1    0
5    2    0
5    3    0
5    4    0
5    5    0
5    6    0
5    7    0
5    8    0
5    9    0
5    10   0
5    11   0
5    12   0
5    13   0
5    14   0
5    15   0
5    16   0
5    17   0
5    18   0
6    0    0.853785
6    1    0.40402
6    2    0
6    3    0.805353
6    4    0.751926
6    5    0.72382
6    6    0
6    7    0.812028
6    8    0
6    9    0
6    10   0.845754
6    11   0.788309
6    12   0
6    13   0
6    14   0
6    15   0
6    16   0.953677
6    17   0
6    18   0
7    0    0.793789
7    1    0.375629
7    2    0
7    3    0.74876
7    4    0.699088
7    5    0.672957
7    6    0
7    7    0.754966
7    8    0
7    9    0
7    10   0.786323
7    11   0.732914
7    12   0
7    13   0
7    14   0
7    15   0
7    16   0.802001
7    17   0
7    18   0
8    0    0
8    1    0
8    2    0
8    3    0
8    4    0
8    5    0
8    6    0
8    7    0
8    8    0
8    9    0.9985
8    10   0
8    11   0
8    12   0
8    13   0
8    14   0
8    15   0
8    16   0
8    17   0
8    18   0
9    0    0.796366
9    1    0.368307
9    2    0
9    3    0.734165
9    4    0.701357
9    5    0.675142
9    6    0
9    7    0.757418
9    8    0
9    9    0
9    10   0.788876
9    11   0.78809
9    12   0
9    13   0
9    14   0
9    15   0
9    16   0.804605
9    17   0
9    18   0
10   0    0.870037
10   1    0.411711
10   2    0
10   3    0.820683
10   4    0.766239
10   5    0.737599
10   6    0
10   7    0.827485
10   8    0
10   9    0
10   10   0.861854
10   11   0.803314
10   12   0
10   13   0
10   14   0
10   15   0
10   16   0.879038
10   17   0
10   18   0
11   0    0.631525
11   1    0.298844
11   2    0
11   3    0.595701
11   4    0.556182
11   5    0.535393
11   6    0
11   7    0.600638
11   8    0
11   9    0
11   10   0.625585
11   11   0.583094
11   12   0
11   13   0
11   14   0
11   15   0
11   16   0.638058
11   17   0
11   18   0
12   0    0.986299
12   1    0.408144
12   2    0
12   3    0.813573
12   4    0.868631
12   5    0.836163
12   6    0
12   7    0.938061
12   8    0
12   9    0
12   10   0.977022
12   11   0.796355
12   12   0
12   13   0
12   14   0
12   15   0
12   16   0.996503
12   17   0
12   18   0
13   0    0.855066
13   1    0.402245
13   2    0
13   3    0.801815
13   4    0.753054
13   5    0.724906
13   6    0
13   7    0.813246
13   8    0
13   9    0
13   10   0.847023
13   11   0.784845
13   12   0
13   13   0
13   14   0
13   15   0
13   16   0.863912
13   17   0
13   18   0
14   0    0.53208
14   1    0.251786
14   2    0
14   3    0.501897
14   4    0.468601
14   5    0.451086
14   6    0
14   7    0.506057
14   8    0
14   9    0
14   10   0.527075
14   11   0.491275
14   12   0
14   13   0
14   14   0
14   15   0
14   16   0.537584
14   17   0
14   18   0
15   0    0.776144
15   1    0.367279
15   2    0
15   3    0.732116
15   4    0.683548
15   5    0.657998
15   6    0
15   7    0.738184
15   8    0
15   9    0
15   10   0.768844
15   11   0.716622
15   12   0
15   13   0
15   14   0
15   15   0
15   16   0.951403
15   17   0
15   18   0
16   0    0.907893
16   1    0.375402
16   2    0
16   3    0.748307
16   4    0.787731
16   5    0.758287
16   6    0
16   7    0.850695
16   8    0.778052
16   9    0.697778
16   10   0.903976
16   11   0.73247
16   12   0.714636
16   13   0.700789
16   14   0.725473
16   15   0.797292
16   16   0.903693
16   17   0.367248
16   18   0
17   0    0.876653
17   1    0.410987
17   2    0
17   3    0.81924
17   4    0.772065
17   5    0.743207
17   6    0
17   7    0.833777
17   8    0
17   9    0
17   10   0.868407
17   11   0.801902
17   12   0
17   13   0
17   14   0
17   15   0
17   16   0.885722
17   17   0
17   18   0
