0    0    0.971497
0    1    0.786182
0    2    0
0    3    0.764011
0    4    0
0    5    0.804749
0    6    0
0    7    0.902818
0    8    0.906916
0    9    0.973331
0    10   0.970484
0    11   0.982076
0    12   0.908165
0    13   0.816856
0    14   0.858984
0    15   0.877788
0    16   0
0    17   0
0    18   0
1    0    0
1    1    0
1    2    0
1    3    0
1    4    0
1    5    0
1    6    0
1    7    0
1    8    0
1    9    0
1    10   0
1    11   0
1    12   0
1    13   0
1    14   0
1    15   0
1    16   0
1    17   0
1    18   0
2    0    0
2    1    0
2    2    0
2    3    0
2    4    0
2    5    0
2    6    0
2    7    0
2    8    0
2    9    0
2    10   0
2    11   0
2    12   0
2    13   0
2    14   0
2    15   0
2    16   0
2    17   0
2    18   0
3    0    0
3    1    0
3    2    0
3    3    0
3    4    0
3    5    0
3    6    0
3    7    0
3    8    0
3    9    0
3    10   0
3    11   0
3    12   0
3    13   0
3    14   0
3    15   0
3    16   0
3    17   0
3    18   0
4    0    0
4    1    0
4    2    0
4    3    0
4    4    0
4    5    0
4    6    0
4    7    0
4    8    0
4    9    0
4    10   0
4    11   0
4    12   0
4    13   0
4    14   0
4    15   0
4    16   0.9975
4    17   0
4    18   0
5    0    0
5    1    0
5    2    0
5    3    0
5    4    0
5    5    0
5    6    0
5    7    0
5    8    0
5    9    0
5    10   0
5    11   0
5    12   0
5    13   0
5    14   0
5    15   0
5    16   0
5    17   0
5    18   0
6    0    0.972207
6    1    0
6    2    0
6    3    0
6    4    0
6    5    0.805923
6    6    0
6    7    0.904136
6    8    0.904269
6    9    0.957167
6    10   0.971156
6    11   0.985977
6    12   0.91143
6    13   0.814472
6    14   0
6    15   0.875226
6    16   0.722578
6    17   0
6    18   0
7    0    0.817084
7    1    0
7    2    0
7    3    0
7    4    0
7    5    0.67667
7    6    0
7    7    0.759132
7    8    0.763237
7    9    0.857705
7    10   0.816238
7    11   0.902084
7    12   0.764175
7    13   0.687445
7    14   0
7    15   0.738724
7    16   0
7    17   0
7    18   0
8    0    0
8    1    0
8    2    0
8    3    0
8    4    0
8    5    0
8    6    0
8    7    0
8    8    0
8    9    0
8    10   0
8    11   0.979546
8    12   0
8    13   0
8    14   0
8    15   0
8    16   0
8    17   0
8    18   0
9    0    0
9    1    0.828494
9    2    0
9    3    0
9    4    0
9    5    0
9    6    0
9    7    0
9    8    0
9    9    0
9    10   0
9    11   0.78809
9    12   0
9    13   0
9    14   0.905214
9    15   0
9    16   0
9    17   0
9    18   0
10   0    0.636107
10   1    0
10   2    0
10   3    0
10   4    0
10   5    0.526794
10   6    0
10   7    0.590991
10   8    0.594187
10   9    0.667732
10   10   0.635449
10   11   0.702281
10   12   0.594917
10   13   0.535182
10   14   0
10   15   0.575103
10   16   0
10   17   0
10   18   0
11   0    0.703877
11   1    0
11   2    0
11   3    0
11   4    0
11   5    0.582918
11   6    0
11   7    0.653954
11   8    0.657491
11   9    0.73887
11   10   0.703149
11   11   0.777101
11   12   0.658298
11   13   0.5922
11   14   0
11   15   0.636374
11   16   0
11   17   0
11   18   0
12   0    0.996671
12   1    0
12   2    0
12   3    0
12   4    0
12   5    0.836163
12   6    0
12   7    0.938061
12   8    0.899576
12   9    0.949088
12   10   0.995205
12   11   0.997771
12   12   0.901484
12   13   0.810245
12   14   0
12   15   0.870684
12   16   0
12   17   0
12   18   0
13   0    0
13   1    0
13   2    0
13   3    0
13   4    0
13   5    0
13   6    0
13   7    0
13   8    0
13   9    0
13   10   0
13   11   0.994005
13   12   0
13   13   0
13   14   0
13   15   0
13   16   0
13   17   0
13   18   0
14   0    0.7525
14   1    0
14   2    0
14   3    0
14   4    0
14   5    0.617313
14   6    0
14   7    0.692541
14   8    0.732608
14   9    0.740068
14   10   0.752068
14   11   0.858017
14   12   0.68568
14   13   0.659858
14   14   0
14   15   0.709078
14   16   0
14   17   0
14   18   0
15   0    0
15   1    0
15   2    0
15   3    0
15   4    0
15   5    0
15   6    0.865667
15   7    0
15   8    0
15   9    0
15   10   0
15   11   0
15   12   0
15   13   0
15   14   0
15   15   0
15   16   0.774834
15   17   0
15   18   0
16   0    0.906685
16   1    0
16   2    0
16   3    0
16   4    0
16   5    0.740166
16   6    0
16   7    0.830365
16   8    0.796299
16   9    0.840126
16   10   0.880949
16   11   0.90742
16   12   0.797988
16   13   0.717223
16   14   0
16   15   0.770723
16   16   0
16   17   0
16   18   0
17   0    0.959918
17   1    0
17   2    0
17   3    0
17   4    0
17   5    0.797266
17   6    0
17   7    0.894424
17   8    0.881147
17   9    0.93994
17   10   0.958756
17   11   0.993763
17   12   0.91367
17   13   0.793646
17   14   0
17   15   0.852847
17   16   0
17   17   0
17   18   0
