0    0    0.567282
0    1    0.25504
0    2    0.529816
0    3    0.508383
0    4    0.519238
0    5    0.49983
0    6    0
0    7    0.560741
0    8    0.559848
0    9    0.600576
0    10   0.611269
0    11   0.601414
0    12   0.514217
0    13   0.504253
0    14   0.522015
0    15   0.573692
0    16   0.612378
0    17   0
0    18   0
1    0    0
1    1    0
1    2    0
1    3    0
1    4    0
1    5    0
1    6    0
1    7    0
1    8    0
1    9    0
1    10   0
1    11   0
1    12   0
1    13   0
1    14   0
1    15   0
1    16   0
1    17   0
1    18   0
2    0    0
2    1    0
2    2    0
2    3    0
2    4    0
2    5    0
2    6    0
2    7    0
2    8    0
2    9    0
2    10   0
2    11   0
2    12   0
2    13   0
2    14   0
2    15   0
2    16   0
2    17   0
2    18   0
3    0    0
3    1    0
3    2    0
3    3    0
3    4    0
3    5    0
3    6    0
3    7    0
3    8    0
3    9    0
3    10   0
3    11   0
3    12   0
3    13   0
3    14   0
3    15   0
3    16   0
3    17   0
3    18   0
4    0    0
4    1    0
4    2    0
4    3    0
4    4    0
4    5    0
4    6    0
4    7    0
4    8    0
4    9    0
4    10   0
4    11   0
4    12   0
4    13   0
4    14   0
4    15   0
4    16   0
4    17   0
4    18   0
5    0    0
5    1    0
5    2    0
5    3    0
5    4    0
5    5    0
5    6    0
5    7    0
5    8    0
5    9    0
5    10   0
5    11   0
5    12   0
5    13   0
5    14   0
5    15   0
5    16   0
5    17   0
5    18   0
6    0    0
6    1    0
6    2    0
6    3    0
6    4    0
6    5    0
6    6    0
6    7    0
6    8    0
6    9    0
6    10   0
6    11   0
6    12   0
6    13   0
6    14   0
6    15   0
6    16   0
6    17   0
6    18   0
7    0    0.835509
7    1    0.375629
7    2    0.780328
7    3    0.74876
7    4    0.764748
7    5    0.736163
7    6    0
7    7    0.825875
7    8    0.82456
7    9    0.884545
7    10   0.900294
7    11   0.885779
7    12   0.757353
7    13   0.742678
7    14   0.768838
7    15   0.84495
7    16   0.901927
7    17   0
7    18   0
8    0    0
8    1    0
8    2    0
8    3    0
8    4    0
8    5    0
8    6    0
8    7    0
8    8    0
8    9    0.9985
8    10   0
8    11   0
8    12   0
8    13   0
8    14   0
8    15   0
8    16   0
8    17   0
8    18   0
9    0    0.576541
9    1    0.258542
9    2    0.537092
9    3    0.515365
9    4    0.527713
9    5    0.507988
9    6    0
9    7    0.569893
9    8    0.60758
9    9    0.616745
9    10   0.624817
9    11   0.616997
9    12   0.558059
9    13   0.547246
9    14   0.566521
9    15   0.622605
9    16   0.625832
9    17   0
9    18   0
10   0    0.489998
10   1    0.219733
10   2    0.456471
10   3    0.438004
10   4    0.448499
10   5    0.431735
10   6    0
10   7    0.484348
10   8    0.516378
10   9    0.524166
10   10   0.531027
10   11   0.524381
10   12   0.47429
10   13   0.4651
10   14   0.481482
10   15   0.529147
10   16   0.53189
10   17   0
10   18   0
11   0    0.668057
11   1    0.300346
11   2    0.623935
11   3    0.598694
11   4    0.611478
11   5    0.588622
11   6    0
11   7    0.660354
11   8    0.659302
11   9    0.707265
11   10   0.719858
11   11   0.708252
11   12   0.605565
11   13   0.593831
11   14   0.614748
11   15   0.675605
11   16   0.721164
11   17   0
11   18   0
12   0    0.909593
12   1    0.400797
12   2    0.832612
12   3    0.798929
12   4    0.868631
12   5    0.836163
12   6    0
12   7    0.938061
12   8    0.879808
12   9    0.975379
12   10   0.994805
12   11   0.945128
12   12   0.808098
12   13   0.792439
12   14   0.820352
12   15   0.901563
12   16   0.998435
12   17   0
12   18   0
13   0    0.892022
13   1    0.400015
13   2    0.830987
13   3    0.79737
13   4    0.816475
13   5    0.785957
13   6    0
13   7    0.881737
13   8    0.940046
13   9    0.954225
13   10   0.966714
13   11   0.954615
13   12   0.863426
13   13   0.846696
13   14   0.87652
13   15   0.963291
13   16   0.968285
13   17   0
13   18   0
14   0    0.560045
14   1    0.251786
14   2    0.523057
14   3    0.501897
14   4    0.512613
14   5    0.493453
14   6    0
14   7    0.553587
14   8    0.552706
14   9    0.592914
14   10   0.60347
14   11   0.593741
14   12   0.507657
14   13   0.49782
14   14   0.515355
14   15   0.566373
14   16   0.604565
14   17   0
14   18   0
15   0    0.81898
15   1    0.36761
15   2    0.763668
15   3    0.732775
15   4    0.77191
15   5    0.743058
15   6    0
15   7    0.83361
15   8    0.806956
15   9    0.870819
15   10   0.886251
15   11   0.866868
15   12   0.741184
15   13   0.726823
15   14   0.752424
15   15   0.82691
15   16   0.974899
15   17   0
15   18   0
16   0    0.9074
16   1    0.288699
16   2    0.59974
16   3    0.575479
16   4    0.589267
16   5    0.567241
16   6    0
16   7    0.636368
16   8    0.876592
16   9    0.864794
16   10   0.877947
16   11   0.864495
16   12   0.805145
16   13   0.789544
16   14   0.817354
16   15   0.898269
16   16   0.843482
16   17   0
16   18   0
17   0    0
17   1    0
17   2    0
17   3    0
17   4    0
17   5    0
17   6    0
17   7    0
17   8    0
17   9    0
17   10   0
17   11   0.999
17   12   0
17   13   0
17   14   0
17   15   0
17   16   0
17   17   0
17   18   0
