0    0    0.882328
0    1    0
0    2    0.652926
0    3    0.764011
0    4    0
0    5    0.718188
0    6    0
0    7    0.805709
0    8    0.936608
0    9    0.89328
0    10   0.952399
0    11   0.978952
0    12   0.89408
0    13   0.843599
0    14   0.919069
0    15   0
0    16   0
0    17   0.440516
0    18   0
1    0    0
1    1    0
1    2    0
1    3    0
1    4    0
1    5    0
1    6    0
1    7    0
1    8    0
1    9    0
1    10   0
1    11   0
1    12   0
1    13   0
1    14   0
1    15   0
1    16   0
1    17   0
1    18   0
2    0    0
2    1    0
2    2    0
2    3    0
2    4    0
2    5    0
2    6    0
2    7    0
2    8    0
2    9    0
2    10   0
2    11   0
2    12   0
2    13   0
2    14   0
2    15   0
2    16   0
2    17   0
2    18   0
3    0    0
3    1    0
3    2    0
3    3    0
3    4    0
3    5    0
3    6    0
3    7    0
3    8    0
3    9    0
3    10   0
3    11   0
3    12   0
3    13   0
3    14   0
3    15   0
3    16   0
3    17   0
3    18   0
4    0    0.690151
4    1    0
4    2    0.510714
4    3    0
4    4    0
4    5    0.561762
4    6    0
4    7    0.63022
4    8    0.732608
4    9    0.698717
4    10   0.74496
4    11   0.858457
4    12   0.699343
4    13   0.659858
4    14   0.71889
4    15   0
4    16   0
4    17   0.344569
4    18   0
5    0    0
5    1    0.848169
5    2    0
5    3    0
5    4    0
5    5    0
5    6    0
5    7    0
5    8    0
5    9    0.926712
5    10   0
5    11   0.806806
5    12   0
5    13   0
5    14   0
5    15   0
5    16   0
5    17   0
5    18   0
6    0    0.803349
6    1    0
6    2    0.59448
6    3    0
6    4    0
6    5    0.707689
6    6    0
6    7    0.793931
6    8    0.852769
6    9    0.858576
6    10   0.911452
6    11   0.918691
6    12   0.881009
6    13   0.768086
6    14   0.890469
6    15   0.986013
6    16   0.722578
6    17   0.401084
6    18   0
7    0    0.707717
7    1    0
7    2    0.797725
7    3    0
7    4    0
7    5    0.609238
7    6    0
7    7    0.683482
7    8    0.751254
7    9    0.857317
7    10   0.796058
7    11   0.910792
7    12   0.758447
7    13   0.676652
7    14   0.827941
7    15   0
7    16   0
7    17   0.353339
7    18   0
8    0    0
8    1    0
8    2    0
8    3    0
8    4    0
8    5    0
8    6    0
8    7    0
8    8    0
8    9    0
8    10   0
8    11   0.979546
8    12   0
8    13   0
8    14   0
8    15   0
8    16   0
8    17   0
8    18   0
9    0    0
9    1    0
9    2    0
9    3    0
9    4    0
9    5    0
9    6    0
9    7    0
9    8    0
9    9    0
9    10   0
9    11   0
9    12   0
9    13   0
9    14   0
9    15   0
9    16   0
9    17   0
9    18   0
10   0    0.550964
10   1    0
10   2    0.621036
10   3    0
10   4    0
10   5    0.474298
10   6    0
10   7    0.532097
10   8    0.584859
10   9    0.66743
10   10   0.619739
10   11   0.70906
10   12   0.590458
10   13   0.52678
10   14   0.64456
10   15   0
10   16   0
10   17   0.275077
10   18   0
11   0    0.676645
11   1    0
11   2    0.500719
11   3    0
11   4    0
11   5    0.596073
11   6    0
11   7    0.668712
11   8    0.718271
11   9    0.723162
11   10   0.767699
11   11   0.773795
11   12   0.742057
11   13   0.646944
11   14   0.750025
11   15   0
11   16   0
11   17   0.337826
11   18   0
12   0    0.865119
12   1    0
12   2    0.64019
12   3    0
12   4    0
12   5    0.836163
12   6    0
12   7    0.938061
12   8    0.918339
12   9    0.909187
12   10   0.995584
12   11   0.997965
12   12   0.920318
12   13   0.827145
12   14   0.940483
12   15   0
12   16   0
12   17   0.431924
12   18   0
13   0    0.977099
13   1    0
13   2    0
13   3    0
13   4    0
13   5    0
13   6    0
13   7    0
13   8    0
13   9    0.883062
13   10   0
13   11   0.857826
13   12   0
13   13   0
13   14   0
13   15   0
13   16   0
13   17   0.487832
13   18   0
14   0    0
14   1    0
14   2    0
14   3    0
14   4    0
14   5    0
14   6    0
14   7    0
14   8    0
14   9    0
14   10   0
14   11   0
14   12   0
14   13   0
14   14   0
14   15   0
14   16   0.9975
14   17   0
14   18   0
15   0    0
15   1    0
15   2    0
15   3    0
15   4    0
15   5    0
15   6    0.865667
15   7    0
15   8    0
15   9    0
15   10   0
15   11   0
15   12   0
15   13   0
15   14   0
15   15   0
15   16   0.774834
15   17   0
15   18   0
16   0    0
16   1    0
16   2    0
16   3    0
16   4    0
16   5    0
16   6    0
16   7    0
16   8    0
16   9    0
16   10   0
16   11   0.978075
16   12   0
16   13   0
16   14   0
16   15   0
16   16   0
16   17   0
16   18   0
17   0    0.83313
17   1    0
17   2    0.616519
17   3    0
17   4    0
17   5    0.733924
17   6    0
17   7    0.823363
17   8    0.884383
17   9    0.890405
17   10   0.945241
17   11   0.952748
17   12   0.91367
17   13   0.796561
17   14   0.92348
17   15   0
17   16   0
17   17   0.415953
17   18   0
