#s   t    P_ref      d=0.05                d=0.1                 d=0.15                d=0.2                 d=0.25                d=0.3                 d=0.35                d=0.4                 d=0.45                d=0.5                 
0    1    0.361584   -0.0003890000000000282-0.10141100000000003  -0.10654400000000003  -0.10654400000000003  0.021695999999999993  0.42459800000000003   -0.361584             -0.361584             -0.001939000000000024 -0.10214000000000001  
0    2    0.75115    -0.0008070000000000022-0.21067000000000002  -0.22133400000000003  -0.22133400000000003  -0.75115              -0.75115              -0.09822399999999998  -0.245305             -0.75115              -0.212183             
0    3    0.720763   -0.0007750000000000812-0.20214700000000008  -0.21238              -0.21238              0.04324799999999995   0.04324799999999995   0.04324799999999995   -0.23538200000000004  -0.0038650000000000073-0.720763             
0    9    0.873136   0.00021700000000002273-0.24332700000000007  -0.27256              -0.3710490000000001   -0.21198400000000006  0.10019499999999992   0.02014399999999994   -0.22786000000000006  -0.0020940000000000403-0.245846             
0    11   0.75902    -0.0008160000000000389-0.21287699999999998  -0.15760600000000002  -0.261396             -0.011178000000000021 0.22305599999999992   0.21993200000000002   -0.11500500000000002  -0.004070000000000018 -0.21440599999999999  
0    16   0.833621   -0.18408099999999994  -0.833621             -0.22124299999999997  -0.2392399999999999   -0.015284999999999993 -0.833621             -0.833621             -0.191789             -0.03971899999999995  -0.34083899999999995  
7    0    0.854848   -0.0008600000000000829-0.0008720000000000949-0.019339000000000106 -0.854848             -0.061059000000000085 -0.03776400000000002  -0.147131             -0.854848             0.024229999999999974  0.047493999999999925  
7    1    0.383354   -0.007057999999999953 -0.0006409999999999472-0.007724999999999982 -0.007724999999999982 -0.007724999999999982 -0.383354             -0.383354             -0.383354             0.00019400000000002748-0.006659999999999999 
7    2    0.796375   -0.014663000000000093 -0.0013319999999999999-0.016047000000000033 -0.016047000000000033 -0.796375             -0.796375             0.0013499999999999623 -0.796375             -0.796375             -0.013835000000000042 
7    3    0.764159   -0.014070000000000027 -0.0012790000000000301-0.015399000000000052 -0.015399000000000052 -0.015399000000000052 -0.764159             -0.764159             -0.764159             0.00038599999999999746-0.764159             
7    4    0.782449   0.02437200000000006   0.024408000000000096  -0.017700999999999967 -0.07885699999999995  -0.08336099999999991  -0.782449             -0.782449             0.024927000000000032  -0.782449             0.0008690000000000087 
7    5    0.753203   0.023461000000000065  0.023496000000000072  -0.017039999999999944 -0.07590999999999992  -0.08024599999999993  -0.07653299999999996  -0.143965             0.0239950000000001    -0.753203             0.0008370000000000877 
7    6    0.897634   0.027959999999999985  0.02800199999999997   -0.897634             -0.897634             -0.897634             -0.897634             -0.897634             0.028596999999999984  -0.06341200000000002  0.0009969999999999146 
7    7    0.844991   0.0263199999999999    0.02635899999999991   -0.019116000000000022 -0.08516000000000001  -0.09002500000000002  -0.08585900000000002  -0.161509             0.026919999999999944  -0.844991             0.0009389999999999121 
7    8    0.894751   -0.894751             -0.894751             -0.070191             -0.070191             -0.894751             -0.1315139999999999   -0.14349699999999999  -0.894751             -0.894751             -0.23829199999999995  
7    9    0.928557   -0.0027880000000000127-0.0010049999999999226-0.04401199999999994  -0.18906899999999993  -0.928557             -0.07085199999999992  -0.07123999999999997  -0.027183999999999986 -0.0010759999999999659-0.0025809999999999444
7    10   0.923049   -0.015549000000000035 -0.015508999999999995 -0.02275499999999997  -0.03409300000000004  -0.13672600000000001  -0.10681099999999999  -0.12699099999999997  -0.014924999999999966 -0.028308             -0.923049             
7    11   0.911413   -0.12151              -0.10804000000000002  -0.025634000000000046 -0.17849900000000007  -0.17849900000000007  -0.009329000000000032 -0.0006209999999999827-0.14763900000000008  -0.10628700000000002  -0.12067499999999998  
7    12   0.821823   -0.821823             -0.821823             -0.06446999999999992  -0.06446999999999992  -0.821823             -0.05764799999999992  -0.06337599999999999  -0.821823             -0.019204             -0.821823             
7    13   0.805899   -0.805899             -0.805899             -0.06322100000000008  -0.06322100000000008  -0.805899             -0.11845400000000006  -0.129247             -0.127513             -0.01883200000000007  -0.805899             
7    14   0.834285   -0.834285             -0.834285             -0.06544700000000003  -0.06544700000000003  -0.834285             -0.834285             -0.006344000000000016 -0.834285             -0.01949500000000004  -0.834285             
7    15   0.916876   -0.916876             -0.916876             -0.07192600000000005  -0.07192600000000005  -0.916876             -0.17815199999999998  -0.916876             -0.916876             -0.025676000000000032 -0.007709000000000077 
7    16   0.924806   -0.24811099999999997  -0.253772             -0.022878999999999983 -0.04938600000000004  -0.12280500000000005  -0.924806             -0.924806             -0.07637300000000002  -0.008601999999999999 -0.19230000000000003  
8    0    0.962601   -0.04611500000000002  -0.04611500000000002  -0.962601             -0.962601             -0.962601             -0.962601             -0.962601             -0.17091600000000007  -0.021930000000000005 -0.10731100000000005  
8    1    0.334313   0.07680199999999998   0.07680199999999998   -0.334313             -0.334313             -0.334313             -0.334313             -0.334313             -0.334313             0.05677899999999997   -0.002944000000000002 
8    2    0.694498   0.15954800000000002   0.15954800000000002   -0.694498             -0.694498             -0.694498             -0.694498             -0.694498             -0.694498             -0.694498             -0.006115999999999899 
8    3    0.666402   0.15309499999999998   0.15309499999999998   -0.666402             -0.666402             -0.666402             -0.666402             -0.666402             -0.666402             0.11318099999999998   -0.666402             
8    4    0.682353   0.18327300000000002   0.18327300000000002   -0.682353             -0.682353             -0.682353             -0.682353             -0.682353             -0.05875799999999998  0.06769700000000001   -0.682353             
8    5    0.656848   0.176423              0.176423              -0.656848             -0.656848             -0.656848             -0.656848             -0.656848             -0.05656099999999997  -0.656848             -0.656848             
8    6    0.782803   0.210252              0.210252              -0.782803             -0.782803             -0.782803             -0.782803             -0.782803             -0.06740800000000002  0.05277100000000001   -0.782803             
8    7    0.736894   0.19792199999999993   0.19792199999999993   -0.736894             -0.736894             -0.736894             -0.736894             -0.736894             -0.06345400000000001  -0.736894             -0.736894             
8    8    0.832009   -0.832009             -0.832009             -0.832009             -0.832009             -0.832009             -0.832009             -0.832009             -0.034150000000000014 -0.832009             -0.254537             
8    9    0.950569   0.044942999999999955  0.044942999999999955  0.04793100000000006   0.04793100000000006   0.04793100000000006   -0.950569             -0.950569             -0.11972000000000005  -0.004353000000000051 0.016978999999999966  
8    10   0.944197   0.029445000000000054  0.029445000000000054  -0.944197             -0.944197             -0.944197             -0.944197             -0.944197             -0.13435799999999998  -0.055365             -0.944197             
8    11   0.922618   -0.05962400000000001  -0.05962400000000001  -0.922618             -0.922618             -0.922618             0.05692799999999998   0.05692799999999998   0.037740999999999914  -0.009173000000000098 -0.22702300000000009  
8    12   0.764195   -0.764195             -0.764195             -0.764195             -0.764195             -0.764195             -0.764195             -0.764195             -0.031366000000000005 0.029882000000000075  -0.764195             
8    13   0.749387   -0.749387             -0.749387             -0.749387             -0.749387             -0.749387             -0.749387             -0.749387             -0.749387             0.029302999999999968  -0.749387             
8    14   0.775783   -0.775783             -0.775783             -0.775783             -0.775783             -0.775783             -0.775783             -0.775783             -0.03184100000000001  0.030335              -0.775783             
8    15   0.852582   -0.852582             -0.852582             -0.852582             -0.852582             -0.852582             -0.852582             -0.852582             -0.08034799999999997  0.030898000000000092  0.143386              
8    16   0.950799   -0.21148699999999998  -0.3332609999999999   -0.950799             -0.950799             -0.950799             -0.950799             -0.950799             -0.362262             -0.0013859999999999983-0.2839729999999999   
8    17   0.810865   -0.810865             -0.810865             -0.810865             -0.810865             -0.810865             -0.810865             -0.810865             -0.810865             -0.02345699999999995  0.0                   
9    8    0.607734   0.0                   0.0                   -0.00015399999999998748-0.03719300000000003  -0.607734             -0.607734             -0.607734             -0.02665099999999998  -0.607734             0.02706200000000003   
9    9    0.545033   0.0                   0.0                   0.071712              -0.03335599999999994  -0.545033             -0.545033             -0.545033             0.06007700000000005   0.448697              0.359718              
9    10   0.558357   0.0                   0.0                   0.06645999999999996   0.05699500000000002   0.23051900000000003   -0.558357             -0.558357             0.03145100000000001   0.21845899999999996   -0.558357             
9    11   0.543152   0.0                   0.0                   0.07384500000000005   -0.036023999999999945 0.244938              0.244938              -0.543152             -0.023818999999999924 0.31964400000000004   0.22149300000000005   
9    12   0.5582     0.0                   0.0                   -0.00014100000000005775-0.034162000000000026 -0.5582               -0.5582               -0.5582               -0.02447900000000003  0.11353400000000002   -0.5582               
9    13   0.547384   0.0                   0.0                   -0.00013799999999997148-0.033499999999999974 -0.547384             -0.547384             -0.547384             -0.547384             0.11133400000000004   -0.547384             
9    14   0.566665   0.0                   0.0                   -0.00014399999999992197-0.03467999999999993  -0.566665             0.338549              -0.566665             -0.024849999999999928 0.115255              -0.566665             
9    15   0.622762   0.0                   0.0                   -0.00015700000000007375-0.038113000000000063 -0.622762             -0.622762             -0.622762             -0.06034200000000001  0.13677699999999993   0.25640399999999997   
9    16   0.57708    0.0                   -0.128788             0.04875200000000002   0.028927999999999954  0.22752499999999998   -0.57708              -0.57708              -0.14844700000000005  0.33023199999999997   0.13125399999999998   
10   8    0.516509   0.0                   0.0                   -0.000130999999999992230.387255              -0.516509             0.07767800000000002   0.06835000000000002   -0.022650999999999977 -0.516509             -0.516509             
10   9    0.463219   0.0                   0.0                   0.06094700000000003   0.347301              -0.463219             0.204513              0.20421099999999998   0.05105900000000002   0.434702              -0.463219             
10   10   0.474543   0.0                   0.0                   0.056484000000000034  0.499802              0.387311              0.16090600000000005   0.14519600000000005   0.026729999999999976  0.227377              0.503457              
10   11   0.46162    0.0                   0.0                   0.06276100000000001   0.341694              0.341694              0.24066100000000007   0.24744000000000005   -0.020242999999999955 0.3179910000000001    -0.46162              
10   12   0.47441    0.0                   0.0                   -0.000120000000000008990.355691              -0.47441              0.12050700000000003   0.11604800000000004   -0.02080399999999999  0.13256               -0.47441              
10   13   0.465217   0.0                   0.0                   -0.000116999999999978230.3488                -0.465217             0.06996500000000005   0.061563000000000034  -0.465217             0.129992              -0.465217             
10   14   0.481604   0.0                   0.0                   -0.000121999999999955480.36108500000000004   -0.481604             -0.481604             0.16295600000000005   -0.021119999999999972 0.13457000000000002   -0.481604             
10   15   0.529281   0.0                   0.0                   -0.000133999999999967480.39683100000000004   -0.529281             0.04582200000000003   -0.529281             -0.051283999999999996 0.15702799999999995   -0.529281             
10   16   0.490456   0.0                   -0.109456             0.04143399999999997   0.46905299999999994   0.388582              -0.490456             -0.490456             -0.126164             0.32937799999999995   -0.490456             
11   0    0.796799   -0.06104900000000002  -0.06104900000000002  -0.12874200000000002  -0.796799             -0.16527400000000003  -0.09292200000000006  -0.12015399999999998  -0.796799             -0.0019780000000000353-0.796799             
11   8    0.770837   -0.770837             -0.770837             -0.11153499999999994  -0.11153499999999994  -0.770837             -0.11334599999999995  -0.052566             -0.770837             -0.770837             -0.770837             
11   9    0.691308   0.10563699999999998   0.10563699999999998   0.015957              -0.100028             -0.691308             0.04756199999999999   0.03185399999999994   -0.04592700000000005  0.10755199999999998   -0.691308             
11   10   0.708207   0.07280999999999993   0.07280999999999993   0.011650999999999967  0.0025849999999999485 -0.08262200000000008  -0.005058000000000007 0.05949199999999999   -0.708207             0.054974999999999996  -0.708207             
11   11   0.688922   -0.008384000000000058 -0.008384000000000058 0.01932999999999996   -0.10289800000000004  -0.10582800000000003  0.08817900000000001   0.08487299999999998   -0.07158000000000009  0.09040499999999996   0.11107800000000001   
11   12   0.708009   -0.708009             -0.708009             -0.10244399999999998  -0.10244399999999998  -0.708009             -0.04971099999999995  0.03404799999999997   -0.708009             -0.02445799999999998  -0.708009             
11   13   0.69429    -0.69429              -0.69429              -0.10045899999999996  -0.10045899999999996  -0.69429              -0.10209000000000001  -0.047346             -0.05659099999999995  -0.023984000000000005 -0.69429              
11   14   0.718745   -0.718745             -0.718745             -0.103997             -0.103997             -0.718745             -0.718745             0.031280000000000086  -0.718745             -0.02482899999999999  -0.718745             
11   15   0.789898   -0.789898             -0.789898             -0.11429299999999998  -0.11429299999999998  -0.789898             -0.153524             -0.789898             -0.789898             -0.030332999999999943 -0.789898             
11   16   0.731955   -0.14895100000000006  -0.731955             -0.010790999999999995 -0.03198600000000007  -0.09389700000000001  -0.731955             -0.731955             -0.09259499999999998  0.033406999999999965  -0.731955             
11   17   0.751248   -0.751248             -0.751248             -0.751248             -0.751248             -0.751248             -0.751248             -0.413422             0.0                   -0.07858799999999999  -0.751248             
13   18   0.903917   0.0                   -0.903917             -0.903917             -0.903917             -0.903917             -0.903917             -0.903917             0.0                   -0.903917             0.0                   
14   1    0.257371   -0.0002770000000000272-0.0005169999999999897-0.005585000000000007 -0.005585000000000007 -0.005585000000000007 -0.257371             -0.257371             -0.257371             -0.0019950000000000245-0.0012370000000000436
14   2    0.534659   -0.0005739999999999634-0.0010740000000000194-0.011602000000000001 -0.011602000000000001 -0.534659             -0.534659             -0.534659             -0.05787999999999999  -0.534659             -0.0025690000000000435
14   3    0.51303    -0.0005509999999999682-0.0010310000000000041-0.011132999999999948 -0.011132999999999948 -0.011132999999999948 -0.51303              -0.51303              -0.055537999999999976 -0.003977000000000008 -0.51303              
14   9    0.621487   0.000155000000000016240.00028600000000000847-0.02857299999999996  -0.125805             -0.621487             0.11858099999999994   -0.621487             -0.013287999999999967 -1.7000000000044757e-05-0.0021999999999999797
14   11   0.540261   -0.0005800000000000249-0.00108600000000003140.05347999999999997   -0.048985999999999974 -0.048985999999999974 0.31775600000000004   -0.540261             0.06674999999999998   -0.0041879999999999695-0.0025960000000000427
14   16   0.593361   -0.13102600000000003  -0.593361             0.011203999999999992  -0.006564000000000014 -0.055777000000000077 -0.593361             0.404139              0.011591999999999936  -0.029629000000000016 -0.10686600000000002  
15   0    0.819341   0.0                   -0.009475000000000011 -0.0003609999999999447-0.819341             -0.04319700000000004  -0.819341             -0.819341             -0.819341             0.07617399999999996   0.04547800000000002   
15   1    0.367431   -0.006402000000000019 0.000178999999999984730.00017899999999998473-0.00015199999999998548-0.00015199999999998548-0.367431             -0.367431             -0.367431             0.035412              -0.006402000000000019 
15   2    0.763297   -0.01329899999999995  0.0003710000000000102 0.0003710000000000102 -0.0003149999999999542-0.763297             -0.763297             -0.763297             -0.763297             -0.763297             -0.01329899999999995  
15   3    0.732418   -0.012759999999999994 0.0003569999999999407 0.0003569999999999407 -0.00030200000000002447-0.00030200000000002447-0.732418             -0.732418             -0.732418             0.07058799999999998   -0.732418             
15   4    0.749949   0.023312              0.023446000000000078  0.02196100000000001   -0.06199699999999997  -0.06640099999999993  -0.749949             -0.749949             -0.03374599999999994  -0.749949             -0.749949             
15   5    0.721918   0.022440000000000015  0.02256900000000006   0.021140000000000048  -0.059679999999999955 -0.06391999999999998  -0.721918             -0.721918             -0.032484999999999986 -0.721918             -0.721918             
15   6    0.86035    0.026743000000000072  0.02689700000000006   -0.86035              -0.86035              -0.86035              0.005317000000000016  0.005317000000000016  -0.038713999999999915 -0.0985879999999999   -0.86035              
15   7    0.809893   0.02517500000000006   0.02532000000000001   0.023716999999999988  -0.06695200000000001  -0.07170900000000002  -0.809893             -0.809893             -0.036443             -0.809893             -0.809893             
15   9    0.889616   -0.00212699999999999  6.000000000061512e-06 -0.018796999999999953 -0.166566             -0.889616             -0.889616             -0.889616             -0.034551             0.08506100000000005   -0.017819999999999947 
15   10   0.843531   0.02622000000000002   0.026370999999999922  0.04271999999999998   0.02566400000000002   -0.07468700000000006  -0.843531             -0.843531             -0.03795700000000002  -0.08217200000000002  -0.843531             
15   11   0.771294   -0.013438000000000061 0.0003750000000000142 0.09557399999999994   -0.054672000000000054 -0.054672000000000054 -0.771294             -0.771294             0.0012209999999999166 0.07433499999999993   -0.013438000000000061 
15   16   0.847102   -0.19786000000000004  -0.072268             0.12779699999999994   0.12037599999999993   0.10430099999999998   -0.072268             -0.072268             0.011039999999999939  0.04215599999999997   -0.145057             
16   0    0.836692   0.06942499999999996   0.06942499999999996   0.070708              0.06942499999999996   0.07120099999999996   0.06999299999999997   -0.836692             -0.836692             -0.14622899999999994  0.05275200000000002   
16   1    0.375212   -0.375212             -0.375212             -0.086513             0.000282000000000004470.00019000000000002348-0.375212             -0.375212             -0.375212             0.0                   -0.00390299999999999  
16   2    0.779461   -0.779461             -0.779461             -0.1797209999999999   0.0005850000000000577 -0.779461             -0.779461             -0.779461             -0.779461             -0.779461             -0.008108000000000004 
16   3    0.747928   -0.747928             -0.747928             -0.17244900000000007  0.0005619999999999514 0.0003790000000000182 -0.747928             -0.747928             -0.747928             0.0                   -0.747928             
16   4    0.76583    -0.76583              -0.76583              -0.17656300000000003  0.022004000000000024  0.02190099999999995   -0.76583              -0.76583              -0.034460999999999964 -0.76583              0.03889200000000004   
16   5    0.737205   -0.737205             -0.737205             -0.169964             0.021181000000000005  0.021082000000000045  0.0029609999999999914 -0.737205             -0.03317300000000001  -0.737205             0.03743799999999997   
16   6    0.878569   -0.878569             -0.878569             -0.878569             -0.878569             -0.878569             -0.878569             -0.878569             -0.03953400000000007  -0.1690560000000001   0.04461699999999991   
16   7    0.827044   -0.827044             -0.827044             -0.19067599999999996  0.02376199999999995   0.023650999999999978  0.0033210000000000184 -0.827044             -0.037215             -0.827044             0.04200000000000004   
16   9    0.908455   -0.12230300000000005  -0.12230300000000005  -0.04366100000000006  -0.15834499999999996  -0.210677             -0.06832899999999997  -0.908455             -0.035283000000000064 -0.00130099999999999660.01379600000000003   
16   10   0.861394   -0.056023000000000045 -0.056023000000000045 0.01655300000000004   0.04389799999999999   0.04258200000000001   0.01955499999999999   -0.861394             -0.038761000000000045 -0.15225699999999998  -0.861394             
16   11   0.787627   -0.0041879999999999695-0.00418799999999996950.07686800000000005   -0.05497699999999994  -0.05515700000000001  0.11979300000000004   0.19044800000000006   0.0012469999999999981 0.0                   -0.008191999999999977 
16   16   0.86504    -0.032663             -0.218426             -0.021558000000000077 0.042675999999999936  0.03865299999999994   -0.86504              -0.86504              0.011274000000000006  -0.036775             -0.14300500000000005  
17   0    0.887466   0.0                   0.0                   -0.887466             -0.887466             -0.010812999999999962 0.07245200000000007   -0.05433599999999994  -0.887466             -0.15510199999999996  0.04925900000000005   
17   1    0.397981   -0.006932999999999967 -0.006932999999999967 -0.397981             -0.04088599999999998  0.013006000000000018  -0.397981             -0.397981             -0.397981             0.0                   -0.006932999999999967 
17   2    0.826762   -0.014405000000000001 -0.014405000000000001 -0.826762             -0.08493700000000004  -0.826762             -0.826762             -0.21024299999999996  -0.826762             -0.826762             -0.014405000000000001 
17   3    0.793316   -0.013822000000000001 -0.013822000000000001 -0.793316             -0.08150000000000002  0.025923999999999947  -0.793316             -0.793316             -0.793316             0.0                   -0.793316             
17   4    0.812304   0.025249999999999995  0.025249999999999995  -0.812304             -0.04016300000000006  -0.040239000000000025 -0.812304             -0.812304             -0.03655200000000003  -0.812304             -0.812304             
17   5    0.781942   0.02430599999999994   0.02430599999999994   -0.781942             -0.038661999999999974 -0.038735000000000075 0.015324000000000004  -0.048018000000000005 -0.03518600000000005  -0.781942             -0.781942             
17   6    0.931885   0.028966000000000047  0.028966000000000047  -0.931885             -0.931885             -0.931885             -0.931885             -0.931885             -0.041933             -0.179315             -0.931885             
17   7    0.877233   0.02726799999999996   0.02726799999999996   -0.877233             -0.043374000000000024 -0.04345600000000005  0.017190999999999956  -0.053870000000000084 -0.03947400000000001  -0.877233             -0.877233             
17   9    0.963584   -0.0023039999999999727-0.0023039999999999727-0.963584             -0.260583             -0.963584             -0.023644             -0.073179             -0.03742400000000001  -0.0013800000000000479-0.019301000000000013 
17   10   0.913667   0.02840100000000001   0.02840100000000001   -0.913667             0.04738299999999995   -0.04525999999999997  0.045089000000000046  0.03157399999999999   -0.041112999999999955 -0.16149599999999997  -0.913667             
17   11   0.835424   -0.014555000000000096 -0.014555000000000096 0.16357599999999994   -0.13867300000000005  -0.03352200000000005  0.1583389999999999    0.11732399999999998   0.0013219999999999343 0.0                   -0.014555000000000096 
17   16   0.917535   -0.21431100000000003  -0.917535             -0.917535             0.03321300000000005   -0.03181299999999998  -0.917535             -0.917535             0.011958000000000024  -0.039007000000000014 -0.15711799999999998  
