231       0.999988
21105     0.999383
6003      0.998291
22193     0.996818
5664      0.99583
22086     0.99583
10804     0.993904
11167     0.992607
10782     0.992607
3713      0.99189
8101      0.991681
16233     0.988252
4594      0.986363
4128      0.985129
4073      0.978181
182       0.972407
4476      0.972407
5743      0.95865
4574      0.957604
31298     0.95569
66        0.95337
12647     0.952056
318       0.94
7797      0.936698
20960     0.936038
18042     0.926013
28570     0.925716
15311     0.918361
2824      0.918361
5256      0.910874
720       0.906688
27160     0.905229
25724     0.895839
1458      0.895839
2802      0.850558
9437      0.836484
20961     0.830872
15646     0.797915
1502      0.789116
8330      0.767285
15645     0.757719
5801      0.753288
31230     0.742629
26665     0.740572
27067     0.740572
5831      0.739942
2920      0.739942
23799     0.739942
25261     0.736709
309       0.736709
13279     0.736709
26577     0.731992
33290     0.639469
19961     0.639469
26934     0.639469
33899     0.632728
14411     0.632728
20133     0.632728
27048     0.632728
1292      0.590897
10975     0.544144
6716      0.534765
4461      0.534765
2196      0.461807
1685      0.461807
990       0.452314
5391      0.440675
3409      0.440675
22310     0.397475
22312     0.397475
1670      0.392646
1386      0.392646
14874     0.392646
25184     0.392646
4567      0.388851
3709      0.388851
4530      0.375648
22081     0.33066
10898     0.330622
20557     0.33034
3327      0.33034
5509      0.328897
10551     0.328897
22074     0.328897
20032     0.281594
26578     0.281594
22793     0.281594
146       0.267898
3772      0
27259     0
27403     0
2839      0
6229      0
28489     0
3925      0
14238     0
15573     0
23829     0
21299     0
287       0
4165      0
6037      0
6729      0
6584      0
21457     0
6464      0
7069      0
4889      0
6098      0
11166     0
6319      0
2193      0
5898      0
16352     0
1344      0
6730      0
5683      0
20092     0
7701      0
7801      0
6592      0
28575     0
27763     0
21407     0
4868      0
27071     0
20974     0
108       0
22184     0
6480      0
14261     0
5703      0
15111     0
6671      0
10501     0
1164      0
6654      0
25458     0
16353     0
5259      0
2939      0
15604     0
30659     0
604       0
31146     0
22196     0
2806      0
22195     0
18701     0
4575      0
16893     0
11472     0
27158     0
14245     0
8574      0
6728      0
23949     0
2513      0
21003     0
5899      0
8982      0
20604     0
