6003      Modified graph size: 14 nodes, 27 edges

Found 32 paths
231       1
5664      0.999999
22086     0.999999
10804     0.999999
21105     0.999998
66        0.999998
6729      0.999962
20961     0.999952
25633     0.999915
31298     0.999886
8101      0.999886
18042     0.999879
15311     0.999875
11167     0.999871
10782     0.999871
27067     0.99977
14874     0.999489
990       0.999335
16233     0.999203
12647     0.999201
3934      0.998979
2939      0.998962
20012     0.998691
4073      0.99824
10898     0.99756
7701      0.990816
977       0.988511
5743      0.988204
2920      0.985019
27160     0.968167
23949     0.966884
27048     0.966884
4575      0.963769
33899     0.961893
14411     0.961893
16353     0.958752
22312     0.957772
33290     0.950044
10975     0.933928
6730      0.933619
25184     0.91765
26577     0.913804
4128      0.88961
3935      0.881037
6728      0.87369
28570     0.872713
25724     0.872713
8330      0.835835
14251     0.834999
14372     0.818641
6220      0.816426
8349      0.779617
14238     0.753832
6105      0.753832
16893     0.74542
26578     0.738771
10798     0
20604     0
1028      0
30843     0
26988     0
20031     0
