0    0    0.63266
0    1    0.716763
0    2    0
0    3    0.825419
0    4    0.812286
0    5    0.697969
0    6    0.556354
0    7    0.760733
0    8    0.580891
0    9    0.760733
0    10   0.825419
0    11   0.661439
0    12   0.620049
0    13   0.671474
0    14   0.630732
0    15   0.670909
0    16   0.626585
1    0    0.672806
1    1    0.762245
1    2    0
1    3    0.877797
1    4    0.863831
1    5    0.74226
1    6    0.591658
1    7    0.809006
1    8    0.617752
1    9    0.809006
1    10   0.877797
1    11   0.703411
1    12   0.659395
1    13   0.714083
1    14   0.670756
1    15   0.713482
1    16   0.666345
2    0    0
2    1    0
2    2    0
2    3    0
2    4    0
2    5    0
2    6    0
2    7    0
2    8    0
2    9    0
2    10   0
2    11   0
2    12   0
2    13   0
2    14   0
2    15   0
2    16   0
3    0    0.639822
3    1    0.724877
3    2    0
3    3    0.97878
3    4    0.821483
3    5    0.705871
3    6    0.562653
3    7    0.769345
3    8    0.587467
3    9    0.769345
3    10   0.97878
3    11   0.668927
3    12   0.627069
3    13   0.679076
3    14   0.637873
3    15   0.678504
3    16   0.633678
4    0    0.678335
4    1    0.768509
4    2    0
4    3    0.973436
4    4    0.870929
4    5    0.748359
4    6    0.59652
4    7    0.815654
4    8    0.622828
4    9    0.815654
4    10   0.973436
4    11   0.709191
4    12   0.664813
4    13   0.719951
4    14   0.676268
4    15   0.719345
4    16   0.671821
5    0    0.67442
5    1    0.764075
5    2    0
5    3    0.981913
5    4    0.865904
5    5    0.744041
5    6    0.593078
5    7    0.810947
5    8    0.619234
5    9    0.810947
5    10   0.981913
5    11   0.705099
5    12   0.660977
5    13   0.715797
5    14   0.672365
5    15   0.715194
5    16   0.667944
6    0    0
6    1    0
6    2    0
6    3    0.771791
6    4    0
6    5    0
6    6    0
6    7    0.574279
6    8    0.598585
6    9    0.574279
6    10   0.771791
6    11   0.77305
6    12   0.724676
6    13   0.784779
6    14   0.737162
6    15   0.784119
6    16   0.732315
7    0    0
7    1    0
7    2    0
7    3    0.865185
7    4    0
7    5    0
7    6    0
7    7    0.557454
7    8    0.581048
7    9    0.557454
7    10   0.865185
7    11   0.750402
7    12   0.703445
7    13   0.761788
7    14   0.715565
7    15   0.761146
7    16   0.71086
8    0    0
8    1    0
8    2    0
8    3    0.827535
8    4    0
8    5    0
8    6    0
8    7    0
8    8    0
8    9    0
8    10   0.827535
8    11   0
8    12   0
8    13   0
8    14   0
8    15   0
8    16   0
9    0    0
9    1    0
9    2    0.900732
9    3    0.867313
9    4    0
9    5    0.882087
9    6    0
9    7    0
9    8    0
9    9    0
9    10   0.867313
9    11   0
9    12   0
9    13   0
9    14   0
9    15   0
9    16   0
