0    0    0.618701
0    1    0.6327
0    2    0
0    3    0.711068
0    4    0.529632
0    5    0.49203
0    6    0.280398
0    7    0.486986
0    8    0.372727
0    9    0.486986
0    10   0.711068
0    11   0.464522
0    12   0.505799
0    13   0.464628
0    14   0.482898
0    15   0.476035
0    16   0.531918
1    0    0.668918
1    1    0.684053
1    2    0
1    3    0.768782
1    4    0.572619
1    5    0.531965
1    6    0.303156
1    7    0.526512
1    8    0.40298
1    9    0.526512
1    10   0.768782
1    11   0.502225
1    12   0.546852
1    13   0.502339
1    14   0.522092
1    15   0.514672
1    16   0.575092
2    0    0
2    1    0
2    2    0
2    3    0
2    4    0
2    5    0
2    6    0
2    7    0
2    8    0
2    9    0
2    10   0
2    11   0
2    12   0
2    13   0
2    14   0
2    15   0
2    16   0
3    0    0.629037
3    1    0.64327
3    2    0
3    3    0.934717
3    4    0.53848
3    5    0.500249
3    6    0.285082
3    7    0.495121
3    8    0.378954
3    9    0.495121
3    10   0.934717
3    11   0.472282
3    12   0.514249
3    13   0.47239
3    14   0.490965
3    15   0.483988
3    16   0.540804
4    0    0.681982
4    1    0.697413
4    2    0
4    3    0.947988
4    4    0.583803
4    5    0.542355
4    6    0.309077
4    7    0.536796
4    8    0.41085
4    9    0.536796
4    10   0.947988
4    11   0.512034
4    12   0.557533
4    13   0.51215
4    14   0.53229
4    15   0.524725
4    16   0.586324
5    0    0.741696
5    1    0.758478
5    2    0
5    3    0.964737
5    4    0.63492
5    5    0.589843
5    6    0.336139
5    7    0.583797
5    8    0.446824
5    9    0.583797
5    10   0.964737
5    11   0.556867
5    12   0.60635
5    13   0.556994
5    14   0.578896
5    15   0.570669
5    16   0.637661
6    0    0
6    1    0
6    2    0
6    3    0.742506
6    4    0
6    5    0
6    6    0
6    7    0.389066
6    8    0.451229
6    9    0.389066
6    10   0.742506
6    11   0.715721
6    12   0.779319
6    13   0.715884
6    14   0.744034
6    15   0.73346
6    16   0.819563
7    0    0
7    1    0
7    2    0
7    3    0.729193
7    4    0
7    5    0
7    6    0
7    7    0.32313
7    8    0.374758
7    9    0.32313
7    10   0.729193
7    11   0.594426
7    12   0.647246
7    13   0.594561
7    14   0.61794
7    15   0.609158
7    16   0.680669
8    0    0
8    1    0
8    2    0
8    3    0.784145
8    4    0
8    5    0
8    6    0
8    7    0
8    8    0
8    9    0
8    10   0.784145
8    11   0
8    12   0
8    13   0
8    14   0
8    15   0
8    16   0
9    0    0
9    1    0
9    2    0.848556
9    3    0.75434
9    4    0
9    5    0.749063
9    6    0
9    7    0
9    8    0
9    9    0
9    10   0.75434
9    11   0
9    12   0
9    13   0
9    14   0
9    15   0
9    16   0
