0    0    0.702221
0    1    0.794731
0    2    0
0    3    0.97086
0    4    0.944745
0    5    0.884304
0    6    0.622904
0    7    0.925242
0    8    0.85364
0    9    0.925242
0    10   0.97086
0    11   0.674274
0    12   0.699991
0    13   0.700331
0    14   0.726968
0    15   0.664284
0    16   0.71897
1    0    0.70123
1    1    0.79361
1    2    0
1    3    0.96949
1    4    0.943412
1    5    0.883056
1    6    0.622026
1    7    0.923937
1    8    0.852436
1    9    0.923937
1    10   0.96949
1    11   0.673323
1    12   0.699004
1    13   0.699344
1    14   0.725943
1    15   0.663346
1    16   0.717956
2    0    0
2    1    0
2    2    0
2    3    0
2    4    0
2    5    0
2    6    0
2    7    0
2    8    0
2    9    0
2    10   0
2    11   0
2    12   0
2    13   0
2    14   0
2    15   0
2    16   0
3    0    0.674446
3    1    0.763297
3    2    0
3    3    0.986695
3    4    0.907377
3    5    0.849327
3    6    0.598267
3    7    0.888646
3    8    0.819876
3    9    0.888646
3    10   0.986695
3    11   0.647605
3    12   0.672304
3    13   0.672631
3    14   0.698214
3    15   0.638009
3    16   0.690533
4    0    0.681209
4    1    0.770951
4    2    0
4    3    0.990229
4    4    0.916476
4    5    0.857843
4    6    0.604266
4    7    0.897557
4    8    0.828097
4    9    0.897557
4    10   0.990229
4    11   0.654099
4    12   0.679046
4    13   0.679376
4    14   0.705216
4    15   0.644407
4    16   0.697457
5    0    0.69083
5    1    0.781839
5    2    0
5    3    0.993505
5    4    0.92942
5    5    0.869959
5    6    0.6128
5    7    0.910233
5    8    0.839792
5    9    0.910233
5    10   0.993505
5    11   0.663337
5    12   0.688636
5    13   0.688971
5    14   0.715176
5    15   0.653508
5    16   0.707307
6    0    0
6    1    0
6    2    0
6    3    0.831752
6    4    0
6    5    0
6    6    0
6    7    0.829418
6    8    0.847698
6    9    0.829418
6    10   0.831752
6    11   0.724137
6    12   0.751755
6    13   0.75212
6    14   0.780727
6    15   0.713407
6    16   0.772137
7    0    0
7    1    0
7    2    0
7    3    0.847909
7    4    0
7    5    0
7    6    0
7    7    0.826253
7    8    0.844464
7    9    0.826253
7    10   0.847909
7    11   0.721373
7    12   0.748886
7    13   0.74925
7    14   0.777748
7    15   0.710684
7    16   0.769191
8    0    0
8    1    0
8    2    0
8    3    0.835448
8    4    0
8    5    0
8    6    0
8    7    0
8    8    0
8    9    0
8    10   0.835448
8    11   0
8    12   0
8    13   0
8    14   0
8    15   0
8    16   0
9    0    0
9    1    0
9    2    0.922476
9    3    0.856529
9    4    0
9    5    0.944366
9    6    0
9    7    0
9    8    0
9    9    0
9    10   0.856529
9    11   0
9    12   0
9    13   0
9    14   0
9    15   0
9    16   0
