0    0    0.332305
0    1    0.26337
0    2    0
0    3    0.517803
0    4    0.398219
0    5    0.391989
0    6    0.264425
0    7    0.296817
0    8    0.0896072
0    9    0.296817
0    10   0.517803
0    11   0.227374
0    12   0.252259
0    13   0.375808
0    14   0.341905
0    15   0.26675
0    16   0.358924
1    0    0.495415
1    1    0.392644
1    2    0
1    3    0.771963
1    4    0.593683
1    5    0.584395
1    6    0.394217
1    7    0.442508
1    8    0.13359
1    9    0.442508
1    10   0.771963
1    11   0.33898
1    12   0.37608
1    13   0.560272
1    14   0.509728
1    15   0.397682
1    16   0.535101
2    0    0
2    1    0
2    2    0
2    3    0
2    4    0
2    5    0
2    6    0
2    7    0
2    8    0
2    9    0
2    10   0
2    11   0
2    12   0
2    13   0
2    14   0
2    15   0
2    16   0
3    0    0.249905
3    1    0.198064
3    2    0
3    3    0.729789
3    4    0.299475
3    5    0.29479
3    6    0.198858
3    7    0.223217
3    8    0.0673879
3    9    0.223217
3    10   0.729789
3    11   0.170994
3    12   0.189708
3    13   0.282622
3    14   0.257126
3    15   0.200606
3    16   0.269924
4    0    0.362896
4    1    0.287615
4    2    0
4    3    0.801111
4    4    0.434878
4    5    0.428074
4    6    0.288767
4    7    0.324141
4    8    0.0978562
4    9    0.324141
4    10   0.801111
4    11   0.248306
4    12   0.275482
4    13   0.410404
4    14   0.37338
4    15   0.291306
4    16   0.391966
5    0    0.503944
5    1    0.399404
5    2    0
5    3    0.921405
5    4    0.603904
5    5    0.594456
5    6    0.401004
5    7    0.450127
5    8    0.13589
5    9    0.450127
5    10   0.921405
5    11   0.344816
5    12   0.382555
5    13   0.569918
5    14   0.518504
5    15   0.404529
5    16   0.544313
6    0    0
6    1    0
6    2    0
6    3    0.52865
6    4    0
6    5    0
6    6    0
6    7    0.0725116
6    8    0.111361
6    9    0.0725116
6    10   0.52865
6    11   0.392517
6    12   0.435476
6    13   0.648759
6    14   0.590232
6    15   0.46049
6    16   0.619612
7    0    0
7    1    0
7    2    0
7    3    0.51052
7    4    0
7    5    0
7    6    0
7    7    0.0850736
7    8    0.130653
7    9    0.0850736
7    10   0.51052
7    11   0.460517
7    12   0.510919
7    13   0.761151
7    14   0.692485
7    15   0.540266
7    16   0.726955
8    0    0
8    1    0
8    2    0
8    3    0.585253
8    4    0
8    5    0
8    6    0
8    7    0
8    8    0
8    9    0
8    10   0.585253
8    11   0
8    12   0
8    13   0
8    14   0
8    15   0
8    16   0
9    0    0
9    1    0
9    2    0.95715
9    3    0.437897
9    4    0
9    5    0.604401
9    6    0
9    7    0
9    8    0
9    9    0
9    10   0.437897
9    11   0
9    12   0
9    13   0
9    14   0
9    15   0
9    16   0
