0    0    0.236415
0    1    0.220079
0    2    0
0    3    0.337094
0    4    0.341816
0    5    0.186832
0    6    0.0719019
0    7    0.0822105
0    8    0.00847672
0    9    0.0822105
0    10   0.337094
0    11   0.070414
0    12   0.0951912
0    13   0.156668
0    14   0.114046
0    15   0.143891
0    16   0.136391
1    0    0.438609
1    1    0.408301
1    2    0
1    3    0.625393
1    4    0.634154
1    5    0.34662
1    6    0.133396
1    7    0.152521
1    8    0.0157264
1    9    0.152521
1    10   0.625393
1    11   0.130636
1    12   0.176603
1    13   0.290658
1    14   0.211583
1    15   0.266955
1    16   0.253039
2    0    0
2    1    0
2    2    0
2    3    0
2    4    0
2    5    0
2    6    0
2    7    0
2    8    0
2    9    0
2    10   0
2    11   0
2    12   0
2    13   0
2    14   0
2    15   0
2    16   0
3    0    0.115089
3    1    0.107136
3    2    0
3    3    0.583677
3    4    0.166399
3    5    0.0909515
3    6    0.0350025
3    7    0.0400208
3    8    0.00412654
3    9    0.0400208
3    10   0.583677
3    11   0.0342782
3    12   0.0463399
3    13   0.0762674
3    14   0.0555185
3    15   0.0700476
3    16   0.0663963
4    0    0.307248
4    1    0.286017
4    2    0
4    3    0.651297
4    4    0.444228
4    5    0.242809
4    6    0.0934445
4    7    0.106842
4    8    0.0110164
4    9    0.106842
4    10   0.651297
4    11   0.0915109
4    12   0.123712
4    13   0.203608
4    14   0.148215
4    15   0.187003
4    16   0.177255
5    0    0.450412
5    1    0.419289
5    2    0
5    3    0.824051
5    4    0.65122
5    5    0.355948
5    6    0.136986
5    7    0.156625
5    8    0.0161496
5    9    0.156625
5    10   0.824051
5    11   0.134151
5    12   0.181356
5    13   0.29848
5    14   0.217277
5    15   0.274139
5    16   0.259849
6    0    0
6    1    0
6    2    0
6    3    0.439252
6    4    0
6    5    0
6    6    0
6    7    0.010004
6    8    0.0139649
6    9    0.010004
6    10   0.439252
6    11   0.203895
6    12   0.275641
6    13   0.453657
6    14   0.330237
6    15   0.41666
6    16   0.394941
7    0    0
7    1    0
7    2    0
7    3    0.477453
7    4    0
7    5    0
7    6    0
7    7    0.00959738
7    8    0.0133973
7    9    0.00959738
7    10   0.477453
7    11   0.195608
7    12   0.264438
7    13   0.435218
7    14   0.316815
7    15   0.399725
7    16   0.378889
8    0    0
8    1    0
8    2    0
8    3    0.429445
8    4    0
8    5    0
8    6    0
8    7    0
8    8    0
8    9    0
8    10   0.429445
8    11   0
8    12   0
8    13   0
8    14   0
8    15   0
8    16   0
9    0    0
9    1    0
9    2    0.678818
9    3    0.34648
9    4    0
9    5    0.564937
9    6    0
9    7    0
9    8    0
9    9    0
9    10   0.34648
9    11   0
9    12   0
9    13   0
9    14   0
9    15   0
9    16   0
