0    0    0.516493
0    1    0.351631
0    2    0
0    3    0.575543
0    4    0.354583
0    5    0.449305
0    6    0.195251
0    7    0.281316
0    8    0.228368
0    9    0.281316
0    10   0.575543
0    11   0.335613
0    12   0.368632
0    13   0.436645
0    14   0.511972
0    15   0.451378
0    16   0.513528
1    0    0.74506
1    1    0.507241
1    2    0
1    3    0.830242
1    4    0.511499
1    5    0.648139
1    6    0.281657
1    7    0.405809
1    8    0.329429
1    9    0.405809
1    10   0.830242
1    11   0.484134
1    12   0.531765
1    13   0.629877
1    14   0.738539
1    15   0.651129
1    16   0.740783
2    0    0
2    1    0
2    2    0
2    3    0
2    4    0
2    5    0
2    6    0
2    7    0
2    8    0
2    9    0
2    10   0
2    11   0
2    12   0
2    13   0
2    14   0
2    15   0
2    16   0
3    0    0.47223
3    1    0.321496
3    2    0
3    3    0.822798
3    4    0.324196
3    5    0.4108
3    6    0.178518
3    7    0.257207
3    8    0.208797
3    9    0.257207
3    10   0.822798
3    11   0.306851
3    12   0.33704
3    13   0.399225
3    14   0.468096
3    15   0.412695
3    16   0.469519
4    0    0.618668
4    1    0.421192
4    2    0
4    3    0.891675
4    4    0.424728
4    5    0.538189
4    6    0.233876
4    7    0.336967
4    8    0.273545
4    9    0.336967
4    10   0.891675
4    11   0.402005
4    12   0.441557
4    13   0.523025
4    14   0.613253
4    15   0.540671
4    16   0.615117
5    0    0.684464
5    1    0.465986
5    2    0
5    3    0.914558
5    4    0.469898
5    5    0.595425
5    6    0.258749
5    7    0.372804
5    8    0.302636
5    9    0.372804
5    10   0.914558
5    11   0.444758
5    12   0.488516
5    13   0.578648
5    14   0.678472
5    15   0.598172
5    16   0.680534
6    0    0
6    1    0
6    2    0
6    3    0.67145
6    4    0
6    5    0
6    6    0
6    7    0.197214
6    8    0.283626
6    9    0.197214
6    10   0.67145
6    11   0.516711
6    12   0.567548
6    13   0.672262
6    14   0.788236
6    15   0.694944
6    16   0.790631
7    0    0
7    1    0
7    2    0
7    3    0.641723
7    4    0
7    5    0
7    6    0
7    7    0.225811
7    8    0.324754
7    9    0.225811
7    10   0.641723
7    11   0.591638
7    12   0.649847
7    13   0.769745
7    14   0.902536
7    15   0.795716
7    16   0.905278
8    0    0
8    1    0
8    2    0
8    3    0.65351
8    4    0
8    5    0
8    6    0
8    7    0
8    8    0
8    9    0
8    10   0.65351
8    11   0
8    12   0
8    13   0
8    14   0
8    15   0
8    16   0
9    0    0
9    1    0
9    2    0.884839
9    3    0.693202
9    4    0
9    5    0.627131
9    6    0
9    7    0
9    8    0
9    9    0
9    10   0.693202
9    11   0
9    12   0
9    13   0
9    14   0
9    15   0
9    16   0
