0    0    0.602017
0    1    0.674362
0    2    0
0    3    0.996642
0    4    0.997003
0    5    0.88192
0    6    0.66679
0    7    0.948421
0    8    0
0    9    0.948421
0    10   0.996642
0    11   0.778839
0    12   0.782363
0    13   0.742806
0    14   0.753832
0    15   0.738771
0    16   0.934065
1    0    0.602017
1    1    0.674362
1    2    0
1    3    0.996642
1    4    0.997003
1    5    0.88192
1    6    0.66679
1    7    0.948421
1    8    0
1    9    0.948421
1    10   0.996642
1    11   0.778839
1    12   0.782363
1    13   0.742806
1    14   0.753832
1    15   0.738771
1    16   0.934065
2    0    0
2    1    0
2    2    0
2    3    0
2    4    0
2    5    0
2    6    0
2    7    0
2    8    0
2    9    0
2    10   0
2    11   0
2    12   0
2    13   0
2    14   0
2    15   0
2    16   0
3    0    0.569966
3    1    0.63846
3    2    0
3    3    0.990303
3    4    0.943924
3    5    0.834968
3    6    0.631291
3    7    0.897928
3    8    0
3    9    0.897928
3    10   0.990303
3    11   0.737374
3    12   0.740711
3    13   0.703259
3    14   0.713699
3    15   0.69944
3    16   0.884336
4    0    0.601414
4    1    0.673687
4    2    0
4    3    0.998562
4    4    0.996005
4    5    0.881037
4    6    0.666123
4    7    0.947471
4    8    0
4    9    0.947471
4    10   0.998562
4    11   0.778059
4    12   0.78158
4    13   0.742062
4    14   0.753077
4    15   0.738032
4    16   0.93313
5    0    0.602017
5    1    0.674362
5    2    0
5    3    0.998731
5    4    0.997003
5    5    0.88192
5    6    0.66679
5    7    0.948421
5    8    0
5    9    0.948421
5    10   0.998731
5    11   0.778839
5    12   0.782363
5    13   0.742806
5    14   0.753832
5    15   0.738771
5    16   0.934065
6    0    0.652004
6    1    0.730357
6    2    0
6    3    0.88967
6    4    0
6    5    0
6    6    0
6    7    0.871647
6    8    0
6    9    0.871647
6    10   0.88967
6    11   0.843509
6    12   0.847326
6    13   0.804484
6    14   0.816426
6    15   0.800115
6    16   0
7    0    0.652004
7    1    0.730357
7    2    0
7    3    0.890263
7    4    0
7    5    0
7    6    0
7    7    0.871647
7    8    0
7    9    0.871647
7    10   0.890263
7    11   0.843509
7    12   0.847326
7    13   0.804484
7    14   0.816426
7    15   0.800115
7    16   0
8    0    0
8    1    0
8    2    0
8    3    0.88961
8    4    0
8    5    0
8    6    0
8    7    0
8    8    0
8    9    0
8    10   0.88961
8    11   0
8    12   0
8    13   0
8    14   0
8    15   0
8    16   0
9    0    0
9    1    0
9    2    0.945814
9    3    0
9    4    0
9    5    0.919568
9    6    0
9    7    0
9    8    0.9965
9    9    0
9    10   0
9    11   0
9    12   0
9    13   0
9    14   0
9    15   0
9    16   0
