0    0    0.62405
0    1    0.67512
0    2    0
0    3    0.889388
0    4    0.783242
0    5    0
0    6    0.66679
0    7    0.894124
0    8    0.903917
0    9    0.894124
0    10   0.889388
0    11   0.992512
0    12   0.997003
0    13   0
0    14   0.754679
0    15   0.739602
0    16   0.934065
1    0    0.62405
1    1    0.67512
1    2    0
1    3    0.889388
1    4    0.783242
1    5    0
1    6    0.66679
1    7    0.894124
1    8    0.903917
1    9    0.894124
1    10   0.889388
1    11   0.992512
1    12   0.997003
1    13   0
1    14   0.754679
1    15   0.739602
1    16   0.934065
2    0    0
2    1    0
2    2    0
2    3    0
2    4    0
2    5    0
2    6    0
2    7    0
2    8    0
2    9    0
2    10   0
2    11   0
2    12   0
2    13   0
2    14   0
2    15   0
2    16   0
3    0    0.590826
3    1    0.639178
3    2    0
3    3    0.887874
3    4    0.741543
3    5    0
3    6    0.631291
3    7    0.846522
3    8    0.855794
3    9    0.846522
3    10   0.887874
3    11   0.939672
3    12   0.943924
3    13   0
3    14   0.714501
3    15   0.700226
3    16   0.884336
4    0    0.623425
4    1    0.674445
4    2    0
4    3    0.888497
4    4    0.782458
4    5    0
4    6    0.666123
4    7    0.893229
4    8    0.903012
4    9    0.893229
4    10   0.888497
4    11   0.991518
4    12   0.996005
4    13   0.920667
4    14   0.753924
4    15   0.738862
4    16   0.93313
5    0    0.712172
5    1    0.67512
5    2    0
5    3    0.890263
5    4    0.783242
5    5    0
5    6    0.66679
5    7    0.894124
5    8    0.903917
5    9    0.894124
5    10   0.890263
5    11   0.992512
5    12   0.997003
5    13   0
5    14   0.754679
5    15   0.739602
5    16   0.934065
6    0    0.414068
6    1    0.496211
6    2    0
6    3    0.998613
6    4    0.575681
6    5    0
6    6    0
6    7    0.544469
6    8    0
6    9    0.544469
6    10   0.998613
6    11   0
6    12   0
6    13   0
6    14   0.554687
6    15   0.543605
6    16   0
7    0    0.414068
7    1    0.496211
7    2    0
7    3    0.998628
7    4    0.575681
7    5    0
7    6    0
7    7    0.544469
7    8    0
7    9    0.544469
7    10   0.998628
7    11   0
7    12   0
7    13   0
7    14   0.554687
7    15   0.543605
7    16   0
8    0    0
8    1    0
8    2    0
8    3    0.88961
8    4    0
8    5    0
8    6    0
8    7    0
8    8    0
8    9    0
8    10   0.88961
8    11   0
8    12   0
8    13   0
8    14   0
8    15   0
8    16   0
9    0    0
9    1    0
9    2    0.945814
9    3    0
9    4    0
9    5    0.97225
9    6    0
9    7    0
9    8    0.942504
9    9    0
9    10   0
9    11   0
9    12   0
9    13   0
9    14   0
9    15   0
9    16   0
