0    0    0.509179
0    1    0.67512
0    2    0
0    3    0.887933
0    4    0.783242
0    5    0
0    6    0.861169
0    7    0.894124
0    8    0.903917
0    9    0.894124
0    10   0.887933
0    11   0
0    12   0
0    13   0
0    14   0.754679
0    15   0.739602
0    16   0.934065
1    0    0.509179
1    1    0.67512
1    2    0
1    3    0.887933
1    4    0.783242
1    5    0
1    6    0.861169
1    7    0.894124
1    8    0.903917
1    9    0.894124
1    10   0.887933
1    11   0
1    12   0
1    13   0
1    14   0.754679
1    15   0.739602
1    16   0.934065
2    0    0
2    1    0
2    2    0
2    3    0
2    4    0
2    5    0
2    6    0
2    7    0
2    8    0
2    9    0
2    10   0
2    11   0
2    12   0
2    13   0
2    14   0
2    15   0
2    16   0
3    0    0
3    1    0
3    2    0
3    3    0.842248
3    4    0
3    5    0
3    6    0
3    7    0
3    8    0
3    9    0
3    10   0.842248
3    11   0.940612
3    12   0.944868
3    13   0
3    14   0
3    15   0
3    16   0
4    0    0.50867
4    1    0.674445
4    2    0
4    3    0.887044
4    4    0.782458
4    5    0
4    6    0.860307
4    7    0.893229
4    8    0.903012
4    9    0.893229
4    10   0.887044
4    11   0
4    12   0
4    13   0.920667
4    14   0.753924
4    15   0.738862
4    16   0.93313
5    0    0.509179
5    1    0.67512
5    2    0
5    3    0.887933
5    4    0.783242
5    5    0
5    6    0.932661
5    7    0.894124
5    8    0.903917
5    9    0.894124
5    10   0.887933
5    11   0
5    12   0
5    13   0
5    14   0.754679
5    15   0.739602
5    16   0.934065
6    0    0
6    1    0
6    2    0.651015
6    3    0.998626
6    4    0
6    5    0
6    6    0
6    7    0
6    8    0
6    9    0
6    10   0.998626
6    11   0
6    12   0
6    13   0
6    14   0
6    15   0
6    16   0
7    0    0
7    1    0
7    2    0.651015
7    3    0.998631
7    4    0
7    5    0
7    6    0
7    7    0
7    8    0
7    9    0
7    10   0.998631
7    11   0
7    12   0
7    13   0
7    14   0
7    15   0
7    16   0
8    0    0
8    1    0
8    2    0
8    3    0.88961
8    4    0
8    5    0
8    6    0
8    7    0
8    8    0
8    9    0
8    10   0.88961
8    11   0
8    12   0
8    13   0
8    14   0
8    15   0
8    16   0
9    0    0
9    1    0.720911
9    2    0
9    3    0
9    4    0.836366
9    5    0.945814
9    6    0.468151
9    7    0.791021
9    8    0.968847
9    9    0.791021
9    10   0
9    11   0
9    12   0
9    13   0
9    14   0.805866
9    15   0.789766
9    16   0
