0    0    0
0    1    0
0    2    0.884853
0    3    0
0    4    0.998001
0    5    0.838745
0    6    0
0    7    0.878163
0    8    0
0    9    0.878163
0    10   0
0    11   0
0    12   0
0    13   0
0    14   0.50419
0    15   0.991005
0    16   0
1    0    0
1    1    0
1    2    0
1    3    0.8905
1    4    0
1    5    0
1    6    0
1    7    0
1    8    0
1    9    0
1    10   0.8905
1    11   0
1    12   0
1    13   0
1    14   0
1    15   0
1    16   0
2    0    0
2    1    0
2    2    0
2    3    0
2    4    0
2    5    0
2    6    0
2    7    0
2    8    0
2    9    0
2    10   0
2    11   0
2    12   0
2    13   0
2    14   0
2    15   0
2    16   0
3    0    0
3    1    0
3    2    0.863783
3    3    0.883706
3    4    0.974237
3    5    0.818773
3    6    0
3    7    0.857253
3    8    0
3    9    0.857253
3    10   0.883706
3    11   0
3    12   0.86873
3    13   0.938254
3    14   0.492184
3    15   0.96783
3    16   0.935906
4    0    0
4    1    0
4    2    0.984634
4    3    0
4    4    0.922507
4    5    0.775298
4    6    0
4    7    0.811735
4    8    0
4    9    0.811735
4    10   0
4    11   0
4    12   0
4    13   0
4    14   0.561045
4    15   0.985904
4    16   0
5    0    0
5    1    0
5    2    0.653782
5    3    0
5    4    0.737382
5    5    0.619715
5    6    0
5    7    0.960494
5    8    0
5    9    0.960494
5    10   0
5    11   0
5    12   0
5    13   0
5    14   0.372525
5    15   0.732214
5    16   0
6    0    0
6    1    0
6    2    0.884853
6    3    0
6    4    0.998001
6    5    0.838745
6    6    0
6    7    0.878163
6    8    0
6    9    0.878163
6    10   0
6    11   0
6    12   0
6    13   0
6    14   0.50419
6    15   0.991996
6    16   0
7    0    0.930997
7    1    0
7    2    0
7    3    0
7    4    0
7    5    0
7    6    0
7    7    0
7    8    0
7    9    0
7    10   0
7    11   0
7    12   0
7    13   0.927072
7    14   0
7    15   0
7    16   0.924752
8    0    0
8    1    0
8    2    0
8    3    0
8    4    0
8    5    0
8    6    0.97225
8    7    0
8    8    0
8    9    0
8    10   0
8    11   0
8    12   0
8    13   0
8    14   0
8    15   0
8    16   0
9    0    0
9    1    0
9    2    0
9    3    0
9    4    0
9    5    0.934065
9    6    0
9    7    0
9    8    0
9    9    0
9    10   0
9    11   0.988511
9    12   0
9    13   0
9    14   0
9    15   0.938248
9    16   0
