0    0    0.806085
0    1    0
0    2    0
0    3    0
0    4    0
0    5    0.934065
0    6    0
0    7    0.778601
0    8    0
0    9    0.778601
0    10   0
0    11   0.988511
0    12   0
0    13   0
0    14   0
0    15   0
0    16   0
1    0    0
1    1    0
1    2    0
1    3    0
1    4    0.998001
1    5    0
1    6    0
1    7    0
1    8    0
1    9    0
1    10   0
1    11   0
1    12   0
1    13   0
1    14   0
1    15   0
1    16   0
2    0    0
2    1    0
2    2    0
2    3    0
2    4    0
2    5    0
2    6    0
2    7    0
2    8    0
2    9    0
2    10   0
2    11   0
2    12   0
2    13   0
2    14   0
2    15   0
2    16   0
3    0    0.762406
3    1    0.564651
3    2    0
3    3    0.883706
3    4    0
3    5    0.883452
3    6    0
3    7    0.736412
3    8    0
3    9    0.736412
3    10   0.883706
3    11   0.934947
3    12   0.86873
3    13   0.938254
3    14   0.940612
3    15   0
3    16   0.935906
4    0    0.484109
4    1    0
4    2    0.919746
4    3    0
4    4    0
4    5    0.56097
4    6    0
4    7    0.467603
4    8    0
4    9    0.467603
4    10   0
4    11   0.593668
4    12   0
4    13   0
4    14   0
4    15   0
4    16   0
5    0    0.595583
5    1    0
5    2    0
5    3    0
5    4    0
5    5    0.690143
5    6    0
5    7    0.952219
5    8    0
5    9    0.952219
5    10   0
5    11   0.73037
5    12   0
5    13   0
5    14   0
5    15   0
5    16   0
6    0    0
6    1    0
6    2    0
6    3    0
6    4    0
6    5    0
6    6    0
6    7    0
6    8    0.980891
6    9    0
6    10   0
6    11   0
6    12   0
6    13   0.998001
6    14   0
6    15   0
6    16   0.995503
7    0    0.748795
7    1    0
7    2    0
7    3    0
7    4    0
7    5    0.86768
7    6    0
7    7    0.870601
7    8    0
7    9    0.870601
7    10   0
7    11   0.918256
7    12   0
7    13   0
7    14   0
7    15   0
7    16   0
8    0    0
8    1    0
8    2    0
8    3    0
8    4    0
8    5    0
8    6    0.97225
8    7    0
8    8    0
8    9    0
8    10   0
8    11   0
8    12   0
8    13   0
8    14   0
8    15   0
8    16   0
9    0    0.525298
9    1    0
9    2    0.998001
9    3    0.8905
9    4    0
9    5    0.608699
9    6    0
9    7    0.507389
9    8    0
9    9    0.507389
9    10   0.8905
9    11   0.644179
9    12   0
9    13   0
9    14   0
9    15   0.945814
9    16   0
