0    0    0.806085
0    1    0
0    2    0
0    3    0.988511
0    4    0
0    5    0
0    6    0
0    7    0.883953
0    8    0.986282
0    9    0.883953
0    10   0.988511
0    11   0.930599
0    12   0
0    13   0.988757
0    14   0
0    15   0
0    16   0.934065
1    0    0.806085
1    1    0
1    2    0
1    3    0.988511
1    4    0
1    5    0
1    6    0
1    7    0.883953
1    8    0.986282
1    9    0.883953
1    10   0.988511
1    11   0.930599
1    12   0
1    13   0.988757
1    14   0
1    15   0
1    16   0.934065
2    0    0
2    1    0
2    2    0
2    3    0
2    4    0
2    5    0
2    6    0
2    7    0
2    8    0
2    9    0
2    10   0
2    11   0
2    12   0
2    13   0
2    14   0
2    15   0
2    16   0
3    0    0
3    1    0
3    2    0
3    3    0
3    4    0
3    5    0
3    6    0
3    7    0
3    8    0.934964
3    9    0
3    10   0
3    11   0
3    12   0.944868
3    13   0.93731
3    14   0.940612
3    15   0
3    16   0
4    0    0
4    1    0.494024
4    2    0
4    3    0
4    4    0.759309
4    5    0.726689
4    6    0.77262
4    7    0.802033
4    8    0.917444
4    9    0.802033
4    10   0
4    11   0
4    12   0
4    13   0.919746
4    14   0
4    15   0
4    16   0
5    0    0
5    1    0
5    2    0.999
5    3    0
5    4    0
5    5    0
5    6    0
5    7    0
5    8    0.970124
5    9    0
5    10   0
5    11   0
5    12   0
5    13   0.972558
5    14   0
5    15   0
5    16   0
6    0    0.525298
6    1    0
6    2    0
6    3    0.644179
6    4    0
6    5    0
6    6    0
6    7    0.576042
6    8    0.995674
6    9    0.576042
6    10   0.644179
6    11   0.60644
6    12   0
6    13   0.998172
6    14   0
6    15   0
6    16   0.608699
7    0    0.563311
7    1    0
7    2    0
7    3    0.690795
7    4    0
7    5    0
7    6    0
7    7    0.617727
7    8    0.987032
7    9    0.617727
7    10   0.690795
7    11   0.650325
7    12   0
7    13   0.989508
7    14   0
7    15   0
7    16   0.652747
8    0    0
8    1    0
8    2    0
8    3    0
8    4    0
8    5    0
8    6    0
8    7    0
8    8    0.960135
8    9    0
8    10   0
8    11   0
8    12   0
8    13   0.962544
8    14   0
8    15   0
8    16   0
9    0    0.525298
9    1    0
9    2    0
9    3    0.961038
9    4    0
9    5    0
9    6    0
9    7    0.576042
9    8    0.993861
9    9    0.576042
9    10   0.961038
9    11   0.60644
9    12   0
9    13   0.996354
9    14   0
9    15   0.945814
9    16   0.608699
