0    0    0.806085
0    1    0
0    2    0
0    3    0.988511
0    4    0
0    5    0
0    6    0.929935
0    7    0.932664
0    8    0
0    9    0.932664
0    10   0.988511
0    11   0
0    12   0
0    13   0
0    14   0
0    15   0
0    16   0
1    0    0.806085
1    1    0
1    2    0
1    3    0.988511
1    4    0
1    5    0
1    6    0.929935
1    7    0.932664
1    8    0
1    9    0.932664
1    10   0.988511
1    11   0
1    12   0
1    13   0
1    14   0
1    15   0
1    16   0
2    0    0
2    1    0
2    2    0
2    3    0
2    4    0
2    5    0
2    6    0
2    7    0
2    8    0
2    9    0
2    10   0
2    11   0
2    12   0
2    13   0
2    14   0
2    15   0
2    16   0
3    0    0
3    1    0
3    2    0
3    3    0
3    4    0.943924
3    5    0
3    6    0
3    7    0
3    8    0
3    9    0
3    10   0
3    11   0
3    12   0
3    13   0
3    14   0.940612
3    15   0
3    16   0
4    0    0.484109
4    1    0.494024
4    2    0.919746
4    3    0.593668
4    4    0
4    5    0
4    6    0.558489
4    7    0.560128
4    8    0
4    9    0.560128
4    10   0.593668
4    11   0.773172
4    12   0.760069
4    13   0
4    14   0
4    15   0
4    16   0.803238
5    0    0
5    1    0
5    2    0
5    3    0
5    4    0
5    5    0.880363
5    6    0
5    7    0
5    8    0.89885
5    9    0
5    10   0
5    11   0
5    12   0
5    13   0
5    14   0
5    15   0
5    16   0
6    0    0
6    1    0
6    2    0
6    3    0
6    4    0
6    5    0
6    6    0
6    7    0
6    8    0
6    9    0
6    10   0
6    11   0
6    12   0
6    13   0.992007
6    14   0
6    15   0
6    16   0
7    0    0.563311
7    1    0
7    2    0
7    3    0.690795
7    4    0
7    5    0
7    6    0.649861
7    7    0.651768
7    8    0
7    9    0.651768
7    10   0.690795
7    11   0
7    12   0
7    13   0
7    14   0
7    15   0
7    16   0
8    0    0
8    1    0
8    2    0
8    3    0
8    4    0
8    5    0
8    6    0
8    7    0
8    8    0
8    9    0
8    10   0
8    11   0
8    12   0
8    13   0
8    14   0
8    15   0
8    16   0
9    0    0.525298
9    1    0
9    2    0.998001
9    3    0.961038
9    4    0
9    5    0
9    6    0.606008
9    7    0.607786
9    8    0
9    9    0.607786
9    10   0.961038
9    11   0
9    12   0
9    13   0
9    14   0
9    15   0.945814
9    16   0
