#s   t    P_ref      d=0.05                d=0.1                 d=0.15                d=0.2                 d=0.25                d=0.3                 d=0.35                d=0.4                 d=0.45                d=0.5                 
0    0    0.74542    -0.14340299999999995  -0.14272699999999994  -0.12136999999999998  -0.23624099999999992  -0.74542              -0.74542              0.06066500000000008   0.06066500000000008   0.06066500000000008   -0.74542              
0    1    0.834999   -0.16063700000000003  -0.159879             -0.159879             -0.159879             -0.107815             -0.38189600000000007  -0.834999             -0.834999             -0.834999             -0.834999             
0    3    0.988511   0.008131              -0.004618000000000011 -0.09912300000000007  -0.10057800000000006  0.0                   0.0                   0.0                   0.0                   -0.988511             -0.988511             
0    4    0.997003   0.0                   0.0                   -0.21376099999999998  -0.21376099999999998  -0.15335900000000002  -0.47133499999999995  -0.997003             -0.997003             -0.997003             0.0009980000000000544 
0    5    0.88192    0.0                   -0.88192              -0.88192              -0.88192              -0.88192              -0.88192              -0.88192              -0.88192              0.052145              -0.043175000000000074 
0    6    0.66679    0.0                   0.0                   0.0                   0.19437899999999997   -0.66679              -0.66679              -0.66679              0.26314499999999996   -0.66679              -0.66679              
0    7    0.948421   0.0                   -0.04363600000000001  -0.05429699999999993  -0.05429699999999993  -0.03964499999999993  -0.007212999999999914 -0.06446799999999997  -0.01575699999999991  -0.16981999999999997  -0.07025799999999993  
0    8    0.872713   -0.872713             0.03120400000000001   0.03120400000000001   0.03120400000000001   0.117529              -0.872713             0.11356900000000003   -0.872713             -0.872713             -0.872713             
0    9    0.948421   0.0                   -0.04363600000000001  -0.05429699999999993  -0.05429699999999993  -0.03964499999999993  -0.007212999999999914 -0.06446799999999997  -0.01575699999999991  -0.16981999999999997  -0.07025799999999993  
0    10   0.988511   0.008131              -0.004618000000000011 -0.09912300000000007  -0.10057800000000006  0.0                   0.0                   0.0                   0.0                   -0.988511             -0.988511             
0    11   0.778839   0.0                   0.0008750000000000702 0.213673              -0.778839             -0.778839             -0.27234099999999994  0.15176               -0.778839             0.20967200000000008   -0.778839             
0    12   0.782363   0.0                   0.0008789999999999631 0.21463999999999994   -0.782363             -0.782363             -0.782363             -0.782363             -0.782363             -0.782363             -0.782363             
0    13   0.742806   0.0                   0.0008340000000000014 -0.742806             -0.742806             -0.742806             -0.742806             0.24595100000000003   -0.742806             -0.742806             -0.742806             
0    14   0.753832   0.0                   0.0008470000000000422 0.0008470000000000422 0.0008470000000000422 0.05904600000000004   -0.753832             -0.753832             -0.753832             -0.753832             -0.24964199999999992  
0    15   0.738771   0.0                   0.0008310000000000262 0.0008310000000000262 0.0008310000000000262 0.057867              0.13588100000000003   -0.738771             -0.738771             -0.738771             0.25223400000000007   
0    16   0.75437    0.17969500000000005   0.17969500000000005   0.17969500000000005   0.17969500000000005   0.17969500000000005   0.17969500000000005   0.17969500000000005   -0.75437              -0.75437              -0.75437              
1    0    0.74542    -0.14340299999999995  -0.14272699999999994  -0.12136999999999998  -0.23624099999999992  -0.74542              -0.74542              0.06066500000000008   0.06066500000000008   -0.74542              -0.74542              
1    1    0.834999   -0.16063700000000003  -0.159879             -0.159879             -0.159879             -0.107815             -0.38189600000000007  -0.834999             -0.834999             -0.834999             -0.834999             
1    3    0.988511   0.008131              -0.004618000000000011 -0.09912300000000007  -0.10057800000000006  0.0                   0.0                   0.0                   0.0                   -0.988511             -0.09801100000000007  
1    4    0.997003   0.0                   0.0                   -0.21376099999999998  -0.21376099999999998  -0.15335900000000002  -0.47133499999999995  -0.997003             -0.997003             0.0009980000000000544 -0.997003             
1    5    0.88192    0.0                   -0.88192              -0.88192              -0.88192              -0.88192              -0.88192              -0.88192              -0.88192              -0.88192              -0.88192              
1    6    0.66679    0.0                   0.0                   0.0                   0.19437899999999997   -0.66679              -0.66679              -0.66679              0.26314499999999996   -0.66679              -0.66679              
1    7    0.948421   0.0                   -0.04363600000000001  -0.05429699999999993  -0.05429699999999993  -0.03964499999999993  -0.007212999999999914 -0.06446799999999997  -0.01575699999999991  -0.948421             -0.948421             
1    8    0.872713   -0.872713             0.03120400000000001   0.03120400000000001   0.03120400000000001   0.117529              -0.872713             0.11356900000000003   -0.872713             -0.872713             -0.872713             
1    9    0.948421   0.0                   -0.04363600000000001  -0.05429699999999993  -0.05429699999999993  -0.03964499999999993  -0.007212999999999914 -0.06446799999999997  -0.01575699999999991  -0.948421             -0.948421             
1    10   0.988511   0.008131              -0.004618000000000011 -0.09912300000000007  -0.10057800000000006  0.0                   0.0                   0.0                   0.0                   -0.988511             -0.09801100000000007  
1    11   0.778839   0.0                   0.0008750000000000702 0.213673              -0.778839             -0.778839             -0.27234099999999994  0.15176               -0.778839             -0.778839             -0.778839             
1    12   0.782363   0.0                   0.0008789999999999631 0.21463999999999994   -0.782363             -0.782363             -0.782363             -0.782363             -0.782363             -0.782363             -0.782363             
1    13   0.742806   0.0                   0.0008340000000000014 -0.742806             -0.742806             -0.742806             -0.742806             0.24595100000000003   -0.742806             -0.742806             -0.742806             
1    14   0.753832   0.0                   0.0008470000000000422 0.0008470000000000422 0.0008470000000000422 0.05904600000000004   -0.753832             -0.753832             -0.753832             -0.753832             -0.753832             
1    15   0.738771   0.0                   0.0008310000000000262 0.0008310000000000262 0.0008310000000000262 0.057867              0.13588100000000003   -0.738771             -0.738771             -0.738771             -0.738771             
1    16   0.75437    0.17969500000000005   0.17969500000000005   0.17969500000000005   0.17969500000000005   0.17969500000000005   0.17969500000000005   0.17969500000000005   -0.75437              -0.75437              -0.75437              
3    0    0.705735   -0.13576900000000003  -0.13512900000000005  -0.11490900000000004  -0.705735             -0.705735             -0.705735             -0.705735             -0.705735             0.05667100000000003   -0.705735             
3    1    0.790545   -0.15208500000000003  -0.15136700000000003  -0.15136700000000003  -0.790545             -0.790545             -0.790545             -0.790545             -0.790545             -0.22589400000000004  -0.790545             
3    3    0.989885   0.00041800000000002946-0.012240000000000029 -0.10201099999999996  -0.14763700000000002  -0.989885             -0.989885             -0.989885             -0.989885             -0.10617900000000002  -0.10617900000000002  
3    4    0.943924   0.0                   0.0                   -0.20238100000000003  -0.943924             -0.943924             -0.943924             -0.943924             0.0                   -0.943924             0.030313000000000034  
3    5    0.834968   0.0                   -0.834968             -0.834968             -0.834968             -0.834968             -0.834968             -0.834968             -0.834968             0.04848399999999997   -0.01619500000000007  
3    6    0.631291   0.0                   0.0                   0.0                   -0.631291             -0.631291             -0.631291             -0.631291             -0.631291             -0.631291             -0.631291             
3    7    0.897928   0.0                   -0.04131299999999993  -0.05140599999999995  -0.897928             -0.897928             -0.897928             -0.897928             -0.897928             -0.161516             -0.040674999999999906 
3    8    0.826251   -0.826251             0.029543000000000097  0.029543000000000097  -0.826251             0.08276800000000006   -0.826251             0.10871300000000006   -0.826251             -0.826251             -0.826251             
3    9    0.897928   0.0                   -0.04131299999999993  -0.05140599999999995  -0.897928             -0.897928             -0.897928             -0.897928             -0.897928             -0.161516             -0.040674999999999906 
3    10   0.989885   0.00041800000000002946-0.012240000000000029 -0.10201099999999996  -0.14763700000000002  -0.989885             -0.989885             -0.989885             -0.989885             -0.10617900000000002  -0.10617900000000002  
3    11   0.737374   0.0                   0.0008290000000000797 0.20229799999999998   0.20323800000000003   0.20323800000000003   -0.737374             -0.737374             -0.737374             0.197573              -0.737374             
3    12   0.740711   0.0                   0.0008319999999999439 0.20321299999999998   0.20415700000000003   0.20415700000000003   0.20415700000000003   0.20415700000000003   -0.740711             0.128019              0.128019              
3    13   0.703259   0.0                   0.0007909999999999862 -0.703259             -0.703259             -0.703259             -0.703259             0.234051              -0.703259             0.23499500000000006   0.23499500000000006   
3    14   0.713699   0.0                   0.0008020000000000804 0.0008020000000000804 -0.713699             -0.713699             0.22691300000000003   0.22691300000000003   0.22691300000000003   0.22691300000000003   -0.22151499999999996  
3    15   0.69944    0.0                   0.0007860000000000644 0.0007860000000000644 -0.69944              -0.69944              -0.69944              -0.69944              -0.69944              -0.69944              0.26839               
3    16   0.714208   0.17012800000000006   0.17012800000000006   0.17012800000000006   -0.714208             -0.714208             -0.714208             -0.714208             -0.714208             0.22169800000000006   0.22169800000000006   
4    0    0.744674   -0.14325999999999994  -0.14258399999999993  -0.12124899999999994  -0.236004             -0.744674             -0.744674             -0.744674             -0.26056499999999994  -0.26056499999999994  -0.744674             
4    1    0.834163   -0.16047599999999995  -0.15971800000000003  -0.15971800000000003  -0.15971800000000003  -0.107707             -0.38151399999999996  -0.34013899999999997  -0.34013899999999997  -0.834163             -0.834163             
4    3    0.998367   0.00019499999999994522-0.013180999999999998 -0.10987000000000002  -0.11132299999999995  -0.010846000000000022 -0.010846000000000022 -0.998367             -0.40469900000000003  -0.998367             -0.998367             
4    4    0.996005   0.0                   0.0                   -0.21354700000000004  -0.21354700000000004  -0.15320600000000006  -0.47086300000000003  -0.23669600000000002  -0.996005             -0.996005             -0.07349800000000006  
4    5    0.881037   0.0                   -0.881037             -0.881037             -0.881037             -0.881037             -0.881037             -0.15434799999999993  -0.881037             -0.320067             -0.10573899999999992  
4    6    0.666123   0.0                   0.0                   0.0                   0.19418400000000002   -0.666123             -0.666123             0.10649699999999995   -0.10763400000000001  -0.666123             -0.666123             
4    7    0.947471   0.0                   -0.043591999999999964 -0.0542419999999999   -0.0542419999999999   -0.039605             -0.007204999999999906 -0.14543799999999996  -0.387343             -0.47986799999999996  -0.13573599999999997  
4    8    0.87184    -0.87184              0.03117200000000009   0.03117200000000009   0.03117200000000009   0.11741000000000001   0.04560400000000009   0.04560400000000009   -0.87184              -0.87184              -0.87184              
4    9    0.947471   0.0                   -0.043591999999999964 -0.0542419999999999   -0.0542419999999999   -0.039605             -0.007204999999999906 -0.14543799999999996  -0.387343             -0.47986799999999996  -0.13573599999999997  
4    10   0.998367   0.00019499999999994522-0.013180999999999998 -0.10987000000000002  -0.11132299999999995  -0.010846000000000022 -0.010846000000000022 -0.998367             -0.40469900000000003  -0.998367             -0.998367             
4    11   0.778059   0.0                   0.0008750000000000702 0.21345900000000007   -0.778059             -0.778059             -0.272068             -0.778059             -0.004886999999999975 -0.18439099999999997  -0.778059             
4    12   0.78158    0.0                   0.0008779999999999344 0.21442499999999998   -0.78158              -0.78158              -0.78158              -0.78158              -0.021511000000000058 -0.78158              -0.78158              
4    13   0.742062   0.0                   0.0008340000000000014 0.178605              0.178605              0.178605              0.17768399999999995   0.17768399999999995   -0.742062             -0.742062             -0.742062             
4    14   0.753077   0.0                   0.0008470000000000422 0.0008470000000000422 0.0008470000000000422 0.05898700000000001   -0.753077             -0.753077             -0.753077             -0.753077             -0.19203199999999998  
4    15   0.738032   0.0                   0.0008299999999999974 0.0008299999999999974 0.0008299999999999974 0.05780799999999997   0.13574399999999998   -0.738032             -0.738032             -0.738032             0.24787199999999998   
4    16   0.753615   0.17951499999999998   0.17951499999999998   0.17951499999999998   0.17951499999999998   0.17951499999999998   0.17951499999999998   -0.753615             0.04962299999999997   -0.753615             -0.753615             
5    0    0.74542    -0.14340299999999995  -0.14272699999999994  -0.033247999999999944 -0.23624099999999992  -0.74542              -0.74542              -0.74542              -0.74542              -0.149837             -0.74542              
5    1    0.834999   -0.16063700000000003  -0.159879             -0.159879             -0.159879             -0.107815             -0.38189600000000007  -0.834999             -0.834999             -0.834999             -0.834999             
5    3    0.998691   4.0000000000040004e-052.8000000000028002e-05-0.10842799999999997  -0.11075800000000002  -0.010179999999999967 -0.010179999999999967 -0.998691             -0.998691             -0.998691             -0.998691             
5    4    0.997003   0.0                   0.0                   -0.21376099999999998  -0.21376099999999998  -0.15335900000000002  -0.47133499999999995  -0.997003             -0.997003             -0.997003             -0.259621             
5    5    0.88192    0.0                   -0.88192              -0.88192              -0.88192              -0.88192              -0.88192              -0.88192              -0.0015570000000000306-0.1917770000000001   -0.262205             
5    6    0.66679    0.0                   0.0                   0.0                   0.26587099999999997   0.26594300000000004   0.26594300000000004   -0.66679              -0.66679              -0.66679              -0.66679              
5    7    0.948421   0.0                   0.0008740000000000414 -0.05429699999999993  -0.05429699999999993  -0.03964499999999993  -0.007212999999999914 -0.948421             -0.948421             0.003798000000000079  0.012073              
5    8    0.872713   -0.872713             0.03120400000000001   0.03120400000000001   0.03120400000000001   0.117529              -0.872713             0.09741100000000003   0.026137000000000077  -0.872713             -0.872713             
5    9    0.948421   0.0                   0.0008740000000000414 -0.05429699999999993  -0.05429699999999993  -0.03964499999999993  -0.007212999999999914 -0.948421             -0.948421             0.003798000000000079  0.012073              
5    10   0.998691   4.0000000000040004e-052.8000000000028002e-05-0.10842799999999997  -0.11075800000000002  -0.010179999999999967 -0.010179999999999967 -0.998691             -0.998691             -0.998691             -0.998691             
5    11   0.778839   0.0                   0.0008750000000000702 0.213673              -0.778839             -0.778839             -0.27234099999999994  -0.778839             -0.778839             -0.048468999999999984 -0.778839             
5    12   0.782363   0.0                   0.0008789999999999631 0.21463999999999994   -0.782363             -0.782363             -0.782363             -0.782363             -0.782363             -0.782363             -0.782363             
5    13   0.742806   0.0                   0.0008340000000000014 -0.742806             -0.742806             -0.742806             -0.742806             0.22975200000000007   -0.742806             -0.742806             -0.742806             
5    14   0.753832   0.0                   0.0008470000000000422 0.0008470000000000422 0.0008470000000000422 0.05904600000000004   -0.753832             -0.753832             -0.753832             -0.753832             -0.38130699999999995  
5    15   0.738771   0.0                   0.0008310000000000262 0.0008310000000000262 0.0008310000000000262 0.057867              0.13588100000000003   -0.738771             -0.738771             -0.738771             -0.006556999999999924 
5    16   0.75437    0.17969500000000005   0.17969500000000005   0.17969500000000005   0.17969500000000005   0.17969500000000005   0.17969500000000005   -0.75437              -0.75437              -0.75437              -0.75437              
6    3    0.884267   0.005402999999999936  0.11396899999999999   0.11434599999999995   0.11435899999999999   -0.884267             -0.884267             -0.24008800000000008  -0.884267             -0.884267             -0.884267             
6    7    0.871647   0.0                   0.0                   -0.32717799999999997  -0.871647             -0.871647             -0.871647             -0.2956049999999999   -0.871647             -0.871647             0.006516000000000077  
6    8    0.869902   -0.869902             -0.869902             -0.869902             -0.869902             0.12215600000000004   0.024907000000000012  0.125772              -0.869902             0.110989              -0.869902             
6    9    0.871647   0.0                   0.0                   -0.32717799999999997  -0.871647             -0.871647             -0.871647             -0.2956049999999999   -0.871647             -0.871647             0.006516000000000077  
6    10   0.884267   0.005402999999999936  0.11396899999999999   0.11434599999999995   0.11435899999999999   -0.884267             -0.884267             -0.24008800000000008  -0.884267             -0.884267             -0.884267             
6    11   0.843509   0.0                   -0.2704209999999999   -0.843509             -0.843509             -0.843509             -0.843509             -0.23706899999999997  -0.843509             -0.843509             -0.843509             
6    12   0.847326   0.0                   -0.271645             -0.847326             -0.847326             -0.847326             -0.847326             -0.847326             -0.847326             -0.847326             -0.847326             
6    13   0.804484   0.0                   -0.257911             -0.804484             -0.804484             -0.804484             0.09256900000000001   0.19368799999999997   0.187523              0.19351700000000005   -0.804484             
6    14   0.816426   0.0                   -0.26173899999999994  -0.26173899999999994  -0.816426             -0.816426             -0.816426             -0.816426             -0.816426             -0.816426             -0.31223599999999996  
6    15   0.800115   0.0                   -0.25651              -0.25651              -0.800115             -0.800115             -0.800115             -0.800115             -0.800115             -0.800115             0.19188099999999997   
6    16   0.817008   -0.817008             -0.817008             -0.817008             -0.817008             -0.817008             -0.817008             -0.20830899999999997  -0.817008             0.17849500000000007   -0.817008             
7    3    0.888719   0.0015439999999999898 0.10954299999999995   0.10990899999999992   0.10991200000000001   -0.888719             -0.888719             -0.197924             -0.197924             -0.888719             -0.888719             
7    7    0.871647   0.0                   0.0                   -0.32717799999999997  -0.871647             -0.871647             -0.3407579999999999   -0.2539199999999999   -0.21987899999999994  -0.0010459999999999914-0.871647             
7    8    0.869902   -0.869902             -0.869902             -0.869902             -0.869902             0.12213000000000007   -0.869902             0.11713000000000007   -0.869902             -0.869902             -0.869902             
7    9    0.871647   0.0                   0.0                   -0.32717799999999997  -0.871647             -0.871647             -0.3407579999999999   -0.2539199999999999   -0.21987899999999994  -0.0010459999999999914-0.871647             
7    10   0.888719   0.0015439999999999898 0.10954299999999995   0.10990899999999992   0.10991200000000001   -0.888719             -0.888719             -0.197924             -0.197924             -0.888719             -0.888719             
7    11   0.843509   0.0                   -0.2704209999999999   -0.843509             -0.843509             -0.843509             -0.30265699999999995  -0.1931839999999999   -0.843509             0.07474700000000001   -0.843509             
7    12   0.847326   0.0                   -0.271645             -0.847326             -0.847326             -0.847326             -0.847326             -0.847326             -0.847326             -0.847326             -0.847326             
7    13   0.804484   0.0                   -0.257911             -0.804484             -0.804484             -0.804484             -0.804484             0.18502400000000008   -0.804484             -0.804484             0.12258800000000003   
7    14   0.816426   0.0                   -0.26173899999999994  -0.26173899999999994  -0.816426             -0.816426             -0.816426             -0.816426             -0.816426             -0.816426             -0.816426             
7    15   0.800115   0.0                   -0.25651              -0.25651              -0.800115             -0.800115             -0.800115             -0.800115             -0.800115             -0.800115             -0.800115             
7    16   0.817008   -0.817008             -0.817008             -0.817008             -0.817008             -0.817008             -0.817008             -0.164261             -0.817008             -0.817008             0.10774400000000006   
8    3    0.88961    0.0                   0.0                   0.0                   0.0                   -0.88961              -0.88961              -0.88961              -0.88961              -0.88961              -0.88961              
8    10   0.88961    0.0                   0.0                   0.0                   0.0                   -0.88961              -0.88961              -0.88961              -0.88961              -0.88961              -0.88961              
9    2    0.945814   0.0                   0.0                   0.0                   -0.945814             -0.945814             -0.29479900000000003  -0.945814             0.05218699999999998   0.05218699999999998   -0.945814             
9    3    0.884267   -0.884267             -0.884267             -0.884267             -0.884267             0.006232999999999933  0.006232999999999933  0.07677099999999992   0.07677099999999992   0.006232999999999933  -0.884267             
9    5    0.919568   0.0                   0.052681999999999896  0.052681999999999896  0.02624599999999999   0.02624599999999999   0.02624599999999999   -0.919568             -0.919568             -0.31086900000000006  0.014496999999999982  
9    10   0.884267   -0.884267             -0.884267             -0.884267             -0.884267             0.006232999999999933  0.006232999999999933  0.07677099999999992   0.07677099999999992   0.006232999999999933  -0.884267             
