#POrder PRank  DOrder  DRank  reverse     nonconformity protein
1       1      1       1      0.000000    3.965812      hsa_4214
2       2      2       2      0.000000    3.965812      hsa_1432&hsa_5600&hsa_5603&hsa_6300
3       3      3       3      0.000000    3.965812      hsa_5594&hsa_5595
4       4      4       4      0.000000    3.965812      hsa_5599&hsa_5601&hsa_5602
5       4      5       4      0.000000    3.965812      hsa_6416
6       6      13      13     0.059829    7.923077      hsa_3554&hsa_7850
7       6      14      13     0.059829    7.923077      hsa_3552&hsa_3553
8       8      17      16     0.068376    8.752137      hsa_7132
9       8      16      16     0.068376    8.752137      hsa_7124
10      10     6       6      0.034188    6.752137      hsa_4217
11      11     10      9      0.051282    5.247863      hsa_6885
12      11     9       9      0.051282    5.247863      hsa_10454
13      13     22      19     0.051282    7.196581      hsa_8491
14      14     15      13     0.059829    4.572650      hsa_1616
15      15     20      19     0.042735    5.897436      hsa_9448
16      16     19      19     0.042735    5.307692      hsa_5879&hsa_5880&hsa_5881&hsa_998
17      17     24      24     0.059829    7.923077      hsa_929
18      18     26      25     0.059829    7.923077      hsa_2002
19      19     27      25     0.059829    7.196581      hsa_468
20      20     21      19     0.068376    4.572650      hsa_22800&hsa_22808&hsa_3265&hsa_3845&hsa_4893&hsa_6237
21      21     25      25     0.051282    5.897436      hsa_2005
22      22     32      32     0.085470    10.632479     hsa_7157
23      23     18      18     0.111111    7.529915      hsa_836
24      24     38      36     0.102564    12.564103     hsa_4790&hsa_4791&hsa_5970&hsa_5971
25      25     34      33     0.085470    8.752137      hsa_3925
26      26     29      28     0.068376    4.786325      hsa_355
27      26     28      28     0.068376    4.786325      hsa_356
28      28     23      23     0.111111    7.529915      hsa_7186
29      29     33      33     0.059829    5.897436      hsa_100137049&hsa_123745&hsa_26279&hsa_30814&hsa_391013&hsa_50487&hsa_5319&hsa_53...
30      30     31      28     0.068376    5.247863      hsa_7040&hsa_7042&hsa_7043
31      30     30      28     0.068376    5.247863      hsa_7046&hsa_7048
32      32     48      41     0.076923    9.683761      hsa_3725
33      33     36      36     0.051282    5.307692      hsa_10368&hsa_10369&hsa_27091&hsa_27092&hsa_55799&hsa_59283&hsa_59284&hsa_59285&h...
34      34     47      41     0.068376    7.923077      hsa_3727
35      35     41      41     0.068376    7.196581      hsa_4773
36      36     46      41     0.068376    6.538462      hsa_3315
37      37     40      40     0.094017    5.307692      hsa_1147&hsa_3551&hsa_8517
38      38     44      41     0.059829    5.307692      hsa_4776
39      39     43      41     0.059829    4.786325      hsa_1386
40      40     42      41     0.059829    4.367521      hsa_4208
41      41     49      41     0.059829    3.965812      hsa_1649
42      42     45      41     0.059829    4.572650      hsa_4149
43      43     39      36     0.128205    9.170940      hsa_2768&hsa_55970
44      43     37      36     0.128205    9.170940      hsa_5922
45      45     35      33     0.153846    13.521368     hsa_4137
46      46     7       7      0.333333    38.692308     hsa_5608
47      47     59      59     0.102564    12.564103     hsa_51701
48      48     11      11     0.333333    36.794872     hsa_5604
49      49     57      56     0.076923    7.923077      hsa_10125&hsa_10235&hsa_115727&hsa_25780
50      50     56      56     0.076923    7.196581      hsa_5923&hsa_5924
51      51     8       7      0.367521    43.521368     hsa_5606
52      52     54      54     0.068376    4.786325      hsa_27330&hsa_6195&hsa_6196&hsa_6197
53      53     61      61     0.068376    8.752137      hsa_5598
54      53     63      61     0.068376    8.752137      hsa_5607
55      53     62      61     0.068376    8.752137      hsa_3164
56      56     50      50     0.068376    8.341880      hsa_7867&hsa_9261
57      57     55      54     0.085470    5.991453      hsa_2872&hsa_8569
58      58     60      60     0.068376    4.786325      hsa_8986&hsa_9252
59      59     58      58     0.076923    4.572650      hsa_8550
60      60     12      11     0.410256    48.435897     hsa_5605
61      61     53      51     0.085470    11.760684     hsa_5894
62      62     64      64     0.017094    4.786325      hsa_9020
63      63     51      51     0.094017    13.521368     hsa_673
64      64     52      51     0.094017    14.435897     hsa_4342
65      65     96      65     0.000000    3.965812      hsa_2246&hsa_2247&hsa_2248&hsa_2249&hsa_2250&hsa_2251&hsa_2252&hsa_2253&hsa_2254&...
66      65     103     65     0.000000    3.965812      hsa_5536
67      65     94      65     0.000000    3.965812      hsa_5154&hsa_5155
68      65     114     65     0.000000    3.965812      hsa_4914&hsa_4915
69      65     79      65     0.000000    3.965812      hsa_1398&hsa_1399
70      65     77      65     0.000000    3.965812      hsa_9064
71      65     90      65     0.000000    3.965812      hsa_9693
72      65     85      65     0.000000    3.965812      hsa_6722
73      65     86      65     0.000000    3.965812      hsa_6654&hsa_6655
74      65     111     65     0.000000    3.965812      hsa_7189
75      65     117     65     0.000000    3.965812      hsa_2122
76      65     78      65     0.000000    3.965812      hsa_2316&hsa_2317&hsa_2318
77      65     113     65     0.000000    3.965812      hsa_8649
78      65     92      65     0.000000    3.965812      hsa_1326
79      65     70      65     0.000000    3.965812      hsa_9175
80      65     76      65     0.000000    3.965812      hsa_408&hsa_409
81      65     115     65     0.000000    3.965812      hsa_51776
82      65     105     65     0.000000    3.965812      hsa_3303&hsa_3304&hsa_3305&hsa_3306&hsa_3310&hsa_3312
83      65     109     65     0.000000    3.965812      hsa_627
84      65     80      65     0.000000    3.965812      hsa_23162
85      65     83      65     0.000000    3.965812      hsa_5609
86      65     116     65     0.000000    3.965812      hsa_5494
87      65     106     65     0.000000    3.965812      hsa_1956
88      65     72      65     0.000000    3.965812      hsa_5058&hsa_5062
89      65     71      65     0.000000    3.965812      hsa_6788&hsa_6789
90      65     67      65     0.000000    3.965812      hsa_10746&hsa_4215
91      65     81      65     0.000000    3.965812      hsa_11184
92      65     65      65     0.000000    3.965812      hsa_4609
93      65     66      65     0.000000    3.965812      hsa_4216
94      65     107     65     0.000000    3.965812      hsa_1950
95      65     84      65     0.000000    3.965812      hsa_23542&hsa_9479
96      65     110     65     0.000000    3.965812      hsa_23118
97      65     102     65     0.000000    3.965812      hsa_11072&hsa_11221&hsa_1843&hsa_1844&hsa_1845&hsa_1846&hsa_1847&hsa_1848&hsa_184...
98      65     108     65     0.000000    3.965812      hsa_4908&hsa_4909
99      65     68      65     0.000000    3.965812      hsa_5871
100     65     98      65     0.000000    3.965812      hsa_10000&hsa_207&hsa_208
101     65     99      65     0.000000    3.965812      hsa_4763
102     65     82      65     0.000000    3.965812      hsa_4296
103     65     75      65     0.000000    3.965812      hsa_5566&hsa_5567&hsa_5568&hsa_5613
104     65     87      65     0.000000    3.965812      hsa_994
105     65     73      65     0.000000    3.965812      hsa_10912&hsa_1647&hsa_4616
106     65     101     65     0.000000    3.965812      hsa_5778&hsa_5801&hsa_84867
107     65     69      65     0.000000    3.965812      hsa_7786
108     65     112     65     0.000000    3.965812      hsa_51295
109     65     89      65     0.000000    3.965812      hsa_5906&hsa_5908
110     65     91      65     0.000000    3.965812      hsa_4803
111     65     100     65     0.000000    3.965812      hsa_5921
112     65     97      65     0.000000    3.965812      hsa_11261&hsa_5530&hsa_5532&hsa_5533&hsa_5534&hsa_5535&hsa_63928
113     65     74      65     0.000000    3.965812      hsa_5578&hsa_5579&hsa_5582
114     65     95      65     0.000000    3.965812      hsa_2260&hsa_2261&hsa_2263&hsa_2264
115     65     104     65     0.000000    3.965812      hsa_5495
116     65     88      65     0.000000    3.965812      hsa_2885
117     65     93      65     0.000000    3.965812      hsa_5156&hsa_5159
