40.357408     hsa_4214
25.142756     hsa_1432&hsa_5600&hsa_5603&hsa_6300
22.764587     hsa_5594&hsa_5595
18.798879     hsa_5599&hsa_5601&hsa_5602
18.798879     hsa_6416
14.069716     hsa_3554&hsa_7850
14.069716     hsa_3552&hsa_3553
14.038472     hsa_7132
14.038472     hsa_7124
13.947900     hsa_4217
13.770879     hsa_6885
13.770879     hsa_10454
9.939099      hsa_8491
9.483226      hsa_1616
9.370457      hsa_9448
9.176140      hsa_5879&hsa_5880&hsa_5881&hsa_998
8.050218      hsa_929
7.834964      hsa_2002
7.731755      hsa_468
7.359443      hsa_22800&hsa_22808&hsa_3265&hsa_3845&hsa_4893&hsa_6237
7.221351      hsa_2005
6.226945      hsa_7157
5.395865      hsa_836
5.157747      hsa_4790&hsa_4791&hsa_5970&hsa_5971
5.146202      hsa_3925
5.126367      hsa_355
5.126367      hsa_356
4.966153      hsa_7186
4.938016      hsa_100137049&hsa_123745&hsa_26279&hsa_30814&hsa_391013&hsa_50487&hsa_5319&hsa_53...
4.356859      hsa_7040&hsa_7042&hsa_7043
4.356859      hsa_7046&hsa_7048
4.351241      hsa_3725
4.299274      hsa_10368&hsa_10369&hsa_27091&hsa_27092&hsa_55799&hsa_59283&hsa_59284&hsa_59285&h...
4.096055      hsa_3727
3.792885      hsa_4773
3.711399      hsa_3315
3.696940      hsa_1147&hsa_3551&hsa_8517
3.651116      hsa_4776
3.621840      hsa_1386
3.377082      hsa_4208
3.326637      hsa_1649
3.262177      hsa_4149
3.060169      hsa_2768&hsa_55970
3.060169      hsa_5922
2.477246      hsa_4137
2.105449      hsa_5608
1.562113      hsa_51701
1.358059      hsa_5604
1.199556      hsa_10125&hsa_10235&hsa_115727&hsa_25780
1.052552      hsa_5923&hsa_5924
1.027825      hsa_5606
0.944299      hsa_27330&hsa_6195&hsa_6196&hsa_6197
0.903917      hsa_5598
0.903917      hsa_5607
0.903917      hsa_3164
0.656812      hsa_7867&hsa_9261
0.609690      hsa_2872&hsa_8569
0.438549      hsa_8986&hsa_9252
0.384235      hsa_8550
0.276310      hsa_5605
0.089679      hsa_5894
0.033498      hsa_9020
0.008579      hsa_673
0.003703      hsa_4342
0.000000      hsa_2246&hsa_2247&hsa_2248&hsa_2249&hsa_2250&hsa_2251&hsa_2252&hsa_2253&hsa_2254&...
0.000000      hsa_5536
0.000000      hsa_5154&hsa_5155
0.000000      hsa_4914&hsa_4915
0.000000      hsa_1398&hsa_1399
0.000000      hsa_9064
0.000000      hsa_9693
0.000000      hsa_6722
0.000000      hsa_6654&hsa_6655
0.000000      hsa_7189
0.000000      hsa_2122
0.000000      hsa_2316&hsa_2317&hsa_2318
0.000000      hsa_8649
0.000000      hsa_1326
0.000000      hsa_9175
0.000000      hsa_408&hsa_409
0.000000      hsa_51776
0.000000      hsa_3303&hsa_3304&hsa_3305&hsa_3306&hsa_3310&hsa_3312
0.000000      hsa_627
0.000000      hsa_23162
0.000000      hsa_5609
0.000000      hsa_5494
0.000000      hsa_1956
0.000000      hsa_5058&hsa_5062
0.000000      hsa_6788&hsa_6789
0.000000      hsa_10746&hsa_4215
0.000000      hsa_11184
0.000000      hsa_4609
0.000000      hsa_4216
0.000000      hsa_1950
0.000000      hsa_23542&hsa_9479
0.000000      hsa_23118
0.000000      hsa_11072&hsa_11221&hsa_1843&hsa_1844&hsa_1845&hsa_1846&hsa_1847&hsa_1848&hsa_184...
0.000000      hsa_4908&hsa_4909
0.000000      hsa_5871
0.000000      hsa_10000&hsa_207&hsa_208
0.000000      hsa_4763
0.000000      hsa_4296
0.000000      hsa_5566&hsa_5567&hsa_5568&hsa_5613
0.000000      hsa_994
0.000000      hsa_10912&hsa_1647&hsa_4616
0.000000      hsa_5778&hsa_5801&hsa_84867
0.000000      hsa_7786
0.000000      hsa_51295
0.000000      hsa_5906&hsa_5908
0.000000      hsa_4803
0.000000      hsa_5921
0.000000      hsa_11261&hsa_5530&hsa_5532&hsa_5533&hsa_5534&hsa_5535&hsa_63928
0.000000      hsa_5578&hsa_5579&hsa_5582
0.000000      hsa_2260&hsa_2261&hsa_2263&hsa_2264
0.000000      hsa_5495
0.000000      hsa_2885
0.000000      hsa_5156&hsa_5159
