0    0    0
0    1    0
0    2    0
0    3    0
0    4    0
0    5    0
0    6    0
0    7    0
0    8    0
0    9    0
0    10   0
0    11   0
0    12   0
1    0    0
1    1    0
1    2    0
1    3    0
1    4    0
1    5    0
1    6    0
1    7    0
1    8    0
1    9    0
1    10   0
1    11   0
1    12   0
2    0    0
2    1    0
2    2    0
2    3    0
2    4    0
2    5    0
2    6    0
2    7    0
2    8    0
2    9    0
2    10   0
2    11   0
2    12   0
3    0    0
3    1    0.812071
3    2    0.404068
3    3    0.775201
3    4    0.649103
3    5    0
3    6    0.386576
3    7    0
3    8    0.84601
3    9    0
3    10   0.608365
3    11   0.601951
3    12   0
4    0    0
4    1    0.87054
4    2    0.43316
4    3    0.831015
4    4    0.695838
4    5    0
4    6    0.414409
4    7    0
4    8    0.938045
4    9    0
4    10   0
4    11   0
4    12   0
5    0    0
5    1    0
5    2    0
5    3    0
5    4    0
5    5    0
5    6    0
5    7    0
5    8    0
5    9    0
5    10   0
5    11   0
5    12   0
6    0    0
6    1    0
6    2    0
6    3    0
6    4    0
6    5    0
6    6    0
6    7    0
6    8    0
6    9    0
6    10   0
6    11   0
6    12   0
7    0    0
7    1    0.85359
7    2    0.424727
7    3    0.814835
7    4    0.68229
7    5    0
7    6    0.40634
7    7    0
7    8    0.889264
7    9    0
7    10   0.639469
7    11   0.632728
7    12   0
8    0    0
8    1    0.812071
8    2    0.404068
8    3    0.775201
8    4    0.649103
8    5    0
8    6    0.386576
8    7    0
8    8    0.84601
8    9    0
8    10   0.608365
8    11   0.601951
8    12   0
9    0    0
9    1    0.792059
9    2    0.39411
9    3    0.756098
9    4    0.633107
9    5    0
9    6    0.377049
9    7    0
9    8    0.853478
9    9    0
9    10   0
9    11   0
9    12   0
10   0    0
10   1    0.925716
10   2    0.460615
10   3    0.883687
10   4    0.739942
10   5    0
10   6    0.440675
10   7    0
10   8    0.791227
10   9    0
10   10   0
10   11   0
10   12   0
11   0    0
11   1    0.921672
11   2    0.458602
11   3    0.879826
11   4    0.736709
11   5    0
11   6    0.438749
11   7    0
11   8    0.959933
11   9    0
11   10   0
11   11   0
11   12   0
12   0    0.94
12   1    0.798821
12   2    0.397475
12   3    0.762553
12   4    0.638512
12   5    0
12   6    0.380268
12   7    0
12   8    0.682767
12   9    0
12   10   0
12   11   0
12   12   0
13   0    0
13   1    0
13   2    0
13   3    0
13   4    0
13   5    0
13   6    0
13   7    0
13   8    0
13   9    0
13   10   0
13   11   0
13   12   0
