0    0    0
0    1    0
0    2    0
0    3    0
0    4    0
0    5    0
0    6    0
0    7    0
0    8    0
0    9    0
0    10   0
0    11   0
0    12   0
1    0    0
1    1    0
1    2    0
1    3    0
1    4    0
1    5    0
1    6    0
1    7    0
1    8    0
1    9    0
1    10   0
1    11   0
1    12   0
2    0    0
2    1    0
2    2    0
2    3    0
2    4    0
2    5    0
2    6    0
2    7    0
2    8    0
2    9    0
2    10   0
2    11   0
2    12   0
3    0    0
3    1    0.777963
3    2    0.792376
3    3    0.742642
3    4    0.62184
3    5    0
3    6    0.404966
3    7    0
3    8    0.808948
3    9    0
3    10   0.556346
3    11   0.550481
3    12   0
4    0    0
4    1    0.902115
4    2    0.918828
4    3    0.861157
4    4    0.721077
4    5    0
4    6    0
4    7    0
4    8    0.938045
4    9    0
4    10   0.645131
4    11   0.63833
4    12   0
5    0    0
5    1    0
5    2    0
5    3    0
5    4    0
5    5    0
5    6    0
5    7    0
5    8    0
5    9    0
5    10   0
5    11   0
5    12   0
6    0    0
6    1    0
6    2    0
6    3    0
6    4    0
6    5    0
6    6    0
6    7    0
6    8    0
6    9    0
6    10   0
6    11   0
6    12   0
7    0    0
7    1    0.817738
7    2    0.832888
7    3    0.780611
7    4    0.653633
7    5    0
7    6    0.425671
7    7    0
7    8    0.850307
7    9    0
7    10   0.584791
7    11   0.578626
7    12   0
8    0    0
8    1    0.777963
8    2    0.792376
8    3    0.742642
8    4    0.62184
8    5    0
8    6    0.404966
8    7    0
8    8    0.808948
8    9    0
8    10   0.556346
8    11   0.550481
8    12   0
9    0    0
9    1    0.820788
9    2    0.835994
9    3    0.783522
9    4    0.65607
9    5    0
9    6    0
9    7    0
9    8    0.853478
9    9    0
9    10   0.586972
9    11   0.580784
9    12   0
10   0    0
10   1    0.925716
10   2    0.942867
10   3    0.883687
10   4    0.739942
10   5    0
10   6    0
10   7    0
10   8    0.791227
10   9    0
10   10   0.662009
10   11   0.65503
10   12   0
11   0    0
11   1    0.921672
11   2    0.938747
11   3    0.879826
11   4    0.736709
11   5    0
11   6    0
11   7    0
11   8    0.959933
11   9    0
11   10   0.659117
11   11   0.652168
11   12   0
12   0    0.94
12   1    0.870173
12   2    0.886295
12   3    0.830665
12   4    0.695545
12   5    0
12   6    0
12   7    0
12   8    0.743753
12   9    0
12   10   0.622289
12   11   0.615728
12   12   0
13   0    0
13   1    0.648399
13   2    0.80344
13   3    0.61896
13   4    0.518277
13   5    0
13   6    0
13   7    0
13   8    0.674224
13   9    0
13   10   0.463691
13   11   0.458803
13   12   0
