#s   t    P_ref      d=0.05                d=0.1                 d=0.15                d=0.2                 d=0.25                d=0.3                 d=0.35                d=0.4                 d=0.45                d=0.5                 
0    1    0.0        0.0                   0.0                   0.0                   0.923863              0.923863              0.923863              0.923863              0.923863              0.923863              0.923863              
0    2    0.0        0.0                   0.0                   0.0                   0.459693              0.459693              0.459693              0.459693              0.459693              0.459693              0.459693              
0    3    0.0        0.0                   0.0                   0.0                   0.881918              0.881918              0.881918              0.881918              0.881918              0.881918              0.881918              
0    5    0.0        0.0                   0.0                   0.0                   0.0                   0.0                   0.0                   0.0                   0.0                   0.329679              0.329679              
0    6    0.0        0.0                   0.0                   0.0                   0.439793              0.439793              0.439793              0.439793              0.439793              0.0                   0.397513              
0    7    0.0        0.0                   0.0                   0.0                   0.0                   0.0                   0.0                   0.0                   0.0                   0.0                   0.587946              
0    8    0.0        0.0                   0.0                   0.0                   0.73846               0.73846               0.73846               0.73846               0.73846               0.73846               0.73846               
0    10   0.0        0.0                   0.0                   0.0                   0.0                   0.0                   0.0                   0.0                   0.0                   0.0                   0.636275              
0    11   0.0        0.0                   0.0                   0.0                   0.0                   0.0                   0.0                   0.0                   0.0                   0.0                   0.736745              
3    1    0.750733   0.0                   -0.0809879999999999   -0.0809879999999999   -0.0809879999999999   -0.750733             -0.750733             -0.750733             -0.750733             -0.750733             -0.750733             
3    2    0.373547   0.0                   -0.040297             -0.040297             -0.040297             -0.373547             -0.373547             -0.373547             -0.373547             -0.373547             -0.373547             
3    3    0.716648   0.0                   -0.0773109999999999   -0.0773109999999999   -0.0773109999999999   -0.716648             -0.716648             -0.716648             -0.716648             -0.716648             -0.716648             
3    4    0.600074   -0.600074             -0.600074             -0.600074             -0.600074             -0.600074             -0.600074             -0.600074             -0.600074             -0.600074             -0.600074             
3    5    0.267898   0.0                   0.000805              0.000805              0.000805              -0.267898             -0.267898             -0.267898             -0.267898             -0.267898             -0.267898             
3    6    0.357376   0.0                   -0.038553             -0.038553             -0.038553             -0.357376             -0.357376             -0.357376             -0.357376             -0.357376             -0.357376             
3    7    0.562156   0.0                   0.0                   0.0                   0.0                   -0.562156             -0.562156             -0.562156             -0.562156             -0.562156             -0.562156             
3    8    0.652373   0.13409               0.119625              0.119625              0.119625              0.301794              0.301794              0.301794              0.301794              0.301794              0.301794              
3    10   0.608365   0.0                   0.0                   0.0                   0.0                   -0.608365             -0.608365             -0.608365             -0.608365             -0.608365             -0.608365             
3    11   0.601951   0.0                   0.0                   0.0                   0.0                   -0.601951             -0.601951             -0.601951             -0.601951             -0.601951             -0.601951             
4    1    0.87054    0.0                   -0.093913             -0.093913             -0.093913             0.00144600000000006   0.00144600000000006   0.00144600000000006   0.00144600000000006   0.003992              0.003992              
4    2    0.43316    0.0                   -0.046728             -0.046728             -0.046728             0.000719999999999998  0.000719999999999998  0.000719999999999998  0.000719999999999998  0.00198700000000002   0.00198700000000002   
4    3    0.831015   0.0                   -0.089649             -0.089649             -0.089649             0.00138100000000008   0.00138100000000008   0.00138100000000008   0.00138100000000008   0.00381100000000001   0.00381100000000001   
4    4    0.695838   -0.695838             -0.695838             -0.695838             -0.695838             -0.695838             -0.695838             -0.695838             -0.695838             -0.695838             -0.695838             
4    5    0.31065    0.0                   0.000934000000000046  0.000934000000000046  0.000934000000000046  0.000934000000000046  0.000934000000000046  0.000934000000000046  0.000934000000000046  0.00142500000000001   0.00142500000000001   
4    6    0.414409   0.0                   -0.044706             -0.044706             -0.044706             0.000687999999999966  0.000687999999999966  0.000687999999999966  0.000687999999999966  0.00124599999999997   0.00124599999999997   
4    7    0.0        0.0                   0.0                   0.0                   0.0                   0.0                   0.0                   0.0                   0.0                   0.0                   0.556552              
4    8    0.756482   0.15549               0.138716              0.138716              0.138716              -0.059488             -0.059488             -0.059488             -0.059488             -0.057453             -0.057453             
4    10   0.0        0.0                   0.0                   0.0                   0.0                   0.0                   0.0                   0.0                   0.0                   0.0                   0.6023                
4    11   0.0        0.0                   0.0                   0.0                   0.0                   0.0                   0.0                   0.770369              0.770369              0.770369              0.770369              
7    1    0.789116   0.0                   -0.085129             -0.085129             -0.085129             0.00131099999999995   0.00131099999999995   0.0489959999999999    0.0489959999999999    0.0514429999999999    -0.789116             
7    2    0.392646   0.0                   -0.042358             -0.042358             -0.042358             0.000651999999999986  0.000651999999999986  0.024379              0.024379              0.025597              -0.392646             
7    3    0.753288   0.0                   -0.081263             -0.081263             -0.081263             0.00125200000000003   0.00125200000000003   0.046772              0.046772              0.049108              -0.753288             
7    4    0.630755   -0.630755             -0.630755             -0.630755             -0.630755             -0.630755             -0.630755             -0.630755             -0.630755             -0.630755             -0.630755             
7    5    0.281594   0.0                   0.000846999999999987  0.000846999999999987  0.000846999999999987  0.000846999999999987  0.000846999999999987  0.017886              0.017886              0.018358              -0.281594             
7    6    0.375648   0.0                   -0.040524             -0.040524             -0.040524             0.000624000000000013  0.000624000000000013  0.023324              0.023324              0.02386               -0.375648             
7    7    0.590897   0.0                   0.0                   0.0                   0.0                   0.0                   0.0                   0.0                   0.0                   0.0                   -0.590897             
7    8    0.685727   0.140946              0.125741              0.125741              0.125741              -0.053924             -0.053924             -0.015809             -0.015809             -0.013853             -0.685727             
7    10   0.639469   0.0                   0.0                   0.0                   0.0                   0.0                   0.0                   0.0                   0.0                   0.0                   -0.639469             
7    11   0.632728   0.0                   0.0                   0.0                   0.0                   0.0                   0.0                   0.107715              0.107715              0.107715              -0.632728             
8    1    0.750733   0.0                   -0.0809879999999999   -0.0809879999999999   -0.0809879999999999   -0.750733             -0.750733             -0.750733             -0.750733             -0.750733             -0.750733             
8    2    0.373547   0.0                   -0.040297             -0.040297             -0.040297             -0.373547             -0.373547             -0.373547             -0.373547             -0.373547             -0.373547             
8    3    0.716648   0.0                   -0.0773109999999999   -0.0773109999999999   -0.0773109999999999   -0.716648             -0.716648             -0.716648             -0.716648             -0.716648             -0.716648             
8    4    0.600074   -0.600074             -0.600074             -0.600074             -0.600074             -0.600074             -0.600074             -0.600074             -0.600074             -0.600074             -0.600074             
8    5    0.267898   0.0                   0.000805              0.000805              0.000805              -0.267898             -0.267898             -0.267898             -0.267898             -0.267898             -0.267898             
8    6    0.357376   0.0                   -0.038553             -0.038553             -0.038553             -0.357376             -0.357376             -0.357376             -0.357376             -0.357376             -0.357376             
8    7    0.562156   0.0                   0.0                   0.0                   0.0                   -0.562156             -0.562156             -0.562156             -0.562156             -0.562156             -0.562156             
8    8    0.652373   0.13409               0.119625              0.119625              0.119625              0.301794              0.301794              0.301794              0.301794              0.301794              0.301794              
8    10   0.608365   0.0                   0.0                   0.0                   0.0                   -0.608365             -0.608365             -0.608365             -0.608365             -0.608365             -0.608365             
8    11   0.601951   0.0                   0.0                   0.0                   0.0                   -0.601951             -0.601951             -0.601951             -0.601951             -0.601951             -0.601951             
9    1    0.792059   0.0                   -0.0854459999999999   -0.0854459999999999   -0.0854459999999999   0.00131600000000009   0.00131600000000009   -0.0468959999999999   0.115124              0.115124              0.115124              
9    2    0.39411    0.0                   -0.042516             -0.042516             -0.042516             0.000654999999999961  0.000654999999999961  -0.023334             0.057283              0.057283              0.057283              
9    3    0.756098   0.0                   -0.0815670000000001   -0.0815670000000001   -0.0815670000000001   0.00125599999999992   0.00125599999999992   -0.044767             0.109897              0.109897              0.109897              
9    4    0.633107   -0.633107             -0.633107             -0.633107             -0.633107             -0.633107             -0.633107             -0.633107             -0.633107             -0.633107             -0.633107             
9    5    0.282645   0.0                   0.000850000000000017  0.000850000000000017  0.000850000000000017  0.000850000000000017  0.000850000000000017  -0.016378             -0.282645             0.041082              0.041082              
9    6    0.377049   0.0                   -0.040675             -0.040675             -0.040675             0.000626999999999989  0.000626999999999989  -0.022324             0.054804              -0.377049             0.013287              
9    7    0.0        0.0                   0.0                   0.0                   0.0                   0.0                   0.0                   0.525365              0.0                   0.0                   0.577331              
9    8    0.688284   0.141472              0.126211              0.126211              0.126211              -0.054125             -0.054125             -0.092662             0.036844              0.036844              0.036844              
9    10   0.0        0.0                   0.0                   0.0                   0.0                   0.0                   0.0                   0.56855               0.0                   0.0                   0.624788              
9    11   0.0        0.0                   0.0                   0.0                   0.0                   0.0                   0.0                   0.658325              0.0                   0.0                   0.723444              
10   1    0.925716   0.0                   -0.925716             -0.925716             -0.925716             -0.925716             -0.925716             -0.925716             -0.925716             -0.925716             -0.925716             
10   2    0.460615   0.0                   -0.460615             -0.460615             -0.460615             -0.460615             -0.460615             -0.460615             -0.460615             -0.460615             -0.460615             
10   3    0.883687   0.0                   -0.883687             -0.883687             -0.883687             -0.883687             -0.883687             -0.883687             -0.883687             -0.883687             -0.883687             
10   4    0.739942   -0.739942             -0.739942             -0.739942             -0.739942             -0.739942             -0.739942             -0.739942             -0.739942             -0.739942             -0.739942             
10   5    0.33034    0.0                   -0.33034              -0.33034              -0.33034              -0.33034              -0.33034              -0.33034              -0.33034              -0.33034              -0.33034              
10   6    0.440675   0.0                   -0.440675             -0.440675             -0.440675             -0.440675             -0.440675             -0.440675             -0.440675             -0.440675             -0.440675             
10   8    0.0        0.739942              0.0                   0.0                   0.0                   0.0                   0.0                   0.0                   0.0                   0.0                   0.0                   
11   1    0.921672   0.0                   -0.0664800000000001   -0.0664800000000001   -0.0664800000000001   -0.052629             -0.052629             -0.172944             -0.172944             -0.172944             -0.172944             
11   2    0.458602   0.0                   -0.033078             -0.033078             -0.033078             -0.026187             -0.026187             -0.086053             -0.086053             -0.086053             -0.086053             
11   3    0.879826   0.0                   -0.063462             -0.063462             -0.063462             -0.05024              -0.05024              -0.165092             -0.165092             -0.165092             -0.165092             
11   4    0.736709   -0.736709             -0.736709             -0.736709             -0.736709             -0.736709             -0.736709             -0.736709             -0.736709             -0.736709             -0.736709             
11   5    0.328897   0.0                   -0.051322             -0.051322             -0.051322             -0.051322             -0.051322             -0.051322             -0.051322             -0.061715             -0.061715             
11   6    0.438749   0.0                   -0.031646             -0.031646             -0.031646             -0.025053             -0.025053             -0.082327             -0.082327             -0.068464             -0.016194             
11   7    0.0        0.0                   0.0                   0.0                   0.0                   0.0                   0.0                   0.0                   0.0                   0.0                   0.47649               
11   8    0.54012    0.336664              0.294241              0.294241              0.294241              0.154521              0.154521              0.0583509999999999    0.0583509999999999    0.0583509999999999    0.0583509999999999    
11   10   0.0        0.0                   0.0                   0.0                   0.0                   0.0                   0.0                   0.0                   0.0                   0.0                   0.515657              
11   11   0.0        0.0                   0.0                   0.0                   0.0                   0.0                   0.0                   0.686282              0.686282              0.686282              0.783159              
12   0    0.94       0.0                   0.0                   0.0                   0.0                   0.0                   0.0                   0.0                   0.0                   0.0                   0.0                   
12   1    0.798821   -0.798821             -0.798821             -0.798821             -0.798821             -0.798821             -0.798821             -0.798821             -0.798821             -0.798821             -0.798821             
12   2    0.397475   -0.397475             -0.397475             -0.397475             -0.397475             -0.397475             -0.397475             -0.397475             -0.397475             -0.397475             -0.397475             
12   3    0.762553   -0.762553             -0.762553             -0.762553             -0.762553             -0.762553             -0.762553             -0.762553             -0.762553             -0.762553             -0.762553             
12   4    0.638512   0.235688              0.235688              0.235688              0.235688              0.235688              0.235688              0.235688              0.235688              0.235688              0.235688              
12   5    0.285058   -0.285058             -0.285058             -0.285058             -0.285058             -0.285058             -0.285058             -0.285058             -0.285058             -0.285058             -0.285058             
12   6    0.380268   -0.380268             -0.380268             -0.380268             -0.380268             -0.380268             -0.380268             -0.380268             -0.380268             -0.380268             -0.380268             
