#s   t    P_ref      d=0.05                d=0.1                 d=0.15                d=0.2                 d=0.25                d=0.3                 d=0.35                d=0.4                 d=0.45                d=0.5                 
1    6    0.0        0.0                   0.0                   0.0                   0.0                   0.979                 0.979                 0.979                 0.979                 0.979                 0.979                 
2    1    0.0        0.0                   0.0                   0.87054               0.894726              0.894726              0.894773              0.894773              0.894773              0.894773              0.894773              
2    2    0.0        0.0                   0.0                   0.43316               0.445195              0.445195              0.445218              0.445218              0.445218              0.445218              0.445218              
2    3    0.0        0.0                   0.0                   0.831015              0.854103              0.854103              0.854148              0.854148              0.0                   0.0                   0.0                   
2    4    0.0        0.0                   0.0                   0.695838              0.71517               0.71517               0.715208              0.715208              0.715208              0.715208              0.715208              
2    5    0.0        0.0                   0.0                   0.31065               0.319281              0.319281              0.319298              0.0                   0.0                   0.0                   0.0                   
2    7    0.0        0.0                   0.0                   0.549746              0.0                   0.0                   0.0                   0.0                   0.0                   0.0                   0.0                   
2    8    0.0        0.0                   0.0                   0.756482              0.756482              0.756482              0.756482              0.756482              0.756482              0.756482              0.756482              
2    10   0.0        0.0                   0.0                   0.594935              0.0                   0.0                   0.0                   0.0                   0.0                   0.0                   0.0                   
2    11   0.0        0.0                   0.0                   0.588664              0.0                   0.0                   0.0                   0.0                   0.0                   0.0                   0.0                   
3    1    0.750733   0.0                   0.0                   0.0                   0.044295              0.044295              0.044295              0.044295              0.044295              0.044295              0.044295              
3    2    0.373547   0.0                   0.0                   0.0                   0.022041              0.022041              0.022041              0.022041              0.022041              0.022041              0.022041              
3    3    0.716648   0.0                   0.0                   0.0                   0.0422840000000001    0.0422840000000001    0.0422840000000001    0.0422840000000001    -0.716648             -0.716648             -0.716648             
3    4    0.600074   0.0                   0.0                   0.0                   0.035406              0.035406              0.035406              0.035406              0.035406              0.035406              0.035406              
3    5    0.267898   0.0                   0.0                   0.0                   0.015806              0.015806              0.015806              -0.267898             -0.267898             -0.267898             -0.267898             
3    6    0.357376   0.0                   -0.357376             -0.357376             -0.357376             -0.357376             -0.357376             -0.357376             -0.357376             -0.357376             -0.357376             
3    7    0.562156   0.0                   0.0                   0.0                   -0.562156             -0.562156             -0.562156             -0.562156             -0.562156             -0.562156             -0.562156             
3    8    0.652373   0.0                   0.0                   0.0                   -0.382895             -0.382895             -0.428639             -0.11973              -0.11973              -0.11973              -0.11973              
3    10   0.608365   0.0                   0.0                   0.0                   -0.608365             -0.608365             -0.608365             -0.608365             -0.608365             -0.608365             -0.608365             
3    11   0.601951   0.0                   0.0                   0.0                   -0.601951             -0.601951             -0.601951             -0.601951             -0.601951             -0.601951             -0.601951             
4    1    0.87054    0.0                   0.0                   -0.87054              -0.87054              -0.87054              -0.87054              -0.87054              -0.87054              -0.87054              -0.87054              
4    2    0.43316    0.0                   0.0                   -0.43316              -0.43316              -0.43316              -0.43316              -0.43316              -0.43316              -0.43316              -0.43316              
4    3    0.831015   0.0                   0.0                   -0.831015             -0.831015             -0.831015             -0.831015             -0.831015             -0.831015             -0.831015             -0.831015             
4    4    0.695838   0.0                   0.0                   -0.695838             -0.695838             -0.695838             -0.695838             -0.695838             -0.695838             -0.695838             -0.695838             
4    5    0.31065    0.0                   0.0                   -0.31065              -0.31065              -0.31065              -0.31065              -0.31065              -0.31065              -0.31065              -0.31065              
4    6    0.414409   0.0                   -0.414409             -0.414409             -0.414409             -0.414409             -0.414409             -0.414409             -0.414409             -0.414409             -0.414409             
4    7    0.0        0.514234              0.549746              0.0                   0.0                   0.0                   0.0                   0.829842              0.829842              0.829842              0.829842              
4    8    0.756482   0.0                   0.0                   -0.756482             -0.756482             -0.756482             -0.756482             -0.756482             -0.756482             -0.756482             -0.756482             
4    10   0.0        0.556504              0.594935              0.0                   0.0                   0.0                   0.0                   0.0                   0.0                   0.0                   0.0                   
4    11   0.0        0.550637              0.588664              0.0                   0.0                   0.0                   0.0                   0.0                   0.0                   0.0                   0.0                   
7    1    0.789116   0.0                   -0.789116             -0.789116             -0.789116             -0.789116             -0.789116             -0.789116             -0.789116             -0.789116             -0.789116             
7    2    0.392646   0.0                   -0.392646             -0.392646             -0.392646             -0.392646             -0.392646             -0.392646             -0.392646             -0.392646             -0.392646             
7    3    0.753288   0.0                   -0.753288             -0.753288             -0.753288             -0.753288             -0.753288             -0.753288             -0.753288             -0.753288             -0.753288             
7    4    0.630755   0.0                   -0.630755             -0.630755             -0.630755             -0.630755             -0.630755             -0.630755             -0.630755             -0.630755             -0.630755             
7    5    0.281594   0.0                   -0.281594             -0.281594             -0.281594             -0.281594             -0.281594             -0.281594             -0.281594             -0.281594             -0.281594             
7    6    0.375648   0.0                   0.587408              0.587408              0.587408              -0.375648             -0.375648             -0.375648             -0.375648             -0.375648             -0.375648             
7    7    0.590897   0.0                   -0.590897             -0.590897             -0.590897             -0.590897             -0.590897             -0.590897             -0.590897             -0.590897             -0.590897             
7    8    0.685727   0.0                   -0.685727             -0.685727             -0.685727             -0.685727             -0.685727             -0.685727             -0.685727             -0.685727             -0.685727             
7    10   0.639469   0.0                   -0.639469             -0.639469             -0.639469             -0.639469             -0.639469             -0.639469             -0.639469             -0.639469             -0.639469             
7    11   0.632728   0.0                   -0.632728             -0.632728             -0.632728             -0.632728             -0.632728             -0.632728             -0.632728             -0.632728             -0.632728             
8    1    0.750733   0.0                   0.0                   0.0                   0.044295              0.044295              0.044295              0.044295              0.044295              0.044295              0.044295              
8    2    0.373547   0.0                   0.0                   0.0                   0.022041              0.022041              0.022041              0.022041              0.022041              0.022041              0.022041              
8    3    0.716648   0.0                   0.0                   0.0                   0.0422840000000001    0.0422840000000001    0.0422840000000001    0.0422840000000001    -0.716648             -0.716648             -0.716648             
8    4    0.600074   0.0                   0.0                   0.0                   0.035406              0.035406              0.035406              0.035406              0.035406              0.035406              0.035406              
8    5    0.267898   0.0                   0.0                   0.0                   0.015806              0.015806              0.015806              -0.267898             -0.267898             -0.267898             -0.267898             
8    6    0.357376   0.0                   -0.357376             -0.357376             -0.357376             -0.357376             -0.357376             -0.357376             -0.357376             -0.357376             -0.357376             
8    7    0.562156   0.0                   0.0                   0.0                   -0.562156             -0.562156             -0.562156             -0.562156             -0.562156             -0.562156             -0.562156             
8    8    0.652373   0.0                   0.0                   0.0                   -0.382895             -0.382895             -0.428639             -0.11973              -0.11973              -0.11973              -0.11973              
8    10   0.608365   0.0                   0.0                   0.0                   -0.608365             -0.608365             -0.608365             -0.608365             -0.608365             -0.608365             -0.608365             
8    11   0.601951   0.0                   0.0                   0.0                   -0.601951             -0.601951             -0.601951             -0.601951             -0.601951             -0.601951             -0.601951             
9    1    0.792059   0.0                   0.0                   0.0                   0.0220060000000001    0.0220060000000001    0.0220480000000001    0.0220480000000001    0.0220480000000001    0.0220480000000001    0.0220480000000001    
9    2    0.39411    0.0                   0.0                   0.0                   0.01095               0.01095               0.010971              0.010971              0.010971              0.010971              0.010971              
9    3    0.756098   0.0                   0.0                   0.0                   0.021006              0.021006              0.0210469999999999    0.0210469999999999    -0.756098             -0.756098             -0.756098             
9    4    0.633107   0.0                   0.0                   0.0                   0.0175890000000001    0.0175890000000001    0.017624              0.017624              0.017624              0.017624              0.017624              
9    5    0.282645   0.0                   0.0                   0.0                   0.00785200000000003   0.00785200000000003   0.00786800000000004   -0.282645             -0.282645             -0.282645             -0.282645             
9    6    0.377049   0.0                   -0.377049             -0.377049             -0.377049             -0.377049             -0.377049             -0.377049             -0.377049             -0.377049             -0.377049             
9    7    0.0        0.467875              0.500186              0.500186              0.0                   0.0                   0.0                   0.0                   0.0                   0.0                   0.0                   
9    8    0.688284   0.0                   0.0                   0.0                   0.0                   0.0                   0.0                   0.0                   0.0                   0.0                   0.0                   
9    10   0.0        0.506334              0.541301              0.541301              0.0                   0.0                   0.0                   0.0                   0.0                   0.0                   0.0                   
9    11   0.0        0.500996              0.535595              0.535595              0.0                   0.0                   0.0                   0.0                   0.0                   0.0                   0.0                   
10   1    0.925716   0.0                   0.0                   0.0                   0.0                   0.0                   0.0                   0.0                   0.0                   0.0                   -0.925716             
10   2    0.460615   0.0                   0.0                   0.0                   0.0                   0.0                   0.0                   0.0                   0.0                   0.0                   -0.460615             
10   3    0.883687   0.0                   0.0                   0.0                   0.0                   0.0                   0.0                   0.0                   -0.883687             -0.883687             -0.883687             
10   4    0.739942   0.0                   0.0                   0.0                   0.0                   0.0                   0.0                   0.0                   0.0                   0.0                   -0.739942             
10   5    0.33034    0.0                   0.0                   0.0                   0.0                   0.0                   0.0                   -0.33034              -0.33034              -0.33034              -0.33034              
10   6    0.440675   0.0                   -0.440675             -0.440675             -0.440675             -0.440675             -0.440675             -0.440675             -0.440675             -0.440675             -0.440675             
10   7    0.0        0.0                   0.270383              0.270383              0.0                   0.0                   0.0                   0.0                   0.0                   0.0                   0.0                   
10   8    0.0        0.0                   0.313775              0.313775              0.313775              0.313775              0.260512              0.6202                0.6202                0.6202                0.0                   
10   10   0.0        0.0                   0.292608              0.292608              0.0                   0.0                   0.0                   0.0                   0.0                   0.0                   0.0                   
10   11   0.0        0.0                   0.289523              0.289523              0.0                   0.0                   0.0                   0.0                   0.0                   0.0                   0.0                   
11   1    0.921672   -0.000885000000000025 -0.000885000000000025 -0.000885000000000025 -0.000200000000000089 -0.000200000000000089 -0.00019900000000006  -0.00019900000000006  -0.00019900000000006  -0.00019900000000006  -0.025205             
11   2    0.458602   -0.000439999999999996 -0.000439999999999996 -0.000439999999999996 -9.90000000000157e-05 -9.90000000000157e-05 -9.90000000000157e-05 -9.90000000000157e-05 -9.90000000000157e-05 -9.90000000000157e-05 -0.012541             
11   3    0.879826   -0.000844999999999985 -0.000844999999999985 -0.000844999999999985 -0.000191000000000052 -0.000191000000000052 -0.000190000000000023 -0.000190000000000023 -0.879826             -0.879826             -0.879826             
11   4    0.736709   -0.000706999999999902 -0.000706999999999902 -0.000706999999999902 -0.000159999999999938 -0.000159999999999938 -0.000158999999999909 -0.000158999999999909 -0.000158999999999909 -0.000158999999999909 -0.0201469999999999   
11   5    0.328897   -0.000315999999999983 -0.000315999999999983 -0.000315999999999983 -7.20000000000165e-05 -7.20000000000165e-05 -7.09999999999877e-05 -0.328897             -0.328897             -0.328897             -0.328897             
11   6    0.438749   -0.000421000000000005 -0.438749             -0.438749             -0.438749             -0.438749             -0.438749             -0.438749             -0.438749             -0.438749             -0.438749             
11   7    0.0        0.442224              0.516323              0.516323              0.0                   0.0                   0.0                   0.0                   0.0                   0.0                   0.0                   
11   8    0.54012    0.110429              0.159713              0.159713              0.159713              0.159713              0.151348              0.207844              0.207844              0.207844              0.191817              
11   10   0.0        0.478574              0.558765              0.558765              0.0                   0.0                   0.0                   0.0                   0.0                   0.0                   0.0                   
11   11   0.0        0.473529              0.552874              0.552874              0.0                   0.0                   0.0                   0.0                   0.0                   0.0                   0.0                   
12   0    0.94       0.0                   0.0                   0.0                   0.0                   0.0                   0.0                   0.0                   0.0                   0.0                   0.0                   
12   1    0.798821   0.0                   0.0                   0.0                   0.0                   0.0                   0.0                   0.0                   0.0                   0.0                   0.0                   
12   2    0.397475   0.0                   0.0                   0.0                   0.0                   0.0                   0.0                   0.0                   0.0                   0.0                   0.0                   
12   3    0.762553   0.0                   0.0                   0.0                   0.0                   0.0                   0.0                   0.0                   -0.762553             -0.762553             -0.762553             
12   4    0.638512   0.0                   0.0                   0.0                   0.0                   0.0                   0.0                   0.0                   0.0                   0.0                   0.0                   
12   5    0.285058   0.0                   0.0                   0.0                   0.0                   0.0                   0.0                   -0.285058             -0.285058             -0.285058             -0.285058             
12   6    0.380268   0.0                   -0.380268             -0.380268             -0.380268             -0.380268             -0.380268             -0.380268             -0.380268             -0.380268             -0.380268             
12   7    0.0        0.0                   0.233319              0.233319              0.0                   0.0                   0.0                   0.0                   0.0                   0.0                   0.0                   
12   8    0.0        0.0                   0.270763              0.270763              0.270763              0.270763              0.224802              0.535184              0.535184              0.535184              0.535184              
12   10   0.0        0.0                   0.252498              0.252498              0.0                   0.0                   0.0                   0.0                   0.0                   0.0                   0.0                   
12   11   0.0        0.0                   0.249836              0.249836              0.0                   0.0                   0.0                   0.0                   0.0                   0.0                   0.0                   
