#s   t    P_ref      d=0.05                d=0.1                 d=0.15                d=0.2                 d=0.25                d=0.3                 d=0.35                d=0.4                 d=0.45                d=0.5                 
3    1    0.750733   0.07848900000000003   -0.750733             0.0022570000000000645 -0.750733             -0.750733             -0.750733             -0.750733             -0.750733             -0.750733             -0.750733             
3    2    0.373547   0.039055000000000006  -0.373547             0.0011239999999999584 -0.373547             -0.373547             -0.373547             -0.373547             -0.373547             -0.373547             -0.373547             
3    3    0.716648   0.07492600000000005   0.08174200000000009   0.08174200000000009   0.1072240000000001    0.1072240000000001    0.1072240000000001    0.1072240000000001    0.03925500000000004   -0.716648             -0.716648             
3    4    0.600074   0.06273799999999996   -0.600074             0.0018050000000000566 -0.600074             -0.600074             -0.600074             -0.009383999999999948 -0.600074             -0.600074             -0.600074             
3    5    0.267898   0.028007999999999977  -0.267898             0.0008050000000000002 -0.267898             -0.267898             -0.267898             -0.267898             -0.267898             -0.267898             -0.05784900000000001  
3    6    0.357376   0.03736399999999995   -0.357376             -0.357376             -0.357376             -0.357376             -0.357376             0.36806799999999995   -0.357376             -0.357376             -0.357376             
3    7    0.562156   -0.562156             -0.562156             0.16620900000000005   0.24373600000000006   -0.562156             -0.562156             -0.562156             -0.562156             -0.562156             -0.562156             
3    8    0.652373   0.04104200000000002   0.0                   -0.652373             -0.652373             -0.652373             -0.652373             0.14732200000000006   0.08134700000000006   -0.652373             -0.10696499999999998  
3    10   0.608365   -0.608365             -0.608365             -0.608365             -0.608365             -0.608365             -0.608365             -0.608365             -0.608365             0.212885              0.08222099999999999   
3    11   0.601951   -0.601951             -0.601951             -0.601951             -0.601951             -0.601951             -0.601951             -0.601951             -0.601951             -0.601951             -0.601951             
4    1    0.87054    0.0                   -0.87054              0.0026169999999999805 -0.87054              -0.87054              -0.87054              -0.87054              -0.87054              -0.87054              -0.87054              
4    2    0.43316    0.0                   -0.43316              0.0013029999999999986 -0.43316              -0.43316              -0.43316              -0.43316              -0.43316              -0.43316              -0.43316              
4    3    0.831015   0.0                   0.03156800000000004   0.03156800000000004   -0.05063099999999998  -0.831015             0.02007200000000009   0.02007200000000009   0.02007200000000009   0.02007200000000009   -0.831015             
4    4    0.695838   0.0                   -0.695838             0.002092000000000094  -0.695838             -0.695838             -0.695838             -0.08563599999999993  -0.695838             -0.695838             -0.695838             
4    5    0.31065    0.0                   -0.31065              0.0009340000000000459 -0.31065              -0.31065              -0.31065              -0.31065              -0.31065              -0.31065              -0.030675000000000008 
4    6    0.414409   0.0                   -0.414409             -0.414409             -0.414409             -0.414409             -0.414409             0.33499899999999994   -0.414409             -0.414409             -0.414409             
4    8    0.756482   0.0                   0.0                   -0.756482             -0.756482             -0.756482             -0.756482             0.06962900000000005   0.06962900000000005   0.06962900000000005   -0.029503999999999975 
7    1    0.789116   0.08250199999999996   -0.789116             0.0023729999999999585 -0.789116             -0.789116             -0.789116             -0.789116             -0.149594             -0.789116             -0.789116             
7    2    0.392646   0.041051000000000004  -0.392646             0.0011800000000000144 -0.392646             -0.392646             -0.392646             -0.392646             -0.392646             -0.392646             -0.392646             
7    3    0.753288   0.07875700000000008   0.08592100000000003   0.08592100000000003   0.029399000000000064  -0.753288             -0.753288             -0.753288             -0.413411             -0.413411             -0.753288             
7    4    0.630755   0.06594500000000003   -0.630755             0.0018960000000000088 -0.630755             -0.630755             -0.630755             -0.014756999999999909 -0.630755             -0.630755             -0.630755             
7    5    0.281594   0.029440999999999995  -0.281594             0.0008469999999999867 -0.281594             -0.281594             -0.281594             -0.281594             -0.281594             -0.281594             -0.074384             
7    6    0.375648   0.03927400000000003   -0.375648             -0.375648             -0.375648             -0.375648             -0.375648             0.38087800000000005   -0.375648             0.34977199999999997   -0.375648             
7    7    0.590897   -0.590897             -0.590897             0.17470799999999997   0.17470799999999997   -0.590897             -0.590897             -0.590897             -0.590897             -0.590897             -0.590897             
7    8    0.685727   0.043140999999999985  0.0                   -0.685727             -0.685727             -0.685727             -0.685727             -0.685727             -0.355824             -0.355824             -0.14768899999999996  
7    10   0.639469   -0.639469             -0.639469             -0.639469             -0.639469             0.190531              0.190531              -0.639469             -0.639469             -0.639469             0.0417860000000001    
7    11   0.632728   -0.632728             -0.632728             -0.632728             -0.632728             -0.632728             -0.632728             -0.632728             -0.632728             0.04808800000000002   -0.632728             
8    1    0.750733   0.07848900000000003   -0.750733             0.0022570000000000645 -0.750733             -0.750733             -0.750733             -0.750733             -0.750733             -0.750733             -0.750733             
8    2    0.373547   0.039055000000000006  -0.373547             0.0011239999999999584 -0.373547             -0.373547             -0.373547             -0.373547             -0.373547             -0.373547             -0.373547             
8    3    0.716648   0.07492600000000005   0.08174200000000009   0.08174200000000009   0.1072240000000001    0.1072240000000001    0.1072240000000001    0.1072240000000001    0.03925500000000004   -0.716648             -0.716648             
8    4    0.600074   0.06273799999999996   -0.600074             0.0018050000000000566 -0.600074             -0.600074             -0.600074             -0.009383999999999948 -0.600074             -0.600074             -0.600074             
8    5    0.267898   0.028007999999999977  -0.267898             0.0008050000000000002 -0.267898             -0.267898             -0.267898             -0.267898             -0.267898             -0.267898             -0.05784900000000001  
8    6    0.357376   0.03736399999999995   -0.357376             -0.357376             -0.357376             -0.357376             -0.357376             0.36806799999999995   -0.357376             -0.357376             -0.357376             
8    7    0.562156   -0.562156             -0.562156             0.16620900000000005   0.24373600000000006   -0.562156             -0.562156             -0.562156             -0.562156             -0.562156             -0.562156             
8    8    0.652373   0.04104200000000002   0.0                   -0.652373             -0.652373             -0.652373             -0.652373             0.14732200000000006   0.08134700000000006   -0.652373             -0.10696499999999998  
8    10   0.608365   -0.608365             -0.608365             -0.608365             -0.608365             -0.608365             -0.608365             -0.608365             -0.608365             0.212885              0.08222099999999999   
8    11   0.601951   -0.601951             -0.601951             -0.601951             -0.601951             -0.601951             -0.601951             -0.601951             -0.601951             -0.601951             -0.601951             
9    1    0.792059   0.0                   -0.792059             -0.792059             -0.792059             -0.792059             -0.792059             -0.792059             -0.792059             -0.792059             -0.792059             
9    2    0.39411    0.0                   -0.39411              -0.39411              -0.39411              -0.39411              -0.39411              -0.39411              -0.39411              -0.39411              -0.39411              
9    3    0.756098   0.0                   -0.756098             -0.756098             -0.756098             -0.756098             -0.756098             -0.756098             -0.756098             -0.756098             -0.756098             
9    4    0.633107   0.0                   -0.633107             -0.633107             -0.633107             -0.633107             -0.633107             -0.633107             -0.633107             -0.633107             -0.633107             
9    5    0.282645   0.0                   -0.282645             -0.282645             -0.282645             -0.282645             -0.282645             -0.282645             -0.282645             -0.282645             -0.282645             
9    6    0.377049   0.0                   0.509295              0.509295              0.509295              0.603145              -0.377049             -0.377049             -0.377049             -0.377049             -0.377049             
9    8    0.688284   0.0                   -0.688284             -0.688284             -0.688284             -0.688284             0.31021600000000005   0.13997199999999999   0.13997199999999999   -0.688284             -0.688284             
10   1    0.925716   0.0                   -0.925716             -0.925716             -0.925716             -0.925716             -0.925716             -0.925716             -0.925716             -0.925716             -0.925716             
10   2    0.460615   0.0                   -0.460615             -0.460615             -0.460615             -0.460615             -0.460615             -0.460615             -0.460615             -0.460615             -0.460615             
10   3    0.883687   0.0                   0.001770999999999967  0.001770999999999967  -0.883687             -0.883687             -0.883687             -0.883687             -0.883687             -0.883687             -0.883687             
10   4    0.739942   0.0                   -0.739942             -0.739942             -0.739942             -0.739942             -0.739942             -0.739942             -0.739942             -0.739942             -0.739942             
10   5    0.33034    0.0                   -0.33034              -0.33034              -0.33034              -0.33034              -0.33034              -0.33034              -0.33034              -0.33034              -0.33034              
10   6    0.440675   0.0                   -0.440675             -0.440675             -0.440675             -0.440675             -0.440675             -0.440675             -0.440675             -0.440675             -0.440675             
11   1    0.921672   0.0                   -0.921672             -0.14721400000000007  -0.921672             -0.921672             -0.921672             -0.921672             -0.09597600000000006  -0.921672             -0.921672             
11   2    0.458602   0.0                   -0.458602             -0.07325000000000004  -0.458602             -0.458602             0.32353499999999996   -0.458602             -0.458602             -0.458602             -0.458602             
11   3    0.879826   0.0                   -0.00237900000000002  0.00437299999999996   -0.113981             -0.879826             -0.12418399999999996  -0.011179999999999968 -0.00985400000000003  -0.04529099999999997  -0.879826             
11   4    0.736709   0.0                   -0.736709             -0.11767099999999997  -0.736709             -0.736709             -0.736709             -0.11391799999999996  -0.736709             -0.736709             -0.736709             
11   5    0.328897   0.0                   -0.328897             -0.052532999999999996 -0.328897             -0.328897             -0.328897             -0.328897             -0.328897             -0.328897             -0.04226599999999997  
11   6    0.438749   0.0                   -0.438749             -0.438749             -0.438749             -0.438749             -0.438749             0.32612               -0.438749             0.39316500000000004   -0.438749             
11   8    0.54012    0.0                   0.0                   -0.54012              -0.54012              -0.54012              -0.54012              0.3030339999999999    0.304322              0.3972399999999999    0.37554699999999996   
12   0    0.94       0.0                   -0.94                 -0.94                 -0.281825             -0.281825             -0.94                 -0.33352899999999996  -0.94                 -0.94                 -0.94                 
12   1    0.798821   -0.015751999999999988 -0.798821             0.04371199999999997   -0.798821             -0.798821             -0.798821             -0.798821             -0.798821             -0.798821             -0.798821             
12   2    0.397475   -0.007838000000000012 -0.397475             0.02174999999999999   -0.397475             -0.397475             0.382725              -0.397475             -0.397475             -0.397475             -0.397475             
12   3    0.762553   -0.015037000000000078 0.06977699999999998   0.06977699999999998   0.07060999999999995   0.07060999999999995   -0.762553             0.0018739999999999313 -0.762553             -0.762553             -0.762553             
12   4    0.638512   -0.012591000000000019 -0.638512             0.03494000000000008   -0.638512             -0.638512             -0.638512             -0.09044200000000002  -0.638512             -0.638512             -0.638512             
12   5    0.285058   -0.005620999999999987 -0.285058             0.015598              -0.285058             -0.285058             -0.285058             -0.285058             -0.285058             -0.285058             -0.285058             
12   6    0.380268   -0.007498999999999978 -0.380268             -0.380268             -0.380268             -0.380268             -0.380268             0.29283299999999995   -0.380268             -0.380268             -0.380268             
