#s   t    P_ref      d=0.05                d=0.1                 d=0.15                d=0.2                 d=0.25                d=0.3                 d=0.35                d=0.4                 d=0.45                d=0.5                 
1    1    0.0        0.0                   0.843921              0.409987              0.409987              0.409987              0.409987              0.409987              0.409987              0.409987              0.409987              
1    2    0.0        0.0                   0.419915              0.204                 0.204                 0.204                 0.204                 0.204                 0.204                 0.204                 0.204                 
1    3    0.0        0.0                   0.805605              0.391372              0.391372              0.391372              0.391372              0.391372              0.391372              0.391372              0.391372              
1    4    0.0        0.0                   0.674561              0.32771               0.32771               0.32771               0.32771               0.32771               0.32771               0.32771               0.32771               
1    5    0.0        0.0                   0.301151              0.146303              0.146303              0.146303              0.146303              0.146303              0.146303              0.146303              0.146303              
1    6    0.0        0.0                   0.90709               0.440675              0.440675              0.440675              0.0                   0.0                   0.0                   0.0                   0.0                   
3    1    0.750733   -0.750733             -0.750733             -0.750733             -0.750733             -0.750733             -0.750733             -0.00333700000000003  -0.00333700000000003  -0.00333700000000003  -0.00333700000000003  
3    2    0.373547   -0.373547             -0.373547             -0.373547             -0.373547             -0.373547             -0.373547             -0.00165999999999999  -0.00165999999999999  -0.00165999999999999  -0.00165999999999999  
3    3    0.716648   -0.716648             -0.716648             -0.716648             -0.716648             -0.716648             -0.716648             -0.00318499999999999  -0.00318499999999999  -0.00318499999999999  -0.00318499999999999  
3    4    0.600074   -0.600074             -0.600074             -0.600074             -0.600074             -0.600074             -0.600074             -0.00266699999999997  -0.00266699999999997  -0.00266699999999997  -0.00266699999999997  
3    5    0.267898   -0.267898             -0.267898             -0.267898             -0.267898             -0.267898             -0.267898             -0.001191             -0.001191             -0.001191             -0.001191             
3    6    0.357376   -0.357376             -0.357376             -0.357376             -0.357376             -0.357376             -0.357376             -0.357376             -0.357376             -0.357376             -0.357376             
3    7    0.562156   0.2048                0.2048                0.2048                0.2048                0.2048                0.2048                -0.562156             -0.562156             -0.562156             -0.562156             
3    8    0.652373   -0.652373             -0.652373             -0.652373             -0.652373             -0.652373             -0.652373             -0.652373             -0.652373             -0.652373             -0.652373             
3    10   0.608365   -0.608365             -0.608365             -0.608365             -0.608365             -0.608365             -0.608365             -0.608365             -0.608365             -0.608365             -0.608365             
3    11   0.601951   -0.601951             -0.601951             -0.601951             -0.601951             -0.601951             -0.601951             -0.601951             -0.601951             -0.601951             -0.601951             
4    1    0.87054    -0.87054              -0.48499              -0.07692              -0.07692              -0.484604             -0.484604             -0.484604             -0.484604             -0.484604             -0.473954             
4    2    0.43316    -0.43316              -0.241319             -0.038273             -0.038273             -0.241127             -0.241127             -0.241127             -0.241127             -0.241127             -0.235828             
4    3    0.831015   -0.831015             -0.46297              -0.0734279999999999   -0.0734279999999999   -0.462602             -0.462602             -0.462602             -0.462602             -0.462602             -0.452435             
4    4    0.695838   -0.695838             -0.387661             -0.061484             -0.061484             -0.387353             -0.387353             -0.387353             -0.387353             -0.387353             -0.37884              
4    5    0.31065    -0.31065              -0.173067             -0.027448             -0.027448             -0.17293              -0.17293              -0.17293              -0.17293              -0.17293              -0.169129             
4    6    0.414409   0.523167              0.0                   0.438614              0.438614              0.000414999999999999  -0.414409             -0.414409             -0.414409             -0.414409             -0.414409             
4    8    0.756482   0.0                   0.0                   0.0                   0.0                   0.0                   0.0                   0.0                   0.0                   0.0                   -0.756482             
7    1    0.789116   -0.789116             -0.439628             -0.0697260000000001   -0.0108060000000001   -0.075446             -0.075446             -0.075446             -0.403264             -0.403264             -0.401269             
7    2    0.392646   -0.392646             -0.218749             -0.034694             -0.00537700000000002  -0.03754              -0.03754              -0.03754              -0.200655             -0.200655             -0.199662             
7    3    0.753288   -0.753288             -0.419667             -0.06656              -0.010315             -0.07202              -0.07202              -0.07202              -0.384955             -0.384955             -0.38305              
7    4    0.630755   -0.630755             -0.351403             -0.0557329999999999   -0.00863799999999992  -0.060306             -0.060306             -0.060306             -0.322337             -0.322337             -0.320742             
7    5    0.281594   -0.281594             -0.15688              -0.024881             -0.00385600000000003  -0.026922             -0.026922             -0.026922             -0.143904             -0.143904             -0.143191             
7    6    0.375648   0.474235              0.0                   0.39759               0.46092               0.391442              -0.375648             -0.375648             -0.375648             -0.375648             -0.375648             
7    7    0.590897   -0.590897             -0.590897             -0.590897             -0.590897             -0.590897             -0.590897             -0.590897             -0.590897             -0.590897             -0.590897             
7    8    0.685727   0.0                   0.0                   0.0                   0.0                   0.0                   0.0                   0.0                   0.0                   0.0                   -0.685727             
7    10   0.639469   0.0                   0.0                   0.0                   0.0                   0.0                   0.0                   0.0                   0.0                   0.0                   0.0                   
7    11   0.632728   0.0                   0.0                   0.0                   0.0                   -0.632728             -0.632728             -0.632728             -0.632728             -0.632728             -0.632728             
8    1    0.750733   -0.750733             -0.750733             -0.750733             -0.750733             -0.750733             -0.750733             -0.00333700000000003  -0.00333700000000003  -0.00333700000000003  -0.00333700000000003  
8    2    0.373547   -0.373547             -0.373547             -0.373547             -0.373547             -0.373547             -0.373547             -0.00165999999999999  -0.00165999999999999  -0.00165999999999999  -0.00165999999999999  
8    3    0.716648   -0.716648             -0.716648             -0.716648             -0.716648             -0.716648             -0.716648             -0.00318499999999999  -0.00318499999999999  -0.00318499999999999  -0.00318499999999999  
8    4    0.600074   -0.600074             -0.600074             -0.600074             -0.600074             -0.600074             -0.600074             -0.00266699999999997  -0.00266699999999997  -0.00266699999999997  -0.00266699999999997  
8    5    0.267898   -0.267898             -0.267898             -0.267898             -0.267898             -0.267898             -0.267898             -0.001191             -0.001191             -0.001191             -0.001191             
8    6    0.357376   -0.357376             -0.357376             -0.357376             -0.357376             -0.357376             -0.357376             -0.357376             -0.357376             -0.357376             -0.357376             
8    7    0.562156   0.2048                0.2048                0.2048                0.2048                0.2048                0.2048                -0.562156             -0.562156             -0.562156             -0.562156             
8    8    0.652373   -0.652373             -0.652373             -0.652373             -0.652373             -0.652373             -0.652373             -0.652373             -0.652373             -0.652373             -0.652373             
8    10   0.608365   -0.608365             -0.608365             -0.608365             -0.608365             -0.608365             -0.608365             -0.608365             -0.608365             -0.608365             -0.608365             
8    11   0.601951   -0.601951             -0.601951             -0.601951             -0.601951             -0.601951             -0.601951             -0.601951             -0.601951             -0.601951             -0.601951             
9    1    0.792059   -0.792059             -0.441267             -0.069986             -0.069986             -0.440916             -0.440916             -0.428306             -0.428306             -0.428306             -0.792059             
9    2    0.39411    -0.39411              -0.219564             -0.034823             -0.034823             -0.21939              -0.21939              -0.213115             -0.213115             -0.213115             -0.39411              
9    3    0.756098   -0.756098             -0.421233             -0.0668080000000001   -0.0668080000000001   -0.420898             -0.420898             -0.40886              -0.40886              -0.40886              -0.756098             
9    4    0.633107   -0.633107             -0.352713             -0.055941             -0.055941             -0.352432             -0.352432             -0.342353             -0.342353             -0.342353             -0.633107             
9    5    0.282645   -0.282645             -0.157466             -0.024975             -0.024975             -0.15734              -0.15734              -0.152841             -0.152841             -0.152841             -0.282645             
9    6    0.377049   0.476003              0.0                   0.399073              0.399073              0.000377999999999989  -0.377049             -0.377049             -0.377049             -0.377049             -0.377049             
9    8    0.688284   0.0                   0.0                   0.0                   0.0                   0.0                   0.0                   -0.688284             -0.688284             -0.688284             0.207383              
10   1    0.925716   -0.925716             -0.515729             -0.515729             -0.515729             -0.515729             -0.515729             -0.515729             -0.515729             -0.515729             -0.515729             
10   2    0.460615   -0.460615             -0.256615             -0.256615             -0.256615             -0.256615             -0.256615             -0.256615             -0.256615             -0.256615             -0.256615             
10   3    0.883687   -0.883687             -0.492315             -0.492315             -0.492315             -0.492315             -0.492315             -0.492315             -0.492315             -0.492315             -0.492315             
10   4    0.739942   -0.739942             -0.412232             -0.412232             -0.412232             -0.412232             -0.412232             -0.412232             -0.412232             -0.412232             -0.412232             
10   5    0.33034    -0.33034              -0.184037             -0.184037             -0.184037             -0.184037             -0.184037             -0.184037             -0.184037             -0.184037             -0.184037             
10   6    0.440675   0.556327              0.0                   0.0                   0.0                   0.0                   -0.440675             -0.440675             -0.440675             -0.440675             -0.440675             
11   1    0.921672   -0.921672             -0.513477             -0.119993             -0.119993             -0.119167             -0.119167             -0.119167             -0.119167             -0.0794250000000001   -0.0794250000000001   
11   2    0.458602   -0.458602             -0.255494             -0.059705             -0.059705             -0.059294             -0.059294             -0.059294             -0.059294             -0.039519             -0.039519             
11   3    0.879826   -0.879826             -0.490164             -0.114545             -0.114545             -0.113756             -0.113756             -0.113756             -0.113756             -0.075819             -0.075819             
11   4    0.736709   -0.736709             -0.410431             -0.095912             -0.095912             -0.0952519999999999   -0.0952519999999999   -0.0952519999999999   -0.0952519999999999   -0.0634859999999999   -0.0634859999999999   
11   5    0.328897   -0.328897             -0.183233             -0.042819             -0.042819             -0.042525             -0.042525             -0.042525             -0.042525             -0.028343             -0.028343             
11   6    0.438749   0.553897              0.0                   0.422938              0.422938              0.423825              -0.438749             -0.438749             -0.438749             -0.438749             -0.438749             
11   8    0.54012    0.0                   0.0                   0.0                   0.0                   0.0                   0.0                   0.0                   0.0                   -0.54012              -0.54012              
12   0    0.94       0.0                   0.0                   0.0                   0.0                   0.0                   0.0                   0.0                   0.0                   0.0                   0.0                   
12   1    0.798821   0.0                   -0.798821             -0.798821             -0.798821             -0.798821             -0.798821             -0.798821             -0.798821             -0.798821             -0.798821             
12   2    0.397475   0.0                   -0.397475             -0.397475             -0.397475             -0.397475             -0.397475             -0.397475             -0.397475             -0.397475             -0.397475             
12   3    0.762553   0.0                   -0.762553             -0.762553             -0.762553             -0.762553             -0.762553             -0.762553             -0.762553             -0.762553             -0.762553             
12   4    0.638512   0.0                   -0.638512             -0.638512             -0.638512             -0.638512             -0.638512             -0.638512             -0.638512             -0.638512             -0.638512             
12   5    0.285058   0.0                   -0.285058             -0.285058             -0.285058             -0.285058             -0.285058             -0.285058             -0.285058             -0.285058             -0.285058             
12   6    0.380268   -0.380268             -0.380268             -0.380268             -0.380268             -0.380268             -0.380268             -0.380268             -0.380268             -0.380268             -0.380268             
