#s   t    P_ref      d=0.05                d=0.1                 d=0.15                d=0.2                 d=0.25                d=0.3                 d=0.35                d=0.4                 d=0.45                d=0.5                 
1    7    0.0        0.908908              0.908908              0.908908              0.908908              0.908908              0.908908              0.908908              0.908908              0.908908              0.908908              
3    1    0.750733   0.024025              0.024025              0.071644              0.071644              0.071644              0.071644              0.071644              0.071644              -0.750733             -0.750733             
3    2    0.373547   0.011955              0.011955              0.035648              -0.373547             -0.373547             -0.373547             -0.373547             -0.373547             -0.373547             -0.373547             
3    3    0.716648   0.022934              0.022934              0.0683910000000001    0.0683910000000001    0.0683910000000001    0.0683910000000001    -0.716648             -0.716648             -0.716648             -0.716648             
3    4    0.600074   0.019204              0.019204              0.057266              0.057266              0.057266              0.057266              -0.600074             -0.600074             -0.600074             -0.600074             
3    5    0.267898   0.008573              0.008573              0.0255649999999999    0.0255649999999999    0.0255649999999999    0.0255649999999999    0.0255649999999999    0.0255649999999999    -0.267898             -0.267898             
3    6    0.357376   0.011437              0.011437              0.034105              0.034105              -0.357376             -0.357376             -0.357376             -0.357376             -0.357376             -0.357376             
3    7    0.562156   -0.562156             -0.562156             -0.562156             -0.562156             -0.562156             -0.562156             -0.562156             -0.562156             -0.562156             -0.562156             
3    8    0.652373   -0.652373             0.152861              0.152861              0.174436              0.174436              0.174436              0.192467              0.186376              0.243294              0.243294              
3    10   0.608365   0.0                   0.0                   0.0                   0.0                   0.0                   0.0                   0.0                   0.0                   -0.608365             -0.608365             
3    11   0.601951   0.0                   0.0                   0.0                   0.0                   0.0                   0.0                   0.0                   0.0                   -0.601951             -0.601951             
4    1    0.87054    0.027859              0.027859              0.027859              -0.09073              -0.87054              -0.87054              -0.87054              -0.87054              -0.87054              -0.87054              
4    2    0.43316    0.013862              0.013862              0.013862              -0.43316              -0.43316              -0.43316              -0.43316              -0.43316              -0.43316              -0.43316              
4    3    0.831015   0.026594              0.026594              0.026594              -0.08661              -0.831015             -0.831015             -0.831015             -0.831015             -0.831015             -0.831015             
4    4    0.695838   0.0222680000000001    0.0222680000000001    0.0222680000000001    -0.072522             -0.695838             -0.695838             -0.695838             -0.695838             -0.695838             -0.695838             
4    5    0.31065    0.00994200000000001   0.00994200000000001   0.00994200000000001   -0.032376             -0.31065              -0.31065              -0.31065              -0.31065              -0.31065              -0.31065              
4    6    0.414409   0.013262              0.013262              0.013262              -0.043191             -0.414409             -0.414409             -0.414409             -0.414409             -0.414409             -0.414409             
4    8    0.756482   -0.756482             0.177257              0.177257              0.054003              -0.756482             -0.756482             -0.756482             -0.756482             -0.756482             -0.756482             
7    1    0.789116   0.025254              0.025254              0.075307              0.075307              0.075307              0.075307              0.075307              0.075307              0.075307              0.075307              
7    2    0.392646   0.012565              0.012565              0.037471              -0.392646             -0.392646             -0.392646             -0.392646             -0.392646             -0.392646             -0.392646             
7    3    0.753288   0.024107              0.024107              0.0718880000000001    0.0718880000000001    0.0718880000000001    0.0718880000000001    -0.753288             -0.753288             -0.753288             -0.753288             
7    4    0.630755   0.020185              0.020185              0.0601930000000001    0.0601930000000001    0.0601930000000001    0.0601930000000001    -0.630755             -0.630755             -0.630755             -0.630755             
7    5    0.281594   0.00901199999999996   0.00901199999999996   0.026873              0.026873              0.026873              0.026873              0.026873              0.026873              0.026873              0.026873              
7    6    0.375648   0.012022              0.012022              0.035849              0.035849              -0.375648             -0.375648             -0.375648             -0.375648             -0.375648             -0.375648             
7    7    0.590897   -0.590897             -0.590897             -0.590897             -0.590897             -0.590897             -0.590897             -0.590897             -0.590897             -0.590897             -0.590897             
7    8    0.685727   -0.685727             0.160677              0.160677              0.183355              0.183355              0.183355              0.202307              0.195905              0.195905              0.207934              
7    10   0.639469   0.0                   0.0                   0.0                   0.0                   0.0                   0.0                   0.0                   0.0                   0.0                   0.0                   
7    11   0.632728   0.0                   0.0                   0.0                   0.0                   0.0                   0.0                   0.0                   0.0                   0.0                   0.0                   
8    1    0.750733   0.024025              0.024025              0.071644              0.071644              0.071644              0.071644              0.071644              0.071644              -0.750733             -0.750733             
8    2    0.373547   0.011955              0.011955              0.035648              -0.373547             -0.373547             -0.373547             -0.373547             -0.373547             -0.373547             -0.373547             
8    3    0.716648   0.022934              0.022934              0.0683910000000001    0.0683910000000001    0.0683910000000001    0.0683910000000001    -0.716648             -0.716648             -0.716648             -0.716648             
8    4    0.600074   0.019204              0.019204              0.057266              0.057266              0.057266              0.057266              -0.600074             -0.600074             -0.600074             -0.600074             
8    5    0.267898   0.008573              0.008573              0.0255649999999999    0.0255649999999999    0.0255649999999999    0.0255649999999999    0.0255649999999999    0.0255649999999999    -0.267898             -0.267898             
8    6    0.357376   0.011437              0.011437              0.034105              0.034105              -0.357376             -0.357376             -0.357376             -0.357376             -0.357376             -0.357376             
8    7    0.562156   -0.562156             -0.562156             -0.562156             -0.562156             -0.562156             -0.562156             -0.562156             -0.562156             -0.562156             -0.562156             
8    8    0.652373   -0.652373             0.152861              0.152861              0.174436              0.174436              0.174436              0.192467              0.186376              0.243294              0.243294              
8    10   0.608365   0.0                   0.0                   0.0                   0.0                   0.0                   0.0                   0.0                   0.0                   -0.608365             -0.608365             
8    11   0.601951   0.0                   0.0                   0.0                   0.0                   0.0                   0.0                   0.0                   0.0                   -0.601951             -0.601951             
9    1    0.792059   0.025348              0.025348              0.025348              0.025348              0.025348              0.025348              0.025348              0.025348              0.025348              0.025348              
9    2    0.39411    0.012613              0.012613              0.012613              -0.39411              -0.39411              -0.39411              -0.39411              -0.39411              -0.39411              -0.39411              
9    3    0.756098   0.0241969999999999    0.0241969999999999    0.0241969999999999    0.0241969999999999    0.0241969999999999    0.0241969999999999    -0.756098             -0.756098             -0.756098             -0.756098             
9    4    0.633107   0.020261              0.020261              0.020261              0.020261              0.020261              0.020261              -0.633107             -0.633107             -0.633107             -0.633107             
9    5    0.282645   0.00904500000000003   0.00904500000000003   0.00904500000000003   0.00904500000000003   0.00904500000000003   0.00904500000000003   0.00904500000000003   0.00904500000000003   0.00904500000000003   0.00904500000000003   
9    6    0.377049   0.012067              0.012067              0.012067              0.012067              -0.377049             -0.377049             -0.377049             -0.377049             -0.377049             -0.377049             
9    8    0.688284   -0.688284             0.161277              0.161277              0.161277              0.161277              0.161277              0.161277              0.161277              0.161277              0.161277              
10   1    0.925716   0.0                   0.0                   0.0                   0.0                   0.0                   0.0                   0.0                   0.0                   0.0                   0.0                   
10   2    0.460615   0.0                   0.0                   0.0                   -0.460615             -0.460615             -0.460615             -0.460615             -0.460615             -0.460615             -0.460615             
10   3    0.883687   0.0                   0.0                   0.0                   0.0                   0.0                   0.0                   -0.883687             -0.883687             -0.883687             -0.883687             
10   4    0.739942   0.0                   0.0                   0.0                   0.0                   0.0                   0.0                   -0.739942             -0.739942             -0.739942             -0.739942             
10   5    0.33034    0.0                   0.0                   0.0                   0.0                   0.0                   0.0                   0.0                   0.0                   0.0                   0.0                   
10   6    0.440675   0.0                   0.0                   0.0                   0.0                   -0.440675             -0.440675             -0.440675             -0.440675             -0.440675             -0.440675             
10   8    0.0        0.0                   0.0                   0.0                   0.441499              0.441499              0.441499              0.810476              0.685829              0.685829              0.920013              
11   1    0.921672   1.79999999999625e-05  0.00131300000000001   0.001309              0.00130699999999995   0.00130699999999995   0.00130699999999995   0.00130699999999995   0.00130699999999995   0.00291299999999994   0.00291299999999994   
11   2    0.458602   1.000000000001e-05    0.000653999999999988  0.000651999999999986  0.348798              0.348798              0.348798              0.348798              0.348798              0.348798              0.348798              
11   3    0.879826   1.70000000000448e-05  0.00125299999999995   0.00124900000000006   0.00124800000000003   0.00124800000000003   0.00124800000000003   -0.879826             -0.879826             -0.879826             -0.879826             
11   4    0.736709   1.40000000000695e-05  0.00104900000000008   0.0010460000000001    0.00104500000000007   0.00104500000000007   0.00104500000000007   -0.736709             -0.736709             -0.736709             -0.736709             
11   5    0.328897   6.000000000006e-06    0.000468000000000024  0.000466999999999995  0.000466000000000022  0.000466000000000022  0.000466000000000022  0.000466000000000022  0.000466000000000022  0.00103900000000001   0.00103900000000001   
11   6    0.438749   8.99999999998125e-06  0.000626000000000015  0.000624000000000013  0.000622999999999985  -0.438749             -0.438749             -0.438749             -0.438749             -0.438749             -0.438749             
11   8    0.54012    -0.54012              0.335851              0.335851              0.386949              0.386949              0.386949              0.430105              0.415526              0.382703              0.410193              
11   10   0.0        0.0                   0.0                   0.0                   0.0                   0.0                   0.0                   0.0                   0.0                   0.535361              0.535361              
11   11   0.0        0.0                   0.0                   0.0                   0.0                   0.0                   0.0                   0.0                   0.0                   0.529717              0.529717              
12   0    0.94       0.0                   0.0                   0.0                   0.0                   0.0                   0.0                   0.0                   0.0                   0.0                   0.0                   
12   1    0.798821   0.0                   0.0                   0.0                   0.0                   0.0                   0.0                   0.0                   0.0                   0.0                   0.0                   
12   2    0.397475   0.0                   0.0                   0.0                   -0.397475             -0.397475             -0.397475             -0.397475             -0.397475             -0.397475             -0.397475             
12   3    0.762553   0.0                   0.0                   0.0                   0.0                   0.0                   0.0                   -0.762553             -0.762553             -0.762553             -0.762553             
12   4    0.638512   0.0                   0.0                   0.0                   0.0                   0.0                   0.0                   -0.638512             -0.638512             -0.638512             -0.638512             
12   5    0.285058   0.0                   0.0                   0.0                   0.0                   0.0                   0.0                   0.0                   0.0                   0.0                   0.0                   
12   6    0.380268   0.0                   0.0                   0.0                   0.0                   -0.380268             -0.380268             -0.380268             -0.380268             -0.380268             -0.380268             
12   8    0.0        0.0                   0.0                   0.0                   0.38098               0.38098               0.38098               0.699377              0.591817              0.591817              0.7939                
13   1    0.0        0.0                   0.0                   0.0                   0.0                   0.80049               0.0                   0.0                   0.0                   0.0                   0.0                   
13   3    0.0        0.0                   0.0                   0.0                   0.0                   0.764145              0.0                   0.0                   0.0                   0.0                   0.0                   
13   4    0.0        0.0                   0.0                   0.0                   0.0                   0.639846              0.0                   0.0                   0.0                   0.0                   0.0                   
13   5    0.0        0.0                   0.0                   0.0                   0.0                   0.285653              0.0                   0.0                   0.0                   0.0                   0.0                   
13   8    0.0        0.0                   0.0                   0.0                   0.0                   0.831978              0.0                   0.0                   0.0                   0.0                   0.0                   
