#s   t    P_ref      d=0.05                d=0.1                 d=0.15                d=0.2                 d=0.25                d=0.3                 d=0.35                d=0.4                 d=0.45                d=0.5                 
0    7    0.0        0.0                   0.0                   0.0                   0.766956              0.766956              0.766956              0.766956              0.766956              0.766956              0.766956              
2    1    0.0        0.750733              0.780032              0.768999              0.768999              0.885944              0.885944              0.0                   0.0                   0.0                   0.0                   
2    2    0.0        0.373547              0.373547              0.439657              0.439657              0.424267              0.424267              0.439641              0.439641              0.0                   0.0                   
2    3    0.0        0.716648              0.716648              0.843478              0.843478              0.813954              0.813954              0.843449              0.843449              0.845311              0.845311              
2    4    0.0        0.600074              0.600074              0.706274              0.706274              0.681552              0.681552              0.706249              0.706249              0.707808              0.707808              
2    5    0.0        0.267898              0.267898              0.315309              0.315309              0.304272              0.304272              0.315298              0.315298              0.315994              0.315994              
2    6    0.0        0.357376              0.357376              0.420624              0.420624              0.405901              0.405901              0.420609              0.420609              0.421538              0.421538              
2    7    0.0        0.562156              0.0                   0.0                   0.0                   0.0                   0.0                   0.0                   0.0                   0.0                   0.0                   
2    8    0.0        0.652373              0.652373              0.643146              0.643146              0.740951              0.740951              0.740951              0.740951              0.0                   0.0                   
2    9    0.0        0.0                   0.0                   0.0                   0.0                   0.0                   0.0                   0.90892               0.90892               0.910927              0.0                   
2    10   0.0        0.608365              0.0                   0.0                   0.0                   0.0                   0.0                   0.0                   0.0                   0.0                   0.0                   
2    11   0.0        0.601951              0.0                   0.0                   0.0                   0.0                   0.0                   0.0                   0.0                   0.0                   0.0                   
3    1    0.750733   -0.008799             0.0201560000000001    0.0201560000000001    0.0201560000000001    0.0201560000000001    0.0201560000000001    -0.750733             -0.750733             -0.750733             -0.750733             
3    2    0.373547   -0.00437799999999999  -0.00437799999999999  -0.00437799999999999  -0.00437799999999999  -0.00437799999999999  -0.00437799999999999  0.00900000000000001   0.00900000000000001   -0.373547             -0.373547             
3    3    0.716648   -0.00839899999999993  -0.00839899999999993  -0.00839899999999993  -0.00839899999999993  -0.00839899999999993  -0.00839899999999993  0.0172650000000001    0.0172650000000001    0.0188860000000001    0.0188860000000001    
3    4    0.600074   -0.00703299999999996  -0.00703299999999996  -0.00703299999999996  -0.00703299999999996  -0.00703299999999996  -0.00703299999999996  0.0144570000000001    0.0144570000000001    0.015814              0.015814              
3    5    0.267898   -0.00314000000000003  -0.00314000000000003  -0.00314000000000003  -0.00314000000000003  -0.00314000000000003  -0.00314000000000003  0.00645399999999996   0.00645399999999996   0.00705899999999998   0.00705899999999998   
3    6    0.357376   -0.00418800000000003  -0.00418800000000003  -0.00418800000000003  -0.00418800000000003  -0.00418800000000003  -0.00418800000000003  0.00860999999999995   0.00860999999999995   0.00941799999999998   0.00941799999999998   
3    7    0.562156   -0.562156             -0.562156             -0.562156             -0.562156             -0.562156             -0.562156             -0.562156             -0.562156             -0.562156             -0.562156             
3    8    0.652373   -0.00764599999999993  -0.00764599999999993  -0.00764599999999993  -0.00764599999999993  -0.00764599999999993  -0.00764599999999993  -0.00764599999999993  -0.00764599999999993  -0.652373             -0.652373             
3    9    0.0        0.0                   0.0                   0.0                   0.0                   0.0                   0.0                   0.790882              0.790882              0.792628              0.0                   
3    10   0.608365   -0.608365             -0.608365             -0.608365             -0.608365             -0.608365             -0.608365             -0.608365             -0.608365             -0.608365             -0.608365             
3    11   0.601951   -0.601951             -0.601951             -0.601951             -0.601951             -0.601951             -0.601951             -0.601951             -0.601951             -0.601951             -0.601951             
4    1    0.87054    0.0                   0.0339740000000001    0.0339740000000001    0.0339740000000001    0.0339740000000001    0.0339740000000001    -0.87054              -0.87054              -0.87054              -0.87054              
4    2    0.43316    0.0                   0.0                   0.0                   0.0                   0.0                   0.0                   0.015696              0.015696              -0.43316              -0.43316              
4    3    0.831015   0.0                   0.0                   0.0                   0.0                   0.0                   0.0                   0.0301130000000001    0.0301130000000001    0.0320140000000001    0.0320140000000001    
4    4    0.695838   0.0                   0.0                   0.0                   0.0                   0.0                   0.0                   0.0252140000000001    0.0252140000000001    0.026807              0.026807              
4    5    0.31065    0.0                   0.0                   0.0                   0.0                   0.0                   0.0                   0.011257              0.011257              0.011968              0.011968              
4    6    0.414409   0.0                   0.0                   0.0                   0.0                   0.0                   0.0                   0.015016              0.015016              0.015965              0.015965              
4    8    0.756482   0.0                   0.0                   0.0                   0.0                   0.0                   0.0                   0.0                   0.0                   -0.756482             -0.756482             
4    9    0.0        0.0                   0.0                   0.0                   0.0                   0.0                   0.0                   0.927972              0.927972              0.930021              0.0                   
7    1    0.789116   0.0                   -0.789116             -0.789116             -0.789116             -0.789116             -0.789116             -0.789116             -0.789116             -0.789116             -0.789116             
7    2    0.392646   0.0                   -0.392646             -0.392646             -0.392646             -0.392646             -0.392646             -0.392646             -0.392646             -0.392646             -0.392646             
7    3    0.753288   0.0                   -0.753288             -0.753288             -0.753288             -0.753288             -0.753288             -0.753288             -0.753288             -0.753288             -0.753288             
7    4    0.630755   0.0                   -0.630755             -0.630755             -0.630755             -0.630755             -0.630755             -0.630755             -0.630755             -0.630755             -0.630755             
7    5    0.281594   0.0                   -0.281594             -0.281594             -0.281594             -0.281594             -0.281594             -0.281594             -0.281594             -0.281594             -0.281594             
7    6    0.375648   0.0                   -0.375648             -0.375648             -0.375648             -0.375648             -0.375648             -0.375648             -0.375648             -0.375648             -0.375648             
7    7    0.590897   0.0                   0.022668              0.022668              -0.590897             -0.590897             -0.590897             -0.590897             -0.590897             -0.590897             -0.590897             
7    8    0.685727   0.0                   -0.685727             -0.685727             -0.685727             -0.685727             -0.685727             -0.685727             -0.685727             -0.685727             -0.685727             
7    10   0.639469   0.0                   0.0245310000000001    0.0245310000000001    0.0245310000000001    -0.639469             -0.639469             -0.639469             -0.639469             -0.639469             -0.639469             
7    11   0.632728   0.0                   0.0242720000000001    0.0242720000000001    0.0242720000000001    -0.632728             -0.632728             -0.632728             -0.632728             -0.632728             -0.632728             
8    1    0.750733   -0.008799             0.0201560000000001    0.0201560000000001    0.0201560000000001    0.0201560000000001    0.0201560000000001    -0.750733             -0.750733             -0.750733             -0.750733             
8    2    0.373547   -0.00437799999999999  -0.00437799999999999  -0.00437799999999999  -0.00437799999999999  -0.00437799999999999  -0.00437799999999999  0.00900000000000001   0.00900000000000001   -0.373547             -0.373547             
8    3    0.716648   -0.00839899999999993  -0.00839899999999993  -0.00839899999999993  -0.00839899999999993  -0.00839899999999993  -0.00839899999999993  0.0172650000000001    0.0172650000000001    0.0188860000000001    0.0188860000000001    
8    4    0.600074   -0.00703299999999996  -0.00703299999999996  -0.00703299999999996  -0.00703299999999996  -0.00703299999999996  -0.00703299999999996  0.0144570000000001    0.0144570000000001    0.015814              0.015814              
8    5    0.267898   -0.00314000000000003  -0.00314000000000003  -0.00314000000000003  -0.00314000000000003  -0.00314000000000003  -0.00314000000000003  0.00645399999999996   0.00645399999999996   0.00705899999999998   0.00705899999999998   
8    6    0.357376   -0.00418800000000003  -0.00418800000000003  -0.00418800000000003  -0.00418800000000003  -0.00418800000000003  -0.00418800000000003  0.00860999999999995   0.00860999999999995   0.00941799999999998   0.00941799999999998   
8    7    0.562156   -0.562156             -0.562156             -0.562156             -0.562156             -0.562156             -0.562156             -0.562156             -0.562156             -0.562156             -0.562156             
8    8    0.652373   -0.00764599999999993  -0.00764599999999993  -0.00764599999999993  -0.00764599999999993  -0.00764599999999993  -0.00764599999999993  -0.00764599999999993  -0.00764599999999993  -0.652373             -0.652373             
8    9    0.0        0.0                   0.0                   0.0                   0.0                   0.0                   0.0                   0.790882              0.790882              0.792628              0.0                   
8    10   0.608365   -0.608365             -0.608365             -0.608365             -0.608365             -0.608365             -0.608365             -0.608365             -0.608365             -0.608365             -0.608365             
8    11   0.601951   -0.601951             -0.601951             -0.601951             -0.601951             -0.601951             -0.601951             -0.601951             -0.601951             -0.601951             -0.601951             
9    1    0.792059   0.0                   0.030911              0.030911              0.030911              0.030911              0.030911              -0.792059             -0.792059             -0.792059             -0.792059             
9    2    0.39411    0.0                   0.0                   0.0                   0.0                   0.0                   0.0                   0.014281              0.014281              -0.39411              -0.39411              
9    3    0.756098   0.0                   0.0                   0.0                   0.0                   0.0                   0.0                   0.0273979999999999    0.0273979999999999    0.0291279999999999    0.0291279999999999    
9    4    0.633107   0.0                   0.0                   0.0                   0.0                   0.0                   0.0                   0.022941              0.022941              0.02439               0.02439               
9    5    0.282645   0.0                   0.0                   0.0                   0.0                   0.0                   0.0                   0.010242              0.010242              0.010888              0.010888              
9    6    0.377049   0.0                   0.0                   0.0                   0.0                   0.0                   0.0                   0.013663              0.013663              0.014526              0.014526              
9    8    0.688284   0.0                   0.0                   0.0                   0.0                   0.0                   0.0                   0.0                   0.0                   -0.688284             -0.688284             
9    9    0.0        0.0                   0.0                   0.0                   0.0                   0.0                   0.0                   0.844314              0.844314              0.846178              0.0                   
10   1    0.925716   0.0                   -0.925716             -0.925716             -0.925716             -0.925716             -0.925716             -0.925716             -0.925716             -0.925716             -0.925716             
10   2    0.460615   0.0                   0.0                   0.0                   0.0                   0.0                   0.0                   0.0                   0.0                   -0.460615             -0.460615             
10   3    0.883687   0.0                   0.0                   0.0                   0.0                   0.0                   0.0                   0.0                   0.0                   -0.883687             -0.883687             
10   4    0.739942   0.0                   0.0                   0.0                   0.0                   0.0                   0.0                   0.0                   0.0                   -0.739942             -0.739942             
10   5    0.33034    0.0                   0.0                   0.0                   0.0                   0.0                   0.0                   0.0                   0.0                   -0.33034              -0.33034              
10   6    0.440675   0.0                   0.0                   0.0                   0.0                   0.0                   0.0                   0.0                   0.0                   -0.440675             -0.440675             
10   8    0.0        0.0                   0.0                   0.0                   0.0                   0.0                   0.0                   0.0                   0.0                   0.895667              0.895667              
10   9    0.0        0.0                   0.0                   0.0                   0.0                   0.0                   0.0                   0.952282              0.952282              0.0                   0.0                   
11   1    0.921672   0.0                   -0.921672             -0.921672             -0.921672             -0.921672             -0.921672             -0.921672             -0.921672             -0.921672             -0.921672             
11   2    0.458602   0.0                   0.0                   0.0                   0.000746999999999998  0.000746999999999998  -0.011217             -0.011217             0.00313199999999997   -0.458602             -0.458602             
11   3    0.879826   0.0                   0.0                   0.0                   0.00143199999999999   0.00143199999999999   -0.021521             -0.021521             0.00600800000000001   0.00600800000000001   0.003861              
11   4    0.736709   0.0                   0.0                   0.0                   0.00119900000000006   0.00119900000000006   -0.0180199999999999   -0.0180199999999999   0.00503000000000009   0.00503000000000009   0.00323300000000004   
11   5    0.328897   0.0                   0.0                   0.0                   0.000535000000000008  0.000535000000000008  -0.00804499999999997  -0.00804499999999997  0.00224600000000003   0.00224600000000003   0.00144300000000003   
11   6    0.438749   0.0                   0.0                   0.0                   0.000715000000000021  0.000715000000000021  -0.010731             -0.010731             0.00299700000000003   0.00299700000000003   0.00192599999999998   
11   8    0.54012    -0.54012              -0.54012              -0.54012              -0.54012              -0.54012              0.28938               0.28938               0.28938               0.28938               0.28938               
11   9    0.0        0.0                   0.0                   0.0                   0.0                   0.0                   0.0                   0.92493               0.954595              0.954595              0.955145              
12   0    0.94       0.0                   0.0                   0.0                   0.0                   0.0                   0.0                   0.0                   0.0                   0.0                   0.0                   
12   1    0.798821   0.0                   -0.798821             -0.798821             -0.798821             -0.798821             -0.798821             -0.798821             -0.798821             -0.798821             -0.798821             
12   2    0.397475   0.0                   0.0                   0.0                   0.0                   0.0                   0.0                   0.0                   0.0                   -0.397475             -0.397475             
12   3    0.762553   0.0                   0.0                   0.0                   0.0                   0.0                   0.0                   0.0                   0.0                   0.0                   -0.762553             
12   4    0.638512   0.0                   0.0                   0.0                   0.0                   0.0                   0.0                   0.0                   0.0                   0.0                   -0.638512             
12   5    0.285058   0.0                   0.0                   0.0                   0.0                   0.0                   0.0                   0.0                   0.0                   0.0                   -0.285058             
12   6    0.380268   0.0                   0.0                   0.0                   0.0                   0.0                   0.0                   0.0                   0.0                   0.0                   -0.380268             
12   9    0.0        0.0                   0.0                   0.0                   0.0                   0.0                   0.0                   0.821745              0.821745              0.821745              0.0                   
12   11   0.0        0.0                   0.0                   0.0                   0.0                   0.0                   0.0                   0.0                   0.0                   0.0                   0.771975              
