0    0    0
0    1    0.160729
0    2    0.356667
0    3    0.59061
0    4    0
0    5    0
0    6    0
0    7    0
0    8    0
0    9    0.560393
0    10   0
0    11   0.468874
0    12   0
0    13   0
0    14   0
0    15   0
0    16   0.520137
0    17   0
0    18   0
1    0    0
1    1    0
1    2    0
1    3    0
1    4    0
1    5    0
1    6    0
1    7    0
1    8    0
1    9    0
1    10   0
1    11   0
1    12   0
1    13   0
1    14   0
1    15   0
1    16   0
1    17   0
1    18   0
2    0    0
2    1    0
2    2    0
2    3    0
2    4    0
2    5    0
2    6    0
2    7    0
2    8    0
2    9    0
2    10   0
2    11   0
2    12   0
2    13   0
2    14   0
2    15   0
2    16   0
2    17   0
2    18   0
3    0    0
3    1    0
3    2    0
3    3    0
3    4    0
3    5    0
3    6    0
3    7    0
3    8    0
3    9    0
3    10   0
3    11   0
3    12   0
3    13   0
3    14   0
3    15   0
3    16   0
3    17   0
3    18   0
4    0    0
4    1    0
4    2    0
4    3    0
4    4    0
4    5    0
4    6    0
4    7    0
4    8    0
4    9    0
4    10   0
4    11   0
4    12   0
4    13   0
4    14   0
4    15   0
4    16   0
4    17   0
4    18   0
5    0    0
5    1    0
5    2    0
5    3    0
5    4    0
5    5    0
5    6    0
5    7    0
5    8    0
5    9    0
5    10   0
5    11   0
5    12   0
5    13   0
5    14   0
5    15   0
5    16   0
5    17   0
5    18   0
6    0    0
6    1    0
6    2    0
6    3    0
6    4    0
6    5    0
6    6    0
6    7    0
6    8    0
6    9    0
6    10   0
6    11   0
6    12   0
6    13   0
6    14   0
6    15   0
6    16   0
6    17   0
6    18   0
7    0    0.57562
7    1    0.18473
7    2    0.409926
7    3    0.678802
7    4    0.373692
7    5    0.360276
7    6    0.478698
7    7    0.496656
7    8    0.448193
7    9    0.765524
7    10   0.695421
7    11   0.671201
7    12   0.569943
7    13   0.564553
7    14   0.469557
7    15   0.553571
7    16   0.713353
7    17   0
7    18   0
8    0    0.75151
8    1    0.152242
8    2    0.337834
8    3    0.559424
8    4    0.307972
8    5    0.296915
8    6    0.394511
8    7    0.409311
8    8    0.487017
8    9    0.709667
8    10   0.708215
8    11   0.647857
8    12   0.619315
8    13   0.613458
8    14   0.510232
8    15   0.601524
8    16   0.692893
8    17   0.694949
8    18   0
9    0    0
9    1    0
9    2    0
9    3    0
9    4    0
9    5    0
9    6    0
9    7    0
9    8    0.34326
9    9    0.266234
9    10   0.429631
9    11   0.307035
9    12   0.436507
9    13   0.432379
9    14   0.359623
9    15   0.423968
9    16   0.344612
9    17   0
9    18   0
10   0    0
10   1    0
10   2    0
10   3    0
10   4    0
10   5    0
10   6    0
10   7    0
10   8    0.348978
10   9    0.270669
10   10   0.436787
10   11   0.312149
10   12   0.443777
10   13   0.439581
10   14   0.365613
10   15   0.431029
10   16   0.350352
10   17   0
10   18   0
11   0    0.53597
11   1    0
11   2    0
11   3    0
11   4    0
11   5    0
11   6    0
11   7    0
11   8    0.403807
11   9    0.313194
11   10   0.505412
11   11   0.361192
11   12   0.513501
11   13   0.508645
11   14   0.423056
11   15   0.49875
11   16   0.405397
11   17   0.576212
11   18   0
12   0    0
12   1    0
12   2    0
12   3    0
12   4    0
12   5    0
12   6    0
12   7    0
12   8    0
12   9    0
12   10   0
12   11   0
12   12   0
12   13   0
12   14   0
12   15   0
12   16   0
12   17   0
12   18   0
13   0    0
13   1    0
13   2    0
13   3    0
13   4    0
13   5    0
13   6    0
13   7    0
13   8    0
13   9    0
13   10   0
13   11   0
13   12   0
13   13   0
13   14   0
13   15   0
13   16   0
13   17   0
13   18   0.893932
14   0    0
14   1    0.0901089
14   2    0.199957
14   3    0.331111
14   4    0
14   5    0
14   6    0
14   7    0
14   8    0
14   9    0.314171
14   10   0
14   11   0.262863
14   12   0
14   13   0
14   14   0
14   15   0
14   16   0.291602
14   17   0
14   18   0
15   0    0.655937
15   1    0.210506
15   2    0.467124
15   3    0.773517
15   4    0.425834
15   5    0.410546
15   6    0.545492
15   7    0.565955
15   8    0
15   9    0.838654
15   10   0.506337
15   11   0.614081
15   12   0
15   13   0
15   14   0
15   15   0
15   16   0.681219
15   17   0
15   18   0
16   0    0.578361
16   1    0.18561
16   2    0.411878
16   3    0.682035
16   4    0.375472
16   5    0.361991
16   6    0.480978
16   7    0.499021
16   8    0
16   9    0.739468
16   10   0.446454
16   11   0.541455
16   12   0
16   13   0
16   14   0
16   15   0
16   16   0.600653
16   17   0
16   18   0
17   0    0.593215
17   1    0.190377
17   2    0.422457
17   3    0.699552
17   4    0.385115
17   5    0.371288
17   6    0.493331
17   7    0.511837
17   8    0
17   9    0.75846
17   10   0.45792
17   11   0.555361
17   12   0
17   13   0
17   14   0
17   15   0
17   16   0.616079
17   17   0
17   18   0
