0    0    0
0    1    0.0664263
0    2    0.495766
0    3    0.63636
0    4    0
0    5    0
0    6    0
0    7    0
0    8    0
0    9    0.618541
0    10   0
0    11   0.62365
0    12   0
0    13   0
0    14   0
0    15   0
0    16   0.436539
0    17   0
0    18   0
1    0    0
1    1    0
1    2    0
1    3    0
1    4    0
1    5    0
1    6    0
1    7    0
1    8    0
1    9    0
1    10   0
1    11   0
1    12   0
1    13   0
1    14   0
1    15   0
1    16   0
1    17   0
1    18   0
2    0    0
2    1    0
2    2    0
2    3    0
2    4    0
2    5    0
2    6    0
2    7    0
2    8    0
2    9    0
2    10   0
2    11   0
2    12   0
2    13   0
2    14   0
2    15   0
2    16   0
2    17   0
2    18   0
3    0    0
3    1    0
3    2    0
3    3    0
3    4    0
3    5    0
3    6    0
3    7    0
3    8    0
3    9    0
3    10   0
3    11   0
3    12   0
3    13   0
3    14   0
3    15   0
3    16   0
3    17   0
3    18   0
4    0    0
4    1    0
4    2    0
4    3    0
4    4    0
4    5    0
4    6    0
4    7    0
4    8    0
4    9    0
4    10   0
4    11   0
4    12   0
4    13   0
4    14   0
4    15   0
4    16   0
4    17   0
4    18   0
5    0    0
5    1    0
5    2    0
5    3    0
5    4    0
5    5    0
5    6    0
5    7    0
5    8    0
5    9    0
5    10   0
5    11   0
5    12   0
5    13   0
5    14   0
5    15   0
5    16   0
5    17   0
5    18   0
6    0    0
6    1    0
6    2    0
6    3    0
6    4    0
6    5    0
6    6    0
6    7    0
6    8    0
6    9    0
6    10   0
6    11   0
6    12   0
6    13   0
6    14   0
6    15   0
6    16   0
6    17   0
6    18   0
7    0    0.632024
7    1    0.0552354
7    2    0.412245
7    3    0.529152
7    4    0.361766
7    5    0.365121
7    6    0.713411
7    7    0.686711
7    8    0.32678
7    9    0.73555
7    10   0.708955
7    11   0.623905
7    12   0.459072
7    13   0.49867
7    14   0.345561
7    15   0.504538
7    16   0.590822
7    17   0
7    18   0
8    0    0.553845
8    1    0.0336855
8    2    0.251409
8    3    0.322705
8    4    0.220624
8    5    0.22267
8    6    0.435076
8    7    0.418793
8    8    0.241607
8    9    0.521093
8    10   0.539969
8    11   0.445679
8    12   0.339417
8    13   0.368695
8    14   0.255492
8    15   0.373033
8    16   0.438504
8    17   0.461102
8    18   0
9    0    0
9    1    0
9    2    0
9    3    0
9    4    0
9    5    0
9    6    0
9    7    0
9    8    0.228978
9    9    0.21769
9    10   0.349556
9    11   0.222181
9    12   0.321676
9    13   0.349423
9    14   0.242138
9    15   0.353535
9    16   0.299778
9    17   0
9    18   0
10   0    0
10   1    0
10   2    0
10   3    0
10   4    0
10   5    0
10   6    0
10   7    0
10   8    0.126285
10   9    0.120059
10   10   0.192785
10   11   0.122536
10   12   0.177409
10   13   0.192712
10   14   0.133542
10   15   0.194979
10   16   0.165332
10   17   0
10   18   0
11   0    0.446452
11   1    0
11   2    0
11   3    0
11   4    0
11   5    0
11   6    0
11   7    0
11   8    0.265841
11   9    0.252736
11   10   0.40583
11   11   0.25795
11   12   0.373462
11   13   0.405676
11   14   0.281119
11   15   0.410449
11   16   0.348039
11   17   0.507351
11   18   0
12   0    0
12   1    0
12   2    0
12   3    0
12   4    0
12   5    0
12   6    0
12   7    0
12   8    0
12   9    0
12   10   0
12   11   0
12   12   0
12   13   0
12   14   0
12   15   0
12   16   0
12   17   0
12   18   0
13   0    0
13   1    0
13   2    0
13   3    0
13   4    0
13   5    0
13   6    0
13   7    0
13   8    0
13   9    0
13   10   0
13   11   0
13   12   0
13   13   0
13   14   0
13   15   0
13   16   0
13   17   0
13   18   0.619543
14   0    0
14   1    0.03575
14   2    0.266817
14   3    0.342483
14   4    0
14   5    0
14   6    0
14   7    0
14   8    0
14   9    0.332893
14   10   0
14   11   0.335642
14   12   0
14   13   0
14   14   0
14   15   0
14   16   0.234941
14   17   0
14   18   0
15   0    0.686061
15   1    0.0599579
15   2    0.44749
15   3    0.574393
15   4    0.392696
15   5    0.396338
15   6    0.774406
15   7    0.745423
15   8    0
15   9    0.768787
15   10   0.637814
15   11   0.562921
15   12   0
15   13   0
15   14   0
15   15   0
15   16   0.39403
15   17   0
15   18   0
16   0    0.715337
16   1    0.0625165
16   2    0.466586
16   3    0.598904
16   4    0.409453
16   5    0.413251
16   6    0.807452
16   7    0.777232
16   8    0
16   9    0.801593
16   10   0.665031
16   11   0.586942
16   12   0
16   13   0
16   14   0
16   15   0
16   16   0.410844
16   17   0
16   18   0
17   0    0.560432
17   1    0.0489787
17   2    0.365548
17   3    0.469213
17   4    0.320787
17   5    0.323762
17   6    0.6326
17   7    0.608924
17   8    0
17   9    0.62801
17   10   0.52102
17   11   0.459841
17   12   0
17   13   0
17   14   0
17   15   0
17   16   0.321877
17   17   0
17   18   0
