0    0    0
0    1    0.357321
0    2    0.812624
0    3    0.773272
0    4    0
0    5    0
0    6    0
0    7    0
0    8    0
0    9    0.875893
0    10   0
0    11   0.750972
0    12   0
0    13   0
0    14   0
0    15   0
0    16   0.833418
0    17   0
0    18   0
1    0    0
1    1    0
1    2    0
1    3    0
1    4    0
1    5    0
1    6    0
1    7    0
1    8    0
1    9    0
1    10   0
1    11   0
1    12   0
1    13   0
1    14   0
1    15   0
1    16   0
1    17   0
1    18   0
2    0    0
2    1    0
2    2    0
2    3    0
2    4    0
2    5    0
2    6    0
2    7    0
2    8    0
2    9    0
2    10   0
2    11   0
2    12   0
2    13   0
2    14   0
2    15   0
2    16   0
2    17   0
2    18   0
3    0    0
3    1    0
3    2    0
3    3    0
3    4    0
3    5    0
3    6    0
3    7    0
3    8    0
3    9    0
3    10   0
3    11   0
3    12   0
3    13   0
3    14   0
3    15   0
3    16   0
3    17   0
3    18   0
4    0    0
4    1    0
4    2    0
4    3    0
4    4    0
4    5    0
4    6    0
4    7    0
4    8    0
4    9    0
4    10   0
4    11   0
4    12   0
4    13   0
4    14   0
4    15   0
4    16   0
4    17   0
4    18   0
5    0    0
5    1    0
5    2    0
5    3    0
5    4    0
5    5    0
5    6    0
5    7    0
5    8    0
5    9    0
5    10   0
5    11   0
5    12   0
5    13   0
5    14   0
5    15   0
5    16   0
5    17   0
5    18   0
6    0    0
6    1    0
6    2    0
6    3    0
6    4    0
6    5    0
6    6    0
6    7    0
6    8    0
6    9    0
6    10   0
6    11   0
6    12   0
6    13   0
6    14   0
6    15   0
6    16   0
6    17   0
6    18   0
7    0    0.856057
7    1    0.362352
7    2    0.824065
7    3    0.78416
7    4    0.708683
7    5    0.700422
7    6    0.79607
7    7    0.728751
7    8    0.808092
7    9    0.914199
7    10   0.897795
7    11   0.890232
7    12   0.80341
7    13   0.749187
7    14   0.780863
7    15   0.850795
7    16   0.904592
7    17   0
7    18   0
8    0    0.971182
8    1    0.323559
8    2    0.735841
8    3    0.700208
8    4    0.632812
8    5    0.625435
8    6    0.710844
8    7    0.650732
8    8    0.843058
8    9    0.9506
8    10   0.941224
8    11   0.932147
8    12   0.838174
8    13   0.781604
8    14   0.814651
8    15   0.887609
8    16   0.948646
8    17   0.846647
8    18   0
9    0    0
9    1    0
9    2    0
9    3    0
9    4    0
9    5    0
9    6    0
9    7    0
9    8    0.532512
9    9    0.477737
9    10   0.507613
9    11   0.503545
9    12   0.529427
9    13   0.493696
9    14   0.514569
9    15   0.560653
9    16   0.507953
9    17   0
9    18   0
10   0    0
10   1    0
10   2    0
10   3    0
10   4    0
10   5    0
10   6    0
10   7    0
10   8    0.501291
10   9    0.449727
10   10   0.477851
10   11   0.474021
10   12   0.498386
10   13   0.46475
10   14   0.4844
10   15   0.527781
10   16   0.478171
10   17   0
10   18   0
11   0    0.809595
11   1    0
11   2    0
11   3    0
11   4    0
11   5    0
11   6    0
11   7    0
11   8    0.763206
11   9    0.684701
11   10   0.72752
11   11   0.721689
11   12   0.758784
11   13   0.707573
11   14   0.73749
11   15   0.803537
11   16   0.728007
11   17   0.766455
11   18   0
12   0    0
12   1    0
12   2    0
12   3    0
12   4    0
12   5    0
12   6    0
12   7    0
12   8    0
12   9    0
12   10   0
12   11   0
12   12   0
12   13   0
12   14   0
12   15   0
12   16   0
12   17   0
12   18   0
13   0    0
13   1    0
13   2    0
13   3    0
13   4    0
13   5    0
13   6    0
13   7    0
13   8    0
13   9    0
13   10   0
13   11   0
13   12   0
13   13   0
13   14   0
13   15   0
13   16   0
13   17   0
13   18   0.874107
14   0    0
14   1    0.254918
14   2    0.579737
14   3    0.551663
14   4    0
14   5    0
14   6    0
14   7    0
14   8    0
14   9    0.624874
14   10   0
14   11   0.535753
14   12   0
14   13   0
14   14   0
14   15   0
14   16   0.594572
14   17   0
14   18   0
15   0    0.817521
15   1    0.346041
15   2    0.78697
15   3    0.74886
15   4    0.676782
15   5    0.668892
15   6    0.760235
15   7    0.695946
15   8    0
15   9    0.867351
15   10   0.766484
15   11   0.727264
15   12   0
15   13   0
15   14   0
15   15   0
15   16   0.807108
15   17   0
15   18   0
16   0    0.833706
16   1    0.352891
16   2    0.802549
16   3    0.763685
16   4    0.69018
16   5    0.682134
16   6    0.775285
16   7    0.709724
16   8    0
16   9    0.884521
16   10   0.781658
16   11   0.741661
16   12   0
16   13   0
16   14   0
16   15   0
16   16   0.823086
16   17   0
16   18   0
17   0    0.89275
17   1    0.377884
17   2    0.859387
17   3    0.817771
17   4    0.73906
17   5    0.730444
17   6    0.830192
17   7    0.759988
17   8    0
17   9    0.947165
17   10   0.837016
17   11   0.794187
17   12   0
17   13   0
17   14   0
17   15   0
17   16   0.881378
17   17   0
17   18   0
