0    0    0
0    1    0.182159
0    2    0.496959
0    3    0.603058
0    4    0
0    5    0
0    6    0
0    7    0
0    8    0
0    9    0.65336
0    10   0
0    11   0.582295
0    12   0
0    13   0
0    14   0
0    15   0
0    16   0.613445
0    17   0
0    18   0
1    0    0
1    1    0
1    2    0
1    3    0
1    4    0
1    5    0
1    6    0
1    7    0
1    8    0
1    9    0
1    10   0
1    11   0
1    12   0
1    13   0
1    14   0
1    15   0
1    16   0
1    17   0
1    18   0
2    0    0
2    1    0
2    2    0
2    3    0
2    4    0
2    5    0
2    6    0
2    7    0
2    8    0
2    9    0
2    10   0
2    11   0
2    12   0
2    13   0
2    14   0
2    15   0
2    16   0
2    17   0
2    18   0
3    0    0
3    1    0
3    2    0
3    3    0
3    4    0
3    5    0
3    6    0
3    7    0
3    8    0
3    9    0
3    10   0
3    11   0
3    12   0
3    13   0
3    14   0
3    15   0
3    16   0
3    17   0
3    18   0
4    0    0
4    1    0
4    2    0
4    3    0
4    4    0
4    5    0
4    6    0
4    7    0
4    8    0
4    9    0
4    10   0
4    11   0
4    12   0
4    13   0
4    14   0
4    15   0
4    16   0
4    17   0
4    18   0
5    0    0
5    1    0
5    2    0
5    3    0
5    4    0
5    5    0
5    6    0
5    7    0
5    8    0
5    9    0
5    10   0
5    11   0
5    12   0
5    13   0
5    14   0
5    15   0
5    16   0
5    17   0
5    18   0
6    0    0
6    1    0
6    2    0
6    3    0
6    4    0
6    5    0
6    6    0
6    7    0
6    8    0
6    9    0
6    10   0
6    11   0
6    12   0
6    13   0
6    14   0
6    15   0
6    16   0
6    17   0
6    18   0
7    0    0.738464
7    1    0.208396
7    2    0.568535
7    3    0.689915
7    4    0.616772
7    5    0.621304
7    6    0.670226
7    7    0.680343
7    8    0.702771
7    9    0.889649
7    10   0.854517
7    11   0.840632
7    12   0.687071
7    13   0.683221
7    14   0.746463
7    15   0.734841
7    16   0.854658
7    17   0
7    18   0
8    0    0.868291
8    1    0.184199
8    2    0.502524
8    3    0.60981
8    4    0.54516
8    5    0.549165
8    6    0.592407
8    7    0.601349
8    8    0.670131
8    9    0.857982
8    10   0.842854
8    11   0.823015
8    12   0.65516
8    13   0.651489
8    14   0.711794
8    15   0.700712
8    16   0.839296
8    17   0.73763
8    18   0
9    0    0
9    1    0
9    2    0
9    3    0
9    4    0
9    5    0
9    6    0
9    7    0
9    8    0.495477
9    9    0.362379
9    10   0.510645
9    11   0.456235
9    12   0.484408
9    13   0.481694
9    14   0.526282
9    15   0.518088
9    16   0.46747
9    17   0
9    18   0
10   0    0
10   1    0
10   2    0
10   3    0
10   4    0
10   5    0
10   6    0
10   7    0
10   8    0.499695
10   9    0.365464
10   10   0.514992
10   11   0.460119
10   12   0.488532
10   13   0.485795
10   14   0.530762
10   15   0.522499
10   16   0.471449
10   17   0
10   18   0
11   0    0.698277
11   1    0
11   2    0
11   3    0
11   4    0
11   5    0
11   6    0
11   7    0
11   8    0.646712
11   9    0.472988
11   10   0.666509
11   11   0.595492
11   12   0.632265
11   13   0.628722
11   14   0.686919
11   15   0.676225
11   16   0.610156
11   17   0.711852
11   18   0
12   0    0
12   1    0
12   2    0
12   3    0
12   4    0
12   5    0
12   6    0
12   7    0
12   8    0
12   9    0
12   10   0
12   11   0
12   12   0
12   13   0
12   14   0
12   15   0
12   16   0
12   17   0
12   18   0
13   0    0
13   1    0
13   2    0
13   3    0
13   4    0
13   5    0
13   6    0
13   7    0
13   8    0
13   9    0
13   10   0
13   11   0
13   12   0
13   13   0
13   14   0
13   15   0
13   16   0
13   17   0
13   18   0.670468
14   0    0
14   1    0.153508
14   2    0.418793
14   3    0.508204
14   4    0
14   5    0
14   6    0
14   7    0
14   8    0
14   9    0.550594
14   10   0
14   11   0.490707
14   12   0
14   13   0
14   14   0
14   15   0
14   16   0.516957
14   17   0
14   18   0
15   0    0.759447
15   1    0.214317
15   2    0.58469
15   3    0.709518
15   4    0.634297
15   5    0.638957
15   6    0.689269
15   7    0.699674
15   8    0
15   9    0.885157
15   10   0.650512
15   11   0.68509
15   12   0
15   13   0
15   14   0
15   15   0
15   16   0.721739
15   17   0
15   18   0
16   0    0.679277
16   1    0.191693
16   2    0.522968
16   3    0.634619
16   4    0.567338
16   5    0.571506
16   6    0.616507
16   7    0.625813
16   8    0
16   9    0.791716
16   10   0.581841
16   11   0.612769
16   12   0
16   13   0
16   14   0
16   15   0
16   16   0.64555
16   17   0
16   18   0
17   0    0.801997
17   1    0.226325
17   2    0.617449
17   3    0.749271
17   4    0.669836
17   5    0.674757
17   6    0.727888
17   7    0.738875
17   8    0
17   9    0.934751
17   10   0.686959
17   11   0.723474
17   12   0
17   13   0
17   14   0
17   15   0
17   16   0.762177
17   17   0
17   18   0
