0    0    0
0    1    0.152787
0    2    0.245086
0    3    0.514572
0    4    0
0    5    0
0    6    0
0    7    0
0    8    0
0    9    0.541857
0    10   0
0    11   0.411109
0    12   0
0    13   0
0    14   0
0    15   0
0    16   0.258922
0    17   0
0    18   0
1    0    0
1    1    0
1    2    0
1    3    0
1    4    0
1    5    0
1    6    0
1    7    0
1    8    0
1    9    0
1    10   0
1    11   0
1    12   0
1    13   0
1    14   0
1    15   0
1    16   0
1    17   0
1    18   0
2    0    0
2    1    0
2    2    0
2    3    0
2    4    0
2    5    0
2    6    0
2    7    0
2    8    0
2    9    0
2    10   0
2    11   0
2    12   0
2    13   0
2    14   0
2    15   0
2    16   0
2    17   0
2    18   0
3    0    0
3    1    0
3    2    0
3    3    0
3    4    0
3    5    0
3    6    0
3    7    0
3    8    0
3    9    0
3    10   0
3    11   0
3    12   0
3    13   0
3    14   0
3    15   0
3    16   0
3    17   0
3    18   0
4    0    0
4    1    0
4    2    0
4    3    0
4    4    0
4    5    0
4    6    0
4    7    0
4    8    0
4    9    0
4    10   0
4    11   0
4    12   0
4    13   0
4    14   0
4    15   0
4    16   0
4    17   0
4    18   0
5    0    0
5    1    0
5    2    0
5    3    0
5    4    0
5    5    0
5    6    0
5    7    0
5    8    0
5    9    0
5    10   0
5    11   0
5    12   0
5    13   0
5    14   0
5    15   0
5    16   0
5    17   0
5    18   0
6    0    0
6    1    0
6    2    0
6    3    0
6    4    0
6    5    0
6    6    0
6    7    0
6    8    0
6    9    0
6    10   0
6    11   0
6    12   0
6    13   0
6    14   0
6    15   0
6    16   0
6    17   0
6    18   0
7    0    0.440063
7    1    0.0957578
7    2    0.153605
7    3    0.322503
7    4    0.176008
7    5    0.350122
7    6    0.406711
7    7    0.335521
7    8    0.148204
7    9    0.52069
7    10   0.414832
7    11   0.383941
7    12   0.233005
7    13   0.26567
7    14   0.10386
7    15   0.190746
7    16   0.33583
7    17   0
7    18   0
8    0    0.576515
8    1    0.063929
8    2    0.102549
8    3    0.215307
8    4    0.117505
8    5    0.233746
8    6    0.271525
8    7    0.223998
8    8    0.178381
8    9    0.496704
8    10   0.445557
8    11   0.391379
8    12   0.28045
8    13   0.319766
8    14   0.125008
8    15   0.229586
8    16   0.36198
8    17   0.428696
8    18   0
9    0    0
9    1    0
9    2    0
9    3    0
9    4    0
9    5    0
9    6    0
9    7    0
9    8    0.0730076
9    9    0.115851
9    10   0.141295
9    11   0.113134
9    12   0.114782
9    13   0.130874
9    14   0.0511634
9    15   0.0939648
9    16   0.119323
9    17   0
9    18   0
10   0    0
10   1    0
10   2    0
10   3    0
10   4    0
10   5    0
10   6    0
10   7    0
10   8    0.123873
10   9    0.196567
10   10   0.239738
10   11   0.191956
10   12   0.194753
10   13   0.222055
10   14   0.0868096
10   15   0.159431
10   16   0.202458
10   17   0
10   18   0
11   0    0.532155
11   1    0
11   2    0
11   3    0
11   4    0
11   5    0
11   6    0
11   7    0
11   8    0.202966
11   9    0.322074
11   10   0.39281
11   11   0.31452
11   12   0.319102
11   13   0.363837
11   14   0.142238
11   15   0.261228
11   16   0.331727
11   17   0.48778
11   18   0
12   0    0
12   1    0
12   2    0
12   3    0
12   4    0
12   5    0
12   6    0
12   7    0
12   8    0
12   9    0
12   10   0
12   11   0
12   12   0
12   13   0
12   14   0
12   15   0
12   16   0
12   17   0
12   18   0
13   0    0
13   1    0
13   2    0
13   3    0
13   4    0
13   5    0
13   6    0
13   7    0
13   8    0
13   9    0
13   10   0
13   11   0
13   12   0
13   13   0
13   14   0
13   15   0
13   16   0
13   17   0
13   18   0.549913
14   0    0
14   1    0.0749843
14   2    0.120283
14   3    0.25254
14   4    0
14   5    0
14   6    0
14   7    0
14   8    0
14   9    0.265931
14   10   0
14   11   0.201763
14   12   0
14   13   0
14   14   0
14   15   0
14   16   0.127073
14   17   0
14   18   0
15   0    0.604025
15   1    0.131436
15   2    0.210837
15   3    0.442664
15   4    0.241587
15   5    0.480573
15   6    0.558247
15   7    0.460531
15   8    0
15   9    0.665191
15   10   0.352166
15   11   0.353659
15   12   0
15   13   0
15   14   0
15   15   0
15   16   0.222739
15   17   0
15   18   0
16   0    0.536976
16   1    0.116846
16   2    0.187433
16   3    0.393526
16   4    0.21477
16   5    0.427227
16   6    0.496279
16   7    0.40941
16   8    0
16   9    0.591352
16   10   0.313074
16   11   0.314401
16   12   0
16   13   0
16   14   0
16   15   0
16   16   0.198014
16   17   0
16   18   0
17   0    0.727054
17   1    0.158207
17   2    0.25378
17   3    0.532826
17   4    0.290793
17   5    0.578457
17   6    0.671951
17   7    0.554333
17   8    0
17   9    0.800678
17   10   0.423896
17   11   0.425693
17   12   0
17   13   0
17   14   0
17   15   0
17   16   0.268107
17   17   0
17   18   0
